<?xml version="1.0" encoding="utf-8" standalone="no"?>
<!--This file represents the results of running a test suite-->
<test-results name="E:\expedit\projects\nkd\src\main\NKD.Orchard\build\Compile\Orchard.Specs.dll" total="90" errors="2" failures="87" not-run="1" inconclusive="0" ignored="1" skipped="0" invalid="0" date="2014-05-24" time="19:27:02">
  <environment nunit-version="2.5.2.9222" clr-version="4.0.30319.34014" os-version="Microsoft Windows NT 6.2.9200.0" platform="Win32NT" cwd="E:\expedit\projects\nkd\src\main\NKD.Orchard" machine-name="WIN-IJBC3AUNGHP" user="Administrator" user-domain="WIN-IJBC3AUNGHP" />
  <culture-info current-culture="en-AU" current-uiculture="en-US" />
  <test-suite name="E:\expedit\projects\nkd\src\main\NKD.Orchard\build\Compile\Orchard.Specs.dll" executed="True" success="False" time="2727.333" asserts="0">
    <results>
      <test-suite name="Orchard" executed="True" success="False" time="2727.324" asserts="0">
        <results>
          <test-suite name="Specs" executed="True" success="False" time="2727.324" asserts="0">
            <results>
              <test-suite name="AdditionFeature" description="Addition" executed="True" success="False" time="75.030" asserts="0">
                <results>
                  <test-case name="Orchard.Specs.AdditionFeature.AnonymousUserCanSeeTheHomePageButNotTheDashboard" description="Anonymous user can see the home page but not the dashboard" executed="True" success="False" time="38.451" asserts="1">
                    <categories>
                      <category name="security" />
                    </categories>
                    <failure>
                      <message><![CDATA[  Unable to locate <input> name SiteName in page html:

<!DOCTYPE html>
<html>
    <head>
        <title>Could not load file or assembly 'DevExpress.CodeRush.Common, Version=10.1.0.0, Culture=neutral, PublicKeyToken=35c9f04b7764aa3d' or one of its dependencies. The system cannot find the file specified.</title>
        <meta name="viewport" content="width=device-width" />
        <style>
         body {font-family:"Verdana";font-weight:normal;font-size: .7em;color:black;} 
         p {font-family:"Verdana";font-weight:normal;color:black;margin-top: -5px}
         b {font-family:"Verdana";font-weight:bold;color:black;margin-top: -5px}
         H1 { font-family:"Verdana";font-weight:normal;font-size:18pt;color:red }
         H2 { font-family:"Verdana";font-weight:normal;font-size:14pt;color:maroon }
         pre {font-family:"Consolas","Lucida Console",Monospace;font-size:11pt;margin:0;padding:0.5em;line-height:14pt}
         .marker {font-weight: bold; color: black;text-decoration: none;}
         .version {color: gray;}
         .error {margin-bottom: 10px;}
         .expandable { text-decoration:underline; font-weight:bold; color:navy; cursor:hand; }
         @media screen and (max-width: 639px) {
          pre { width: 440px; overflow: auto; white-space: pre-wrap; word-wrap: break-word; }
         }
         @media screen and (max-width: 479px) {
          pre { width: 280px; }
         }
        </style>
    </head>

    <body bgcolor="white">

            <span><H1>Server Error in '/' Application.<hr width=100% size=1 color=silver></H1>

            <h2> <i>Could not load file or assembly 'DevExpress.CodeRush.Common, Version=10.1.0.0, Culture=neutral, PublicKeyToken=35c9f04b7764aa3d' or one of its dependencies. The system cannot find the file specified.</i> </h2></span>

            <font face="Arial, Helvetica, Geneva, SunSans-Regular, sans-serif ">

            <b> Description: </b>An unhandled exception occurred during the execution of the current web request. Please review the stack trace for more information about the error and where it originated in the code.

            <br><br>

            <b> Exception Details: </b>System.IO.FileNotFoundException: Could not load file or assembly 'DevExpress.CodeRush.Common, Version=10.1.0.0, Culture=neutral, PublicKeyToken=35c9f04b7764aa3d' or one of its dependencies. The system cannot find the file specified.<br><br>

            <b>Source Error:</b> <br><br>

            <table width=100% bgcolor="#ffffcc">
               <tr>
                  <td>
                      <code>

An unhandled exception was generated during the execution of the current web request. Information regarding the origin and location of the exception can be identified using the exception stack trace below.</code>

                  </td>
               </tr>
            </table>

            <br>

            <b>Assembly Load Trace:</b> The following information can be helpful to determine why the assembly 'DevExpress.CodeRush.Common, Version=10.1.0.0, Culture=neutral, PublicKeyToken=35c9f04b7764aa3d' could not be loaded.<br><br>

            <table width=100% bgcolor="#ffffcc">
               <tr>
                  <td>
                      <code><pre>

WRN: Assembly binding logging is turned OFF.
To enable assembly bind failure logging, set the registry value [HKLM\Software\Microsoft\Fusion!EnableLog] (DWORD) to 1.
Note: There is some performance penalty associated with assembly bind failure logging.
To turn this feature off, remove the registry value [HKLM\Software\Microsoft\Fusion!EnableLog].
</pre></code>

                  </td>
               </tr>
            </table>

            <br>

            <b>Stack Trace:</b> <br><br>

            <table width=100% bgcolor="#ffffcc">
               <tr>
                  <td>
                      <code><pre>

[FileNotFoundException: Could not load file or assembly &#39;DevExpress.CodeRush.Common, Version=10.1.0.0, Culture=neutral, PublicKeyToken=35c9f04b7764aa3d&#39; or one of its dependencies. The system cannot find the file specified.]
   System.ModuleHandle.ResolveType(RuntimeModule module, Int32 typeToken, IntPtr* typeInstArgs, Int32 typeInstCount, IntPtr* methodInstArgs, Int32 methodInstCount, ObjectHandleOnStack type) +0
   System.ModuleHandle.ResolveTypeHandleInternal(RuntimeModule module, Int32 typeToken, RuntimeTypeHandle[] typeInstantiationContext, RuntimeTypeHandle[] methodInstantiationContext) +371
   System.ModuleHandle.ResolveTypeHandle(Int32 typeToken, RuntimeTypeHandle[] typeInstantiationContext, RuntimeTypeHandle[] methodInstantiationContext) +19
   System.Reflection.RuntimeModule.ResolveType(Int32 metadataToken, Type[] genericTypeArguments, Type[] genericMethodArguments) +319
   System.Reflection.CustomAttribute.FilterCustomAttributeRecord(CustomAttributeRecord caRecord, MetadataImport scope, Assembly&amp; lastAptcaOkAssembly, RuntimeModule decoratedModule, MetadataToken decoratedToken, RuntimeType attributeFilterType, Boolean mustBeInheritable, Object[] attributes, IList derivedAttributes, RuntimeType&amp; attributeType, IRuntimeMethodInfo&amp; ctor, Boolean&amp; ctorHasParameters, Boolean&amp; isVarArg) +203
   System.Reflection.CustomAttribute.GetCustomAttributes(RuntimeModule decoratedModule, Int32 decoratedMetadataToken, Int32 pcaCount, RuntimeType attributeFilterType, Boolean mustBeInheritable, IList derivedAttributes, Boolean isDecoratedTargetSecurityTransparent) +1179
   System.Reflection.CustomAttribute.GetCustomAttributes(RuntimeAssembly assembly, RuntimeType caType) +146
   Owin.Loader.DefaultLoader.SearchForStartupAttribute(String friendlyName, IList`1 errors, Boolean&amp; conflict) +180
   Owin.Loader.DefaultLoader.LoadImplementation(String startupName, IList`1 errorDetails) +184
   Microsoft.Owin.Host.SystemWeb.OwinBuilder.GetAppStartup() +138
   Microsoft.Owin.Host.SystemWeb.OwinHttpModule.InitializeBlueprint() +38
   System.Threading.LazyInitializer.EnsureInitializedCore(T&amp; target, Boolean&amp; initialized, Object&amp; syncLock, Func`1 valueFactory) +241
   Microsoft.Owin.Host.SystemWeb.OwinHttpModule.Init(HttpApplication context) +129
   System.Web.HttpApplication.InitModulesCommon() +192
   System.Web.HttpApplication.InitInternal(HttpContext context, HttpApplicationState state, MethodInfo[] handlers) +1582
   System.Web.HttpApplicationFactory.GetNormalApplicationInstance(HttpContext context) +365
   System.Web.HttpApplicationFactory.GetApplicationInstance(HttpContext context) +200
   System.Web.HttpRuntime.ProcessRequestInternal(HttpWorkerRequest wr) +591
</pre></code>

                  </td>
               </tr>
            </table>

            <br>

            <hr width=100% size=1 color=silver>

            <b>Version Information:</b>&nbsp;Microsoft .NET Framework Version:4.0.30319; ASP.NET Version:4.0.30319.34009

            </font>

    </body>
</html>
<!-- 
[FileNotFoundException]: Could not load file or assembly &#39;DevExpress.CodeRush.Common, Version=10.1.0.0, Culture=neutral, PublicKeyToken=35c9f04b7764aa3d&#39; or one of its dependencies. The system cannot find the file specified.
   at System.ModuleHandle.ResolveType(RuntimeModule module, Int32 typeToken, IntPtr* typeInstArgs, Int32 typeInstCount, IntPtr* methodInstArgs, Int32 methodInstCount, ObjectHandleOnStack type)
   at System.ModuleHandle.ResolveTypeHandleInternal(RuntimeModule module, Int32 typeToken, RuntimeTypeHandle[] typeInstantiationContext, RuntimeTypeHandle[] methodInstantiationContext)
   at System.ModuleHandle.ResolveTypeHandle(Int32 typeToken, RuntimeTypeHandle[] typeInstantiationContext, RuntimeTypeHandle[] methodInstantiationContext)
   at System.Reflection.RuntimeModule.ResolveType(Int32 metadataToken, Type[] genericTypeArguments, Type[] genericMethodArguments)
   at System.Reflection.CustomAttribute.FilterCustomAttributeRecord(CustomAttributeRecord caRecord, MetadataImport scope, Assembly& lastAptcaOkAssembly, RuntimeModule decoratedModule, MetadataToken decoratedToken, RuntimeType attributeFilterType, Boolean mustBeInheritable, Object[] attributes, IList derivedAttributes, RuntimeType& attributeType, IRuntimeMethodInfo& ctor, Boolean& ctorHasParameters, Boolean& isVarArg)
   at System.Reflection.CustomAttribute.GetCustomAttributes(RuntimeModule decoratedModule, Int32 decoratedMetadataToken, Int32 pcaCount, RuntimeType attributeFilterType, Boolean mustBeInheritable, IList derivedAttributes, Boolean isDecoratedTargetSecurityTransparent)
   at System.Reflection.CustomAttribute.GetCustomAttributes(RuntimeAssembly assembly, RuntimeType caType)
   at Owin.Loader.DefaultLoader.SearchForStartupAttribute(String friendlyName, IList`1 errors, Boolean& conflict)
   at Owin.Loader.DefaultLoader.LoadImplementation(String startupName, IList`1 errorDetails)
   at Microsoft.Owin.Host.SystemWeb.OwinBuilder.GetAppStartup()
   at Microsoft.Owin.Host.SystemWeb.OwinHttpModule.InitializeBlueprint()
   at System.Threading.LazyInitializer.EnsureInitializedCore[T](T& target, Boolean& initialized, Object& syncLock, Func`1 valueFactory)
   at Microsoft.Owin.Host.SystemWeb.OwinHttpModule.Init(HttpApplication context)
   at System.Web.HttpApplication.InitModulesCommon()
   at System.Web.HttpApplication.InitInternal(HttpContext context, HttpApplicationState state, MethodInfo[] handlers)
   at System.Web.HttpApplicationFactory.GetNormalApplicationInstance(HttpContext context)
   at System.Web.HttpApplicationFactory.GetApplicationInstance(HttpContext context)
   at System.Web.HttpRuntime.ProcessRequestInternal(HttpWorkerRequest wr)
-->
  Expected: not null
  But was:  null
]]></message>
                      <stack-trace><![CDATA[at Orchard.Specs.Bindings.WebAppHosting.WhenIFillIn(Table table) in e:\expedit\projects\nkd\src\main\NKD.Orchard\src\Orchard.Specs\Bindings\WebAppHosting.cs:line 254
at Orchard.Specs.Bindings.OrchardSiteFactory.GivenIHaveInstalledOrchard(String virtualDirectory) in e:\expedit\projects\nkd\src\main\NKD.Orchard\src\Orchard.Specs\Bindings\OrchardSiteFactory.cs:line 38
at TechTalk.SpecFlow.Bindings.BindingInvoker.InvokeBinding(IBinding binding, IContextManager contextManager, Object[] arguments, ITestTracer testTracer, TimeSpan& duration)
at TechTalk.SpecFlow.Infrastructure.TestExecutionEngine.ExecuteStepMatch(BindingMatch match, Object[] arguments)
at TechTalk.SpecFlow.Infrastructure.TestExecutionEngine.ExecuteStep(StepInstance stepInstance)
at TechTalk.SpecFlow.Infrastructure.TestExecutionEngine.OnAfterLastStep()
]]></stack-trace>
                    </failure>
                  </test-case>
                  <test-case name="Orchard.Specs.AdditionFeature.LoginCanBeAutomated" description="Login can be automated" executed="True" success="False" time="35.786" asserts="1">
                    <categories>
                      <category name="security" />
                    </categories>
                    <failure>
                      <message><![CDATA[  Unable to locate <input> name SiteName in page html:

<!DOCTYPE html>
<html>
    <head>
        <title>Could not load file or assembly 'DevExpress.CodeRush.Common, Version=10.1.0.0, Culture=neutral, PublicKeyToken=35c9f04b7764aa3d' or one of its dependencies. The system cannot find the file specified.</title>
        <meta name="viewport" content="width=device-width" />
        <style>
         body {font-family:"Verdana";font-weight:normal;font-size: .7em;color:black;} 
         p {font-family:"Verdana";font-weight:normal;color:black;margin-top: -5px}
         b {font-family:"Verdana";font-weight:bold;color:black;margin-top: -5px}
         H1 { font-family:"Verdana";font-weight:normal;font-size:18pt;color:red }
         H2 { font-family:"Verdana";font-weight:normal;font-size:14pt;color:maroon }
         pre {font-family:"Consolas","Lucida Console",Monospace;font-size:11pt;margin:0;padding:0.5em;line-height:14pt}
         .marker {font-weight: bold; color: black;text-decoration: none;}
         .version {color: gray;}
         .error {margin-bottom: 10px;}
         .expandable { text-decoration:underline; font-weight:bold; color:navy; cursor:hand; }
         @media screen and (max-width: 639px) {
          pre { width: 440px; overflow: auto; white-space: pre-wrap; word-wrap: break-word; }
         }
         @media screen and (max-width: 479px) {
          pre { width: 280px; }
         }
        </style>
    </head>

    <body bgcolor="white">

            <span><H1>Server Error in '/' Application.<hr width=100% size=1 color=silver></H1>

            <h2> <i>Could not load file or assembly 'DevExpress.CodeRush.Common, Version=10.1.0.0, Culture=neutral, PublicKeyToken=35c9f04b7764aa3d' or one of its dependencies. The system cannot find the file specified.</i> </h2></span>

            <font face="Arial, Helvetica, Geneva, SunSans-Regular, sans-serif ">

            <b> Description: </b>An unhandled exception occurred during the execution of the current web request. Please review the stack trace for more information about the error and where it originated in the code.

            <br><br>

            <b> Exception Details: </b>System.IO.FileNotFoundException: Could not load file or assembly 'DevExpress.CodeRush.Common, Version=10.1.0.0, Culture=neutral, PublicKeyToken=35c9f04b7764aa3d' or one of its dependencies. The system cannot find the file specified.<br><br>

            <b>Source Error:</b> <br><br>

            <table width=100% bgcolor="#ffffcc">
               <tr>
                  <td>
                      <code>

An unhandled exception was generated during the execution of the current web request. Information regarding the origin and location of the exception can be identified using the exception stack trace below.</code>

                  </td>
               </tr>
            </table>

            <br>

            <b>Assembly Load Trace:</b> The following information can be helpful to determine why the assembly 'DevExpress.CodeRush.Common, Version=10.1.0.0, Culture=neutral, PublicKeyToken=35c9f04b7764aa3d' could not be loaded.<br><br>

            <table width=100% bgcolor="#ffffcc">
               <tr>
                  <td>
                      <code><pre>

WRN: Assembly binding logging is turned OFF.
To enable assembly bind failure logging, set the registry value [HKLM\Software\Microsoft\Fusion!EnableLog] (DWORD) to 1.
Note: There is some performance penalty associated with assembly bind failure logging.
To turn this feature off, remove the registry value [HKLM\Software\Microsoft\Fusion!EnableLog].
</pre></code>

                  </td>
               </tr>
            </table>

            <br>

            <b>Stack Trace:</b> <br><br>

            <table width=100% bgcolor="#ffffcc">
               <tr>
                  <td>
                      <code><pre>

[FileNotFoundException: Could not load file or assembly &#39;DevExpress.CodeRush.Common, Version=10.1.0.0, Culture=neutral, PublicKeyToken=35c9f04b7764aa3d&#39; or one of its dependencies. The system cannot find the file specified.]
   System.ModuleHandle.ResolveType(RuntimeModule module, Int32 typeToken, IntPtr* typeInstArgs, Int32 typeInstCount, IntPtr* methodInstArgs, Int32 methodInstCount, ObjectHandleOnStack type) +0
   System.ModuleHandle.ResolveTypeHandleInternal(RuntimeModule module, Int32 typeToken, RuntimeTypeHandle[] typeInstantiationContext, RuntimeTypeHandle[] methodInstantiationContext) +371
   System.ModuleHandle.ResolveTypeHandle(Int32 typeToken, RuntimeTypeHandle[] typeInstantiationContext, RuntimeTypeHandle[] methodInstantiationContext) +19
   System.Reflection.RuntimeModule.ResolveType(Int32 metadataToken, Type[] genericTypeArguments, Type[] genericMethodArguments) +319
   System.Reflection.CustomAttribute.FilterCustomAttributeRecord(CustomAttributeRecord caRecord, MetadataImport scope, Assembly&amp; lastAptcaOkAssembly, RuntimeModule decoratedModule, MetadataToken decoratedToken, RuntimeType attributeFilterType, Boolean mustBeInheritable, Object[] attributes, IList derivedAttributes, RuntimeType&amp; attributeType, IRuntimeMethodInfo&amp; ctor, Boolean&amp; ctorHasParameters, Boolean&amp; isVarArg) +203
   System.Reflection.CustomAttribute.GetCustomAttributes(RuntimeModule decoratedModule, Int32 decoratedMetadataToken, Int32 pcaCount, RuntimeType attributeFilterType, Boolean mustBeInheritable, IList derivedAttributes, Boolean isDecoratedTargetSecurityTransparent) +1179
   System.Reflection.CustomAttribute.GetCustomAttributes(RuntimeAssembly assembly, RuntimeType caType) +146
   Owin.Loader.DefaultLoader.SearchForStartupAttribute(String friendlyName, IList`1 errors, Boolean&amp; conflict) +180
   Owin.Loader.DefaultLoader.LoadImplementation(String startupName, IList`1 errorDetails) +184
   Microsoft.Owin.Host.SystemWeb.OwinBuilder.GetAppStartup() +138
   Microsoft.Owin.Host.SystemWeb.OwinHttpModule.InitializeBlueprint() +38
   System.Threading.LazyInitializer.EnsureInitializedCore(T&amp; target, Boolean&amp; initialized, Object&amp; syncLock, Func`1 valueFactory) +241
   Microsoft.Owin.Host.SystemWeb.OwinHttpModule.Init(HttpApplication context) +129
   System.Web.HttpApplication.InitModulesCommon() +192
   System.Web.HttpApplication.InitInternal(HttpContext context, HttpApplicationState state, MethodInfo[] handlers) +1582
   System.Web.HttpApplicationFactory.GetNormalApplicationInstance(HttpContext context) +365
   System.Web.HttpApplicationFactory.GetApplicationInstance(HttpContext context) +200
   System.Web.HttpRuntime.ProcessRequestInternal(HttpWorkerRequest wr) +591
</pre></code>

                  </td>
               </tr>
            </table>

            <br>

            <hr width=100% size=1 color=silver>

            <b>Version Information:</b>&nbsp;Microsoft .NET Framework Version:4.0.30319; ASP.NET Version:4.0.30319.34009

            </font>

    </body>
</html>
<!-- 
[FileNotFoundException]: Could not load file or assembly &#39;DevExpress.CodeRush.Common, Version=10.1.0.0, Culture=neutral, PublicKeyToken=35c9f04b7764aa3d&#39; or one of its dependencies. The system cannot find the file specified.
   at System.ModuleHandle.ResolveType(RuntimeModule module, Int32 typeToken, IntPtr* typeInstArgs, Int32 typeInstCount, IntPtr* methodInstArgs, Int32 methodInstCount, ObjectHandleOnStack type)
   at System.ModuleHandle.ResolveTypeHandleInternal(RuntimeModule module, Int32 typeToken, RuntimeTypeHandle[] typeInstantiationContext, RuntimeTypeHandle[] methodInstantiationContext)
   at System.ModuleHandle.ResolveTypeHandle(Int32 typeToken, RuntimeTypeHandle[] typeInstantiationContext, RuntimeTypeHandle[] methodInstantiationContext)
   at System.Reflection.RuntimeModule.ResolveType(Int32 metadataToken, Type[] genericTypeArguments, Type[] genericMethodArguments)
   at System.Reflection.CustomAttribute.FilterCustomAttributeRecord(CustomAttributeRecord caRecord, MetadataImport scope, Assembly& lastAptcaOkAssembly, RuntimeModule decoratedModule, MetadataToken decoratedToken, RuntimeType attributeFilterType, Boolean mustBeInheritable, Object[] attributes, IList derivedAttributes, RuntimeType& attributeType, IRuntimeMethodInfo& ctor, Boolean& ctorHasParameters, Boolean& isVarArg)
   at System.Reflection.CustomAttribute.GetCustomAttributes(RuntimeModule decoratedModule, Int32 decoratedMetadataToken, Int32 pcaCount, RuntimeType attributeFilterType, Boolean mustBeInheritable, IList derivedAttributes, Boolean isDecoratedTargetSecurityTransparent)
   at System.Reflection.CustomAttribute.GetCustomAttributes(RuntimeAssembly assembly, RuntimeType caType)
   at Owin.Loader.DefaultLoader.SearchForStartupAttribute(String friendlyName, IList`1 errors, Boolean& conflict)
   at Owin.Loader.DefaultLoader.LoadImplementation(String startupName, IList`1 errorDetails)
   at Microsoft.Owin.Host.SystemWeb.OwinBuilder.GetAppStartup()
   at Microsoft.Owin.Host.SystemWeb.OwinHttpModule.InitializeBlueprint()
   at System.Threading.LazyInitializer.EnsureInitializedCore[T](T& target, Boolean& initialized, Object& syncLock, Func`1 valueFactory)
   at Microsoft.Owin.Host.SystemWeb.OwinHttpModule.Init(HttpApplication context)
   at System.Web.HttpApplication.InitModulesCommon()
   at System.Web.HttpApplication.InitInternal(HttpContext context, HttpApplicationState state, MethodInfo[] handlers)
   at System.Web.HttpApplicationFactory.GetNormalApplicationInstance(HttpContext context)
   at System.Web.HttpApplicationFactory.GetApplicationInstance(HttpContext context)
   at System.Web.HttpRuntime.ProcessRequestInternal(HttpWorkerRequest wr)
-->
  Expected: not null
  But was:  null
]]></message>
                      <stack-trace><![CDATA[at Orchard.Specs.Bindings.WebAppHosting.WhenIFillIn(Table table) in e:\expedit\projects\nkd\src\main\NKD.Orchard\src\Orchard.Specs\Bindings\WebAppHosting.cs:line 254
at Orchard.Specs.Bindings.OrchardSiteFactory.GivenIHaveInstalledOrchard(String virtualDirectory) in e:\expedit\projects\nkd\src\main\NKD.Orchard\src\Orchard.Specs\Bindings\OrchardSiteFactory.cs:line 38
at TechTalk.SpecFlow.Bindings.BindingInvoker.InvokeBinding(IBinding binding, IContextManager contextManager, Object[] arguments, ITestTracer testTracer, TimeSpan& duration)
at TechTalk.SpecFlow.Infrastructure.TestExecutionEngine.ExecuteStepMatch(BindingMatch match, Object[] arguments)
at TechTalk.SpecFlow.Infrastructure.TestExecutionEngine.ExecuteStep(StepInstance stepInstance)
at TechTalk.SpecFlow.Infrastructure.TestExecutionEngine.OnAfterLastStep()
]]></stack-trace>
                    </failure>
                  </test-case>
                </results>
              </test-suite>
              <test-suite name="AutoroutesFeature" description="Autoroutes" executed="True" success="False" time="70.250" asserts="0">
                <results>
                  <test-case name="Orchard.Specs.AutoroutesFeature.ICanCreateAndPublishANewHomePage" description="I can create and publish a new Home Page" executed="True" success="False" time="35.057" asserts="1">
                    <failure>
                      <message><![CDATA[  Unable to locate <input> name SiteName in page html:

<!DOCTYPE html>
<html>
    <head>
        <title>Could not load file or assembly 'DevExpress.CodeRush.Common, Version=10.1.0.0, Culture=neutral, PublicKeyToken=35c9f04b7764aa3d' or one of its dependencies. The system cannot find the file specified.</title>
        <meta name="viewport" content="width=device-width" />
        <style>
         body {font-family:"Verdana";font-weight:normal;font-size: .7em;color:black;} 
         p {font-family:"Verdana";font-weight:normal;color:black;margin-top: -5px}
         b {font-family:"Verdana";font-weight:bold;color:black;margin-top: -5px}
         H1 { font-family:"Verdana";font-weight:normal;font-size:18pt;color:red }
         H2 { font-family:"Verdana";font-weight:normal;font-size:14pt;color:maroon }
         pre {font-family:"Consolas","Lucida Console",Monospace;font-size:11pt;margin:0;padding:0.5em;line-height:14pt}
         .marker {font-weight: bold; color: black;text-decoration: none;}
         .version {color: gray;}
         .error {margin-bottom: 10px;}
         .expandable { text-decoration:underline; font-weight:bold; color:navy; cursor:hand; }
         @media screen and (max-width: 639px) {
          pre { width: 440px; overflow: auto; white-space: pre-wrap; word-wrap: break-word; }
         }
         @media screen and (max-width: 479px) {
          pre { width: 280px; }
         }
        </style>
    </head>

    <body bgcolor="white">

            <span><H1>Server Error in '/' Application.<hr width=100% size=1 color=silver></H1>

            <h2> <i>Could not load file or assembly 'DevExpress.CodeRush.Common, Version=10.1.0.0, Culture=neutral, PublicKeyToken=35c9f04b7764aa3d' or one of its dependencies. The system cannot find the file specified.</i> </h2></span>

            <font face="Arial, Helvetica, Geneva, SunSans-Regular, sans-serif ">

            <b> Description: </b>An unhandled exception occurred during the execution of the current web request. Please review the stack trace for more information about the error and where it originated in the code.

            <br><br>

            <b> Exception Details: </b>System.IO.FileNotFoundException: Could not load file or assembly 'DevExpress.CodeRush.Common, Version=10.1.0.0, Culture=neutral, PublicKeyToken=35c9f04b7764aa3d' or one of its dependencies. The system cannot find the file specified.<br><br>

            <b>Source Error:</b> <br><br>

            <table width=100% bgcolor="#ffffcc">
               <tr>
                  <td>
                      <code>

An unhandled exception was generated during the execution of the current web request. Information regarding the origin and location of the exception can be identified using the exception stack trace below.</code>

                  </td>
               </tr>
            </table>

            <br>

            <b>Assembly Load Trace:</b> The following information can be helpful to determine why the assembly 'DevExpress.CodeRush.Common, Version=10.1.0.0, Culture=neutral, PublicKeyToken=35c9f04b7764aa3d' could not be loaded.<br><br>

            <table width=100% bgcolor="#ffffcc">
               <tr>
                  <td>
                      <code><pre>

WRN: Assembly binding logging is turned OFF.
To enable assembly bind failure logging, set the registry value [HKLM\Software\Microsoft\Fusion!EnableLog] (DWORD) to 1.
Note: There is some performance penalty associated with assembly bind failure logging.
To turn this feature off, remove the registry value [HKLM\Software\Microsoft\Fusion!EnableLog].
</pre></code>

                  </td>
               </tr>
            </table>

            <br>

            <b>Stack Trace:</b> <br><br>

            <table width=100% bgcolor="#ffffcc">
               <tr>
                  <td>
                      <code><pre>

[FileNotFoundException: Could not load file or assembly &#39;DevExpress.CodeRush.Common, Version=10.1.0.0, Culture=neutral, PublicKeyToken=35c9f04b7764aa3d&#39; or one of its dependencies. The system cannot find the file specified.]
   System.ModuleHandle.ResolveType(RuntimeModule module, Int32 typeToken, IntPtr* typeInstArgs, Int32 typeInstCount, IntPtr* methodInstArgs, Int32 methodInstCount, ObjectHandleOnStack type) +0
   System.ModuleHandle.ResolveTypeHandleInternal(RuntimeModule module, Int32 typeToken, RuntimeTypeHandle[] typeInstantiationContext, RuntimeTypeHandle[] methodInstantiationContext) +371
   System.ModuleHandle.ResolveTypeHandle(Int32 typeToken, RuntimeTypeHandle[] typeInstantiationContext, RuntimeTypeHandle[] methodInstantiationContext) +19
   System.Reflection.RuntimeModule.ResolveType(Int32 metadataToken, Type[] genericTypeArguments, Type[] genericMethodArguments) +319
   System.Reflection.CustomAttribute.FilterCustomAttributeRecord(CustomAttributeRecord caRecord, MetadataImport scope, Assembly&amp; lastAptcaOkAssembly, RuntimeModule decoratedModule, MetadataToken decoratedToken, RuntimeType attributeFilterType, Boolean mustBeInheritable, Object[] attributes, IList derivedAttributes, RuntimeType&amp; attributeType, IRuntimeMethodInfo&amp; ctor, Boolean&amp; ctorHasParameters, Boolean&amp; isVarArg) +203
   System.Reflection.CustomAttribute.GetCustomAttributes(RuntimeModule decoratedModule, Int32 decoratedMetadataToken, Int32 pcaCount, RuntimeType attributeFilterType, Boolean mustBeInheritable, IList derivedAttributes, Boolean isDecoratedTargetSecurityTransparent) +1179
   System.Reflection.CustomAttribute.GetCustomAttributes(RuntimeAssembly assembly, RuntimeType caType) +146
   Owin.Loader.DefaultLoader.SearchForStartupAttribute(String friendlyName, IList`1 errors, Boolean&amp; conflict) +180
   Owin.Loader.DefaultLoader.LoadImplementation(String startupName, IList`1 errorDetails) +184
   Microsoft.Owin.Host.SystemWeb.OwinBuilder.GetAppStartup() +138
   Microsoft.Owin.Host.SystemWeb.OwinHttpModule.InitializeBlueprint() +38
   System.Threading.LazyInitializer.EnsureInitializedCore(T&amp; target, Boolean&amp; initialized, Object&amp; syncLock, Func`1 valueFactory) +241
   Microsoft.Owin.Host.SystemWeb.OwinHttpModule.Init(HttpApplication context) +129
   System.Web.HttpApplication.InitModulesCommon() +192
   System.Web.HttpApplication.InitInternal(HttpContext context, HttpApplicationState state, MethodInfo[] handlers) +1582
   System.Web.HttpApplicationFactory.GetNormalApplicationInstance(HttpContext context) +365
   System.Web.HttpApplicationFactory.GetApplicationInstance(HttpContext context) +200
   System.Web.HttpRuntime.ProcessRequestInternal(HttpWorkerRequest wr) +591
</pre></code>

                  </td>
               </tr>
            </table>

            <br>

            <hr width=100% size=1 color=silver>

            <b>Version Information:</b>&nbsp;Microsoft .NET Framework Version:4.0.30319; ASP.NET Version:4.0.30319.34009

            </font>

    </body>
</html>
<!-- 
[FileNotFoundException]: Could not load file or assembly &#39;DevExpress.CodeRush.Common, Version=10.1.0.0, Culture=neutral, PublicKeyToken=35c9f04b7764aa3d&#39; or one of its dependencies. The system cannot find the file specified.
   at System.ModuleHandle.ResolveType(RuntimeModule module, Int32 typeToken, IntPtr* typeInstArgs, Int32 typeInstCount, IntPtr* methodInstArgs, Int32 methodInstCount, ObjectHandleOnStack type)
   at System.ModuleHandle.ResolveTypeHandleInternal(RuntimeModule module, Int32 typeToken, RuntimeTypeHandle[] typeInstantiationContext, RuntimeTypeHandle[] methodInstantiationContext)
   at System.ModuleHandle.ResolveTypeHandle(Int32 typeToken, RuntimeTypeHandle[] typeInstantiationContext, RuntimeTypeHandle[] methodInstantiationContext)
   at System.Reflection.RuntimeModule.ResolveType(Int32 metadataToken, Type[] genericTypeArguments, Type[] genericMethodArguments)
   at System.Reflection.CustomAttribute.FilterCustomAttributeRecord(CustomAttributeRecord caRecord, MetadataImport scope, Assembly& lastAptcaOkAssembly, RuntimeModule decoratedModule, MetadataToken decoratedToken, RuntimeType attributeFilterType, Boolean mustBeInheritable, Object[] attributes, IList derivedAttributes, RuntimeType& attributeType, IRuntimeMethodInfo& ctor, Boolean& ctorHasParameters, Boolean& isVarArg)
   at System.Reflection.CustomAttribute.GetCustomAttributes(RuntimeModule decoratedModule, Int32 decoratedMetadataToken, Int32 pcaCount, RuntimeType attributeFilterType, Boolean mustBeInheritable, IList derivedAttributes, Boolean isDecoratedTargetSecurityTransparent)
   at System.Reflection.CustomAttribute.GetCustomAttributes(RuntimeAssembly assembly, RuntimeType caType)
   at Owin.Loader.DefaultLoader.SearchForStartupAttribute(String friendlyName, IList`1 errors, Boolean& conflict)
   at Owin.Loader.DefaultLoader.LoadImplementation(String startupName, IList`1 errorDetails)
   at Microsoft.Owin.Host.SystemWeb.OwinBuilder.GetAppStartup()
   at Microsoft.Owin.Host.SystemWeb.OwinHttpModule.InitializeBlueprint()
   at System.Threading.LazyInitializer.EnsureInitializedCore[T](T& target, Boolean& initialized, Object& syncLock, Func`1 valueFactory)
   at Microsoft.Owin.Host.SystemWeb.OwinHttpModule.Init(HttpApplication context)
   at System.Web.HttpApplication.InitModulesCommon()
   at System.Web.HttpApplication.InitInternal(HttpContext context, HttpApplicationState state, MethodInfo[] handlers)
   at System.Web.HttpApplicationFactory.GetNormalApplicationInstance(HttpContext context)
   at System.Web.HttpApplicationFactory.GetApplicationInstance(HttpContext context)
   at System.Web.HttpRuntime.ProcessRequestInternal(HttpWorkerRequest wr)
-->
  Expected: not null
  But was:  null
]]></message>
                      <stack-trace><![CDATA[at Orchard.Specs.Bindings.WebAppHosting.WhenIFillIn(Table table) in e:\expedit\projects\nkd\src\main\NKD.Orchard\src\Orchard.Specs\Bindings\WebAppHosting.cs:line 254
at Orchard.Specs.Bindings.OrchardSiteFactory.GivenIHaveInstalledOrchard(String virtualDirectory) in e:\expedit\projects\nkd\src\main\NKD.Orchard\src\Orchard.Specs\Bindings\OrchardSiteFactory.cs:line 38
at TechTalk.SpecFlow.Bindings.BindingInvoker.InvokeBinding(IBinding binding, IContextManager contextManager, Object[] arguments, ITestTracer testTracer, TimeSpan& duration)
at TechTalk.SpecFlow.Infrastructure.TestExecutionEngine.ExecuteStepMatch(BindingMatch match, Object[] arguments)
at TechTalk.SpecFlow.Infrastructure.TestExecutionEngine.ExecuteStep(StepInstance stepInstance)
at TechTalk.SpecFlow.Infrastructure.TestExecutionEngine.OnAfterLastStep()
]]></stack-trace>
                    </failure>
                  </test-case>
                  <test-case name="Orchard.Specs.AutoroutesFeature.ICanCreateAndPublishANewPageWithInternationalCharactersInItsRoute" description="I can create and publish a new Page with international characters in its route" executed="True" success="False" time="35.185" asserts="1">
                    <failure>
                      <message><![CDATA[  Unable to locate <input> name SiteName in page html:

<!DOCTYPE html>
<html>
    <head>
        <title>Could not load file or assembly 'DevExpress.CodeRush.Common, Version=10.1.0.0, Culture=neutral, PublicKeyToken=35c9f04b7764aa3d' or one of its dependencies. The system cannot find the file specified.</title>
        <meta name="viewport" content="width=device-width" />
        <style>
         body {font-family:"Verdana";font-weight:normal;font-size: .7em;color:black;} 
         p {font-family:"Verdana";font-weight:normal;color:black;margin-top: -5px}
         b {font-family:"Verdana";font-weight:bold;color:black;margin-top: -5px}
         H1 { font-family:"Verdana";font-weight:normal;font-size:18pt;color:red }
         H2 { font-family:"Verdana";font-weight:normal;font-size:14pt;color:maroon }
         pre {font-family:"Consolas","Lucida Console",Monospace;font-size:11pt;margin:0;padding:0.5em;line-height:14pt}
         .marker {font-weight: bold; color: black;text-decoration: none;}
         .version {color: gray;}
         .error {margin-bottom: 10px;}
         .expandable { text-decoration:underline; font-weight:bold; color:navy; cursor:hand; }
         @media screen and (max-width: 639px) {
          pre { width: 440px; overflow: auto; white-space: pre-wrap; word-wrap: break-word; }
         }
         @media screen and (max-width: 479px) {
          pre { width: 280px; }
         }
        </style>
    </head>

    <body bgcolor="white">

            <span><H1>Server Error in '/' Application.<hr width=100% size=1 color=silver></H1>

            <h2> <i>Could not load file or assembly 'DevExpress.CodeRush.Common, Version=10.1.0.0, Culture=neutral, PublicKeyToken=35c9f04b7764aa3d' or one of its dependencies. The system cannot find the file specified.</i> </h2></span>

            <font face="Arial, Helvetica, Geneva, SunSans-Regular, sans-serif ">

            <b> Description: </b>An unhandled exception occurred during the execution of the current web request. Please review the stack trace for more information about the error and where it originated in the code.

            <br><br>

            <b> Exception Details: </b>System.IO.FileNotFoundException: Could not load file or assembly 'DevExpress.CodeRush.Common, Version=10.1.0.0, Culture=neutral, PublicKeyToken=35c9f04b7764aa3d' or one of its dependencies. The system cannot find the file specified.<br><br>

            <b>Source Error:</b> <br><br>

            <table width=100% bgcolor="#ffffcc">
               <tr>
                  <td>
                      <code>

An unhandled exception was generated during the execution of the current web request. Information regarding the origin and location of the exception can be identified using the exception stack trace below.</code>

                  </td>
               </tr>
            </table>

            <br>

            <b>Assembly Load Trace:</b> The following information can be helpful to determine why the assembly 'DevExpress.CodeRush.Common, Version=10.1.0.0, Culture=neutral, PublicKeyToken=35c9f04b7764aa3d' could not be loaded.<br><br>

            <table width=100% bgcolor="#ffffcc">
               <tr>
                  <td>
                      <code><pre>

WRN: Assembly binding logging is turned OFF.
To enable assembly bind failure logging, set the registry value [HKLM\Software\Microsoft\Fusion!EnableLog] (DWORD) to 1.
Note: There is some performance penalty associated with assembly bind failure logging.
To turn this feature off, remove the registry value [HKLM\Software\Microsoft\Fusion!EnableLog].
</pre></code>

                  </td>
               </tr>
            </table>

            <br>

            <b>Stack Trace:</b> <br><br>

            <table width=100% bgcolor="#ffffcc">
               <tr>
                  <td>
                      <code><pre>

[FileNotFoundException: Could not load file or assembly &#39;DevExpress.CodeRush.Common, Version=10.1.0.0, Culture=neutral, PublicKeyToken=35c9f04b7764aa3d&#39; or one of its dependencies. The system cannot find the file specified.]
   System.ModuleHandle.ResolveType(RuntimeModule module, Int32 typeToken, IntPtr* typeInstArgs, Int32 typeInstCount, IntPtr* methodInstArgs, Int32 methodInstCount, ObjectHandleOnStack type) +0
   System.ModuleHandle.ResolveTypeHandleInternal(RuntimeModule module, Int32 typeToken, RuntimeTypeHandle[] typeInstantiationContext, RuntimeTypeHandle[] methodInstantiationContext) +371
   System.ModuleHandle.ResolveTypeHandle(Int32 typeToken, RuntimeTypeHandle[] typeInstantiationContext, RuntimeTypeHandle[] methodInstantiationContext) +19
   System.Reflection.RuntimeModule.ResolveType(Int32 metadataToken, Type[] genericTypeArguments, Type[] genericMethodArguments) +319
   System.Reflection.CustomAttribute.FilterCustomAttributeRecord(CustomAttributeRecord caRecord, MetadataImport scope, Assembly&amp; lastAptcaOkAssembly, RuntimeModule decoratedModule, MetadataToken decoratedToken, RuntimeType attributeFilterType, Boolean mustBeInheritable, Object[] attributes, IList derivedAttributes, RuntimeType&amp; attributeType, IRuntimeMethodInfo&amp; ctor, Boolean&amp; ctorHasParameters, Boolean&amp; isVarArg) +203
   System.Reflection.CustomAttribute.GetCustomAttributes(RuntimeModule decoratedModule, Int32 decoratedMetadataToken, Int32 pcaCount, RuntimeType attributeFilterType, Boolean mustBeInheritable, IList derivedAttributes, Boolean isDecoratedTargetSecurityTransparent) +1179
   System.Reflection.CustomAttribute.GetCustomAttributes(RuntimeAssembly assembly, RuntimeType caType) +146
   Owin.Loader.DefaultLoader.SearchForStartupAttribute(String friendlyName, IList`1 errors, Boolean&amp; conflict) +180
   Owin.Loader.DefaultLoader.LoadImplementation(String startupName, IList`1 errorDetails) +184
   Microsoft.Owin.Host.SystemWeb.OwinBuilder.GetAppStartup() +138
   Microsoft.Owin.Host.SystemWeb.OwinHttpModule.InitializeBlueprint() +38
   System.Threading.LazyInitializer.EnsureInitializedCore(T&amp; target, Boolean&amp; initialized, Object&amp; syncLock, Func`1 valueFactory) +241
   Microsoft.Owin.Host.SystemWeb.OwinHttpModule.Init(HttpApplication context) +129
   System.Web.HttpApplication.InitModulesCommon() +192
   System.Web.HttpApplication.InitInternal(HttpContext context, HttpApplicationState state, MethodInfo[] handlers) +1582
   System.Web.HttpApplicationFactory.GetNormalApplicationInstance(HttpContext context) +365
   System.Web.HttpApplicationFactory.GetApplicationInstance(HttpContext context) +200
   System.Web.HttpRuntime.ProcessRequestInternal(HttpWorkerRequest wr) +591
</pre></code>

                  </td>
               </tr>
            </table>

            <br>

            <hr width=100% size=1 color=silver>

            <b>Version Information:</b>&nbsp;Microsoft .NET Framework Version:4.0.30319; ASP.NET Version:4.0.30319.34009

            </font>

    </body>
</html>
<!-- 
[FileNotFoundException]: Could not load file or assembly &#39;DevExpress.CodeRush.Common, Version=10.1.0.0, Culture=neutral, PublicKeyToken=35c9f04b7764aa3d&#39; or one of its dependencies. The system cannot find the file specified.
   at System.ModuleHandle.ResolveType(RuntimeModule module, Int32 typeToken, IntPtr* typeInstArgs, Int32 typeInstCount, IntPtr* methodInstArgs, Int32 methodInstCount, ObjectHandleOnStack type)
   at System.ModuleHandle.ResolveTypeHandleInternal(RuntimeModule module, Int32 typeToken, RuntimeTypeHandle[] typeInstantiationContext, RuntimeTypeHandle[] methodInstantiationContext)
   at System.ModuleHandle.ResolveTypeHandle(Int32 typeToken, RuntimeTypeHandle[] typeInstantiationContext, RuntimeTypeHandle[] methodInstantiationContext)
   at System.Reflection.RuntimeModule.ResolveType(Int32 metadataToken, Type[] genericTypeArguments, Type[] genericMethodArguments)
   at System.Reflection.CustomAttribute.FilterCustomAttributeRecord(CustomAttributeRecord caRecord, MetadataImport scope, Assembly& lastAptcaOkAssembly, RuntimeModule decoratedModule, MetadataToken decoratedToken, RuntimeType attributeFilterType, Boolean mustBeInheritable, Object[] attributes, IList derivedAttributes, RuntimeType& attributeType, IRuntimeMethodInfo& ctor, Boolean& ctorHasParameters, Boolean& isVarArg)
   at System.Reflection.CustomAttribute.GetCustomAttributes(RuntimeModule decoratedModule, Int32 decoratedMetadataToken, Int32 pcaCount, RuntimeType attributeFilterType, Boolean mustBeInheritable, IList derivedAttributes, Boolean isDecoratedTargetSecurityTransparent)
   at System.Reflection.CustomAttribute.GetCustomAttributes(RuntimeAssembly assembly, RuntimeType caType)
   at Owin.Loader.DefaultLoader.SearchForStartupAttribute(String friendlyName, IList`1 errors, Boolean& conflict)
   at Owin.Loader.DefaultLoader.LoadImplementation(String startupName, IList`1 errorDetails)
   at Microsoft.Owin.Host.SystemWeb.OwinBuilder.GetAppStartup()
   at Microsoft.Owin.Host.SystemWeb.OwinHttpModule.InitializeBlueprint()
   at System.Threading.LazyInitializer.EnsureInitializedCore[T](T& target, Boolean& initialized, Object& syncLock, Func`1 valueFactory)
   at Microsoft.Owin.Host.SystemWeb.OwinHttpModule.Init(HttpApplication context)
   at System.Web.HttpApplication.InitModulesCommon()
   at System.Web.HttpApplication.InitInternal(HttpContext context, HttpApplicationState state, MethodInfo[] handlers)
   at System.Web.HttpApplicationFactory.GetNormalApplicationInstance(HttpContext context)
   at System.Web.HttpApplicationFactory.GetApplicationInstance(HttpContext context)
   at System.Web.HttpRuntime.ProcessRequestInternal(HttpWorkerRequest wr)
-->
  Expected: not null
  But was:  null
]]></message>
                      <stack-trace><![CDATA[at Orchard.Specs.Bindings.WebAppHosting.WhenIFillIn(Table table) in e:\expedit\projects\nkd\src\main\NKD.Orchard\src\Orchard.Specs\Bindings\WebAppHosting.cs:line 254
at Orchard.Specs.Bindings.OrchardSiteFactory.GivenIHaveInstalledOrchard(String virtualDirectory) in e:\expedit\projects\nkd\src\main\NKD.Orchard\src\Orchard.Specs\Bindings\OrchardSiteFactory.cs:line 38
at TechTalk.SpecFlow.Bindings.BindingInvoker.InvokeBinding(IBinding binding, IContextManager contextManager, Object[] arguments, ITestTracer testTracer, TimeSpan& duration)
at TechTalk.SpecFlow.Infrastructure.TestExecutionEngine.ExecuteStepMatch(BindingMatch match, Object[] arguments)
at TechTalk.SpecFlow.Infrastructure.TestExecutionEngine.ExecuteStep(StepInstance stepInstance)
at TechTalk.SpecFlow.Infrastructure.TestExecutionEngine.OnAfterLastStep()
]]></stack-trace>
                    </failure>
                  </test-case>
                </results>
              </test-suite>
              <test-suite name="BlogFeature" description="Blog" executed="True" success="False" time="350.382" asserts="0">
                <results>
                  <test-case name="Orchard.Specs.BlogFeature.EnablingRemoteBlogPublishingInsertsTheAppropriateMetaweblogapiMarkupIntoTheBlogSPage" description="Enabling remote blog publishing inserts the appropriate metaweblogapi markup into the blog's page" executed="True" success="False" time="36.058" asserts="1">
                    <failure>
                      <message><![CDATA[  Unable to locate <input> name SiteName in page html:

<!DOCTYPE html>
<html>
    <head>
        <title>Could not load file or assembly 'DevExpress.CodeRush.Common, Version=10.1.0.0, Culture=neutral, PublicKeyToken=35c9f04b7764aa3d' or one of its dependencies. The system cannot find the file specified.</title>
        <meta name="viewport" content="width=device-width" />
        <style>
         body {font-family:"Verdana";font-weight:normal;font-size: .7em;color:black;} 
         p {font-family:"Verdana";font-weight:normal;color:black;margin-top: -5px}
         b {font-family:"Verdana";font-weight:bold;color:black;margin-top: -5px}
         H1 { font-family:"Verdana";font-weight:normal;font-size:18pt;color:red }
         H2 { font-family:"Verdana";font-weight:normal;font-size:14pt;color:maroon }
         pre {font-family:"Consolas","Lucida Console",Monospace;font-size:11pt;margin:0;padding:0.5em;line-height:14pt}
         .marker {font-weight: bold; color: black;text-decoration: none;}
         .version {color: gray;}
         .error {margin-bottom: 10px;}
         .expandable { text-decoration:underline; font-weight:bold; color:navy; cursor:hand; }
         @media screen and (max-width: 639px) {
          pre { width: 440px; overflow: auto; white-space: pre-wrap; word-wrap: break-word; }
         }
         @media screen and (max-width: 479px) {
          pre { width: 280px; }
         }
        </style>
    </head>

    <body bgcolor="white">

            <span><H1>Server Error in '/' Application.<hr width=100% size=1 color=silver></H1>

            <h2> <i>Could not load file or assembly 'DevExpress.CodeRush.Common, Version=10.1.0.0, Culture=neutral, PublicKeyToken=35c9f04b7764aa3d' or one of its dependencies. The system cannot find the file specified.</i> </h2></span>

            <font face="Arial, Helvetica, Geneva, SunSans-Regular, sans-serif ">

            <b> Description: </b>An unhandled exception occurred during the execution of the current web request. Please review the stack trace for more information about the error and where it originated in the code.

            <br><br>

            <b> Exception Details: </b>System.IO.FileNotFoundException: Could not load file or assembly 'DevExpress.CodeRush.Common, Version=10.1.0.0, Culture=neutral, PublicKeyToken=35c9f04b7764aa3d' or one of its dependencies. The system cannot find the file specified.<br><br>

            <b>Source Error:</b> <br><br>

            <table width=100% bgcolor="#ffffcc">
               <tr>
                  <td>
                      <code>

An unhandled exception was generated during the execution of the current web request. Information regarding the origin and location of the exception can be identified using the exception stack trace below.</code>

                  </td>
               </tr>
            </table>

            <br>

            <b>Assembly Load Trace:</b> The following information can be helpful to determine why the assembly 'DevExpress.CodeRush.Common, Version=10.1.0.0, Culture=neutral, PublicKeyToken=35c9f04b7764aa3d' could not be loaded.<br><br>

            <table width=100% bgcolor="#ffffcc">
               <tr>
                  <td>
                      <code><pre>

WRN: Assembly binding logging is turned OFF.
To enable assembly bind failure logging, set the registry value [HKLM\Software\Microsoft\Fusion!EnableLog] (DWORD) to 1.
Note: There is some performance penalty associated with assembly bind failure logging.
To turn this feature off, remove the registry value [HKLM\Software\Microsoft\Fusion!EnableLog].
</pre></code>

                  </td>
               </tr>
            </table>

            <br>

            <b>Stack Trace:</b> <br><br>

            <table width=100% bgcolor="#ffffcc">
               <tr>
                  <td>
                      <code><pre>

[FileNotFoundException: Could not load file or assembly &#39;DevExpress.CodeRush.Common, Version=10.1.0.0, Culture=neutral, PublicKeyToken=35c9f04b7764aa3d&#39; or one of its dependencies. The system cannot find the file specified.]
   System.ModuleHandle.ResolveType(RuntimeModule module, Int32 typeToken, IntPtr* typeInstArgs, Int32 typeInstCount, IntPtr* methodInstArgs, Int32 methodInstCount, ObjectHandleOnStack type) +0
   System.ModuleHandle.ResolveTypeHandleInternal(RuntimeModule module, Int32 typeToken, RuntimeTypeHandle[] typeInstantiationContext, RuntimeTypeHandle[] methodInstantiationContext) +371
   System.ModuleHandle.ResolveTypeHandle(Int32 typeToken, RuntimeTypeHandle[] typeInstantiationContext, RuntimeTypeHandle[] methodInstantiationContext) +19
   System.Reflection.RuntimeModule.ResolveType(Int32 metadataToken, Type[] genericTypeArguments, Type[] genericMethodArguments) +319
   System.Reflection.CustomAttribute.FilterCustomAttributeRecord(CustomAttributeRecord caRecord, MetadataImport scope, Assembly&amp; lastAptcaOkAssembly, RuntimeModule decoratedModule, MetadataToken decoratedToken, RuntimeType attributeFilterType, Boolean mustBeInheritable, Object[] attributes, IList derivedAttributes, RuntimeType&amp; attributeType, IRuntimeMethodInfo&amp; ctor, Boolean&amp; ctorHasParameters, Boolean&amp; isVarArg) +203
   System.Reflection.CustomAttribute.GetCustomAttributes(RuntimeModule decoratedModule, Int32 decoratedMetadataToken, Int32 pcaCount, RuntimeType attributeFilterType, Boolean mustBeInheritable, IList derivedAttributes, Boolean isDecoratedTargetSecurityTransparent) +1179
   System.Reflection.CustomAttribute.GetCustomAttributes(RuntimeAssembly assembly, RuntimeType caType) +146
   Owin.Loader.DefaultLoader.SearchForStartupAttribute(String friendlyName, IList`1 errors, Boolean&amp; conflict) +180
   Owin.Loader.DefaultLoader.LoadImplementation(String startupName, IList`1 errorDetails) +184
   Microsoft.Owin.Host.SystemWeb.OwinBuilder.GetAppStartup() +138
   Microsoft.Owin.Host.SystemWeb.OwinHttpModule.InitializeBlueprint() +38
   System.Threading.LazyInitializer.EnsureInitializedCore(T&amp; target, Boolean&amp; initialized, Object&amp; syncLock, Func`1 valueFactory) +241
   Microsoft.Owin.Host.SystemWeb.OwinHttpModule.Init(HttpApplication context) +129
   System.Web.HttpApplication.InitModulesCommon() +192
   System.Web.HttpApplication.InitInternal(HttpContext context, HttpApplicationState state, MethodInfo[] handlers) +1582
   System.Web.HttpApplicationFactory.GetNormalApplicationInstance(HttpContext context) +365
   System.Web.HttpApplicationFactory.GetApplicationInstance(HttpContext context) +200
   System.Web.HttpRuntime.ProcessRequestInternal(HttpWorkerRequest wr) +591
</pre></code>

                  </td>
               </tr>
            </table>

            <br>

            <hr width=100% size=1 color=silver>

            <b>Version Information:</b>&nbsp;Microsoft .NET Framework Version:4.0.30319; ASP.NET Version:4.0.30319.34009

            </font>

    </body>
</html>
<!-- 
[FileNotFoundException]: Could not load file or assembly &#39;DevExpress.CodeRush.Common, Version=10.1.0.0, Culture=neutral, PublicKeyToken=35c9f04b7764aa3d&#39; or one of its dependencies. The system cannot find the file specified.
   at System.ModuleHandle.ResolveType(RuntimeModule module, Int32 typeToken, IntPtr* typeInstArgs, Int32 typeInstCount, IntPtr* methodInstArgs, Int32 methodInstCount, ObjectHandleOnStack type)
   at System.ModuleHandle.ResolveTypeHandleInternal(RuntimeModule module, Int32 typeToken, RuntimeTypeHandle[] typeInstantiationContext, RuntimeTypeHandle[] methodInstantiationContext)
   at System.ModuleHandle.ResolveTypeHandle(Int32 typeToken, RuntimeTypeHandle[] typeInstantiationContext, RuntimeTypeHandle[] methodInstantiationContext)
   at System.Reflection.RuntimeModule.ResolveType(Int32 metadataToken, Type[] genericTypeArguments, Type[] genericMethodArguments)
   at System.Reflection.CustomAttribute.FilterCustomAttributeRecord(CustomAttributeRecord caRecord, MetadataImport scope, Assembly& lastAptcaOkAssembly, RuntimeModule decoratedModule, MetadataToken decoratedToken, RuntimeType attributeFilterType, Boolean mustBeInheritable, Object[] attributes, IList derivedAttributes, RuntimeType& attributeType, IRuntimeMethodInfo& ctor, Boolean& ctorHasParameters, Boolean& isVarArg)
   at System.Reflection.CustomAttribute.GetCustomAttributes(RuntimeModule decoratedModule, Int32 decoratedMetadataToken, Int32 pcaCount, RuntimeType attributeFilterType, Boolean mustBeInheritable, IList derivedAttributes, Boolean isDecoratedTargetSecurityTransparent)
   at System.Reflection.CustomAttribute.GetCustomAttributes(RuntimeAssembly assembly, RuntimeType caType)
   at Owin.Loader.DefaultLoader.SearchForStartupAttribute(String friendlyName, IList`1 errors, Boolean& conflict)
   at Owin.Loader.DefaultLoader.LoadImplementation(String startupName, IList`1 errorDetails)
   at Microsoft.Owin.Host.SystemWeb.OwinBuilder.GetAppStartup()
   at Microsoft.Owin.Host.SystemWeb.OwinHttpModule.InitializeBlueprint()
   at System.Threading.LazyInitializer.EnsureInitializedCore[T](T& target, Boolean& initialized, Object& syncLock, Func`1 valueFactory)
   at Microsoft.Owin.Host.SystemWeb.OwinHttpModule.Init(HttpApplication context)
   at System.Web.HttpApplication.InitModulesCommon()
   at System.Web.HttpApplication.InitInternal(HttpContext context, HttpApplicationState state, MethodInfo[] handlers)
   at System.Web.HttpApplicationFactory.GetNormalApplicationInstance(HttpContext context)
   at System.Web.HttpApplicationFactory.GetApplicationInstance(HttpContext context)
   at System.Web.HttpRuntime.ProcessRequestInternal(HttpWorkerRequest wr)
-->
  Expected: not null
  But was:  null
]]></message>
                      <stack-trace><![CDATA[at Orchard.Specs.Bindings.WebAppHosting.WhenIFillIn(Table table) in e:\expedit\projects\nkd\src\main\NKD.Orchard\src\Orchard.Specs\Bindings\WebAppHosting.cs:line 254
at Orchard.Specs.Bindings.OrchardSiteFactory.GivenIHaveInstalledOrchard(String virtualDirectory) in e:\expedit\projects\nkd\src\main\NKD.Orchard\src\Orchard.Specs\Bindings\OrchardSiteFactory.cs:line 38
at TechTalk.SpecFlow.Bindings.BindingInvoker.InvokeBinding(IBinding binding, IContextManager contextManager, Object[] arguments, ITestTracer testTracer, TimeSpan& duration)
at TechTalk.SpecFlow.Infrastructure.TestExecutionEngine.ExecuteStepMatch(BindingMatch match, Object[] arguments)
at TechTalk.SpecFlow.Infrastructure.TestExecutionEngine.ExecuteStep(StepInstance stepInstance)
at TechTalk.SpecFlow.Infrastructure.TestExecutionEngine.OnAfterLastStep()
]]></stack-trace>
                    </failure>
                  </test-case>
                  <test-case name="Orchard.Specs.BlogFeature.ICanCreateANewBlogAndBlogPost" description="I can create a new blog and blog post" executed="True" success="False" time="34.752" asserts="1">
                    <failure>
                      <message><![CDATA[  Unable to locate <input> name SiteName in page html:

<!DOCTYPE html>
<html>
    <head>
        <title>Could not load file or assembly 'DevExpress.CodeRush.Common, Version=10.1.0.0, Culture=neutral, PublicKeyToken=35c9f04b7764aa3d' or one of its dependencies. The system cannot find the file specified.</title>
        <meta name="viewport" content="width=device-width" />
        <style>
         body {font-family:"Verdana";font-weight:normal;font-size: .7em;color:black;} 
         p {font-family:"Verdana";font-weight:normal;color:black;margin-top: -5px}
         b {font-family:"Verdana";font-weight:bold;color:black;margin-top: -5px}
         H1 { font-family:"Verdana";font-weight:normal;font-size:18pt;color:red }
         H2 { font-family:"Verdana";font-weight:normal;font-size:14pt;color:maroon }
         pre {font-family:"Consolas","Lucida Console",Monospace;font-size:11pt;margin:0;padding:0.5em;line-height:14pt}
         .marker {font-weight: bold; color: black;text-decoration: none;}
         .version {color: gray;}
         .error {margin-bottom: 10px;}
         .expandable { text-decoration:underline; font-weight:bold; color:navy; cursor:hand; }
         @media screen and (max-width: 639px) {
          pre { width: 440px; overflow: auto; white-space: pre-wrap; word-wrap: break-word; }
         }
         @media screen and (max-width: 479px) {
          pre { width: 280px; }
         }
        </style>
    </head>

    <body bgcolor="white">

            <span><H1>Server Error in '/' Application.<hr width=100% size=1 color=silver></H1>

            <h2> <i>Could not load file or assembly 'DevExpress.CodeRush.Common, Version=10.1.0.0, Culture=neutral, PublicKeyToken=35c9f04b7764aa3d' or one of its dependencies. The system cannot find the file specified.</i> </h2></span>

            <font face="Arial, Helvetica, Geneva, SunSans-Regular, sans-serif ">

            <b> Description: </b>An unhandled exception occurred during the execution of the current web request. Please review the stack trace for more information about the error and where it originated in the code.

            <br><br>

            <b> Exception Details: </b>System.IO.FileNotFoundException: Could not load file or assembly 'DevExpress.CodeRush.Common, Version=10.1.0.0, Culture=neutral, PublicKeyToken=35c9f04b7764aa3d' or one of its dependencies. The system cannot find the file specified.<br><br>

            <b>Source Error:</b> <br><br>

            <table width=100% bgcolor="#ffffcc">
               <tr>
                  <td>
                      <code>

An unhandled exception was generated during the execution of the current web request. Information regarding the origin and location of the exception can be identified using the exception stack trace below.</code>

                  </td>
               </tr>
            </table>

            <br>

            <b>Assembly Load Trace:</b> The following information can be helpful to determine why the assembly 'DevExpress.CodeRush.Common, Version=10.1.0.0, Culture=neutral, PublicKeyToken=35c9f04b7764aa3d' could not be loaded.<br><br>

            <table width=100% bgcolor="#ffffcc">
               <tr>
                  <td>
                      <code><pre>

WRN: Assembly binding logging is turned OFF.
To enable assembly bind failure logging, set the registry value [HKLM\Software\Microsoft\Fusion!EnableLog] (DWORD) to 1.
Note: There is some performance penalty associated with assembly bind failure logging.
To turn this feature off, remove the registry value [HKLM\Software\Microsoft\Fusion!EnableLog].
</pre></code>

                  </td>
               </tr>
            </table>

            <br>

            <b>Stack Trace:</b> <br><br>

            <table width=100% bgcolor="#ffffcc">
               <tr>
                  <td>
                      <code><pre>

[FileNotFoundException: Could not load file or assembly &#39;DevExpress.CodeRush.Common, Version=10.1.0.0, Culture=neutral, PublicKeyToken=35c9f04b7764aa3d&#39; or one of its dependencies. The system cannot find the file specified.]
   System.ModuleHandle.ResolveType(RuntimeModule module, Int32 typeToken, IntPtr* typeInstArgs, Int32 typeInstCount, IntPtr* methodInstArgs, Int32 methodInstCount, ObjectHandleOnStack type) +0
   System.ModuleHandle.ResolveTypeHandleInternal(RuntimeModule module, Int32 typeToken, RuntimeTypeHandle[] typeInstantiationContext, RuntimeTypeHandle[] methodInstantiationContext) +371
   System.ModuleHandle.ResolveTypeHandle(Int32 typeToken, RuntimeTypeHandle[] typeInstantiationContext, RuntimeTypeHandle[] methodInstantiationContext) +19
   System.Reflection.RuntimeModule.ResolveType(Int32 metadataToken, Type[] genericTypeArguments, Type[] genericMethodArguments) +319
   System.Reflection.CustomAttribute.FilterCustomAttributeRecord(CustomAttributeRecord caRecord, MetadataImport scope, Assembly&amp; lastAptcaOkAssembly, RuntimeModule decoratedModule, MetadataToken decoratedToken, RuntimeType attributeFilterType, Boolean mustBeInheritable, Object[] attributes, IList derivedAttributes, RuntimeType&amp; attributeType, IRuntimeMethodInfo&amp; ctor, Boolean&amp; ctorHasParameters, Boolean&amp; isVarArg) +203
   System.Reflection.CustomAttribute.GetCustomAttributes(RuntimeModule decoratedModule, Int32 decoratedMetadataToken, Int32 pcaCount, RuntimeType attributeFilterType, Boolean mustBeInheritable, IList derivedAttributes, Boolean isDecoratedTargetSecurityTransparent) +1179
   System.Reflection.CustomAttribute.GetCustomAttributes(RuntimeAssembly assembly, RuntimeType caType) +146
   Owin.Loader.DefaultLoader.SearchForStartupAttribute(String friendlyName, IList`1 errors, Boolean&amp; conflict) +180
   Owin.Loader.DefaultLoader.LoadImplementation(String startupName, IList`1 errorDetails) +184
   Microsoft.Owin.Host.SystemWeb.OwinBuilder.GetAppStartup() +138
   Microsoft.Owin.Host.SystemWeb.OwinHttpModule.InitializeBlueprint() +38
   System.Threading.LazyInitializer.EnsureInitializedCore(T&amp; target, Boolean&amp; initialized, Object&amp; syncLock, Func`1 valueFactory) +241
   Microsoft.Owin.Host.SystemWeb.OwinHttpModule.Init(HttpApplication context) +129
   System.Web.HttpApplication.InitModulesCommon() +192
   System.Web.HttpApplication.InitInternal(HttpContext context, HttpApplicationState state, MethodInfo[] handlers) +1582
   System.Web.HttpApplicationFactory.GetNormalApplicationInstance(HttpContext context) +365
   System.Web.HttpApplicationFactory.GetApplicationInstance(HttpContext context) +200
   System.Web.HttpRuntime.ProcessRequestInternal(HttpWorkerRequest wr) +591
</pre></code>

                  </td>
               </tr>
            </table>

            <br>

            <hr width=100% size=1 color=silver>

            <b>Version Information:</b>&nbsp;Microsoft .NET Framework Version:4.0.30319; ASP.NET Version:4.0.30319.34009

            </font>

    </body>
</html>
<!-- 
[FileNotFoundException]: Could not load file or assembly &#39;DevExpress.CodeRush.Common, Version=10.1.0.0, Culture=neutral, PublicKeyToken=35c9f04b7764aa3d&#39; or one of its dependencies. The system cannot find the file specified.
   at System.ModuleHandle.ResolveType(RuntimeModule module, Int32 typeToken, IntPtr* typeInstArgs, Int32 typeInstCount, IntPtr* methodInstArgs, Int32 methodInstCount, ObjectHandleOnStack type)
   at System.ModuleHandle.ResolveTypeHandleInternal(RuntimeModule module, Int32 typeToken, RuntimeTypeHandle[] typeInstantiationContext, RuntimeTypeHandle[] methodInstantiationContext)
   at System.ModuleHandle.ResolveTypeHandle(Int32 typeToken, RuntimeTypeHandle[] typeInstantiationContext, RuntimeTypeHandle[] methodInstantiationContext)
   at System.Reflection.RuntimeModule.ResolveType(Int32 metadataToken, Type[] genericTypeArguments, Type[] genericMethodArguments)
   at System.Reflection.CustomAttribute.FilterCustomAttributeRecord(CustomAttributeRecord caRecord, MetadataImport scope, Assembly& lastAptcaOkAssembly, RuntimeModule decoratedModule, MetadataToken decoratedToken, RuntimeType attributeFilterType, Boolean mustBeInheritable, Object[] attributes, IList derivedAttributes, RuntimeType& attributeType, IRuntimeMethodInfo& ctor, Boolean& ctorHasParameters, Boolean& isVarArg)
   at System.Reflection.CustomAttribute.GetCustomAttributes(RuntimeModule decoratedModule, Int32 decoratedMetadataToken, Int32 pcaCount, RuntimeType attributeFilterType, Boolean mustBeInheritable, IList derivedAttributes, Boolean isDecoratedTargetSecurityTransparent)
   at System.Reflection.CustomAttribute.GetCustomAttributes(RuntimeAssembly assembly, RuntimeType caType)
   at Owin.Loader.DefaultLoader.SearchForStartupAttribute(String friendlyName, IList`1 errors, Boolean& conflict)
   at Owin.Loader.DefaultLoader.LoadImplementation(String startupName, IList`1 errorDetails)
   at Microsoft.Owin.Host.SystemWeb.OwinBuilder.GetAppStartup()
   at Microsoft.Owin.Host.SystemWeb.OwinHttpModule.InitializeBlueprint()
   at System.Threading.LazyInitializer.EnsureInitializedCore[T](T& target, Boolean& initialized, Object& syncLock, Func`1 valueFactory)
   at Microsoft.Owin.Host.SystemWeb.OwinHttpModule.Init(HttpApplication context)
   at System.Web.HttpApplication.InitModulesCommon()
   at System.Web.HttpApplication.InitInternal(HttpContext context, HttpApplicationState state, MethodInfo[] handlers)
   at System.Web.HttpApplicationFactory.GetNormalApplicationInstance(HttpContext context)
   at System.Web.HttpApplicationFactory.GetApplicationInstance(HttpContext context)
   at System.Web.HttpRuntime.ProcessRequestInternal(HttpWorkerRequest wr)
-->
  Expected: not null
  But was:  null
]]></message>
                      <stack-trace><![CDATA[at Orchard.Specs.Bindings.WebAppHosting.WhenIFillIn(Table table) in e:\expedit\projects\nkd\src\main\NKD.Orchard\src\Orchard.Specs\Bindings\WebAppHosting.cs:line 254
at Orchard.Specs.Bindings.OrchardSiteFactory.GivenIHaveInstalledOrchard(String virtualDirectory) in e:\expedit\projects\nkd\src\main\NKD.Orchard\src\Orchard.Specs\Bindings\OrchardSiteFactory.cs:line 38
at TechTalk.SpecFlow.Bindings.BindingInvoker.InvokeBinding(IBinding binding, IContextManager contextManager, Object[] arguments, ITestTracer testTracer, TimeSpan& duration)
at TechTalk.SpecFlow.Infrastructure.TestExecutionEngine.ExecuteStepMatch(BindingMatch match, Object[] arguments)
at TechTalk.SpecFlow.Infrastructure.TestExecutionEngine.ExecuteStep(StepInstance stepInstance)
at TechTalk.SpecFlow.Infrastructure.TestExecutionEngine.OnAfterLastStep()
]]></stack-trace>
                    </failure>
                  </test-case>
                  <test-case name="Orchard.Specs.BlogFeature.ICanCreateANewBlogWithAPercentSignInTheTitleAndItGetsStrippedOutOfTheSlug" description="I can create a new blog with a percent sign in the title and it gets stripped out of the slug" executed="True" success="False" time="35.999" asserts="1">
                    <failure>
                      <message><![CDATA[  Unable to locate <input> name SiteName in page html:

<!DOCTYPE html>
<html>
    <head>
        <title>Could not load file or assembly 'DevExpress.CodeRush.Common, Version=10.1.0.0, Culture=neutral, PublicKeyToken=35c9f04b7764aa3d' or one of its dependencies. The system cannot find the file specified.</title>
        <meta name="viewport" content="width=device-width" />
        <style>
         body {font-family:"Verdana";font-weight:normal;font-size: .7em;color:black;} 
         p {font-family:"Verdana";font-weight:normal;color:black;margin-top: -5px}
         b {font-family:"Verdana";font-weight:bold;color:black;margin-top: -5px}
         H1 { font-family:"Verdana";font-weight:normal;font-size:18pt;color:red }
         H2 { font-family:"Verdana";font-weight:normal;font-size:14pt;color:maroon }
         pre {font-family:"Consolas","Lucida Console",Monospace;font-size:11pt;margin:0;padding:0.5em;line-height:14pt}
         .marker {font-weight: bold; color: black;text-decoration: none;}
         .version {color: gray;}
         .error {margin-bottom: 10px;}
         .expandable { text-decoration:underline; font-weight:bold; color:navy; cursor:hand; }
         @media screen and (max-width: 639px) {
          pre { width: 440px; overflow: auto; white-space: pre-wrap; word-wrap: break-word; }
         }
         @media screen and (max-width: 479px) {
          pre { width: 280px; }
         }
        </style>
    </head>

    <body bgcolor="white">

            <span><H1>Server Error in '/' Application.<hr width=100% size=1 color=silver></H1>

            <h2> <i>Could not load file or assembly 'DevExpress.CodeRush.Common, Version=10.1.0.0, Culture=neutral, PublicKeyToken=35c9f04b7764aa3d' or one of its dependencies. The system cannot find the file specified.</i> </h2></span>

            <font face="Arial, Helvetica, Geneva, SunSans-Regular, sans-serif ">

            <b> Description: </b>An unhandled exception occurred during the execution of the current web request. Please review the stack trace for more information about the error and where it originated in the code.

            <br><br>

            <b> Exception Details: </b>System.IO.FileNotFoundException: Could not load file or assembly 'DevExpress.CodeRush.Common, Version=10.1.0.0, Culture=neutral, PublicKeyToken=35c9f04b7764aa3d' or one of its dependencies. The system cannot find the file specified.<br><br>

            <b>Source Error:</b> <br><br>

            <table width=100% bgcolor="#ffffcc">
               <tr>
                  <td>
                      <code>

An unhandled exception was generated during the execution of the current web request. Information regarding the origin and location of the exception can be identified using the exception stack trace below.</code>

                  </td>
               </tr>
            </table>

            <br>

            <b>Assembly Load Trace:</b> The following information can be helpful to determine why the assembly 'DevExpress.CodeRush.Common, Version=10.1.0.0, Culture=neutral, PublicKeyToken=35c9f04b7764aa3d' could not be loaded.<br><br>

            <table width=100% bgcolor="#ffffcc">
               <tr>
                  <td>
                      <code><pre>

WRN: Assembly binding logging is turned OFF.
To enable assembly bind failure logging, set the registry value [HKLM\Software\Microsoft\Fusion!EnableLog] (DWORD) to 1.
Note: There is some performance penalty associated with assembly bind failure logging.
To turn this feature off, remove the registry value [HKLM\Software\Microsoft\Fusion!EnableLog].
</pre></code>

                  </td>
               </tr>
            </table>

            <br>

            <b>Stack Trace:</b> <br><br>

            <table width=100% bgcolor="#ffffcc">
               <tr>
                  <td>
                      <code><pre>

[FileNotFoundException: Could not load file or assembly &#39;DevExpress.CodeRush.Common, Version=10.1.0.0, Culture=neutral, PublicKeyToken=35c9f04b7764aa3d&#39; or one of its dependencies. The system cannot find the file specified.]
   System.ModuleHandle.ResolveType(RuntimeModule module, Int32 typeToken, IntPtr* typeInstArgs, Int32 typeInstCount, IntPtr* methodInstArgs, Int32 methodInstCount, ObjectHandleOnStack type) +0
   System.ModuleHandle.ResolveTypeHandleInternal(RuntimeModule module, Int32 typeToken, RuntimeTypeHandle[] typeInstantiationContext, RuntimeTypeHandle[] methodInstantiationContext) +371
   System.ModuleHandle.ResolveTypeHandle(Int32 typeToken, RuntimeTypeHandle[] typeInstantiationContext, RuntimeTypeHandle[] methodInstantiationContext) +19
   System.Reflection.RuntimeModule.ResolveType(Int32 metadataToken, Type[] genericTypeArguments, Type[] genericMethodArguments) +319
   System.Reflection.CustomAttribute.FilterCustomAttributeRecord(CustomAttributeRecord caRecord, MetadataImport scope, Assembly&amp; lastAptcaOkAssembly, RuntimeModule decoratedModule, MetadataToken decoratedToken, RuntimeType attributeFilterType, Boolean mustBeInheritable, Object[] attributes, IList derivedAttributes, RuntimeType&amp; attributeType, IRuntimeMethodInfo&amp; ctor, Boolean&amp; ctorHasParameters, Boolean&amp; isVarArg) +203
   System.Reflection.CustomAttribute.GetCustomAttributes(RuntimeModule decoratedModule, Int32 decoratedMetadataToken, Int32 pcaCount, RuntimeType attributeFilterType, Boolean mustBeInheritable, IList derivedAttributes, Boolean isDecoratedTargetSecurityTransparent) +1179
   System.Reflection.CustomAttribute.GetCustomAttributes(RuntimeAssembly assembly, RuntimeType caType) +146
   Owin.Loader.DefaultLoader.SearchForStartupAttribute(String friendlyName, IList`1 errors, Boolean&amp; conflict) +180
   Owin.Loader.DefaultLoader.LoadImplementation(String startupName, IList`1 errorDetails) +184
   Microsoft.Owin.Host.SystemWeb.OwinBuilder.GetAppStartup() +138
   Microsoft.Owin.Host.SystemWeb.OwinHttpModule.InitializeBlueprint() +38
   System.Threading.LazyInitializer.EnsureInitializedCore(T&amp; target, Boolean&amp; initialized, Object&amp; syncLock, Func`1 valueFactory) +241
   Microsoft.Owin.Host.SystemWeb.OwinHttpModule.Init(HttpApplication context) +129
   System.Web.HttpApplication.InitModulesCommon() +192
   System.Web.HttpApplication.InitInternal(HttpContext context, HttpApplicationState state, MethodInfo[] handlers) +1582
   System.Web.HttpApplicationFactory.GetNormalApplicationInstance(HttpContext context) +365
   System.Web.HttpApplicationFactory.GetApplicationInstance(HttpContext context) +200
   System.Web.HttpRuntime.ProcessRequestInternal(HttpWorkerRequest wr) +591
</pre></code>

                  </td>
               </tr>
            </table>

            <br>

            <hr width=100% size=1 color=silver>

            <b>Version Information:</b>&nbsp;Microsoft .NET Framework Version:4.0.30319; ASP.NET Version:4.0.30319.34009

            </font>

    </body>
</html>
<!-- 
[FileNotFoundException]: Could not load file or assembly &#39;DevExpress.CodeRush.Common, Version=10.1.0.0, Culture=neutral, PublicKeyToken=35c9f04b7764aa3d&#39; or one of its dependencies. The system cannot find the file specified.
   at System.ModuleHandle.ResolveType(RuntimeModule module, Int32 typeToken, IntPtr* typeInstArgs, Int32 typeInstCount, IntPtr* methodInstArgs, Int32 methodInstCount, ObjectHandleOnStack type)
   at System.ModuleHandle.ResolveTypeHandleInternal(RuntimeModule module, Int32 typeToken, RuntimeTypeHandle[] typeInstantiationContext, RuntimeTypeHandle[] methodInstantiationContext)
   at System.ModuleHandle.ResolveTypeHandle(Int32 typeToken, RuntimeTypeHandle[] typeInstantiationContext, RuntimeTypeHandle[] methodInstantiationContext)
   at System.Reflection.RuntimeModule.ResolveType(Int32 metadataToken, Type[] genericTypeArguments, Type[] genericMethodArguments)
   at System.Reflection.CustomAttribute.FilterCustomAttributeRecord(CustomAttributeRecord caRecord, MetadataImport scope, Assembly& lastAptcaOkAssembly, RuntimeModule decoratedModule, MetadataToken decoratedToken, RuntimeType attributeFilterType, Boolean mustBeInheritable, Object[] attributes, IList derivedAttributes, RuntimeType& attributeType, IRuntimeMethodInfo& ctor, Boolean& ctorHasParameters, Boolean& isVarArg)
   at System.Reflection.CustomAttribute.GetCustomAttributes(RuntimeModule decoratedModule, Int32 decoratedMetadataToken, Int32 pcaCount, RuntimeType attributeFilterType, Boolean mustBeInheritable, IList derivedAttributes, Boolean isDecoratedTargetSecurityTransparent)
   at System.Reflection.CustomAttribute.GetCustomAttributes(RuntimeAssembly assembly, RuntimeType caType)
   at Owin.Loader.DefaultLoader.SearchForStartupAttribute(String friendlyName, IList`1 errors, Boolean& conflict)
   at Owin.Loader.DefaultLoader.LoadImplementation(String startupName, IList`1 errorDetails)
   at Microsoft.Owin.Host.SystemWeb.OwinBuilder.GetAppStartup()
   at Microsoft.Owin.Host.SystemWeb.OwinHttpModule.InitializeBlueprint()
   at System.Threading.LazyInitializer.EnsureInitializedCore[T](T& target, Boolean& initialized, Object& syncLock, Func`1 valueFactory)
   at Microsoft.Owin.Host.SystemWeb.OwinHttpModule.Init(HttpApplication context)
   at System.Web.HttpApplication.InitModulesCommon()
   at System.Web.HttpApplication.InitInternal(HttpContext context, HttpApplicationState state, MethodInfo[] handlers)
   at System.Web.HttpApplicationFactory.GetNormalApplicationInstance(HttpContext context)
   at System.Web.HttpApplicationFactory.GetApplicationInstance(HttpContext context)
   at System.Web.HttpRuntime.ProcessRequestInternal(HttpWorkerRequest wr)
-->
  Expected: not null
  But was:  null
]]></message>
                      <stack-trace><![CDATA[at Orchard.Specs.Bindings.WebAppHosting.WhenIFillIn(Table table) in e:\expedit\projects\nkd\src\main\NKD.Orchard\src\Orchard.Specs\Bindings\WebAppHosting.cs:line 254
at Orchard.Specs.Bindings.OrchardSiteFactory.GivenIHaveInstalledOrchard(String virtualDirectory) in e:\expedit\projects\nkd\src\main\NKD.Orchard\src\Orchard.Specs\Bindings\OrchardSiteFactory.cs:line 38
at TechTalk.SpecFlow.Bindings.BindingInvoker.InvokeBinding(IBinding binding, IContextManager contextManager, Object[] arguments, ITestTracer testTracer, TimeSpan& duration)
at TechTalk.SpecFlow.Infrastructure.TestExecutionEngine.ExecuteStepMatch(BindingMatch match, Object[] arguments)
at TechTalk.SpecFlow.Infrastructure.TestExecutionEngine.ExecuteStep(StepInstance stepInstance)
at TechTalk.SpecFlow.Infrastructure.TestExecutionEngine.OnAfterLastStep()
]]></stack-trace>
                    </failure>
                  </test-case>
                  <test-case name="Orchard.Specs.BlogFeature.ICanCreateANewBlogWithMultipleBlogPostsEachWithTheSameTitleAndUniqueSlugsAreGeneratedOrGivenForSaidPosts" description="I can create a new blog with multiple blog posts each with the same title and unique slugs are generated or given for said posts" executed="True" success="False" time="35.012" asserts="1">
                    <failure>
                      <message><![CDATA[  Unable to locate <input> name SiteName in page html:

<!DOCTYPE html>
<html>
    <head>
        <title>Could not load file or assembly 'DevExpress.CodeRush.Common, Version=10.1.0.0, Culture=neutral, PublicKeyToken=35c9f04b7764aa3d' or one of its dependencies. The system cannot find the file specified.</title>
        <meta name="viewport" content="width=device-width" />
        <style>
         body {font-family:"Verdana";font-weight:normal;font-size: .7em;color:black;} 
         p {font-family:"Verdana";font-weight:normal;color:black;margin-top: -5px}
         b {font-family:"Verdana";font-weight:bold;color:black;margin-top: -5px}
         H1 { font-family:"Verdana";font-weight:normal;font-size:18pt;color:red }
         H2 { font-family:"Verdana";font-weight:normal;font-size:14pt;color:maroon }
         pre {font-family:"Consolas","Lucida Console",Monospace;font-size:11pt;margin:0;padding:0.5em;line-height:14pt}
         .marker {font-weight: bold; color: black;text-decoration: none;}
         .version {color: gray;}
         .error {margin-bottom: 10px;}
         .expandable { text-decoration:underline; font-weight:bold; color:navy; cursor:hand; }
         @media screen and (max-width: 639px) {
          pre { width: 440px; overflow: auto; white-space: pre-wrap; word-wrap: break-word; }
         }
         @media screen and (max-width: 479px) {
          pre { width: 280px; }
         }
        </style>
    </head>

    <body bgcolor="white">

            <span><H1>Server Error in '/' Application.<hr width=100% size=1 color=silver></H1>

            <h2> <i>Could not load file or assembly 'DevExpress.CodeRush.Common, Version=10.1.0.0, Culture=neutral, PublicKeyToken=35c9f04b7764aa3d' or one of its dependencies. The system cannot find the file specified.</i> </h2></span>

            <font face="Arial, Helvetica, Geneva, SunSans-Regular, sans-serif ">

            <b> Description: </b>An unhandled exception occurred during the execution of the current web request. Please review the stack trace for more information about the error and where it originated in the code.

            <br><br>

            <b> Exception Details: </b>System.IO.FileNotFoundException: Could not load file or assembly 'DevExpress.CodeRush.Common, Version=10.1.0.0, Culture=neutral, PublicKeyToken=35c9f04b7764aa3d' or one of its dependencies. The system cannot find the file specified.<br><br>

            <b>Source Error:</b> <br><br>

            <table width=100% bgcolor="#ffffcc">
               <tr>
                  <td>
                      <code>

An unhandled exception was generated during the execution of the current web request. Information regarding the origin and location of the exception can be identified using the exception stack trace below.</code>

                  </td>
               </tr>
            </table>

            <br>

            <b>Assembly Load Trace:</b> The following information can be helpful to determine why the assembly 'DevExpress.CodeRush.Common, Version=10.1.0.0, Culture=neutral, PublicKeyToken=35c9f04b7764aa3d' could not be loaded.<br><br>

            <table width=100% bgcolor="#ffffcc">
               <tr>
                  <td>
                      <code><pre>

WRN: Assembly binding logging is turned OFF.
To enable assembly bind failure logging, set the registry value [HKLM\Software\Microsoft\Fusion!EnableLog] (DWORD) to 1.
Note: There is some performance penalty associated with assembly bind failure logging.
To turn this feature off, remove the registry value [HKLM\Software\Microsoft\Fusion!EnableLog].
</pre></code>

                  </td>
               </tr>
            </table>

            <br>

            <b>Stack Trace:</b> <br><br>

            <table width=100% bgcolor="#ffffcc">
               <tr>
                  <td>
                      <code><pre>

[FileNotFoundException: Could not load file or assembly &#39;DevExpress.CodeRush.Common, Version=10.1.0.0, Culture=neutral, PublicKeyToken=35c9f04b7764aa3d&#39; or one of its dependencies. The system cannot find the file specified.]
   System.ModuleHandle.ResolveType(RuntimeModule module, Int32 typeToken, IntPtr* typeInstArgs, Int32 typeInstCount, IntPtr* methodInstArgs, Int32 methodInstCount, ObjectHandleOnStack type) +0
   System.ModuleHandle.ResolveTypeHandleInternal(RuntimeModule module, Int32 typeToken, RuntimeTypeHandle[] typeInstantiationContext, RuntimeTypeHandle[] methodInstantiationContext) +371
   System.ModuleHandle.ResolveTypeHandle(Int32 typeToken, RuntimeTypeHandle[] typeInstantiationContext, RuntimeTypeHandle[] methodInstantiationContext) +19
   System.Reflection.RuntimeModule.ResolveType(Int32 metadataToken, Type[] genericTypeArguments, Type[] genericMethodArguments) +319
   System.Reflection.CustomAttribute.FilterCustomAttributeRecord(CustomAttributeRecord caRecord, MetadataImport scope, Assembly&amp; lastAptcaOkAssembly, RuntimeModule decoratedModule, MetadataToken decoratedToken, RuntimeType attributeFilterType, Boolean mustBeInheritable, Object[] attributes, IList derivedAttributes, RuntimeType&amp; attributeType, IRuntimeMethodInfo&amp; ctor, Boolean&amp; ctorHasParameters, Boolean&amp; isVarArg) +203
   System.Reflection.CustomAttribute.GetCustomAttributes(RuntimeModule decoratedModule, Int32 decoratedMetadataToken, Int32 pcaCount, RuntimeType attributeFilterType, Boolean mustBeInheritable, IList derivedAttributes, Boolean isDecoratedTargetSecurityTransparent) +1179
   System.Reflection.CustomAttribute.GetCustomAttributes(RuntimeAssembly assembly, RuntimeType caType) +146
   Owin.Loader.DefaultLoader.SearchForStartupAttribute(String friendlyName, IList`1 errors, Boolean&amp; conflict) +180
   Owin.Loader.DefaultLoader.LoadImplementation(String startupName, IList`1 errorDetails) +184
   Microsoft.Owin.Host.SystemWeb.OwinBuilder.GetAppStartup() +138
   Microsoft.Owin.Host.SystemWeb.OwinHttpModule.InitializeBlueprint() +38
   System.Threading.LazyInitializer.EnsureInitializedCore(T&amp; target, Boolean&amp; initialized, Object&amp; syncLock, Func`1 valueFactory) +241
   Microsoft.Owin.Host.SystemWeb.OwinHttpModule.Init(HttpApplication context) +129
   System.Web.HttpApplication.InitModulesCommon() +192
   System.Web.HttpApplication.InitInternal(HttpContext context, HttpApplicationState state, MethodInfo[] handlers) +1582
   System.Web.HttpApplicationFactory.GetNormalApplicationInstance(HttpContext context) +365
   System.Web.HttpApplicationFactory.GetApplicationInstance(HttpContext context) +200
   System.Web.HttpRuntime.ProcessRequestInternal(HttpWorkerRequest wr) +591
</pre></code>

                  </td>
               </tr>
            </table>

            <br>

            <hr width=100% size=1 color=silver>

            <b>Version Information:</b>&nbsp;Microsoft .NET Framework Version:4.0.30319; ASP.NET Version:4.0.30319.34009

            </font>

    </body>
</html>
<!-- 
[FileNotFoundException]: Could not load file or assembly &#39;DevExpress.CodeRush.Common, Version=10.1.0.0, Culture=neutral, PublicKeyToken=35c9f04b7764aa3d&#39; or one of its dependencies. The system cannot find the file specified.
   at System.ModuleHandle.ResolveType(RuntimeModule module, Int32 typeToken, IntPtr* typeInstArgs, Int32 typeInstCount, IntPtr* methodInstArgs, Int32 methodInstCount, ObjectHandleOnStack type)
   at System.ModuleHandle.ResolveTypeHandleInternal(RuntimeModule module, Int32 typeToken, RuntimeTypeHandle[] typeInstantiationContext, RuntimeTypeHandle[] methodInstantiationContext)
   at System.ModuleHandle.ResolveTypeHandle(Int32 typeToken, RuntimeTypeHandle[] typeInstantiationContext, RuntimeTypeHandle[] methodInstantiationContext)
   at System.Reflection.RuntimeModule.ResolveType(Int32 metadataToken, Type[] genericTypeArguments, Type[] genericMethodArguments)
   at System.Reflection.CustomAttribute.FilterCustomAttributeRecord(CustomAttributeRecord caRecord, MetadataImport scope, Assembly& lastAptcaOkAssembly, RuntimeModule decoratedModule, MetadataToken decoratedToken, RuntimeType attributeFilterType, Boolean mustBeInheritable, Object[] attributes, IList derivedAttributes, RuntimeType& attributeType, IRuntimeMethodInfo& ctor, Boolean& ctorHasParameters, Boolean& isVarArg)
   at System.Reflection.CustomAttribute.GetCustomAttributes(RuntimeModule decoratedModule, Int32 decoratedMetadataToken, Int32 pcaCount, RuntimeType attributeFilterType, Boolean mustBeInheritable, IList derivedAttributes, Boolean isDecoratedTargetSecurityTransparent)
   at System.Reflection.CustomAttribute.GetCustomAttributes(RuntimeAssembly assembly, RuntimeType caType)
   at Owin.Loader.DefaultLoader.SearchForStartupAttribute(String friendlyName, IList`1 errors, Boolean& conflict)
   at Owin.Loader.DefaultLoader.LoadImplementation(String startupName, IList`1 errorDetails)
   at Microsoft.Owin.Host.SystemWeb.OwinBuilder.GetAppStartup()
   at Microsoft.Owin.Host.SystemWeb.OwinHttpModule.InitializeBlueprint()
   at System.Threading.LazyInitializer.EnsureInitializedCore[T](T& target, Boolean& initialized, Object& syncLock, Func`1 valueFactory)
   at Microsoft.Owin.Host.SystemWeb.OwinHttpModule.Init(HttpApplication context)
   at System.Web.HttpApplication.InitModulesCommon()
   at System.Web.HttpApplication.InitInternal(HttpContext context, HttpApplicationState state, MethodInfo[] handlers)
   at System.Web.HttpApplicationFactory.GetNormalApplicationInstance(HttpContext context)
   at System.Web.HttpApplicationFactory.GetApplicationInstance(HttpContext context)
   at System.Web.HttpRuntime.ProcessRequestInternal(HttpWorkerRequest wr)
-->
  Expected: not null
  But was:  null
]]></message>
                      <stack-trace><![CDATA[at Orchard.Specs.Bindings.WebAppHosting.WhenIFillIn(Table table) in e:\expedit\projects\nkd\src\main\NKD.Orchard\src\Orchard.Specs\Bindings\WebAppHosting.cs:line 254
at Orchard.Specs.Bindings.OrchardSiteFactory.GivenIHaveInstalledOrchard(String virtualDirectory) in e:\expedit\projects\nkd\src\main\NKD.Orchard\src\Orchard.Specs\Bindings\OrchardSiteFactory.cs:line 38
at TechTalk.SpecFlow.Bindings.BindingInvoker.InvokeBinding(IBinding binding, IContextManager contextManager, Object[] arguments, ITestTracer testTracer, TimeSpan& duration)
at TechTalk.SpecFlow.Infrastructure.TestExecutionEngine.ExecuteStepMatch(BindingMatch match, Object[] arguments)
at TechTalk.SpecFlow.Infrastructure.TestExecutionEngine.ExecuteStep(StepInstance stepInstance)
at TechTalk.SpecFlow.Infrastructure.TestExecutionEngine.OnAfterLastStep()
]]></stack-trace>
                    </failure>
                  </test-case>
                  <test-case name="Orchard.Specs.BlogFeature.ICanCreateBrowseBlogPostsOnSeveralPages" description="I can create browse blog posts on several pages" executed="True" success="False" time="36.338" asserts="1">
                    <failure>
                      <message><![CDATA[  Unable to locate <input> name SiteName in page html:

<!DOCTYPE html>
<html>
    <head>
        <title>Could not load file or assembly 'DevExpress.CodeRush.Common, Version=10.1.0.0, Culture=neutral, PublicKeyToken=35c9f04b7764aa3d' or one of its dependencies. The system cannot find the file specified.</title>
        <meta name="viewport" content="width=device-width" />
        <style>
         body {font-family:"Verdana";font-weight:normal;font-size: .7em;color:black;} 
         p {font-family:"Verdana";font-weight:normal;color:black;margin-top: -5px}
         b {font-family:"Verdana";font-weight:bold;color:black;margin-top: -5px}
         H1 { font-family:"Verdana";font-weight:normal;font-size:18pt;color:red }
         H2 { font-family:"Verdana";font-weight:normal;font-size:14pt;color:maroon }
         pre {font-family:"Consolas","Lucida Console",Monospace;font-size:11pt;margin:0;padding:0.5em;line-height:14pt}
         .marker {font-weight: bold; color: black;text-decoration: none;}
         .version {color: gray;}
         .error {margin-bottom: 10px;}
         .expandable { text-decoration:underline; font-weight:bold; color:navy; cursor:hand; }
         @media screen and (max-width: 639px) {
          pre { width: 440px; overflow: auto; white-space: pre-wrap; word-wrap: break-word; }
         }
         @media screen and (max-width: 479px) {
          pre { width: 280px; }
         }
        </style>
    </head>

    <body bgcolor="white">

            <span><H1>Server Error in '/' Application.<hr width=100% size=1 color=silver></H1>

            <h2> <i>Could not load file or assembly 'DevExpress.CodeRush.Common, Version=10.1.0.0, Culture=neutral, PublicKeyToken=35c9f04b7764aa3d' or one of its dependencies. The system cannot find the file specified.</i> </h2></span>

            <font face="Arial, Helvetica, Geneva, SunSans-Regular, sans-serif ">

            <b> Description: </b>An unhandled exception occurred during the execution of the current web request. Please review the stack trace for more information about the error and where it originated in the code.

            <br><br>

            <b> Exception Details: </b>System.IO.FileNotFoundException: Could not load file or assembly 'DevExpress.CodeRush.Common, Version=10.1.0.0, Culture=neutral, PublicKeyToken=35c9f04b7764aa3d' or one of its dependencies. The system cannot find the file specified.<br><br>

            <b>Source Error:</b> <br><br>

            <table width=100% bgcolor="#ffffcc">
               <tr>
                  <td>
                      <code>

An unhandled exception was generated during the execution of the current web request. Information regarding the origin and location of the exception can be identified using the exception stack trace below.</code>

                  </td>
               </tr>
            </table>

            <br>

            <b>Assembly Load Trace:</b> The following information can be helpful to determine why the assembly 'DevExpress.CodeRush.Common, Version=10.1.0.0, Culture=neutral, PublicKeyToken=35c9f04b7764aa3d' could not be loaded.<br><br>

            <table width=100% bgcolor="#ffffcc">
               <tr>
                  <td>
                      <code><pre>

WRN: Assembly binding logging is turned OFF.
To enable assembly bind failure logging, set the registry value [HKLM\Software\Microsoft\Fusion!EnableLog] (DWORD) to 1.
Note: There is some performance penalty associated with assembly bind failure logging.
To turn this feature off, remove the registry value [HKLM\Software\Microsoft\Fusion!EnableLog].
</pre></code>

                  </td>
               </tr>
            </table>

            <br>

            <b>Stack Trace:</b> <br><br>

            <table width=100% bgcolor="#ffffcc">
               <tr>
                  <td>
                      <code><pre>

[FileNotFoundException: Could not load file or assembly &#39;DevExpress.CodeRush.Common, Version=10.1.0.0, Culture=neutral, PublicKeyToken=35c9f04b7764aa3d&#39; or one of its dependencies. The system cannot find the file specified.]
   System.ModuleHandle.ResolveType(RuntimeModule module, Int32 typeToken, IntPtr* typeInstArgs, Int32 typeInstCount, IntPtr* methodInstArgs, Int32 methodInstCount, ObjectHandleOnStack type) +0
   System.ModuleHandle.ResolveTypeHandleInternal(RuntimeModule module, Int32 typeToken, RuntimeTypeHandle[] typeInstantiationContext, RuntimeTypeHandle[] methodInstantiationContext) +371
   System.ModuleHandle.ResolveTypeHandle(Int32 typeToken, RuntimeTypeHandle[] typeInstantiationContext, RuntimeTypeHandle[] methodInstantiationContext) +19
   System.Reflection.RuntimeModule.ResolveType(Int32 metadataToken, Type[] genericTypeArguments, Type[] genericMethodArguments) +319
   System.Reflection.CustomAttribute.FilterCustomAttributeRecord(CustomAttributeRecord caRecord, MetadataImport scope, Assembly&amp; lastAptcaOkAssembly, RuntimeModule decoratedModule, MetadataToken decoratedToken, RuntimeType attributeFilterType, Boolean mustBeInheritable, Object[] attributes, IList derivedAttributes, RuntimeType&amp; attributeType, IRuntimeMethodInfo&amp; ctor, Boolean&amp; ctorHasParameters, Boolean&amp; isVarArg) +203
   System.Reflection.CustomAttribute.GetCustomAttributes(RuntimeModule decoratedModule, Int32 decoratedMetadataToken, Int32 pcaCount, RuntimeType attributeFilterType, Boolean mustBeInheritable, IList derivedAttributes, Boolean isDecoratedTargetSecurityTransparent) +1179
   System.Reflection.CustomAttribute.GetCustomAttributes(RuntimeAssembly assembly, RuntimeType caType) +146
   Owin.Loader.DefaultLoader.SearchForStartupAttribute(String friendlyName, IList`1 errors, Boolean&amp; conflict) +180
   Owin.Loader.DefaultLoader.LoadImplementation(String startupName, IList`1 errorDetails) +184
   Microsoft.Owin.Host.SystemWeb.OwinBuilder.GetAppStartup() +138
   Microsoft.Owin.Host.SystemWeb.OwinHttpModule.InitializeBlueprint() +38
   System.Threading.LazyInitializer.EnsureInitializedCore(T&amp; target, Boolean&amp; initialized, Object&amp; syncLock, Func`1 valueFactory) +241
   Microsoft.Owin.Host.SystemWeb.OwinHttpModule.Init(HttpApplication context) +129
   System.Web.HttpApplication.InitModulesCommon() +192
   System.Web.HttpApplication.InitInternal(HttpContext context, HttpApplicationState state, MethodInfo[] handlers) +1582
   System.Web.HttpApplicationFactory.GetNormalApplicationInstance(HttpContext context) +365
   System.Web.HttpApplicationFactory.GetApplicationInstance(HttpContext context) +200
   System.Web.HttpRuntime.ProcessRequestInternal(HttpWorkerRequest wr) +591
</pre></code>

                  </td>
               </tr>
            </table>

            <br>

            <hr width=100% size=1 color=silver>

            <b>Version Information:</b>&nbsp;Microsoft .NET Framework Version:4.0.30319; ASP.NET Version:4.0.30319.34009

            </font>

    </body>
</html>
<!-- 
[FileNotFoundException]: Could not load file or assembly &#39;DevExpress.CodeRush.Common, Version=10.1.0.0, Culture=neutral, PublicKeyToken=35c9f04b7764aa3d&#39; or one of its dependencies. The system cannot find the file specified.
   at System.ModuleHandle.ResolveType(RuntimeModule module, Int32 typeToken, IntPtr* typeInstArgs, Int32 typeInstCount, IntPtr* methodInstArgs, Int32 methodInstCount, ObjectHandleOnStack type)
   at System.ModuleHandle.ResolveTypeHandleInternal(RuntimeModule module, Int32 typeToken, RuntimeTypeHandle[] typeInstantiationContext, RuntimeTypeHandle[] methodInstantiationContext)
   at System.ModuleHandle.ResolveTypeHandle(Int32 typeToken, RuntimeTypeHandle[] typeInstantiationContext, RuntimeTypeHandle[] methodInstantiationContext)
   at System.Reflection.RuntimeModule.ResolveType(Int32 metadataToken, Type[] genericTypeArguments, Type[] genericMethodArguments)
   at System.Reflection.CustomAttribute.FilterCustomAttributeRecord(CustomAttributeRecord caRecord, MetadataImport scope, Assembly& lastAptcaOkAssembly, RuntimeModule decoratedModule, MetadataToken decoratedToken, RuntimeType attributeFilterType, Boolean mustBeInheritable, Object[] attributes, IList derivedAttributes, RuntimeType& attributeType, IRuntimeMethodInfo& ctor, Boolean& ctorHasParameters, Boolean& isVarArg)
   at System.Reflection.CustomAttribute.GetCustomAttributes(RuntimeModule decoratedModule, Int32 decoratedMetadataToken, Int32 pcaCount, RuntimeType attributeFilterType, Boolean mustBeInheritable, IList derivedAttributes, Boolean isDecoratedTargetSecurityTransparent)
   at System.Reflection.CustomAttribute.GetCustomAttributes(RuntimeAssembly assembly, RuntimeType caType)
   at Owin.Loader.DefaultLoader.SearchForStartupAttribute(String friendlyName, IList`1 errors, Boolean& conflict)
   at Owin.Loader.DefaultLoader.LoadImplementation(String startupName, IList`1 errorDetails)
   at Microsoft.Owin.Host.SystemWeb.OwinBuilder.GetAppStartup()
   at Microsoft.Owin.Host.SystemWeb.OwinHttpModule.InitializeBlueprint()
   at System.Threading.LazyInitializer.EnsureInitializedCore[T](T& target, Boolean& initialized, Object& syncLock, Func`1 valueFactory)
   at Microsoft.Owin.Host.SystemWeb.OwinHttpModule.Init(HttpApplication context)
   at System.Web.HttpApplication.InitModulesCommon()
   at System.Web.HttpApplication.InitInternal(HttpContext context, HttpApplicationState state, MethodInfo[] handlers)
   at System.Web.HttpApplicationFactory.GetNormalApplicationInstance(HttpContext context)
   at System.Web.HttpApplicationFactory.GetApplicationInstance(HttpContext context)
   at System.Web.HttpRuntime.ProcessRequestInternal(HttpWorkerRequest wr)
-->
  Expected: not null
  But was:  null
]]></message>
                      <stack-trace><![CDATA[at Orchard.Specs.Bindings.WebAppHosting.WhenIFillIn(Table table) in e:\expedit\projects\nkd\src\main\NKD.Orchard\src\Orchard.Specs\Bindings\WebAppHosting.cs:line 254
at Orchard.Specs.Bindings.OrchardSiteFactory.GivenIHaveInstalledOrchard(String virtualDirectory) in e:\expedit\projects\nkd\src\main\NKD.Orchard\src\Orchard.Specs\Bindings\OrchardSiteFactory.cs:line 38
at TechTalk.SpecFlow.Bindings.BindingInvoker.InvokeBinding(IBinding binding, IContextManager contextManager, Object[] arguments, ITestTracer testTracer, TimeSpan& duration)
at TechTalk.SpecFlow.Infrastructure.TestExecutionEngine.ExecuteStepMatch(BindingMatch match, Object[] arguments)
at TechTalk.SpecFlow.Infrastructure.TestExecutionEngine.ExecuteStep(StepInstance stepInstance)
at TechTalk.SpecFlow.Infrastructure.TestExecutionEngine.OnAfterLastStep()
]]></stack-trace>
                    </failure>
                  </test-case>
                  <test-case name="Orchard.Specs.BlogFeature.InTheAdminMenuThereIsALinkToCreateABlog" description="In the admin (menu) there is a link to create a Blog" executed="True" success="False" time="34.988" asserts="1">
                    <failure>
                      <message><![CDATA[  Unable to locate <input> name SiteName in page html:

<!DOCTYPE html>
<html>
    <head>
        <title>Could not load file or assembly 'DevExpress.CodeRush.Common, Version=10.1.0.0, Culture=neutral, PublicKeyToken=35c9f04b7764aa3d' or one of its dependencies. The system cannot find the file specified.</title>
        <meta name="viewport" content="width=device-width" />
        <style>
         body {font-family:"Verdana";font-weight:normal;font-size: .7em;color:black;} 
         p {font-family:"Verdana";font-weight:normal;color:black;margin-top: -5px}
         b {font-family:"Verdana";font-weight:bold;color:black;margin-top: -5px}
         H1 { font-family:"Verdana";font-weight:normal;font-size:18pt;color:red }
         H2 { font-family:"Verdana";font-weight:normal;font-size:14pt;color:maroon }
         pre {font-family:"Consolas","Lucida Console",Monospace;font-size:11pt;margin:0;padding:0.5em;line-height:14pt}
         .marker {font-weight: bold; color: black;text-decoration: none;}
         .version {color: gray;}
         .error {margin-bottom: 10px;}
         .expandable { text-decoration:underline; font-weight:bold; color:navy; cursor:hand; }
         @media screen and (max-width: 639px) {
          pre { width: 440px; overflow: auto; white-space: pre-wrap; word-wrap: break-word; }
         }
         @media screen and (max-width: 479px) {
          pre { width: 280px; }
         }
        </style>
    </head>

    <body bgcolor="white">

            <span><H1>Server Error in '/' Application.<hr width=100% size=1 color=silver></H1>

            <h2> <i>Could not load file or assembly 'DevExpress.CodeRush.Common, Version=10.1.0.0, Culture=neutral, PublicKeyToken=35c9f04b7764aa3d' or one of its dependencies. The system cannot find the file specified.</i> </h2></span>

            <font face="Arial, Helvetica, Geneva, SunSans-Regular, sans-serif ">

            <b> Description: </b>An unhandled exception occurred during the execution of the current web request. Please review the stack trace for more information about the error and where it originated in the code.

            <br><br>

            <b> Exception Details: </b>System.IO.FileNotFoundException: Could not load file or assembly 'DevExpress.CodeRush.Common, Version=10.1.0.0, Culture=neutral, PublicKeyToken=35c9f04b7764aa3d' or one of its dependencies. The system cannot find the file specified.<br><br>

            <b>Source Error:</b> <br><br>

            <table width=100% bgcolor="#ffffcc">
               <tr>
                  <td>
                      <code>

An unhandled exception was generated during the execution of the current web request. Information regarding the origin and location of the exception can be identified using the exception stack trace below.</code>

                  </td>
               </tr>
            </table>

            <br>

            <b>Assembly Load Trace:</b> The following information can be helpful to determine why the assembly 'DevExpress.CodeRush.Common, Version=10.1.0.0, Culture=neutral, PublicKeyToken=35c9f04b7764aa3d' could not be loaded.<br><br>

            <table width=100% bgcolor="#ffffcc">
               <tr>
                  <td>
                      <code><pre>

WRN: Assembly binding logging is turned OFF.
To enable assembly bind failure logging, set the registry value [HKLM\Software\Microsoft\Fusion!EnableLog] (DWORD) to 1.
Note: There is some performance penalty associated with assembly bind failure logging.
To turn this feature off, remove the registry value [HKLM\Software\Microsoft\Fusion!EnableLog].
</pre></code>

                  </td>
               </tr>
            </table>

            <br>

            <b>Stack Trace:</b> <br><br>

            <table width=100% bgcolor="#ffffcc">
               <tr>
                  <td>
                      <code><pre>

[FileNotFoundException: Could not load file or assembly &#39;DevExpress.CodeRush.Common, Version=10.1.0.0, Culture=neutral, PublicKeyToken=35c9f04b7764aa3d&#39; or one of its dependencies. The system cannot find the file specified.]
   System.ModuleHandle.ResolveType(RuntimeModule module, Int32 typeToken, IntPtr* typeInstArgs, Int32 typeInstCount, IntPtr* methodInstArgs, Int32 methodInstCount, ObjectHandleOnStack type) +0
   System.ModuleHandle.ResolveTypeHandleInternal(RuntimeModule module, Int32 typeToken, RuntimeTypeHandle[] typeInstantiationContext, RuntimeTypeHandle[] methodInstantiationContext) +371
   System.ModuleHandle.ResolveTypeHandle(Int32 typeToken, RuntimeTypeHandle[] typeInstantiationContext, RuntimeTypeHandle[] methodInstantiationContext) +19
   System.Reflection.RuntimeModule.ResolveType(Int32 metadataToken, Type[] genericTypeArguments, Type[] genericMethodArguments) +319
   System.Reflection.CustomAttribute.FilterCustomAttributeRecord(CustomAttributeRecord caRecord, MetadataImport scope, Assembly&amp; lastAptcaOkAssembly, RuntimeModule decoratedModule, MetadataToken decoratedToken, RuntimeType attributeFilterType, Boolean mustBeInheritable, Object[] attributes, IList derivedAttributes, RuntimeType&amp; attributeType, IRuntimeMethodInfo&amp; ctor, Boolean&amp; ctorHasParameters, Boolean&amp; isVarArg) +203
   System.Reflection.CustomAttribute.GetCustomAttributes(RuntimeModule decoratedModule, Int32 decoratedMetadataToken, Int32 pcaCount, RuntimeType attributeFilterType, Boolean mustBeInheritable, IList derivedAttributes, Boolean isDecoratedTargetSecurityTransparent) +1179
   System.Reflection.CustomAttribute.GetCustomAttributes(RuntimeAssembly assembly, RuntimeType caType) +146
   Owin.Loader.DefaultLoader.SearchForStartupAttribute(String friendlyName, IList`1 errors, Boolean&amp; conflict) +180
   Owin.Loader.DefaultLoader.LoadImplementation(String startupName, IList`1 errorDetails) +184
   Microsoft.Owin.Host.SystemWeb.OwinBuilder.GetAppStartup() +138
   Microsoft.Owin.Host.SystemWeb.OwinHttpModule.InitializeBlueprint() +38
   System.Threading.LazyInitializer.EnsureInitializedCore(T&amp; target, Boolean&amp; initialized, Object&amp; syncLock, Func`1 valueFactory) +241
   Microsoft.Owin.Host.SystemWeb.OwinHttpModule.Init(HttpApplication context) +129
   System.Web.HttpApplication.InitModulesCommon() +192
   System.Web.HttpApplication.InitInternal(HttpContext context, HttpApplicationState state, MethodInfo[] handlers) +1582
   System.Web.HttpApplicationFactory.GetNormalApplicationInstance(HttpContext context) +365
   System.Web.HttpApplicationFactory.GetApplicationInstance(HttpContext context) +200
   System.Web.HttpRuntime.ProcessRequestInternal(HttpWorkerRequest wr) +591
</pre></code>

                  </td>
               </tr>
            </table>

            <br>

            <hr width=100% size=1 color=silver>

            <b>Version Information:</b>&nbsp;Microsoft .NET Framework Version:4.0.30319; ASP.NET Version:4.0.30319.34009

            </font>

    </body>
</html>
<!-- 
[FileNotFoundException]: Could not load file or assembly &#39;DevExpress.CodeRush.Common, Version=10.1.0.0, Culture=neutral, PublicKeyToken=35c9f04b7764aa3d&#39; or one of its dependencies. The system cannot find the file specified.
   at System.ModuleHandle.ResolveType(RuntimeModule module, Int32 typeToken, IntPtr* typeInstArgs, Int32 typeInstCount, IntPtr* methodInstArgs, Int32 methodInstCount, ObjectHandleOnStack type)
   at System.ModuleHandle.ResolveTypeHandleInternal(RuntimeModule module, Int32 typeToken, RuntimeTypeHandle[] typeInstantiationContext, RuntimeTypeHandle[] methodInstantiationContext)
   at System.ModuleHandle.ResolveTypeHandle(Int32 typeToken, RuntimeTypeHandle[] typeInstantiationContext, RuntimeTypeHandle[] methodInstantiationContext)
   at System.Reflection.RuntimeModule.ResolveType(Int32 metadataToken, Type[] genericTypeArguments, Type[] genericMethodArguments)
   at System.Reflection.CustomAttribute.FilterCustomAttributeRecord(CustomAttributeRecord caRecord, MetadataImport scope, Assembly& lastAptcaOkAssembly, RuntimeModule decoratedModule, MetadataToken decoratedToken, RuntimeType attributeFilterType, Boolean mustBeInheritable, Object[] attributes, IList derivedAttributes, RuntimeType& attributeType, IRuntimeMethodInfo& ctor, Boolean& ctorHasParameters, Boolean& isVarArg)
   at System.Reflection.CustomAttribute.GetCustomAttributes(RuntimeModule decoratedModule, Int32 decoratedMetadataToken, Int32 pcaCount, RuntimeType attributeFilterType, Boolean mustBeInheritable, IList derivedAttributes, Boolean isDecoratedTargetSecurityTransparent)
   at System.Reflection.CustomAttribute.GetCustomAttributes(RuntimeAssembly assembly, RuntimeType caType)
   at Owin.Loader.DefaultLoader.SearchForStartupAttribute(String friendlyName, IList`1 errors, Boolean& conflict)
   at Owin.Loader.DefaultLoader.LoadImplementation(String startupName, IList`1 errorDetails)
   at Microsoft.Owin.Host.SystemWeb.OwinBuilder.GetAppStartup()
   at Microsoft.Owin.Host.SystemWeb.OwinHttpModule.InitializeBlueprint()
   at System.Threading.LazyInitializer.EnsureInitializedCore[T](T& target, Boolean& initialized, Object& syncLock, Func`1 valueFactory)
   at Microsoft.Owin.Host.SystemWeb.OwinHttpModule.Init(HttpApplication context)
   at System.Web.HttpApplication.InitModulesCommon()
   at System.Web.HttpApplication.InitInternal(HttpContext context, HttpApplicationState state, MethodInfo[] handlers)
   at System.Web.HttpApplicationFactory.GetNormalApplicationInstance(HttpContext context)
   at System.Web.HttpApplicationFactory.GetApplicationInstance(HttpContext context)
   at System.Web.HttpRuntime.ProcessRequestInternal(HttpWorkerRequest wr)
-->
  Expected: not null
  But was:  null
]]></message>
                      <stack-trace><![CDATA[at Orchard.Specs.Bindings.WebAppHosting.WhenIFillIn(Table table) in e:\expedit\projects\nkd\src\main\NKD.Orchard\src\Orchard.Specs\Bindings\WebAppHosting.cs:line 254
at Orchard.Specs.Bindings.OrchardSiteFactory.GivenIHaveInstalledOrchard(String virtualDirectory) in e:\expedit\projects\nkd\src\main\NKD.Orchard\src\Orchard.Specs\Bindings\OrchardSiteFactory.cs:line 38
at TechTalk.SpecFlow.Bindings.BindingInvoker.InvokeBinding(IBinding binding, IContextManager contextManager, Object[] arguments, ITestTracer testTracer, TimeSpan& duration)
at TechTalk.SpecFlow.Infrastructure.TestExecutionEngine.ExecuteStepMatch(BindingMatch match, Object[] arguments)
at TechTalk.SpecFlow.Infrastructure.TestExecutionEngine.ExecuteStep(StepInstance stepInstance)
at TechTalk.SpecFlow.Infrastructure.TestExecutionEngine.OnAfterLastStep()
]]></stack-trace>
                    </failure>
                  </test-case>
                  <test-case name="Orchard.Specs.BlogFeature.ISetMyBlogToBeTheContentForTheHomePageAndThePostsForTheBlogBeRootedToTheApp" description="I set my blog to be the content for the home page and the posts for the blog be rooted to the app" executed="True" success="False" time="35.732" asserts="1">
                    <failure>
                      <message><![CDATA[  Unable to locate <input> name SiteName in page html:

<!DOCTYPE html>
<html>
    <head>
        <title>Could not load file or assembly 'DevExpress.CodeRush.Common, Version=10.1.0.0, Culture=neutral, PublicKeyToken=35c9f04b7764aa3d' or one of its dependencies. The system cannot find the file specified.</title>
        <meta name="viewport" content="width=device-width" />
        <style>
         body {font-family:"Verdana";font-weight:normal;font-size: .7em;color:black;} 
         p {font-family:"Verdana";font-weight:normal;color:black;margin-top: -5px}
         b {font-family:"Verdana";font-weight:bold;color:black;margin-top: -5px}
         H1 { font-family:"Verdana";font-weight:normal;font-size:18pt;color:red }
         H2 { font-family:"Verdana";font-weight:normal;font-size:14pt;color:maroon }
         pre {font-family:"Consolas","Lucida Console",Monospace;font-size:11pt;margin:0;padding:0.5em;line-height:14pt}
         .marker {font-weight: bold; color: black;text-decoration: none;}
         .version {color: gray;}
         .error {margin-bottom: 10px;}
         .expandable { text-decoration:underline; font-weight:bold; color:navy; cursor:hand; }
         @media screen and (max-width: 639px) {
          pre { width: 440px; overflow: auto; white-space: pre-wrap; word-wrap: break-word; }
         }
         @media screen and (max-width: 479px) {
          pre { width: 280px; }
         }
        </style>
    </head>

    <body bgcolor="white">

            <span><H1>Server Error in '/' Application.<hr width=100% size=1 color=silver></H1>

            <h2> <i>Could not load file or assembly 'DevExpress.CodeRush.Common, Version=10.1.0.0, Culture=neutral, PublicKeyToken=35c9f04b7764aa3d' or one of its dependencies. The system cannot find the file specified.</i> </h2></span>

            <font face="Arial, Helvetica, Geneva, SunSans-Regular, sans-serif ">

            <b> Description: </b>An unhandled exception occurred during the execution of the current web request. Please review the stack trace for more information about the error and where it originated in the code.

            <br><br>

            <b> Exception Details: </b>System.IO.FileNotFoundException: Could not load file or assembly 'DevExpress.CodeRush.Common, Version=10.1.0.0, Culture=neutral, PublicKeyToken=35c9f04b7764aa3d' or one of its dependencies. The system cannot find the file specified.<br><br>

            <b>Source Error:</b> <br><br>

            <table width=100% bgcolor="#ffffcc">
               <tr>
                  <td>
                      <code>

An unhandled exception was generated during the execution of the current web request. Information regarding the origin and location of the exception can be identified using the exception stack trace below.</code>

                  </td>
               </tr>
            </table>

            <br>

            <b>Assembly Load Trace:</b> The following information can be helpful to determine why the assembly 'DevExpress.CodeRush.Common, Version=10.1.0.0, Culture=neutral, PublicKeyToken=35c9f04b7764aa3d' could not be loaded.<br><br>

            <table width=100% bgcolor="#ffffcc">
               <tr>
                  <td>
                      <code><pre>

WRN: Assembly binding logging is turned OFF.
To enable assembly bind failure logging, set the registry value [HKLM\Software\Microsoft\Fusion!EnableLog] (DWORD) to 1.
Note: There is some performance penalty associated with assembly bind failure logging.
To turn this feature off, remove the registry value [HKLM\Software\Microsoft\Fusion!EnableLog].
</pre></code>

                  </td>
               </tr>
            </table>

            <br>

            <b>Stack Trace:</b> <br><br>

            <table width=100% bgcolor="#ffffcc">
               <tr>
                  <td>
                      <code><pre>

[FileNotFoundException: Could not load file or assembly &#39;DevExpress.CodeRush.Common, Version=10.1.0.0, Culture=neutral, PublicKeyToken=35c9f04b7764aa3d&#39; or one of its dependencies. The system cannot find the file specified.]
   System.ModuleHandle.ResolveType(RuntimeModule module, Int32 typeToken, IntPtr* typeInstArgs, Int32 typeInstCount, IntPtr* methodInstArgs, Int32 methodInstCount, ObjectHandleOnStack type) +0
   System.ModuleHandle.ResolveTypeHandleInternal(RuntimeModule module, Int32 typeToken, RuntimeTypeHandle[] typeInstantiationContext, RuntimeTypeHandle[] methodInstantiationContext) +371
   System.ModuleHandle.ResolveTypeHandle(Int32 typeToken, RuntimeTypeHandle[] typeInstantiationContext, RuntimeTypeHandle[] methodInstantiationContext) +19
   System.Reflection.RuntimeModule.ResolveType(Int32 metadataToken, Type[] genericTypeArguments, Type[] genericMethodArguments) +319
   System.Reflection.CustomAttribute.FilterCustomAttributeRecord(CustomAttributeRecord caRecord, MetadataImport scope, Assembly&amp; lastAptcaOkAssembly, RuntimeModule decoratedModule, MetadataToken decoratedToken, RuntimeType attributeFilterType, Boolean mustBeInheritable, Object[] attributes, IList derivedAttributes, RuntimeType&amp; attributeType, IRuntimeMethodInfo&amp; ctor, Boolean&amp; ctorHasParameters, Boolean&amp; isVarArg) +203
   System.Reflection.CustomAttribute.GetCustomAttributes(RuntimeModule decoratedModule, Int32 decoratedMetadataToken, Int32 pcaCount, RuntimeType attributeFilterType, Boolean mustBeInheritable, IList derivedAttributes, Boolean isDecoratedTargetSecurityTransparent) +1179
   System.Reflection.CustomAttribute.GetCustomAttributes(RuntimeAssembly assembly, RuntimeType caType) +146
   Owin.Loader.DefaultLoader.SearchForStartupAttribute(String friendlyName, IList`1 errors, Boolean&amp; conflict) +180
   Owin.Loader.DefaultLoader.LoadImplementation(String startupName, IList`1 errorDetails) +184
   Microsoft.Owin.Host.SystemWeb.OwinBuilder.GetAppStartup() +138
   Microsoft.Owin.Host.SystemWeb.OwinHttpModule.InitializeBlueprint() +38
   System.Threading.LazyInitializer.EnsureInitializedCore(T&amp; target, Boolean&amp; initialized, Object&amp; syncLock, Func`1 valueFactory) +241
   Microsoft.Owin.Host.SystemWeb.OwinHttpModule.Init(HttpApplication context) +129
   System.Web.HttpApplication.InitModulesCommon() +192
   System.Web.HttpApplication.InitInternal(HttpContext context, HttpApplicationState state, MethodInfo[] handlers) +1582
   System.Web.HttpApplicationFactory.GetNormalApplicationInstance(HttpContext context) +365
   System.Web.HttpApplicationFactory.GetApplicationInstance(HttpContext context) +200
   System.Web.HttpRuntime.ProcessRequestInternal(HttpWorkerRequest wr) +591
</pre></code>

                  </td>
               </tr>
            </table>

            <br>

            <hr width=100% size=1 color=silver>

            <b>Version Information:</b>&nbsp;Microsoft .NET Framework Version:4.0.30319; ASP.NET Version:4.0.30319.34009

            </font>

    </body>
</html>
<!-- 
[FileNotFoundException]: Could not load file or assembly &#39;DevExpress.CodeRush.Common, Version=10.1.0.0, Culture=neutral, PublicKeyToken=35c9f04b7764aa3d&#39; or one of its dependencies. The system cannot find the file specified.
   at System.ModuleHandle.ResolveType(RuntimeModule module, Int32 typeToken, IntPtr* typeInstArgs, Int32 typeInstCount, IntPtr* methodInstArgs, Int32 methodInstCount, ObjectHandleOnStack type)
   at System.ModuleHandle.ResolveTypeHandleInternal(RuntimeModule module, Int32 typeToken, RuntimeTypeHandle[] typeInstantiationContext, RuntimeTypeHandle[] methodInstantiationContext)
   at System.ModuleHandle.ResolveTypeHandle(Int32 typeToken, RuntimeTypeHandle[] typeInstantiationContext, RuntimeTypeHandle[] methodInstantiationContext)
   at System.Reflection.RuntimeModule.ResolveType(Int32 metadataToken, Type[] genericTypeArguments, Type[] genericMethodArguments)
   at System.Reflection.CustomAttribute.FilterCustomAttributeRecord(CustomAttributeRecord caRecord, MetadataImport scope, Assembly& lastAptcaOkAssembly, RuntimeModule decoratedModule, MetadataToken decoratedToken, RuntimeType attributeFilterType, Boolean mustBeInheritable, Object[] attributes, IList derivedAttributes, RuntimeType& attributeType, IRuntimeMethodInfo& ctor, Boolean& ctorHasParameters, Boolean& isVarArg)
   at System.Reflection.CustomAttribute.GetCustomAttributes(RuntimeModule decoratedModule, Int32 decoratedMetadataToken, Int32 pcaCount, RuntimeType attributeFilterType, Boolean mustBeInheritable, IList derivedAttributes, Boolean isDecoratedTargetSecurityTransparent)
   at System.Reflection.CustomAttribute.GetCustomAttributes(RuntimeAssembly assembly, RuntimeType caType)
   at Owin.Loader.DefaultLoader.SearchForStartupAttribute(String friendlyName, IList`1 errors, Boolean& conflict)
   at Owin.Loader.DefaultLoader.LoadImplementation(String startupName, IList`1 errorDetails)
   at Microsoft.Owin.Host.SystemWeb.OwinBuilder.GetAppStartup()
   at Microsoft.Owin.Host.SystemWeb.OwinHttpModule.InitializeBlueprint()
   at System.Threading.LazyInitializer.EnsureInitializedCore[T](T& target, Boolean& initialized, Object& syncLock, Func`1 valueFactory)
   at Microsoft.Owin.Host.SystemWeb.OwinHttpModule.Init(HttpApplication context)
   at System.Web.HttpApplication.InitModulesCommon()
   at System.Web.HttpApplication.InitInternal(HttpContext context, HttpApplicationState state, MethodInfo[] handlers)
   at System.Web.HttpApplicationFactory.GetNormalApplicationInstance(HttpContext context)
   at System.Web.HttpApplicationFactory.GetApplicationInstance(HttpContext context)
   at System.Web.HttpRuntime.ProcessRequestInternal(HttpWorkerRequest wr)
-->
  Expected: not null
  But was:  null
]]></message>
                      <stack-trace><![CDATA[at Orchard.Specs.Bindings.WebAppHosting.WhenIFillIn(Table table) in e:\expedit\projects\nkd\src\main\NKD.Orchard\src\Orchard.Specs\Bindings\WebAppHosting.cs:line 254
at Orchard.Specs.Bindings.OrchardSiteFactory.GivenIHaveInstalledOrchard(String virtualDirectory) in e:\expedit\projects\nkd\src\main\NKD.Orchard\src\Orchard.Specs\Bindings\OrchardSiteFactory.cs:line 38
at TechTalk.SpecFlow.Bindings.BindingInvoker.InvokeBinding(IBinding binding, IContextManager contextManager, Object[] arguments, ITestTracer testTracer, TimeSpan& duration)
at TechTalk.SpecFlow.Infrastructure.TestExecutionEngine.ExecuteStepMatch(BindingMatch match, Object[] arguments)
at TechTalk.SpecFlow.Infrastructure.TestExecutionEngine.ExecuteStep(StepInstance stepInstance)
at TechTalk.SpecFlow.Infrastructure.TestExecutionEngine.OnAfterLastStep()
]]></stack-trace>
                    </failure>
                  </test-case>
                  <test-case name="Orchard.Specs.BlogFeature.TheVirtualPathOfMyInstallationWhenAtTheRootIsReflectedInTheURLExampleForTheSlugFieldWhenCreatingABlogOrBlogPost" description="The virtual path of my installation when at the root is reflected in the URL example for the slug field when creating a blog or blog post" executed="True" success="False" time="35.979" asserts="1">
                    <failure>
                      <message><![CDATA[  Unable to locate <input> name SiteName in page html:

<!DOCTYPE html>
<html>
    <head>
        <title>Could not load file or assembly 'DevExpress.CodeRush.Common, Version=10.1.0.0, Culture=neutral, PublicKeyToken=35c9f04b7764aa3d' or one of its dependencies. The system cannot find the file specified.</title>
        <meta name="viewport" content="width=device-width" />
        <style>
         body {font-family:"Verdana";font-weight:normal;font-size: .7em;color:black;} 
         p {font-family:"Verdana";font-weight:normal;color:black;margin-top: -5px}
         b {font-family:"Verdana";font-weight:bold;color:black;margin-top: -5px}
         H1 { font-family:"Verdana";font-weight:normal;font-size:18pt;color:red }
         H2 { font-family:"Verdana";font-weight:normal;font-size:14pt;color:maroon }
         pre {font-family:"Consolas","Lucida Console",Monospace;font-size:11pt;margin:0;padding:0.5em;line-height:14pt}
         .marker {font-weight: bold; color: black;text-decoration: none;}
         .version {color: gray;}
         .error {margin-bottom: 10px;}
         .expandable { text-decoration:underline; font-weight:bold; color:navy; cursor:hand; }
         @media screen and (max-width: 639px) {
          pre { width: 440px; overflow: auto; white-space: pre-wrap; word-wrap: break-word; }
         }
         @media screen and (max-width: 479px) {
          pre { width: 280px; }
         }
        </style>
    </head>

    <body bgcolor="white">

            <span><H1>Server Error in '/' Application.<hr width=100% size=1 color=silver></H1>

            <h2> <i>Could not load file or assembly 'DevExpress.CodeRush.Common, Version=10.1.0.0, Culture=neutral, PublicKeyToken=35c9f04b7764aa3d' or one of its dependencies. The system cannot find the file specified.</i> </h2></span>

            <font face="Arial, Helvetica, Geneva, SunSans-Regular, sans-serif ">

            <b> Description: </b>An unhandled exception occurred during the execution of the current web request. Please review the stack trace for more information about the error and where it originated in the code.

            <br><br>

            <b> Exception Details: </b>System.IO.FileNotFoundException: Could not load file or assembly 'DevExpress.CodeRush.Common, Version=10.1.0.0, Culture=neutral, PublicKeyToken=35c9f04b7764aa3d' or one of its dependencies. The system cannot find the file specified.<br><br>

            <b>Source Error:</b> <br><br>

            <table width=100% bgcolor="#ffffcc">
               <tr>
                  <td>
                      <code>

An unhandled exception was generated during the execution of the current web request. Information regarding the origin and location of the exception can be identified using the exception stack trace below.</code>

                  </td>
               </tr>
            </table>

            <br>

            <b>Assembly Load Trace:</b> The following information can be helpful to determine why the assembly 'DevExpress.CodeRush.Common, Version=10.1.0.0, Culture=neutral, PublicKeyToken=35c9f04b7764aa3d' could not be loaded.<br><br>

            <table width=100% bgcolor="#ffffcc">
               <tr>
                  <td>
                      <code><pre>

WRN: Assembly binding logging is turned OFF.
To enable assembly bind failure logging, set the registry value [HKLM\Software\Microsoft\Fusion!EnableLog] (DWORD) to 1.
Note: There is some performance penalty associated with assembly bind failure logging.
To turn this feature off, remove the registry value [HKLM\Software\Microsoft\Fusion!EnableLog].
</pre></code>

                  </td>
               </tr>
            </table>

            <br>

            <b>Stack Trace:</b> <br><br>

            <table width=100% bgcolor="#ffffcc">
               <tr>
                  <td>
                      <code><pre>

[FileNotFoundException: Could not load file or assembly &#39;DevExpress.CodeRush.Common, Version=10.1.0.0, Culture=neutral, PublicKeyToken=35c9f04b7764aa3d&#39; or one of its dependencies. The system cannot find the file specified.]
   System.ModuleHandle.ResolveType(RuntimeModule module, Int32 typeToken, IntPtr* typeInstArgs, Int32 typeInstCount, IntPtr* methodInstArgs, Int32 methodInstCount, ObjectHandleOnStack type) +0
   System.ModuleHandle.ResolveTypeHandleInternal(RuntimeModule module, Int32 typeToken, RuntimeTypeHandle[] typeInstantiationContext, RuntimeTypeHandle[] methodInstantiationContext) +371
   System.ModuleHandle.ResolveTypeHandle(Int32 typeToken, RuntimeTypeHandle[] typeInstantiationContext, RuntimeTypeHandle[] methodInstantiationContext) +19
   System.Reflection.RuntimeModule.ResolveType(Int32 metadataToken, Type[] genericTypeArguments, Type[] genericMethodArguments) +319
   System.Reflection.CustomAttribute.FilterCustomAttributeRecord(CustomAttributeRecord caRecord, MetadataImport scope, Assembly&amp; lastAptcaOkAssembly, RuntimeModule decoratedModule, MetadataToken decoratedToken, RuntimeType attributeFilterType, Boolean mustBeInheritable, Object[] attributes, IList derivedAttributes, RuntimeType&amp; attributeType, IRuntimeMethodInfo&amp; ctor, Boolean&amp; ctorHasParameters, Boolean&amp; isVarArg) +203
   System.Reflection.CustomAttribute.GetCustomAttributes(RuntimeModule decoratedModule, Int32 decoratedMetadataToken, Int32 pcaCount, RuntimeType attributeFilterType, Boolean mustBeInheritable, IList derivedAttributes, Boolean isDecoratedTargetSecurityTransparent) +1179
   System.Reflection.CustomAttribute.GetCustomAttributes(RuntimeAssembly assembly, RuntimeType caType) +146
   Owin.Loader.DefaultLoader.SearchForStartupAttribute(String friendlyName, IList`1 errors, Boolean&amp; conflict) +180
   Owin.Loader.DefaultLoader.LoadImplementation(String startupName, IList`1 errorDetails) +184
   Microsoft.Owin.Host.SystemWeb.OwinBuilder.GetAppStartup() +138
   Microsoft.Owin.Host.SystemWeb.OwinHttpModule.InitializeBlueprint() +38
   System.Threading.LazyInitializer.EnsureInitializedCore(T&amp; target, Boolean&amp; initialized, Object&amp; syncLock, Func`1 valueFactory) +241
   Microsoft.Owin.Host.SystemWeb.OwinHttpModule.Init(HttpApplication context) +129
   System.Web.HttpApplication.InitModulesCommon() +192
   System.Web.HttpApplication.InitInternal(HttpContext context, HttpApplicationState state, MethodInfo[] handlers) +1582
   System.Web.HttpApplicationFactory.GetNormalApplicationInstance(HttpContext context) +365
   System.Web.HttpApplicationFactory.GetApplicationInstance(HttpContext context) +200
   System.Web.HttpRuntime.ProcessRequestInternal(HttpWorkerRequest wr) +591
</pre></code>

                  </td>
               </tr>
            </table>

            <br>

            <hr width=100% size=1 color=silver>

            <b>Version Information:</b>&nbsp;Microsoft .NET Framework Version:4.0.30319; ASP.NET Version:4.0.30319.34009

            </font>

    </body>
</html>
<!-- 
[FileNotFoundException]: Could not load file or assembly &#39;DevExpress.CodeRush.Common, Version=10.1.0.0, Culture=neutral, PublicKeyToken=35c9f04b7764aa3d&#39; or one of its dependencies. The system cannot find the file specified.
   at System.ModuleHandle.ResolveType(RuntimeModule module, Int32 typeToken, IntPtr* typeInstArgs, Int32 typeInstCount, IntPtr* methodInstArgs, Int32 methodInstCount, ObjectHandleOnStack type)
   at System.ModuleHandle.ResolveTypeHandleInternal(RuntimeModule module, Int32 typeToken, RuntimeTypeHandle[] typeInstantiationContext, RuntimeTypeHandle[] methodInstantiationContext)
   at System.ModuleHandle.ResolveTypeHandle(Int32 typeToken, RuntimeTypeHandle[] typeInstantiationContext, RuntimeTypeHandle[] methodInstantiationContext)
   at System.Reflection.RuntimeModule.ResolveType(Int32 metadataToken, Type[] genericTypeArguments, Type[] genericMethodArguments)
   at System.Reflection.CustomAttribute.FilterCustomAttributeRecord(CustomAttributeRecord caRecord, MetadataImport scope, Assembly& lastAptcaOkAssembly, RuntimeModule decoratedModule, MetadataToken decoratedToken, RuntimeType attributeFilterType, Boolean mustBeInheritable, Object[] attributes, IList derivedAttributes, RuntimeType& attributeType, IRuntimeMethodInfo& ctor, Boolean& ctorHasParameters, Boolean& isVarArg)
   at System.Reflection.CustomAttribute.GetCustomAttributes(RuntimeModule decoratedModule, Int32 decoratedMetadataToken, Int32 pcaCount, RuntimeType attributeFilterType, Boolean mustBeInheritable, IList derivedAttributes, Boolean isDecoratedTargetSecurityTransparent)
   at System.Reflection.CustomAttribute.GetCustomAttributes(RuntimeAssembly assembly, RuntimeType caType)
   at Owin.Loader.DefaultLoader.SearchForStartupAttribute(String friendlyName, IList`1 errors, Boolean& conflict)
   at Owin.Loader.DefaultLoader.LoadImplementation(String startupName, IList`1 errorDetails)
   at Microsoft.Owin.Host.SystemWeb.OwinBuilder.GetAppStartup()
   at Microsoft.Owin.Host.SystemWeb.OwinHttpModule.InitializeBlueprint()
   at System.Threading.LazyInitializer.EnsureInitializedCore[T](T& target, Boolean& initialized, Object& syncLock, Func`1 valueFactory)
   at Microsoft.Owin.Host.SystemWeb.OwinHttpModule.Init(HttpApplication context)
   at System.Web.HttpApplication.InitModulesCommon()
   at System.Web.HttpApplication.InitInternal(HttpContext context, HttpApplicationState state, MethodInfo[] handlers)
   at System.Web.HttpApplicationFactory.GetNormalApplicationInstance(HttpContext context)
   at System.Web.HttpApplicationFactory.GetApplicationInstance(HttpContext context)
   at System.Web.HttpRuntime.ProcessRequestInternal(HttpWorkerRequest wr)
-->
  Expected: not null
  But was:  null
]]></message>
                      <stack-trace><![CDATA[at Orchard.Specs.Bindings.WebAppHosting.WhenIFillIn(Table table) in e:\expedit\projects\nkd\src\main\NKD.Orchard\src\Orchard.Specs\Bindings\WebAppHosting.cs:line 254
at Orchard.Specs.Bindings.OrchardSiteFactory.GivenIHaveInstalledOrchard(String virtualDirectory) in e:\expedit\projects\nkd\src\main\NKD.Orchard\src\Orchard.Specs\Bindings\OrchardSiteFactory.cs:line 38
at TechTalk.SpecFlow.Bindings.BindingInvoker.InvokeBinding(IBinding binding, IContextManager contextManager, Object[] arguments, ITestTracer testTracer, TimeSpan& duration)
at TechTalk.SpecFlow.Infrastructure.TestExecutionEngine.ExecuteStepMatch(BindingMatch match, Object[] arguments)
at TechTalk.SpecFlow.Infrastructure.TestExecutionEngine.ExecuteStep(StepInstance stepInstance)
at TechTalk.SpecFlow.Infrastructure.TestExecutionEngine.OnAfterLastStep()
]]></stack-trace>
                    </failure>
                  </test-case>
                  <test-case name="Orchard.Specs.BlogFeature.TheVirtualPathOfMyInstallationWhenNotAtTheRootIsReflectedInTheURLExampleForTheSlugFieldWhenCreatingABlogOrBlogPost" description="The virtual path of my installation when not at the root is reflected in the URL example for the slug field when creating a blog or blog post" executed="True" success="False" time="33.890" asserts="1">
                    <failure>
                      <message><![CDATA[  Unable to locate <input> name SiteName in page html:

<!DOCTYPE html>
<html>
    <head>
        <title>Could not load file or assembly 'DevExpress.CodeRush.Common, Version=10.1.0.0, Culture=neutral, PublicKeyToken=35c9f04b7764aa3d' or one of its dependencies. The system cannot find the file specified.</title>
        <meta name="viewport" content="width=device-width" />
        <style>
         body {font-family:"Verdana";font-weight:normal;font-size: .7em;color:black;} 
         p {font-family:"Verdana";font-weight:normal;color:black;margin-top: -5px}
         b {font-family:"Verdana";font-weight:bold;color:black;margin-top: -5px}
         H1 { font-family:"Verdana";font-weight:normal;font-size:18pt;color:red }
         H2 { font-family:"Verdana";font-weight:normal;font-size:14pt;color:maroon }
         pre {font-family:"Consolas","Lucida Console",Monospace;font-size:11pt;margin:0;padding:0.5em;line-height:14pt}
         .marker {font-weight: bold; color: black;text-decoration: none;}
         .version {color: gray;}
         .error {margin-bottom: 10px;}
         .expandable { text-decoration:underline; font-weight:bold; color:navy; cursor:hand; }
         @media screen and (max-width: 639px) {
          pre { width: 440px; overflow: auto; white-space: pre-wrap; word-wrap: break-word; }
         }
         @media screen and (max-width: 479px) {
          pre { width: 280px; }
         }
        </style>
    </head>

    <body bgcolor="white">

            <span><H1>Server Error in '/OrchardLocal' Application.<hr width=100% size=1 color=silver></H1>

            <h2> <i>Could not load file or assembly 'DevExpress.CodeRush.Common, Version=10.1.0.0, Culture=neutral, PublicKeyToken=35c9f04b7764aa3d' or one of its dependencies. The system cannot find the file specified.</i> </h2></span>

            <font face="Arial, Helvetica, Geneva, SunSans-Regular, sans-serif ">

            <b> Description: </b>An unhandled exception occurred during the execution of the current web request. Please review the stack trace for more information about the error and where it originated in the code.

            <br><br>

            <b> Exception Details: </b>System.IO.FileNotFoundException: Could not load file or assembly 'DevExpress.CodeRush.Common, Version=10.1.0.0, Culture=neutral, PublicKeyToken=35c9f04b7764aa3d' or one of its dependencies. The system cannot find the file specified.<br><br>

            <b>Source Error:</b> <br><br>

            <table width=100% bgcolor="#ffffcc">
               <tr>
                  <td>
                      <code>

An unhandled exception was generated during the execution of the current web request. Information regarding the origin and location of the exception can be identified using the exception stack trace below.</code>

                  </td>
               </tr>
            </table>

            <br>

            <b>Assembly Load Trace:</b> The following information can be helpful to determine why the assembly 'DevExpress.CodeRush.Common, Version=10.1.0.0, Culture=neutral, PublicKeyToken=35c9f04b7764aa3d' could not be loaded.<br><br>

            <table width=100% bgcolor="#ffffcc">
               <tr>
                  <td>
                      <code><pre>

WRN: Assembly binding logging is turned OFF.
To enable assembly bind failure logging, set the registry value [HKLM\Software\Microsoft\Fusion!EnableLog] (DWORD) to 1.
Note: There is some performance penalty associated with assembly bind failure logging.
To turn this feature off, remove the registry value [HKLM\Software\Microsoft\Fusion!EnableLog].
</pre></code>

                  </td>
               </tr>
            </table>

            <br>

            <b>Stack Trace:</b> <br><br>

            <table width=100% bgcolor="#ffffcc">
               <tr>
                  <td>
                      <code><pre>

[FileNotFoundException: Could not load file or assembly &#39;DevExpress.CodeRush.Common, Version=10.1.0.0, Culture=neutral, PublicKeyToken=35c9f04b7764aa3d&#39; or one of its dependencies. The system cannot find the file specified.]
   System.ModuleHandle.ResolveType(RuntimeModule module, Int32 typeToken, IntPtr* typeInstArgs, Int32 typeInstCount, IntPtr* methodInstArgs, Int32 methodInstCount, ObjectHandleOnStack type) +0
   System.ModuleHandle.ResolveTypeHandleInternal(RuntimeModule module, Int32 typeToken, RuntimeTypeHandle[] typeInstantiationContext, RuntimeTypeHandle[] methodInstantiationContext) +371
   System.ModuleHandle.ResolveTypeHandle(Int32 typeToken, RuntimeTypeHandle[] typeInstantiationContext, RuntimeTypeHandle[] methodInstantiationContext) +19
   System.Reflection.RuntimeModule.ResolveType(Int32 metadataToken, Type[] genericTypeArguments, Type[] genericMethodArguments) +319
   System.Reflection.CustomAttribute.FilterCustomAttributeRecord(CustomAttributeRecord caRecord, MetadataImport scope, Assembly&amp; lastAptcaOkAssembly, RuntimeModule decoratedModule, MetadataToken decoratedToken, RuntimeType attributeFilterType, Boolean mustBeInheritable, Object[] attributes, IList derivedAttributes, RuntimeType&amp; attributeType, IRuntimeMethodInfo&amp; ctor, Boolean&amp; ctorHasParameters, Boolean&amp; isVarArg) +203
   System.Reflection.CustomAttribute.GetCustomAttributes(RuntimeModule decoratedModule, Int32 decoratedMetadataToken, Int32 pcaCount, RuntimeType attributeFilterType, Boolean mustBeInheritable, IList derivedAttributes, Boolean isDecoratedTargetSecurityTransparent) +1179
   System.Reflection.CustomAttribute.GetCustomAttributes(RuntimeAssembly assembly, RuntimeType caType) +146
   Owin.Loader.DefaultLoader.SearchForStartupAttribute(String friendlyName, IList`1 errors, Boolean&amp; conflict) +180
   Owin.Loader.DefaultLoader.LoadImplementation(String startupName, IList`1 errorDetails) +184
   Microsoft.Owin.Host.SystemWeb.OwinBuilder.GetAppStartup() +138
   Microsoft.Owin.Host.SystemWeb.OwinHttpModule.InitializeBlueprint() +38
   System.Threading.LazyInitializer.EnsureInitializedCore(T&amp; target, Boolean&amp; initialized, Object&amp; syncLock, Func`1 valueFactory) +241
   Microsoft.Owin.Host.SystemWeb.OwinHttpModule.Init(HttpApplication context) +129
   System.Web.HttpApplication.InitModulesCommon() +192
   System.Web.HttpApplication.InitInternal(HttpContext context, HttpApplicationState state, MethodInfo[] handlers) +1582
   System.Web.HttpApplicationFactory.GetNormalApplicationInstance(HttpContext context) +365
   System.Web.HttpApplicationFactory.GetApplicationInstance(HttpContext context) +200
   System.Web.HttpRuntime.ProcessRequestInternal(HttpWorkerRequest wr) +591
</pre></code>

                  </td>
               </tr>
            </table>

            <br>

            <hr width=100% size=1 color=silver>

            <b>Version Information:</b>&nbsp;Microsoft .NET Framework Version:4.0.30319; ASP.NET Version:4.0.30319.34009

            </font>

    </body>
</html>
<!-- 
[FileNotFoundException]: Could not load file or assembly &#39;DevExpress.CodeRush.Common, Version=10.1.0.0, Culture=neutral, PublicKeyToken=35c9f04b7764aa3d&#39; or one of its dependencies. The system cannot find the file specified.
   at System.ModuleHandle.ResolveType(RuntimeModule module, Int32 typeToken, IntPtr* typeInstArgs, Int32 typeInstCount, IntPtr* methodInstArgs, Int32 methodInstCount, ObjectHandleOnStack type)
   at System.ModuleHandle.ResolveTypeHandleInternal(RuntimeModule module, Int32 typeToken, RuntimeTypeHandle[] typeInstantiationContext, RuntimeTypeHandle[] methodInstantiationContext)
   at System.ModuleHandle.ResolveTypeHandle(Int32 typeToken, RuntimeTypeHandle[] typeInstantiationContext, RuntimeTypeHandle[] methodInstantiationContext)
   at System.Reflection.RuntimeModule.ResolveType(Int32 metadataToken, Type[] genericTypeArguments, Type[] genericMethodArguments)
   at System.Reflection.CustomAttribute.FilterCustomAttributeRecord(CustomAttributeRecord caRecord, MetadataImport scope, Assembly& lastAptcaOkAssembly, RuntimeModule decoratedModule, MetadataToken decoratedToken, RuntimeType attributeFilterType, Boolean mustBeInheritable, Object[] attributes, IList derivedAttributes, RuntimeType& attributeType, IRuntimeMethodInfo& ctor, Boolean& ctorHasParameters, Boolean& isVarArg)
   at System.Reflection.CustomAttribute.GetCustomAttributes(RuntimeModule decoratedModule, Int32 decoratedMetadataToken, Int32 pcaCount, RuntimeType attributeFilterType, Boolean mustBeInheritable, IList derivedAttributes, Boolean isDecoratedTargetSecurityTransparent)
   at System.Reflection.CustomAttribute.GetCustomAttributes(RuntimeAssembly assembly, RuntimeType caType)
   at Owin.Loader.DefaultLoader.SearchForStartupAttribute(String friendlyName, IList`1 errors, Boolean& conflict)
   at Owin.Loader.DefaultLoader.LoadImplementation(String startupName, IList`1 errorDetails)
   at Microsoft.Owin.Host.SystemWeb.OwinBuilder.GetAppStartup()
   at Microsoft.Owin.Host.SystemWeb.OwinHttpModule.InitializeBlueprint()
   at System.Threading.LazyInitializer.EnsureInitializedCore[T](T& target, Boolean& initialized, Object& syncLock, Func`1 valueFactory)
   at Microsoft.Owin.Host.SystemWeb.OwinHttpModule.Init(HttpApplication context)
   at System.Web.HttpApplication.InitModulesCommon()
   at System.Web.HttpApplication.InitInternal(HttpContext context, HttpApplicationState state, MethodInfo[] handlers)
   at System.Web.HttpApplicationFactory.GetNormalApplicationInstance(HttpContext context)
   at System.Web.HttpApplicationFactory.GetApplicationInstance(HttpContext context)
   at System.Web.HttpRuntime.ProcessRequestInternal(HttpWorkerRequest wr)
-->
  Expected: not null
  But was:  null
]]></message>
                      <stack-trace><![CDATA[at Orchard.Specs.Bindings.WebAppHosting.WhenIFillIn(Table table) in e:\expedit\projects\nkd\src\main\NKD.Orchard\src\Orchard.Specs\Bindings\WebAppHosting.cs:line 254
at Orchard.Specs.Bindings.OrchardSiteFactory.GivenIHaveInstalledOrchard(String virtualDirectory) in e:\expedit\projects\nkd\src\main\NKD.Orchard\src\Orchard.Specs\Bindings\OrchardSiteFactory.cs:line 38
at TechTalk.SpecFlow.Bindings.BindingInvoker.InvokeBinding(IBinding binding, IContextManager contextManager, Object[] arguments, ITestTracer testTracer, TimeSpan& duration)
at TechTalk.SpecFlow.Infrastructure.TestExecutionEngine.ExecuteStepMatch(BindingMatch match, Object[] arguments)
at TechTalk.SpecFlow.Infrastructure.TestExecutionEngine.ExecuteStep(StepInstance stepInstance)
at TechTalk.SpecFlow.Infrastructure.TestExecutionEngine.OnAfterLastStep()
]]></stack-trace>
                    </failure>
                  </test-case>
                  <test-case name="Orchard.Specs.BlogFeature.WhenViewingABlogTheUserAgentIsGivenAnRSSFeedOfTheBlogSPosts" description="When viewing a blog the user agent is given an RSS feed of the blog's posts" executed="True" success="False" time="31.595" asserts="1">
                    <failure>
                      <message><![CDATA[  Unable to locate <input> name SiteName in page html:

<!DOCTYPE html>
<html>
    <head>
        <title>Could not load file or assembly 'DevExpress.CodeRush.Common, Version=10.1.0.0, Culture=neutral, PublicKeyToken=35c9f04b7764aa3d' or one of its dependencies. The system cannot find the file specified.</title>
        <meta name="viewport" content="width=device-width" />
        <style>
         body {font-family:"Verdana";font-weight:normal;font-size: .7em;color:black;} 
         p {font-family:"Verdana";font-weight:normal;color:black;margin-top: -5px}
         b {font-family:"Verdana";font-weight:bold;color:black;margin-top: -5px}
         H1 { font-family:"Verdana";font-weight:normal;font-size:18pt;color:red }
         H2 { font-family:"Verdana";font-weight:normal;font-size:14pt;color:maroon }
         pre {font-family:"Consolas","Lucida Console",Monospace;font-size:11pt;margin:0;padding:0.5em;line-height:14pt}
         .marker {font-weight: bold; color: black;text-decoration: none;}
         .version {color: gray;}
         .error {margin-bottom: 10px;}
         .expandable { text-decoration:underline; font-weight:bold; color:navy; cursor:hand; }
         @media screen and (max-width: 639px) {
          pre { width: 440px; overflow: auto; white-space: pre-wrap; word-wrap: break-word; }
         }
         @media screen and (max-width: 479px) {
          pre { width: 280px; }
         }
        </style>
    </head>

    <body bgcolor="white">

            <span><H1>Server Error in '/' Application.<hr width=100% size=1 color=silver></H1>

            <h2> <i>Could not load file or assembly 'DevExpress.CodeRush.Common, Version=10.1.0.0, Culture=neutral, PublicKeyToken=35c9f04b7764aa3d' or one of its dependencies. The system cannot find the file specified.</i> </h2></span>

            <font face="Arial, Helvetica, Geneva, SunSans-Regular, sans-serif ">

            <b> Description: </b>An unhandled exception occurred during the execution of the current web request. Please review the stack trace for more information about the error and where it originated in the code.

            <br><br>

            <b> Exception Details: </b>System.IO.FileNotFoundException: Could not load file or assembly 'DevExpress.CodeRush.Common, Version=10.1.0.0, Culture=neutral, PublicKeyToken=35c9f04b7764aa3d' or one of its dependencies. The system cannot find the file specified.<br><br>

            <b>Source Error:</b> <br><br>

            <table width=100% bgcolor="#ffffcc">
               <tr>
                  <td>
                      <code>

An unhandled exception was generated during the execution of the current web request. Information regarding the origin and location of the exception can be identified using the exception stack trace below.</code>

                  </td>
               </tr>
            </table>

            <br>

            <b>Assembly Load Trace:</b> The following information can be helpful to determine why the assembly 'DevExpress.CodeRush.Common, Version=10.1.0.0, Culture=neutral, PublicKeyToken=35c9f04b7764aa3d' could not be loaded.<br><br>

            <table width=100% bgcolor="#ffffcc">
               <tr>
                  <td>
                      <code><pre>

WRN: Assembly binding logging is turned OFF.
To enable assembly bind failure logging, set the registry value [HKLM\Software\Microsoft\Fusion!EnableLog] (DWORD) to 1.
Note: There is some performance penalty associated with assembly bind failure logging.
To turn this feature off, remove the registry value [HKLM\Software\Microsoft\Fusion!EnableLog].
</pre></code>

                  </td>
               </tr>
            </table>

            <br>

            <b>Stack Trace:</b> <br><br>

            <table width=100% bgcolor="#ffffcc">
               <tr>
                  <td>
                      <code><pre>

[FileNotFoundException: Could not load file or assembly &#39;DevExpress.CodeRush.Common, Version=10.1.0.0, Culture=neutral, PublicKeyToken=35c9f04b7764aa3d&#39; or one of its dependencies. The system cannot find the file specified.]
   System.ModuleHandle.ResolveType(RuntimeModule module, Int32 typeToken, IntPtr* typeInstArgs, Int32 typeInstCount, IntPtr* methodInstArgs, Int32 methodInstCount, ObjectHandleOnStack type) +0
   System.ModuleHandle.ResolveTypeHandleInternal(RuntimeModule module, Int32 typeToken, RuntimeTypeHandle[] typeInstantiationContext, RuntimeTypeHandle[] methodInstantiationContext) +371
   System.ModuleHandle.ResolveTypeHandle(Int32 typeToken, RuntimeTypeHandle[] typeInstantiationContext, RuntimeTypeHandle[] methodInstantiationContext) +19
   System.Reflection.RuntimeModule.ResolveType(Int32 metadataToken, Type[] genericTypeArguments, Type[] genericMethodArguments) +319
   System.Reflection.CustomAttribute.FilterCustomAttributeRecord(CustomAttributeRecord caRecord, MetadataImport scope, Assembly&amp; lastAptcaOkAssembly, RuntimeModule decoratedModule, MetadataToken decoratedToken, RuntimeType attributeFilterType, Boolean mustBeInheritable, Object[] attributes, IList derivedAttributes, RuntimeType&amp; attributeType, IRuntimeMethodInfo&amp; ctor, Boolean&amp; ctorHasParameters, Boolean&amp; isVarArg) +203
   System.Reflection.CustomAttribute.GetCustomAttributes(RuntimeModule decoratedModule, Int32 decoratedMetadataToken, Int32 pcaCount, RuntimeType attributeFilterType, Boolean mustBeInheritable, IList derivedAttributes, Boolean isDecoratedTargetSecurityTransparent) +1179
   System.Reflection.CustomAttribute.GetCustomAttributes(RuntimeAssembly assembly, RuntimeType caType) +146
   Owin.Loader.DefaultLoader.SearchForStartupAttribute(String friendlyName, IList`1 errors, Boolean&amp; conflict) +180
   Owin.Loader.DefaultLoader.LoadImplementation(String startupName, IList`1 errorDetails) +184
   Microsoft.Owin.Host.SystemWeb.OwinBuilder.GetAppStartup() +138
   Microsoft.Owin.Host.SystemWeb.OwinHttpModule.InitializeBlueprint() +38
   System.Threading.LazyInitializer.EnsureInitializedCore(T&amp; target, Boolean&amp; initialized, Object&amp; syncLock, Func`1 valueFactory) +241
   Microsoft.Owin.Host.SystemWeb.OwinHttpModule.Init(HttpApplication context) +129
   System.Web.HttpApplication.InitModulesCommon() +192
   System.Web.HttpApplication.InitInternal(HttpContext context, HttpApplicationState state, MethodInfo[] handlers) +1582
   System.Web.HttpApplicationFactory.GetNormalApplicationInstance(HttpContext context) +365
   System.Web.HttpApplicationFactory.GetApplicationInstance(HttpContext context) +200
   System.Web.HttpRuntime.ProcessRequestInternal(HttpWorkerRequest wr) +591
</pre></code>

                  </td>
               </tr>
            </table>

            <br>

            <hr width=100% size=1 color=silver>

            <b>Version Information:</b>&nbsp;Microsoft .NET Framework Version:4.0.30319; ASP.NET Version:4.0.30319.34009

            </font>

    </body>
</html>
<!-- 
[FileNotFoundException]: Could not load file or assembly &#39;DevExpress.CodeRush.Common, Version=10.1.0.0, Culture=neutral, PublicKeyToken=35c9f04b7764aa3d&#39; or one of its dependencies. The system cannot find the file specified.
   at System.ModuleHandle.ResolveType(RuntimeModule module, Int32 typeToken, IntPtr* typeInstArgs, Int32 typeInstCount, IntPtr* methodInstArgs, Int32 methodInstCount, ObjectHandleOnStack type)
   at System.ModuleHandle.ResolveTypeHandleInternal(RuntimeModule module, Int32 typeToken, RuntimeTypeHandle[] typeInstantiationContext, RuntimeTypeHandle[] methodInstantiationContext)
   at System.ModuleHandle.ResolveTypeHandle(Int32 typeToken, RuntimeTypeHandle[] typeInstantiationContext, RuntimeTypeHandle[] methodInstantiationContext)
   at System.Reflection.RuntimeModule.ResolveType(Int32 metadataToken, Type[] genericTypeArguments, Type[] genericMethodArguments)
   at System.Reflection.CustomAttribute.FilterCustomAttributeRecord(CustomAttributeRecord caRecord, MetadataImport scope, Assembly& lastAptcaOkAssembly, RuntimeModule decoratedModule, MetadataToken decoratedToken, RuntimeType attributeFilterType, Boolean mustBeInheritable, Object[] attributes, IList derivedAttributes, RuntimeType& attributeType, IRuntimeMethodInfo& ctor, Boolean& ctorHasParameters, Boolean& isVarArg)
   at System.Reflection.CustomAttribute.GetCustomAttributes(RuntimeModule decoratedModule, Int32 decoratedMetadataToken, Int32 pcaCount, RuntimeType attributeFilterType, Boolean mustBeInheritable, IList derivedAttributes, Boolean isDecoratedTargetSecurityTransparent)
   at System.Reflection.CustomAttribute.GetCustomAttributes(RuntimeAssembly assembly, RuntimeType caType)
   at Owin.Loader.DefaultLoader.SearchForStartupAttribute(String friendlyName, IList`1 errors, Boolean& conflict)
   at Owin.Loader.DefaultLoader.LoadImplementation(String startupName, IList`1 errorDetails)
   at Microsoft.Owin.Host.SystemWeb.OwinBuilder.GetAppStartup()
   at Microsoft.Owin.Host.SystemWeb.OwinHttpModule.InitializeBlueprint()
   at System.Threading.LazyInitializer.EnsureInitializedCore[T](T& target, Boolean& initialized, Object& syncLock, Func`1 valueFactory)
   at Microsoft.Owin.Host.SystemWeb.OwinHttpModule.Init(HttpApplication context)
   at System.Web.HttpApplication.InitModulesCommon()
   at System.Web.HttpApplication.InitInternal(HttpContext context, HttpApplicationState state, MethodInfo[] handlers)
   at System.Web.HttpApplicationFactory.GetNormalApplicationInstance(HttpContext context)
   at System.Web.HttpApplicationFactory.GetApplicationInstance(HttpContext context)
   at System.Web.HttpRuntime.ProcessRequestInternal(HttpWorkerRequest wr)
-->
  Expected: not null
  But was:  null
]]></message>
                      <stack-trace><![CDATA[at Orchard.Specs.Bindings.WebAppHosting.WhenIFillIn(Table table) in e:\expedit\projects\nkd\src\main\NKD.Orchard\src\Orchard.Specs\Bindings\WebAppHosting.cs:line 254
at Orchard.Specs.Bindings.OrchardSiteFactory.GivenIHaveInstalledOrchard(String virtualDirectory) in e:\expedit\projects\nkd\src\main\NKD.Orchard\src\Orchard.Specs\Bindings\OrchardSiteFactory.cs:line 38
at TechTalk.SpecFlow.Bindings.BindingInvoker.InvokeBinding(IBinding binding, IContextManager contextManager, Object[] arguments, ITestTracer testTracer, TimeSpan& duration)
at TechTalk.SpecFlow.Infrastructure.TestExecutionEngine.ExecuteStepMatch(BindingMatch match, Object[] arguments)
at TechTalk.SpecFlow.Infrastructure.TestExecutionEngine.ExecuteStep(StepInstance stepInstance)
at TechTalk.SpecFlow.Infrastructure.TestExecutionEngine.OnAfterLastStep()
]]></stack-trace>
                    </failure>
                  </test-case>
                </results>
              </test-suite>
              <test-suite name="BooleanFieldFeature" description="Boolean Field" executed="True" success="False" time="33.733" asserts="0">
                <results>
                  <test-case name="Orchard.Specs.BooleanFieldFeature.CreatingAndUsingBooleanFields" description="Creating and using Boolean fields" executed="True" success="False" time="33.731" asserts="1">
                    <failure>
                      <message><![CDATA[  Unable to locate <input> name SiteName in page html:

<!DOCTYPE html>
<html>
    <head>
        <title>Could not load file or assembly 'DevExpress.CodeRush.Common, Version=10.1.0.0, Culture=neutral, PublicKeyToken=35c9f04b7764aa3d' or one of its dependencies. The system cannot find the file specified.</title>
        <meta name="viewport" content="width=device-width" />
        <style>
         body {font-family:"Verdana";font-weight:normal;font-size: .7em;color:black;} 
         p {font-family:"Verdana";font-weight:normal;color:black;margin-top: -5px}
         b {font-family:"Verdana";font-weight:bold;color:black;margin-top: -5px}
         H1 { font-family:"Verdana";font-weight:normal;font-size:18pt;color:red }
         H2 { font-family:"Verdana";font-weight:normal;font-size:14pt;color:maroon }
         pre {font-family:"Consolas","Lucida Console",Monospace;font-size:11pt;margin:0;padding:0.5em;line-height:14pt}
         .marker {font-weight: bold; color: black;text-decoration: none;}
         .version {color: gray;}
         .error {margin-bottom: 10px;}
         .expandable { text-decoration:underline; font-weight:bold; color:navy; cursor:hand; }
         @media screen and (max-width: 639px) {
          pre { width: 440px; overflow: auto; white-space: pre-wrap; word-wrap: break-word; }
         }
         @media screen and (max-width: 479px) {
          pre { width: 280px; }
         }
        </style>
    </head>

    <body bgcolor="white">

            <span><H1>Server Error in '/' Application.<hr width=100% size=1 color=silver></H1>

            <h2> <i>Could not load file or assembly 'DevExpress.CodeRush.Common, Version=10.1.0.0, Culture=neutral, PublicKeyToken=35c9f04b7764aa3d' or one of its dependencies. The system cannot find the file specified.</i> </h2></span>

            <font face="Arial, Helvetica, Geneva, SunSans-Regular, sans-serif ">

            <b> Description: </b>An unhandled exception occurred during the execution of the current web request. Please review the stack trace for more information about the error and where it originated in the code.

            <br><br>

            <b> Exception Details: </b>System.IO.FileNotFoundException: Could not load file or assembly 'DevExpress.CodeRush.Common, Version=10.1.0.0, Culture=neutral, PublicKeyToken=35c9f04b7764aa3d' or one of its dependencies. The system cannot find the file specified.<br><br>

            <b>Source Error:</b> <br><br>

            <table width=100% bgcolor="#ffffcc">
               <tr>
                  <td>
                      <code>

An unhandled exception was generated during the execution of the current web request. Information regarding the origin and location of the exception can be identified using the exception stack trace below.</code>

                  </td>
               </tr>
            </table>

            <br>

            <b>Assembly Load Trace:</b> The following information can be helpful to determine why the assembly 'DevExpress.CodeRush.Common, Version=10.1.0.0, Culture=neutral, PublicKeyToken=35c9f04b7764aa3d' could not be loaded.<br><br>

            <table width=100% bgcolor="#ffffcc">
               <tr>
                  <td>
                      <code><pre>

WRN: Assembly binding logging is turned OFF.
To enable assembly bind failure logging, set the registry value [HKLM\Software\Microsoft\Fusion!EnableLog] (DWORD) to 1.
Note: There is some performance penalty associated with assembly bind failure logging.
To turn this feature off, remove the registry value [HKLM\Software\Microsoft\Fusion!EnableLog].
</pre></code>

                  </td>
               </tr>
            </table>

            <br>

            <b>Stack Trace:</b> <br><br>

            <table width=100% bgcolor="#ffffcc">
               <tr>
                  <td>
                      <code><pre>

[FileNotFoundException: Could not load file or assembly &#39;DevExpress.CodeRush.Common, Version=10.1.0.0, Culture=neutral, PublicKeyToken=35c9f04b7764aa3d&#39; or one of its dependencies. The system cannot find the file specified.]
   System.ModuleHandle.ResolveType(RuntimeModule module, Int32 typeToken, IntPtr* typeInstArgs, Int32 typeInstCount, IntPtr* methodInstArgs, Int32 methodInstCount, ObjectHandleOnStack type) +0
   System.ModuleHandle.ResolveTypeHandleInternal(RuntimeModule module, Int32 typeToken, RuntimeTypeHandle[] typeInstantiationContext, RuntimeTypeHandle[] methodInstantiationContext) +371
   System.ModuleHandle.ResolveTypeHandle(Int32 typeToken, RuntimeTypeHandle[] typeInstantiationContext, RuntimeTypeHandle[] methodInstantiationContext) +19
   System.Reflection.RuntimeModule.ResolveType(Int32 metadataToken, Type[] genericTypeArguments, Type[] genericMethodArguments) +319
   System.Reflection.CustomAttribute.FilterCustomAttributeRecord(CustomAttributeRecord caRecord, MetadataImport scope, Assembly&amp; lastAptcaOkAssembly, RuntimeModule decoratedModule, MetadataToken decoratedToken, RuntimeType attributeFilterType, Boolean mustBeInheritable, Object[] attributes, IList derivedAttributes, RuntimeType&amp; attributeType, IRuntimeMethodInfo&amp; ctor, Boolean&amp; ctorHasParameters, Boolean&amp; isVarArg) +203
   System.Reflection.CustomAttribute.GetCustomAttributes(RuntimeModule decoratedModule, Int32 decoratedMetadataToken, Int32 pcaCount, RuntimeType attributeFilterType, Boolean mustBeInheritable, IList derivedAttributes, Boolean isDecoratedTargetSecurityTransparent) +1179
   System.Reflection.CustomAttribute.GetCustomAttributes(RuntimeAssembly assembly, RuntimeType caType) +146
   Owin.Loader.DefaultLoader.SearchForStartupAttribute(String friendlyName, IList`1 errors, Boolean&amp; conflict) +180
   Owin.Loader.DefaultLoader.LoadImplementation(String startupName, IList`1 errorDetails) +184
   Microsoft.Owin.Host.SystemWeb.OwinBuilder.GetAppStartup() +138
   Microsoft.Owin.Host.SystemWeb.OwinHttpModule.InitializeBlueprint() +38
   System.Threading.LazyInitializer.EnsureInitializedCore(T&amp; target, Boolean&amp; initialized, Object&amp; syncLock, Func`1 valueFactory) +241
   Microsoft.Owin.Host.SystemWeb.OwinHttpModule.Init(HttpApplication context) +129
   System.Web.HttpApplication.InitModulesCommon() +192
   System.Web.HttpApplication.InitInternal(HttpContext context, HttpApplicationState state, MethodInfo[] handlers) +1582
   System.Web.HttpApplicationFactory.GetNormalApplicationInstance(HttpContext context) +365
   System.Web.HttpApplicationFactory.GetApplicationInstance(HttpContext context) +200
   System.Web.HttpRuntime.ProcessRequestInternal(HttpWorkerRequest wr) +591
</pre></code>

                  </td>
               </tr>
            </table>

            <br>

            <hr width=100% size=1 color=silver>

            <b>Version Information:</b>&nbsp;Microsoft .NET Framework Version:4.0.30319; ASP.NET Version:4.0.30319.34009

            </font>

    </body>
</html>
<!-- 
[FileNotFoundException]: Could not load file or assembly &#39;DevExpress.CodeRush.Common, Version=10.1.0.0, Culture=neutral, PublicKeyToken=35c9f04b7764aa3d&#39; or one of its dependencies. The system cannot find the file specified.
   at System.ModuleHandle.ResolveType(RuntimeModule module, Int32 typeToken, IntPtr* typeInstArgs, Int32 typeInstCount, IntPtr* methodInstArgs, Int32 methodInstCount, ObjectHandleOnStack type)
   at System.ModuleHandle.ResolveTypeHandleInternal(RuntimeModule module, Int32 typeToken, RuntimeTypeHandle[] typeInstantiationContext, RuntimeTypeHandle[] methodInstantiationContext)
   at System.ModuleHandle.ResolveTypeHandle(Int32 typeToken, RuntimeTypeHandle[] typeInstantiationContext, RuntimeTypeHandle[] methodInstantiationContext)
   at System.Reflection.RuntimeModule.ResolveType(Int32 metadataToken, Type[] genericTypeArguments, Type[] genericMethodArguments)
   at System.Reflection.CustomAttribute.FilterCustomAttributeRecord(CustomAttributeRecord caRecord, MetadataImport scope, Assembly& lastAptcaOkAssembly, RuntimeModule decoratedModule, MetadataToken decoratedToken, RuntimeType attributeFilterType, Boolean mustBeInheritable, Object[] attributes, IList derivedAttributes, RuntimeType& attributeType, IRuntimeMethodInfo& ctor, Boolean& ctorHasParameters, Boolean& isVarArg)
   at System.Reflection.CustomAttribute.GetCustomAttributes(RuntimeModule decoratedModule, Int32 decoratedMetadataToken, Int32 pcaCount, RuntimeType attributeFilterType, Boolean mustBeInheritable, IList derivedAttributes, Boolean isDecoratedTargetSecurityTransparent)
   at System.Reflection.CustomAttribute.GetCustomAttributes(RuntimeAssembly assembly, RuntimeType caType)
   at Owin.Loader.DefaultLoader.SearchForStartupAttribute(String friendlyName, IList`1 errors, Boolean& conflict)
   at Owin.Loader.DefaultLoader.LoadImplementation(String startupName, IList`1 errorDetails)
   at Microsoft.Owin.Host.SystemWeb.OwinBuilder.GetAppStartup()
   at Microsoft.Owin.Host.SystemWeb.OwinHttpModule.InitializeBlueprint()
   at System.Threading.LazyInitializer.EnsureInitializedCore[T](T& target, Boolean& initialized, Object& syncLock, Func`1 valueFactory)
   at Microsoft.Owin.Host.SystemWeb.OwinHttpModule.Init(HttpApplication context)
   at System.Web.HttpApplication.InitModulesCommon()
   at System.Web.HttpApplication.InitInternal(HttpContext context, HttpApplicationState state, MethodInfo[] handlers)
   at System.Web.HttpApplicationFactory.GetNormalApplicationInstance(HttpContext context)
   at System.Web.HttpApplicationFactory.GetApplicationInstance(HttpContext context)
   at System.Web.HttpRuntime.ProcessRequestInternal(HttpWorkerRequest wr)
-->
  Expected: not null
  But was:  null
]]></message>
                      <stack-trace><![CDATA[at Orchard.Specs.Bindings.WebAppHosting.WhenIFillIn(Table table) in e:\expedit\projects\nkd\src\main\NKD.Orchard\src\Orchard.Specs\Bindings\WebAppHosting.cs:line 254
at Orchard.Specs.Bindings.OrchardSiteFactory.GivenIHaveInstalledOrchard(String virtualDirectory) in e:\expedit\projects\nkd\src\main\NKD.Orchard\src\Orchard.Specs\Bindings\OrchardSiteFactory.cs:line 38
at TechTalk.SpecFlow.Bindings.BindingInvoker.InvokeBinding(IBinding binding, IContextManager contextManager, Object[] arguments, ITestTracer testTracer, TimeSpan& duration)
at TechTalk.SpecFlow.Infrastructure.TestExecutionEngine.ExecuteStepMatch(BindingMatch match, Object[] arguments)
at TechTalk.SpecFlow.Infrastructure.TestExecutionEngine.ExecuteStep(StepInstance stepInstance)
at TechTalk.SpecFlow.Infrastructure.TestExecutionEngine.OnAfterLastStep()
]]></stack-trace>
                    </failure>
                  </test-case>
                </results>
              </test-suite>
              <test-suite name="CommentsFeature" description="Comments" executed="True" success="False" time="75.337" asserts="0">
                <results>
                  <test-case name="Orchard.Specs.CommentsFeature.HTMLMarkupInAnyGivenCommentIsEncoded" description="HTML markup in any given comment is encoded" executed="True" success="False" time="39.141" asserts="1">
                    <failure>
                      <message><![CDATA[  Unable to locate <input> name SiteName in page html:

<!DOCTYPE html>
<html>
    <head>
        <title>Could not load file or assembly 'DevExpress.CodeRush.Common, Version=10.1.0.0, Culture=neutral, PublicKeyToken=35c9f04b7764aa3d' or one of its dependencies. The system cannot find the file specified.</title>
        <meta name="viewport" content="width=device-width" />
        <style>
         body {font-family:"Verdana";font-weight:normal;font-size: .7em;color:black;} 
         p {font-family:"Verdana";font-weight:normal;color:black;margin-top: -5px}
         b {font-family:"Verdana";font-weight:bold;color:black;margin-top: -5px}
         H1 { font-family:"Verdana";font-weight:normal;font-size:18pt;color:red }
         H2 { font-family:"Verdana";font-weight:normal;font-size:14pt;color:maroon }
         pre {font-family:"Consolas","Lucida Console",Monospace;font-size:11pt;margin:0;padding:0.5em;line-height:14pt}
         .marker {font-weight: bold; color: black;text-decoration: none;}
         .version {color: gray;}
         .error {margin-bottom: 10px;}
         .expandable { text-decoration:underline; font-weight:bold; color:navy; cursor:hand; }
         @media screen and (max-width: 639px) {
          pre { width: 440px; overflow: auto; white-space: pre-wrap; word-wrap: break-word; }
         }
         @media screen and (max-width: 479px) {
          pre { width: 280px; }
         }
        </style>
    </head>

    <body bgcolor="white">

            <span><H1>Server Error in '/' Application.<hr width=100% size=1 color=silver></H1>

            <h2> <i>Could not load file or assembly 'DevExpress.CodeRush.Common, Version=10.1.0.0, Culture=neutral, PublicKeyToken=35c9f04b7764aa3d' or one of its dependencies. The system cannot find the file specified.</i> </h2></span>

            <font face="Arial, Helvetica, Geneva, SunSans-Regular, sans-serif ">

            <b> Description: </b>An unhandled exception occurred during the execution of the current web request. Please review the stack trace for more information about the error and where it originated in the code.

            <br><br>

            <b> Exception Details: </b>System.IO.FileNotFoundException: Could not load file or assembly 'DevExpress.CodeRush.Common, Version=10.1.0.0, Culture=neutral, PublicKeyToken=35c9f04b7764aa3d' or one of its dependencies. The system cannot find the file specified.<br><br>

            <b>Source Error:</b> <br><br>

            <table width=100% bgcolor="#ffffcc">
               <tr>
                  <td>
                      <code>

An unhandled exception was generated during the execution of the current web request. Information regarding the origin and location of the exception can be identified using the exception stack trace below.</code>

                  </td>
               </tr>
            </table>

            <br>

            <b>Assembly Load Trace:</b> The following information can be helpful to determine why the assembly 'DevExpress.CodeRush.Common, Version=10.1.0.0, Culture=neutral, PublicKeyToken=35c9f04b7764aa3d' could not be loaded.<br><br>

            <table width=100% bgcolor="#ffffcc">
               <tr>
                  <td>
                      <code><pre>

WRN: Assembly binding logging is turned OFF.
To enable assembly bind failure logging, set the registry value [HKLM\Software\Microsoft\Fusion!EnableLog] (DWORD) to 1.
Note: There is some performance penalty associated with assembly bind failure logging.
To turn this feature off, remove the registry value [HKLM\Software\Microsoft\Fusion!EnableLog].
</pre></code>

                  </td>
               </tr>
            </table>

            <br>

            <b>Stack Trace:</b> <br><br>

            <table width=100% bgcolor="#ffffcc">
               <tr>
                  <td>
                      <code><pre>

[FileNotFoundException: Could not load file or assembly &#39;DevExpress.CodeRush.Common, Version=10.1.0.0, Culture=neutral, PublicKeyToken=35c9f04b7764aa3d&#39; or one of its dependencies. The system cannot find the file specified.]
   System.ModuleHandle.ResolveType(RuntimeModule module, Int32 typeToken, IntPtr* typeInstArgs, Int32 typeInstCount, IntPtr* methodInstArgs, Int32 methodInstCount, ObjectHandleOnStack type) +0
   System.ModuleHandle.ResolveTypeHandleInternal(RuntimeModule module, Int32 typeToken, RuntimeTypeHandle[] typeInstantiationContext, RuntimeTypeHandle[] methodInstantiationContext) +371
   System.ModuleHandle.ResolveTypeHandle(Int32 typeToken, RuntimeTypeHandle[] typeInstantiationContext, RuntimeTypeHandle[] methodInstantiationContext) +19
   System.Reflection.RuntimeModule.ResolveType(Int32 metadataToken, Type[] genericTypeArguments, Type[] genericMethodArguments) +319
   System.Reflection.CustomAttribute.FilterCustomAttributeRecord(CustomAttributeRecord caRecord, MetadataImport scope, Assembly&amp; lastAptcaOkAssembly, RuntimeModule decoratedModule, MetadataToken decoratedToken, RuntimeType attributeFilterType, Boolean mustBeInheritable, Object[] attributes, IList derivedAttributes, RuntimeType&amp; attributeType, IRuntimeMethodInfo&amp; ctor, Boolean&amp; ctorHasParameters, Boolean&amp; isVarArg) +203
   System.Reflection.CustomAttribute.GetCustomAttributes(RuntimeModule decoratedModule, Int32 decoratedMetadataToken, Int32 pcaCount, RuntimeType attributeFilterType, Boolean mustBeInheritable, IList derivedAttributes, Boolean isDecoratedTargetSecurityTransparent) +1179
   System.Reflection.CustomAttribute.GetCustomAttributes(RuntimeAssembly assembly, RuntimeType caType) +146
   Owin.Loader.DefaultLoader.SearchForStartupAttribute(String friendlyName, IList`1 errors, Boolean&amp; conflict) +180
   Owin.Loader.DefaultLoader.LoadImplementation(String startupName, IList`1 errorDetails) +184
   Microsoft.Owin.Host.SystemWeb.OwinBuilder.GetAppStartup() +138
   Microsoft.Owin.Host.SystemWeb.OwinHttpModule.InitializeBlueprint() +38
   System.Threading.LazyInitializer.EnsureInitializedCore(T&amp; target, Boolean&amp; initialized, Object&amp; syncLock, Func`1 valueFactory) +241
   Microsoft.Owin.Host.SystemWeb.OwinHttpModule.Init(HttpApplication context) +129
   System.Web.HttpApplication.InitModulesCommon() +192
   System.Web.HttpApplication.InitInternal(HttpContext context, HttpApplicationState state, MethodInfo[] handlers) +1582
   System.Web.HttpApplicationFactory.GetNormalApplicationInstance(HttpContext context) +365
   System.Web.HttpApplicationFactory.GetApplicationInstance(HttpContext context) +200
   System.Web.HttpRuntime.ProcessRequestInternal(HttpWorkerRequest wr) +591
</pre></code>

                  </td>
               </tr>
            </table>

            <br>

            <hr width=100% size=1 color=silver>

            <b>Version Information:</b>&nbsp;Microsoft .NET Framework Version:4.0.30319; ASP.NET Version:4.0.30319.34009

            </font>

    </body>
</html>
<!-- 
[FileNotFoundException]: Could not load file or assembly &#39;DevExpress.CodeRush.Common, Version=10.1.0.0, Culture=neutral, PublicKeyToken=35c9f04b7764aa3d&#39; or one of its dependencies. The system cannot find the file specified.
   at System.ModuleHandle.ResolveType(RuntimeModule module, Int32 typeToken, IntPtr* typeInstArgs, Int32 typeInstCount, IntPtr* methodInstArgs, Int32 methodInstCount, ObjectHandleOnStack type)
   at System.ModuleHandle.ResolveTypeHandleInternal(RuntimeModule module, Int32 typeToken, RuntimeTypeHandle[] typeInstantiationContext, RuntimeTypeHandle[] methodInstantiationContext)
   at System.ModuleHandle.ResolveTypeHandle(Int32 typeToken, RuntimeTypeHandle[] typeInstantiationContext, RuntimeTypeHandle[] methodInstantiationContext)
   at System.Reflection.RuntimeModule.ResolveType(Int32 metadataToken, Type[] genericTypeArguments, Type[] genericMethodArguments)
   at System.Reflection.CustomAttribute.FilterCustomAttributeRecord(CustomAttributeRecord caRecord, MetadataImport scope, Assembly& lastAptcaOkAssembly, RuntimeModule decoratedModule, MetadataToken decoratedToken, RuntimeType attributeFilterType, Boolean mustBeInheritable, Object[] attributes, IList derivedAttributes, RuntimeType& attributeType, IRuntimeMethodInfo& ctor, Boolean& ctorHasParameters, Boolean& isVarArg)
   at System.Reflection.CustomAttribute.GetCustomAttributes(RuntimeModule decoratedModule, Int32 decoratedMetadataToken, Int32 pcaCount, RuntimeType attributeFilterType, Boolean mustBeInheritable, IList derivedAttributes, Boolean isDecoratedTargetSecurityTransparent)
   at System.Reflection.CustomAttribute.GetCustomAttributes(RuntimeAssembly assembly, RuntimeType caType)
   at Owin.Loader.DefaultLoader.SearchForStartupAttribute(String friendlyName, IList`1 errors, Boolean& conflict)
   at Owin.Loader.DefaultLoader.LoadImplementation(String startupName, IList`1 errorDetails)
   at Microsoft.Owin.Host.SystemWeb.OwinBuilder.GetAppStartup()
   at Microsoft.Owin.Host.SystemWeb.OwinHttpModule.InitializeBlueprint()
   at System.Threading.LazyInitializer.EnsureInitializedCore[T](T& target, Boolean& initialized, Object& syncLock, Func`1 valueFactory)
   at Microsoft.Owin.Host.SystemWeb.OwinHttpModule.Init(HttpApplication context)
   at System.Web.HttpApplication.InitModulesCommon()
   at System.Web.HttpApplication.InitInternal(HttpContext context, HttpApplicationState state, MethodInfo[] handlers)
   at System.Web.HttpApplicationFactory.GetNormalApplicationInstance(HttpContext context)
   at System.Web.HttpApplicationFactory.GetApplicationInstance(HttpContext context)
   at System.Web.HttpRuntime.ProcessRequestInternal(HttpWorkerRequest wr)
-->
  Expected: not null
  But was:  null
]]></message>
                      <stack-trace><![CDATA[at Orchard.Specs.Bindings.WebAppHosting.WhenIFillIn(Table table) in e:\expedit\projects\nkd\src\main\NKD.Orchard\src\Orchard.Specs\Bindings\WebAppHosting.cs:line 254
at Orchard.Specs.Bindings.OrchardSiteFactory.GivenIHaveInstalledOrchard(String virtualDirectory) in e:\expedit\projects\nkd\src\main\NKD.Orchard\src\Orchard.Specs\Bindings\OrchardSiteFactory.cs:line 38
at TechTalk.SpecFlow.Bindings.BindingInvoker.InvokeBinding(IBinding binding, IContextManager contextManager, Object[] arguments, ITestTracer testTracer, TimeSpan& duration)
at TechTalk.SpecFlow.Infrastructure.TestExecutionEngine.ExecuteStepMatch(BindingMatch match, Object[] arguments)
at TechTalk.SpecFlow.Infrastructure.TestExecutionEngine.ExecuteStep(StepInstance stepInstance)
at TechTalk.SpecFlow.Infrastructure.TestExecutionEngine.OnAfterLastStep()
]]></stack-trace>
                    </failure>
                  </test-case>
                  <test-case name="Orchard.Specs.CommentsFeature.ModeratedCommentsAreNotDisplayed" description="Moderated comments are not displayed" executed="True" success="False" time="36.187" asserts="1">
                    <failure>
                      <message><![CDATA[  Unable to locate <input> name SiteName in page html:

<!DOCTYPE html>
<html>
    <head>
        <title>Could not load file or assembly 'DevExpress.CodeRush.Common, Version=10.1.0.0, Culture=neutral, PublicKeyToken=35c9f04b7764aa3d' or one of its dependencies. The system cannot find the file specified.</title>
        <meta name="viewport" content="width=device-width" />
        <style>
         body {font-family:"Verdana";font-weight:normal;font-size: .7em;color:black;} 
         p {font-family:"Verdana";font-weight:normal;color:black;margin-top: -5px}
         b {font-family:"Verdana";font-weight:bold;color:black;margin-top: -5px}
         H1 { font-family:"Verdana";font-weight:normal;font-size:18pt;color:red }
         H2 { font-family:"Verdana";font-weight:normal;font-size:14pt;color:maroon }
         pre {font-family:"Consolas","Lucida Console",Monospace;font-size:11pt;margin:0;padding:0.5em;line-height:14pt}
         .marker {font-weight: bold; color: black;text-decoration: none;}
         .version {color: gray;}
         .error {margin-bottom: 10px;}
         .expandable { text-decoration:underline; font-weight:bold; color:navy; cursor:hand; }
         @media screen and (max-width: 639px) {
          pre { width: 440px; overflow: auto; white-space: pre-wrap; word-wrap: break-word; }
         }
         @media screen and (max-width: 479px) {
          pre { width: 280px; }
         }
        </style>
    </head>

    <body bgcolor="white">

            <span><H1>Server Error in '/' Application.<hr width=100% size=1 color=silver></H1>

            <h2> <i>Could not load file or assembly 'DevExpress.CodeRush.Common, Version=10.1.0.0, Culture=neutral, PublicKeyToken=35c9f04b7764aa3d' or one of its dependencies. The system cannot find the file specified.</i> </h2></span>

            <font face="Arial, Helvetica, Geneva, SunSans-Regular, sans-serif ">

            <b> Description: </b>An unhandled exception occurred during the execution of the current web request. Please review the stack trace for more information about the error and where it originated in the code.

            <br><br>

            <b> Exception Details: </b>System.IO.FileNotFoundException: Could not load file or assembly 'DevExpress.CodeRush.Common, Version=10.1.0.0, Culture=neutral, PublicKeyToken=35c9f04b7764aa3d' or one of its dependencies. The system cannot find the file specified.<br><br>

            <b>Source Error:</b> <br><br>

            <table width=100% bgcolor="#ffffcc">
               <tr>
                  <td>
                      <code>

An unhandled exception was generated during the execution of the current web request. Information regarding the origin and location of the exception can be identified using the exception stack trace below.</code>

                  </td>
               </tr>
            </table>

            <br>

            <b>Assembly Load Trace:</b> The following information can be helpful to determine why the assembly 'DevExpress.CodeRush.Common, Version=10.1.0.0, Culture=neutral, PublicKeyToken=35c9f04b7764aa3d' could not be loaded.<br><br>

            <table width=100% bgcolor="#ffffcc">
               <tr>
                  <td>
                      <code><pre>

WRN: Assembly binding logging is turned OFF.
To enable assembly bind failure logging, set the registry value [HKLM\Software\Microsoft\Fusion!EnableLog] (DWORD) to 1.
Note: There is some performance penalty associated with assembly bind failure logging.
To turn this feature off, remove the registry value [HKLM\Software\Microsoft\Fusion!EnableLog].
</pre></code>

                  </td>
               </tr>
            </table>

            <br>

            <b>Stack Trace:</b> <br><br>

            <table width=100% bgcolor="#ffffcc">
               <tr>
                  <td>
                      <code><pre>

[FileNotFoundException: Could not load file or assembly &#39;DevExpress.CodeRush.Common, Version=10.1.0.0, Culture=neutral, PublicKeyToken=35c9f04b7764aa3d&#39; or one of its dependencies. The system cannot find the file specified.]
   System.ModuleHandle.ResolveType(RuntimeModule module, Int32 typeToken, IntPtr* typeInstArgs, Int32 typeInstCount, IntPtr* methodInstArgs, Int32 methodInstCount, ObjectHandleOnStack type) +0
   System.ModuleHandle.ResolveTypeHandleInternal(RuntimeModule module, Int32 typeToken, RuntimeTypeHandle[] typeInstantiationContext, RuntimeTypeHandle[] methodInstantiationContext) +371
   System.ModuleHandle.ResolveTypeHandle(Int32 typeToken, RuntimeTypeHandle[] typeInstantiationContext, RuntimeTypeHandle[] methodInstantiationContext) +19
   System.Reflection.RuntimeModule.ResolveType(Int32 metadataToken, Type[] genericTypeArguments, Type[] genericMethodArguments) +319
   System.Reflection.CustomAttribute.FilterCustomAttributeRecord(CustomAttributeRecord caRecord, MetadataImport scope, Assembly&amp; lastAptcaOkAssembly, RuntimeModule decoratedModule, MetadataToken decoratedToken, RuntimeType attributeFilterType, Boolean mustBeInheritable, Object[] attributes, IList derivedAttributes, RuntimeType&amp; attributeType, IRuntimeMethodInfo&amp; ctor, Boolean&amp; ctorHasParameters, Boolean&amp; isVarArg) +203
   System.Reflection.CustomAttribute.GetCustomAttributes(RuntimeModule decoratedModule, Int32 decoratedMetadataToken, Int32 pcaCount, RuntimeType attributeFilterType, Boolean mustBeInheritable, IList derivedAttributes, Boolean isDecoratedTargetSecurityTransparent) +1179
   System.Reflection.CustomAttribute.GetCustomAttributes(RuntimeAssembly assembly, RuntimeType caType) +146
   Owin.Loader.DefaultLoader.SearchForStartupAttribute(String friendlyName, IList`1 errors, Boolean&amp; conflict) +180
   Owin.Loader.DefaultLoader.LoadImplementation(String startupName, IList`1 errorDetails) +184
   Microsoft.Owin.Host.SystemWeb.OwinBuilder.GetAppStartup() +138
   Microsoft.Owin.Host.SystemWeb.OwinHttpModule.InitializeBlueprint() +38
   System.Threading.LazyInitializer.EnsureInitializedCore(T&amp; target, Boolean&amp; initialized, Object&amp; syncLock, Func`1 valueFactory) +241
   Microsoft.Owin.Host.SystemWeb.OwinHttpModule.Init(HttpApplication context) +129
   System.Web.HttpApplication.InitModulesCommon() +192
   System.Web.HttpApplication.InitInternal(HttpContext context, HttpApplicationState state, MethodInfo[] handlers) +1582
   System.Web.HttpApplicationFactory.GetNormalApplicationInstance(HttpContext context) +365
   System.Web.HttpApplicationFactory.GetApplicationInstance(HttpContext context) +200
   System.Web.HttpRuntime.ProcessRequestInternal(HttpWorkerRequest wr) +591
</pre></code>

                  </td>
               </tr>
            </table>

            <br>

            <hr width=100% size=1 color=silver>

            <b>Version Information:</b>&nbsp;Microsoft .NET Framework Version:4.0.30319; ASP.NET Version:4.0.30319.34009

            </font>

    </body>
</html>
<!-- 
[FileNotFoundException]: Could not load file or assembly &#39;DevExpress.CodeRush.Common, Version=10.1.0.0, Culture=neutral, PublicKeyToken=35c9f04b7764aa3d&#39; or one of its dependencies. The system cannot find the file specified.
   at System.ModuleHandle.ResolveType(RuntimeModule module, Int32 typeToken, IntPtr* typeInstArgs, Int32 typeInstCount, IntPtr* methodInstArgs, Int32 methodInstCount, ObjectHandleOnStack type)
   at System.ModuleHandle.ResolveTypeHandleInternal(RuntimeModule module, Int32 typeToken, RuntimeTypeHandle[] typeInstantiationContext, RuntimeTypeHandle[] methodInstantiationContext)
   at System.ModuleHandle.ResolveTypeHandle(Int32 typeToken, RuntimeTypeHandle[] typeInstantiationContext, RuntimeTypeHandle[] methodInstantiationContext)
   at System.Reflection.RuntimeModule.ResolveType(Int32 metadataToken, Type[] genericTypeArguments, Type[] genericMethodArguments)
   at System.Reflection.CustomAttribute.FilterCustomAttributeRecord(CustomAttributeRecord caRecord, MetadataImport scope, Assembly& lastAptcaOkAssembly, RuntimeModule decoratedModule, MetadataToken decoratedToken, RuntimeType attributeFilterType, Boolean mustBeInheritable, Object[] attributes, IList derivedAttributes, RuntimeType& attributeType, IRuntimeMethodInfo& ctor, Boolean& ctorHasParameters, Boolean& isVarArg)
   at System.Reflection.CustomAttribute.GetCustomAttributes(RuntimeModule decoratedModule, Int32 decoratedMetadataToken, Int32 pcaCount, RuntimeType attributeFilterType, Boolean mustBeInheritable, IList derivedAttributes, Boolean isDecoratedTargetSecurityTransparent)
   at System.Reflection.CustomAttribute.GetCustomAttributes(RuntimeAssembly assembly, RuntimeType caType)
   at Owin.Loader.DefaultLoader.SearchForStartupAttribute(String friendlyName, IList`1 errors, Boolean& conflict)
   at Owin.Loader.DefaultLoader.LoadImplementation(String startupName, IList`1 errorDetails)
   at Microsoft.Owin.Host.SystemWeb.OwinBuilder.GetAppStartup()
   at Microsoft.Owin.Host.SystemWeb.OwinHttpModule.InitializeBlueprint()
   at System.Threading.LazyInitializer.EnsureInitializedCore[T](T& target, Boolean& initialized, Object& syncLock, Func`1 valueFactory)
   at Microsoft.Owin.Host.SystemWeb.OwinHttpModule.Init(HttpApplication context)
   at System.Web.HttpApplication.InitModulesCommon()
   at System.Web.HttpApplication.InitInternal(HttpContext context, HttpApplicationState state, MethodInfo[] handlers)
   at System.Web.HttpApplicationFactory.GetNormalApplicationInstance(HttpContext context)
   at System.Web.HttpApplicationFactory.GetApplicationInstance(HttpContext context)
   at System.Web.HttpRuntime.ProcessRequestInternal(HttpWorkerRequest wr)
-->
  Expected: not null
  But was:  null
]]></message>
                      <stack-trace><![CDATA[at Orchard.Specs.Bindings.WebAppHosting.WhenIFillIn(Table table) in e:\expedit\projects\nkd\src\main\NKD.Orchard\src\Orchard.Specs\Bindings\WebAppHosting.cs:line 254
at Orchard.Specs.Bindings.OrchardSiteFactory.GivenIHaveInstalledOrchard(String virtualDirectory) in e:\expedit\projects\nkd\src\main\NKD.Orchard\src\Orchard.Specs\Bindings\OrchardSiteFactory.cs:line 38
at TechTalk.SpecFlow.Bindings.BindingInvoker.InvokeBinding(IBinding binding, IContextManager contextManager, Object[] arguments, ITestTracer testTracer, TimeSpan& duration)
at TechTalk.SpecFlow.Infrastructure.TestExecutionEngine.ExecuteStepMatch(BindingMatch match, Object[] arguments)
at TechTalk.SpecFlow.Infrastructure.TestExecutionEngine.ExecuteStep(StepInstance stepInstance)
at TechTalk.SpecFlow.Infrastructure.TestExecutionEngine.OnAfterLastStep()
]]></stack-trace>
                    </failure>
                  </test-case>
                </results>
              </test-suite>
              <test-suite name="ContentRightsManagementFeature" description="Content rights management" executed="True" success="False" time="354.682" asserts="0">
                <results>
                  <test-case name="Orchard.Specs.ContentRightsManagementFeature.AdministratorsCanManageAPage" description="Administrators can manage a Page" executed="True" success="False" time="30.638" asserts="1">
                    <failure>
                      <message><![CDATA[  Unable to locate <input> name SiteName in page html:

<!DOCTYPE html>
<html>
    <head>
        <title>Could not load file or assembly 'DevExpress.CodeRush.Common, Version=10.1.0.0, Culture=neutral, PublicKeyToken=35c9f04b7764aa3d' or one of its dependencies. The system cannot find the file specified.</title>
        <meta name="viewport" content="width=device-width" />
        <style>
         body {font-family:"Verdana";font-weight:normal;font-size: .7em;color:black;} 
         p {font-family:"Verdana";font-weight:normal;color:black;margin-top: -5px}
         b {font-family:"Verdana";font-weight:bold;color:black;margin-top: -5px}
         H1 { font-family:"Verdana";font-weight:normal;font-size:18pt;color:red }
         H2 { font-family:"Verdana";font-weight:normal;font-size:14pt;color:maroon }
         pre {font-family:"Consolas","Lucida Console",Monospace;font-size:11pt;margin:0;padding:0.5em;line-height:14pt}
         .marker {font-weight: bold; color: black;text-decoration: none;}
         .version {color: gray;}
         .error {margin-bottom: 10px;}
         .expandable { text-decoration:underline; font-weight:bold; color:navy; cursor:hand; }
         @media screen and (max-width: 639px) {
          pre { width: 440px; overflow: auto; white-space: pre-wrap; word-wrap: break-word; }
         }
         @media screen and (max-width: 479px) {
          pre { width: 280px; }
         }
        </style>
    </head>

    <body bgcolor="white">

            <span><H1>Server Error in '/' Application.<hr width=100% size=1 color=silver></H1>

            <h2> <i>Could not load file or assembly 'DevExpress.CodeRush.Common, Version=10.1.0.0, Culture=neutral, PublicKeyToken=35c9f04b7764aa3d' or one of its dependencies. The system cannot find the file specified.</i> </h2></span>

            <font face="Arial, Helvetica, Geneva, SunSans-Regular, sans-serif ">

            <b> Description: </b>An unhandled exception occurred during the execution of the current web request. Please review the stack trace for more information about the error and where it originated in the code.

            <br><br>

            <b> Exception Details: </b>System.IO.FileNotFoundException: Could not load file or assembly 'DevExpress.CodeRush.Common, Version=10.1.0.0, Culture=neutral, PublicKeyToken=35c9f04b7764aa3d' or one of its dependencies. The system cannot find the file specified.<br><br>

            <b>Source Error:</b> <br><br>

            <table width=100% bgcolor="#ffffcc">
               <tr>
                  <td>
                      <code>

An unhandled exception was generated during the execution of the current web request. Information regarding the origin and location of the exception can be identified using the exception stack trace below.</code>

                  </td>
               </tr>
            </table>

            <br>

            <b>Assembly Load Trace:</b> The following information can be helpful to determine why the assembly 'DevExpress.CodeRush.Common, Version=10.1.0.0, Culture=neutral, PublicKeyToken=35c9f04b7764aa3d' could not be loaded.<br><br>

            <table width=100% bgcolor="#ffffcc">
               <tr>
                  <td>
                      <code><pre>

WRN: Assembly binding logging is turned OFF.
To enable assembly bind failure logging, set the registry value [HKLM\Software\Microsoft\Fusion!EnableLog] (DWORD) to 1.
Note: There is some performance penalty associated with assembly bind failure logging.
To turn this feature off, remove the registry value [HKLM\Software\Microsoft\Fusion!EnableLog].
</pre></code>

                  </td>
               </tr>
            </table>

            <br>

            <b>Stack Trace:</b> <br><br>

            <table width=100% bgcolor="#ffffcc">
               <tr>
                  <td>
                      <code><pre>

[FileNotFoundException: Could not load file or assembly &#39;DevExpress.CodeRush.Common, Version=10.1.0.0, Culture=neutral, PublicKeyToken=35c9f04b7764aa3d&#39; or one of its dependencies. The system cannot find the file specified.]
   System.ModuleHandle.ResolveType(RuntimeModule module, Int32 typeToken, IntPtr* typeInstArgs, Int32 typeInstCount, IntPtr* methodInstArgs, Int32 methodInstCount, ObjectHandleOnStack type) +0
   System.ModuleHandle.ResolveTypeHandleInternal(RuntimeModule module, Int32 typeToken, RuntimeTypeHandle[] typeInstantiationContext, RuntimeTypeHandle[] methodInstantiationContext) +371
   System.ModuleHandle.ResolveTypeHandle(Int32 typeToken, RuntimeTypeHandle[] typeInstantiationContext, RuntimeTypeHandle[] methodInstantiationContext) +19
   System.Reflection.RuntimeModule.ResolveType(Int32 metadataToken, Type[] genericTypeArguments, Type[] genericMethodArguments) +319
   System.Reflection.CustomAttribute.FilterCustomAttributeRecord(CustomAttributeRecord caRecord, MetadataImport scope, Assembly&amp; lastAptcaOkAssembly, RuntimeModule decoratedModule, MetadataToken decoratedToken, RuntimeType attributeFilterType, Boolean mustBeInheritable, Object[] attributes, IList derivedAttributes, RuntimeType&amp; attributeType, IRuntimeMethodInfo&amp; ctor, Boolean&amp; ctorHasParameters, Boolean&amp; isVarArg) +203
   System.Reflection.CustomAttribute.GetCustomAttributes(RuntimeModule decoratedModule, Int32 decoratedMetadataToken, Int32 pcaCount, RuntimeType attributeFilterType, Boolean mustBeInheritable, IList derivedAttributes, Boolean isDecoratedTargetSecurityTransparent) +1179
   System.Reflection.CustomAttribute.GetCustomAttributes(RuntimeAssembly assembly, RuntimeType caType) +146
   Owin.Loader.DefaultLoader.SearchForStartupAttribute(String friendlyName, IList`1 errors, Boolean&amp; conflict) +180
   Owin.Loader.DefaultLoader.LoadImplementation(String startupName, IList`1 errorDetails) +184
   Microsoft.Owin.Host.SystemWeb.OwinBuilder.GetAppStartup() +138
   Microsoft.Owin.Host.SystemWeb.OwinHttpModule.InitializeBlueprint() +38
   System.Threading.LazyInitializer.EnsureInitializedCore(T&amp; target, Boolean&amp; initialized, Object&amp; syncLock, Func`1 valueFactory) +241
   Microsoft.Owin.Host.SystemWeb.OwinHttpModule.Init(HttpApplication context) +129
   System.Web.HttpApplication.InitModulesCommon() +192
   System.Web.HttpApplication.InitInternal(HttpContext context, HttpApplicationState state, MethodInfo[] handlers) +1582
   System.Web.HttpApplicationFactory.GetNormalApplicationInstance(HttpContext context) +365
   System.Web.HttpApplicationFactory.GetApplicationInstance(HttpContext context) +200
   System.Web.HttpRuntime.ProcessRequestInternal(HttpWorkerRequest wr) +591
</pre></code>

                  </td>
               </tr>
            </table>

            <br>

            <hr width=100% size=1 color=silver>

            <b>Version Information:</b>&nbsp;Microsoft .NET Framework Version:4.0.30319; ASP.NET Version:4.0.30319.34009

            </font>

    </body>
</html>
<!-- 
[FileNotFoundException]: Could not load file or assembly &#39;DevExpress.CodeRush.Common, Version=10.1.0.0, Culture=neutral, PublicKeyToken=35c9f04b7764aa3d&#39; or one of its dependencies. The system cannot find the file specified.
   at System.ModuleHandle.ResolveType(RuntimeModule module, Int32 typeToken, IntPtr* typeInstArgs, Int32 typeInstCount, IntPtr* methodInstArgs, Int32 methodInstCount, ObjectHandleOnStack type)
   at System.ModuleHandle.ResolveTypeHandleInternal(RuntimeModule module, Int32 typeToken, RuntimeTypeHandle[] typeInstantiationContext, RuntimeTypeHandle[] methodInstantiationContext)
   at System.ModuleHandle.ResolveTypeHandle(Int32 typeToken, RuntimeTypeHandle[] typeInstantiationContext, RuntimeTypeHandle[] methodInstantiationContext)
   at System.Reflection.RuntimeModule.ResolveType(Int32 metadataToken, Type[] genericTypeArguments, Type[] genericMethodArguments)
   at System.Reflection.CustomAttribute.FilterCustomAttributeRecord(CustomAttributeRecord caRecord, MetadataImport scope, Assembly& lastAptcaOkAssembly, RuntimeModule decoratedModule, MetadataToken decoratedToken, RuntimeType attributeFilterType, Boolean mustBeInheritable, Object[] attributes, IList derivedAttributes, RuntimeType& attributeType, IRuntimeMethodInfo& ctor, Boolean& ctorHasParameters, Boolean& isVarArg)
   at System.Reflection.CustomAttribute.GetCustomAttributes(RuntimeModule decoratedModule, Int32 decoratedMetadataToken, Int32 pcaCount, RuntimeType attributeFilterType, Boolean mustBeInheritable, IList derivedAttributes, Boolean isDecoratedTargetSecurityTransparent)
   at System.Reflection.CustomAttribute.GetCustomAttributes(RuntimeAssembly assembly, RuntimeType caType)
   at Owin.Loader.DefaultLoader.SearchForStartupAttribute(String friendlyName, IList`1 errors, Boolean& conflict)
   at Owin.Loader.DefaultLoader.LoadImplementation(String startupName, IList`1 errorDetails)
   at Microsoft.Owin.Host.SystemWeb.OwinBuilder.GetAppStartup()
   at Microsoft.Owin.Host.SystemWeb.OwinHttpModule.InitializeBlueprint()
   at System.Threading.LazyInitializer.EnsureInitializedCore[T](T& target, Boolean& initialized, Object& syncLock, Func`1 valueFactory)
   at Microsoft.Owin.Host.SystemWeb.OwinHttpModule.Init(HttpApplication context)
   at System.Web.HttpApplication.InitModulesCommon()
   at System.Web.HttpApplication.InitInternal(HttpContext context, HttpApplicationState state, MethodInfo[] handlers)
   at System.Web.HttpApplicationFactory.GetNormalApplicationInstance(HttpContext context)
   at System.Web.HttpApplicationFactory.GetApplicationInstance(HttpContext context)
   at System.Web.HttpRuntime.ProcessRequestInternal(HttpWorkerRequest wr)
-->
  Expected: not null
  But was:  null
]]></message>
                      <stack-trace><![CDATA[at Orchard.Specs.Bindings.WebAppHosting.WhenIFillIn(Table table) in e:\expedit\projects\nkd\src\main\NKD.Orchard\src\Orchard.Specs\Bindings\WebAppHosting.cs:line 254
at Orchard.Specs.Bindings.OrchardSiteFactory.GivenIHaveInstalledOrchard(String virtualDirectory) in e:\expedit\projects\nkd\src\main\NKD.Orchard\src\Orchard.Specs\Bindings\OrchardSiteFactory.cs:line 38
at TechTalk.SpecFlow.Bindings.BindingInvoker.InvokeBinding(IBinding binding, IContextManager contextManager, Object[] arguments, ITestTracer testTracer, TimeSpan& duration)
at TechTalk.SpecFlow.Infrastructure.TestExecutionEngine.ExecuteStepMatch(BindingMatch match, Object[] arguments)
at TechTalk.SpecFlow.Infrastructure.TestExecutionEngine.ExecuteStep(StepInstance stepInstance)
at TechTalk.SpecFlow.Infrastructure.TestExecutionEngine.OnAfterLastStep()
]]></stack-trace>
                    </failure>
                  </test-case>
                  <test-case name="Orchard.Specs.ContentRightsManagementFeature.UsersCanCreateAndEditAPageEvenIfTheyOnlyHaveThePublishOwnContentPermission" description="Users can create and edit a Page even if they only have the PublishOwnContent permission" executed="True" success="False" time="34.451" asserts="1">
                    <failure>
                      <message><![CDATA[  Unable to locate <input> name SiteName in page html:

<!DOCTYPE html>
<html>
    <head>
        <title>Could not load file or assembly 'DevExpress.CodeRush.Common, Version=10.1.0.0, Culture=neutral, PublicKeyToken=35c9f04b7764aa3d' or one of its dependencies. The system cannot find the file specified.</title>
        <meta name="viewport" content="width=device-width" />
        <style>
         body {font-family:"Verdana";font-weight:normal;font-size: .7em;color:black;} 
         p {font-family:"Verdana";font-weight:normal;color:black;margin-top: -5px}
         b {font-family:"Verdana";font-weight:bold;color:black;margin-top: -5px}
         H1 { font-family:"Verdana";font-weight:normal;font-size:18pt;color:red }
         H2 { font-family:"Verdana";font-weight:normal;font-size:14pt;color:maroon }
         pre {font-family:"Consolas","Lucida Console",Monospace;font-size:11pt;margin:0;padding:0.5em;line-height:14pt}
         .marker {font-weight: bold; color: black;text-decoration: none;}
         .version {color: gray;}
         .error {margin-bottom: 10px;}
         .expandable { text-decoration:underline; font-weight:bold; color:navy; cursor:hand; }
         @media screen and (max-width: 639px) {
          pre { width: 440px; overflow: auto; white-space: pre-wrap; word-wrap: break-word; }
         }
         @media screen and (max-width: 479px) {
          pre { width: 280px; }
         }
        </style>
    </head>

    <body bgcolor="white">

            <span><H1>Server Error in '/' Application.<hr width=100% size=1 color=silver></H1>

            <h2> <i>Could not load file or assembly 'DevExpress.CodeRush.Common, Version=10.1.0.0, Culture=neutral, PublicKeyToken=35c9f04b7764aa3d' or one of its dependencies. The system cannot find the file specified.</i> </h2></span>

            <font face="Arial, Helvetica, Geneva, SunSans-Regular, sans-serif ">

            <b> Description: </b>An unhandled exception occurred during the execution of the current web request. Please review the stack trace for more information about the error and where it originated in the code.

            <br><br>

            <b> Exception Details: </b>System.IO.FileNotFoundException: Could not load file or assembly 'DevExpress.CodeRush.Common, Version=10.1.0.0, Culture=neutral, PublicKeyToken=35c9f04b7764aa3d' or one of its dependencies. The system cannot find the file specified.<br><br>

            <b>Source Error:</b> <br><br>

            <table width=100% bgcolor="#ffffcc">
               <tr>
                  <td>
                      <code>

An unhandled exception was generated during the execution of the current web request. Information regarding the origin and location of the exception can be identified using the exception stack trace below.</code>

                  </td>
               </tr>
            </table>

            <br>

            <b>Assembly Load Trace:</b> The following information can be helpful to determine why the assembly 'DevExpress.CodeRush.Common, Version=10.1.0.0, Culture=neutral, PublicKeyToken=35c9f04b7764aa3d' could not be loaded.<br><br>

            <table width=100% bgcolor="#ffffcc">
               <tr>
                  <td>
                      <code><pre>

WRN: Assembly binding logging is turned OFF.
To enable assembly bind failure logging, set the registry value [HKLM\Software\Microsoft\Fusion!EnableLog] (DWORD) to 1.
Note: There is some performance penalty associated with assembly bind failure logging.
To turn this feature off, remove the registry value [HKLM\Software\Microsoft\Fusion!EnableLog].
</pre></code>

                  </td>
               </tr>
            </table>

            <br>

            <b>Stack Trace:</b> <br><br>

            <table width=100% bgcolor="#ffffcc">
               <tr>
                  <td>
                      <code><pre>

[FileNotFoundException: Could not load file or assembly &#39;DevExpress.CodeRush.Common, Version=10.1.0.0, Culture=neutral, PublicKeyToken=35c9f04b7764aa3d&#39; or one of its dependencies. The system cannot find the file specified.]
   System.ModuleHandle.ResolveType(RuntimeModule module, Int32 typeToken, IntPtr* typeInstArgs, Int32 typeInstCount, IntPtr* methodInstArgs, Int32 methodInstCount, ObjectHandleOnStack type) +0
   System.ModuleHandle.ResolveTypeHandleInternal(RuntimeModule module, Int32 typeToken, RuntimeTypeHandle[] typeInstantiationContext, RuntimeTypeHandle[] methodInstantiationContext) +371
   System.ModuleHandle.ResolveTypeHandle(Int32 typeToken, RuntimeTypeHandle[] typeInstantiationContext, RuntimeTypeHandle[] methodInstantiationContext) +19
   System.Reflection.RuntimeModule.ResolveType(Int32 metadataToken, Type[] genericTypeArguments, Type[] genericMethodArguments) +319
   System.Reflection.CustomAttribute.FilterCustomAttributeRecord(CustomAttributeRecord caRecord, MetadataImport scope, Assembly&amp; lastAptcaOkAssembly, RuntimeModule decoratedModule, MetadataToken decoratedToken, RuntimeType attributeFilterType, Boolean mustBeInheritable, Object[] attributes, IList derivedAttributes, RuntimeType&amp; attributeType, IRuntimeMethodInfo&amp; ctor, Boolean&amp; ctorHasParameters, Boolean&amp; isVarArg) +203
   System.Reflection.CustomAttribute.GetCustomAttributes(RuntimeModule decoratedModule, Int32 decoratedMetadataToken, Int32 pcaCount, RuntimeType attributeFilterType, Boolean mustBeInheritable, IList derivedAttributes, Boolean isDecoratedTargetSecurityTransparent) +1179
   System.Reflection.CustomAttribute.GetCustomAttributes(RuntimeAssembly assembly, RuntimeType caType) +146
   Owin.Loader.DefaultLoader.SearchForStartupAttribute(String friendlyName, IList`1 errors, Boolean&amp; conflict) +180
   Owin.Loader.DefaultLoader.LoadImplementation(String startupName, IList`1 errorDetails) +184
   Microsoft.Owin.Host.SystemWeb.OwinBuilder.GetAppStartup() +138
   Microsoft.Owin.Host.SystemWeb.OwinHttpModule.InitializeBlueprint() +38
   System.Threading.LazyInitializer.EnsureInitializedCore(T&amp; target, Boolean&amp; initialized, Object&amp; syncLock, Func`1 valueFactory) +241
   Microsoft.Owin.Host.SystemWeb.OwinHttpModule.Init(HttpApplication context) +129
   System.Web.HttpApplication.InitModulesCommon() +192
   System.Web.HttpApplication.InitInternal(HttpContext context, HttpApplicationState state, MethodInfo[] handlers) +1582
   System.Web.HttpApplicationFactory.GetNormalApplicationInstance(HttpContext context) +365
   System.Web.HttpApplicationFactory.GetApplicationInstance(HttpContext context) +200
   System.Web.HttpRuntime.ProcessRequestInternal(HttpWorkerRequest wr) +591
</pre></code>

                  </td>
               </tr>
            </table>

            <br>

            <hr width=100% size=1 color=silver>

            <b>Version Information:</b>&nbsp;Microsoft .NET Framework Version:4.0.30319; ASP.NET Version:4.0.30319.34009

            </font>

    </body>
</html>
<!-- 
[FileNotFoundException]: Could not load file or assembly &#39;DevExpress.CodeRush.Common, Version=10.1.0.0, Culture=neutral, PublicKeyToken=35c9f04b7764aa3d&#39; or one of its dependencies. The system cannot find the file specified.
   at System.ModuleHandle.ResolveType(RuntimeModule module, Int32 typeToken, IntPtr* typeInstArgs, Int32 typeInstCount, IntPtr* methodInstArgs, Int32 methodInstCount, ObjectHandleOnStack type)
   at System.ModuleHandle.ResolveTypeHandleInternal(RuntimeModule module, Int32 typeToken, RuntimeTypeHandle[] typeInstantiationContext, RuntimeTypeHandle[] methodInstantiationContext)
   at System.ModuleHandle.ResolveTypeHandle(Int32 typeToken, RuntimeTypeHandle[] typeInstantiationContext, RuntimeTypeHandle[] methodInstantiationContext)
   at System.Reflection.RuntimeModule.ResolveType(Int32 metadataToken, Type[] genericTypeArguments, Type[] genericMethodArguments)
   at System.Reflection.CustomAttribute.FilterCustomAttributeRecord(CustomAttributeRecord caRecord, MetadataImport scope, Assembly& lastAptcaOkAssembly, RuntimeModule decoratedModule, MetadataToken decoratedToken, RuntimeType attributeFilterType, Boolean mustBeInheritable, Object[] attributes, IList derivedAttributes, RuntimeType& attributeType, IRuntimeMethodInfo& ctor, Boolean& ctorHasParameters, Boolean& isVarArg)
   at System.Reflection.CustomAttribute.GetCustomAttributes(RuntimeModule decoratedModule, Int32 decoratedMetadataToken, Int32 pcaCount, RuntimeType attributeFilterType, Boolean mustBeInheritable, IList derivedAttributes, Boolean isDecoratedTargetSecurityTransparent)
   at System.Reflection.CustomAttribute.GetCustomAttributes(RuntimeAssembly assembly, RuntimeType caType)
   at Owin.Loader.DefaultLoader.SearchForStartupAttribute(String friendlyName, IList`1 errors, Boolean& conflict)
   at Owin.Loader.DefaultLoader.LoadImplementation(String startupName, IList`1 errorDetails)
   at Microsoft.Owin.Host.SystemWeb.OwinBuilder.GetAppStartup()
   at Microsoft.Owin.Host.SystemWeb.OwinHttpModule.InitializeBlueprint()
   at System.Threading.LazyInitializer.EnsureInitializedCore[T](T& target, Boolean& initialized, Object& syncLock, Func`1 valueFactory)
   at Microsoft.Owin.Host.SystemWeb.OwinHttpModule.Init(HttpApplication context)
   at System.Web.HttpApplication.InitModulesCommon()
   at System.Web.HttpApplication.InitInternal(HttpContext context, HttpApplicationState state, MethodInfo[] handlers)
   at System.Web.HttpApplicationFactory.GetNormalApplicationInstance(HttpContext context)
   at System.Web.HttpApplicationFactory.GetApplicationInstance(HttpContext context)
   at System.Web.HttpRuntime.ProcessRequestInternal(HttpWorkerRequest wr)
-->
  Expected: not null
  But was:  null
]]></message>
                      <stack-trace><![CDATA[at Orchard.Specs.Bindings.WebAppHosting.WhenIFillIn(Table table) in e:\expedit\projects\nkd\src\main\NKD.Orchard\src\Orchard.Specs\Bindings\WebAppHosting.cs:line 254
at Orchard.Specs.Bindings.OrchardSiteFactory.GivenIHaveInstalledOrchard(String virtualDirectory) in e:\expedit\projects\nkd\src\main\NKD.Orchard\src\Orchard.Specs\Bindings\OrchardSiteFactory.cs:line 38
at TechTalk.SpecFlow.Bindings.BindingInvoker.InvokeBinding(IBinding binding, IContextManager contextManager, Object[] arguments, ITestTracer testTracer, TimeSpan& duration)
at TechTalk.SpecFlow.Infrastructure.TestExecutionEngine.ExecuteStepMatch(BindingMatch match, Object[] arguments)
at TechTalk.SpecFlow.Infrastructure.TestExecutionEngine.ExecuteStep(StepInstance stepInstance)
at TechTalk.SpecFlow.Infrastructure.TestExecutionEngine.OnAfterLastStep()
]]></stack-trace>
                    </failure>
                  </test-case>
                  <test-case name="Orchard.Specs.ContentRightsManagementFeature.UsersCanCreateAPageForOthersIfTheyOnlyHavePublish_Page" description="Users can create a Page for others if they only have Publish_Page" executed="True" success="False" time="34.481" asserts="1">
                    <failure>
                      <message><![CDATA[  Unable to locate <input> name SiteName in page html:

<!DOCTYPE html>
<html>
    <head>
        <title>Could not load file or assembly 'DevExpress.CodeRush.Common, Version=10.1.0.0, Culture=neutral, PublicKeyToken=35c9f04b7764aa3d' or one of its dependencies. The system cannot find the file specified.</title>
        <meta name="viewport" content="width=device-width" />
        <style>
         body {font-family:"Verdana";font-weight:normal;font-size: .7em;color:black;} 
         p {font-family:"Verdana";font-weight:normal;color:black;margin-top: -5px}
         b {font-family:"Verdana";font-weight:bold;color:black;margin-top: -5px}
         H1 { font-family:"Verdana";font-weight:normal;font-size:18pt;color:red }
         H2 { font-family:"Verdana";font-weight:normal;font-size:14pt;color:maroon }
         pre {font-family:"Consolas","Lucida Console",Monospace;font-size:11pt;margin:0;padding:0.5em;line-height:14pt}
         .marker {font-weight: bold; color: black;text-decoration: none;}
         .version {color: gray;}
         .error {margin-bottom: 10px;}
         .expandable { text-decoration:underline; font-weight:bold; color:navy; cursor:hand; }
         @media screen and (max-width: 639px) {
          pre { width: 440px; overflow: auto; white-space: pre-wrap; word-wrap: break-word; }
         }
         @media screen and (max-width: 479px) {
          pre { width: 280px; }
         }
        </style>
    </head>

    <body bgcolor="white">

            <span><H1>Server Error in '/' Application.<hr width=100% size=1 color=silver></H1>

            <h2> <i>Could not load file or assembly 'DevExpress.CodeRush.Common, Version=10.1.0.0, Culture=neutral, PublicKeyToken=35c9f04b7764aa3d' or one of its dependencies. The system cannot find the file specified.</i> </h2></span>

            <font face="Arial, Helvetica, Geneva, SunSans-Regular, sans-serif ">

            <b> Description: </b>An unhandled exception occurred during the execution of the current web request. Please review the stack trace for more information about the error and where it originated in the code.

            <br><br>

            <b> Exception Details: </b>System.IO.FileNotFoundException: Could not load file or assembly 'DevExpress.CodeRush.Common, Version=10.1.0.0, Culture=neutral, PublicKeyToken=35c9f04b7764aa3d' or one of its dependencies. The system cannot find the file specified.<br><br>

            <b>Source Error:</b> <br><br>

            <table width=100% bgcolor="#ffffcc">
               <tr>
                  <td>
                      <code>

An unhandled exception was generated during the execution of the current web request. Information regarding the origin and location of the exception can be identified using the exception stack trace below.</code>

                  </td>
               </tr>
            </table>

            <br>

            <b>Assembly Load Trace:</b> The following information can be helpful to determine why the assembly 'DevExpress.CodeRush.Common, Version=10.1.0.0, Culture=neutral, PublicKeyToken=35c9f04b7764aa3d' could not be loaded.<br><br>

            <table width=100% bgcolor="#ffffcc">
               <tr>
                  <td>
                      <code><pre>

WRN: Assembly binding logging is turned OFF.
To enable assembly bind failure logging, set the registry value [HKLM\Software\Microsoft\Fusion!EnableLog] (DWORD) to 1.
Note: There is some performance penalty associated with assembly bind failure logging.
To turn this feature off, remove the registry value [HKLM\Software\Microsoft\Fusion!EnableLog].
</pre></code>

                  </td>
               </tr>
            </table>

            <br>

            <b>Stack Trace:</b> <br><br>

            <table width=100% bgcolor="#ffffcc">
               <tr>
                  <td>
                      <code><pre>

[FileNotFoundException: Could not load file or assembly &#39;DevExpress.CodeRush.Common, Version=10.1.0.0, Culture=neutral, PublicKeyToken=35c9f04b7764aa3d&#39; or one of its dependencies. The system cannot find the file specified.]
   System.ModuleHandle.ResolveType(RuntimeModule module, Int32 typeToken, IntPtr* typeInstArgs, Int32 typeInstCount, IntPtr* methodInstArgs, Int32 methodInstCount, ObjectHandleOnStack type) +0
   System.ModuleHandle.ResolveTypeHandleInternal(RuntimeModule module, Int32 typeToken, RuntimeTypeHandle[] typeInstantiationContext, RuntimeTypeHandle[] methodInstantiationContext) +371
   System.ModuleHandle.ResolveTypeHandle(Int32 typeToken, RuntimeTypeHandle[] typeInstantiationContext, RuntimeTypeHandle[] methodInstantiationContext) +19
   System.Reflection.RuntimeModule.ResolveType(Int32 metadataToken, Type[] genericTypeArguments, Type[] genericMethodArguments) +319
   System.Reflection.CustomAttribute.FilterCustomAttributeRecord(CustomAttributeRecord caRecord, MetadataImport scope, Assembly&amp; lastAptcaOkAssembly, RuntimeModule decoratedModule, MetadataToken decoratedToken, RuntimeType attributeFilterType, Boolean mustBeInheritable, Object[] attributes, IList derivedAttributes, RuntimeType&amp; attributeType, IRuntimeMethodInfo&amp; ctor, Boolean&amp; ctorHasParameters, Boolean&amp; isVarArg) +203
   System.Reflection.CustomAttribute.GetCustomAttributes(RuntimeModule decoratedModule, Int32 decoratedMetadataToken, Int32 pcaCount, RuntimeType attributeFilterType, Boolean mustBeInheritable, IList derivedAttributes, Boolean isDecoratedTargetSecurityTransparent) +1179
   System.Reflection.CustomAttribute.GetCustomAttributes(RuntimeAssembly assembly, RuntimeType caType) +146
   Owin.Loader.DefaultLoader.SearchForStartupAttribute(String friendlyName, IList`1 errors, Boolean&amp; conflict) +180
   Owin.Loader.DefaultLoader.LoadImplementation(String startupName, IList`1 errorDetails) +184
   Microsoft.Owin.Host.SystemWeb.OwinBuilder.GetAppStartup() +138
   Microsoft.Owin.Host.SystemWeb.OwinHttpModule.InitializeBlueprint() +38
   System.Threading.LazyInitializer.EnsureInitializedCore(T&amp; target, Boolean&amp; initialized, Object&amp; syncLock, Func`1 valueFactory) +241
   Microsoft.Owin.Host.SystemWeb.OwinHttpModule.Init(HttpApplication context) +129
   System.Web.HttpApplication.InitModulesCommon() +192
   System.Web.HttpApplication.InitInternal(HttpContext context, HttpApplicationState state, MethodInfo[] handlers) +1582
   System.Web.HttpApplicationFactory.GetNormalApplicationInstance(HttpContext context) +365
   System.Web.HttpApplicationFactory.GetApplicationInstance(HttpContext context) +200
   System.Web.HttpRuntime.ProcessRequestInternal(HttpWorkerRequest wr) +591
</pre></code>

                  </td>
               </tr>
            </table>

            <br>

            <hr width=100% size=1 color=silver>

            <b>Version Information:</b>&nbsp;Microsoft .NET Framework Version:4.0.30319; ASP.NET Version:4.0.30319.34009

            </font>

    </body>
</html>
<!-- 
[FileNotFoundException]: Could not load file or assembly &#39;DevExpress.CodeRush.Common, Version=10.1.0.0, Culture=neutral, PublicKeyToken=35c9f04b7764aa3d&#39; or one of its dependencies. The system cannot find the file specified.
   at System.ModuleHandle.ResolveType(RuntimeModule module, Int32 typeToken, IntPtr* typeInstArgs, Int32 typeInstCount, IntPtr* methodInstArgs, Int32 methodInstCount, ObjectHandleOnStack type)
   at System.ModuleHandle.ResolveTypeHandleInternal(RuntimeModule module, Int32 typeToken, RuntimeTypeHandle[] typeInstantiationContext, RuntimeTypeHandle[] methodInstantiationContext)
   at System.ModuleHandle.ResolveTypeHandle(Int32 typeToken, RuntimeTypeHandle[] typeInstantiationContext, RuntimeTypeHandle[] methodInstantiationContext)
   at System.Reflection.RuntimeModule.ResolveType(Int32 metadataToken, Type[] genericTypeArguments, Type[] genericMethodArguments)
   at System.Reflection.CustomAttribute.FilterCustomAttributeRecord(CustomAttributeRecord caRecord, MetadataImport scope, Assembly& lastAptcaOkAssembly, RuntimeModule decoratedModule, MetadataToken decoratedToken, RuntimeType attributeFilterType, Boolean mustBeInheritable, Object[] attributes, IList derivedAttributes, RuntimeType& attributeType, IRuntimeMethodInfo& ctor, Boolean& ctorHasParameters, Boolean& isVarArg)
   at System.Reflection.CustomAttribute.GetCustomAttributes(RuntimeModule decoratedModule, Int32 decoratedMetadataToken, Int32 pcaCount, RuntimeType attributeFilterType, Boolean mustBeInheritable, IList derivedAttributes, Boolean isDecoratedTargetSecurityTransparent)
   at System.Reflection.CustomAttribute.GetCustomAttributes(RuntimeAssembly assembly, RuntimeType caType)
   at Owin.Loader.DefaultLoader.SearchForStartupAttribute(String friendlyName, IList`1 errors, Boolean& conflict)
   at Owin.Loader.DefaultLoader.LoadImplementation(String startupName, IList`1 errorDetails)
   at Microsoft.Owin.Host.SystemWeb.OwinBuilder.GetAppStartup()
   at Microsoft.Owin.Host.SystemWeb.OwinHttpModule.InitializeBlueprint()
   at System.Threading.LazyInitializer.EnsureInitializedCore[T](T& target, Boolean& initialized, Object& syncLock, Func`1 valueFactory)
   at Microsoft.Owin.Host.SystemWeb.OwinHttpModule.Init(HttpApplication context)
   at System.Web.HttpApplication.InitModulesCommon()
   at System.Web.HttpApplication.InitInternal(HttpContext context, HttpApplicationState state, MethodInfo[] handlers)
   at System.Web.HttpApplicationFactory.GetNormalApplicationInstance(HttpContext context)
   at System.Web.HttpApplicationFactory.GetApplicationInstance(HttpContext context)
   at System.Web.HttpRuntime.ProcessRequestInternal(HttpWorkerRequest wr)
-->
  Expected: not null
  But was:  null
]]></message>
                      <stack-trace><![CDATA[at Orchard.Specs.Bindings.WebAppHosting.WhenIFillIn(Table table) in e:\expedit\projects\nkd\src\main\NKD.Orchard\src\Orchard.Specs\Bindings\WebAppHosting.cs:line 254
at Orchard.Specs.Bindings.OrchardSiteFactory.GivenIHaveInstalledOrchard(String virtualDirectory) in e:\expedit\projects\nkd\src\main\NKD.Orchard\src\Orchard.Specs\Bindings\OrchardSiteFactory.cs:line 38
at TechTalk.SpecFlow.Bindings.BindingInvoker.InvokeBinding(IBinding binding, IContextManager contextManager, Object[] arguments, ITestTracer testTracer, TimeSpan& duration)
at TechTalk.SpecFlow.Infrastructure.TestExecutionEngine.ExecuteStepMatch(BindingMatch match, Object[] arguments)
at TechTalk.SpecFlow.Infrastructure.TestExecutionEngine.ExecuteStep(StepInstance stepInstance)
at TechTalk.SpecFlow.Infrastructure.TestExecutionEngine.OnAfterLastStep()
]]></stack-trace>
                    </failure>
                  </test-case>
                  <test-case name="Orchard.Specs.ContentRightsManagementFeature.UsersCanCreateAPageIfTheyHavePublishOwnContentForPage" description="Users can create a Page if they have PublishOwnContent for Page" executed="True" success="False" time="38.776" asserts="1">
                    <failure>
                      <message><![CDATA[  Unable to locate <input> name SiteName in page html:

<!DOCTYPE html>
<html>
    <head>
        <title>Could not load file or assembly 'DevExpress.CodeRush.Common, Version=10.1.0.0, Culture=neutral, PublicKeyToken=35c9f04b7764aa3d' or one of its dependencies. The system cannot find the file specified.</title>
        <meta name="viewport" content="width=device-width" />
        <style>
         body {font-family:"Verdana";font-weight:normal;font-size: .7em;color:black;} 
         p {font-family:"Verdana";font-weight:normal;color:black;margin-top: -5px}
         b {font-family:"Verdana";font-weight:bold;color:black;margin-top: -5px}
         H1 { font-family:"Verdana";font-weight:normal;font-size:18pt;color:red }
         H2 { font-family:"Verdana";font-weight:normal;font-size:14pt;color:maroon }
         pre {font-family:"Consolas","Lucida Console",Monospace;font-size:11pt;margin:0;padding:0.5em;line-height:14pt}
         .marker {font-weight: bold; color: black;text-decoration: none;}
         .version {color: gray;}
         .error {margin-bottom: 10px;}
         .expandable { text-decoration:underline; font-weight:bold; color:navy; cursor:hand; }
         @media screen and (max-width: 639px) {
          pre { width: 440px; overflow: auto; white-space: pre-wrap; word-wrap: break-word; }
         }
         @media screen and (max-width: 479px) {
          pre { width: 280px; }
         }
        </style>
    </head>

    <body bgcolor="white">

            <span><H1>Server Error in '/' Application.<hr width=100% size=1 color=silver></H1>

            <h2> <i>Could not load file or assembly 'DevExpress.CodeRush.Common, Version=10.1.0.0, Culture=neutral, PublicKeyToken=35c9f04b7764aa3d' or one of its dependencies. The system cannot find the file specified.</i> </h2></span>

            <font face="Arial, Helvetica, Geneva, SunSans-Regular, sans-serif ">

            <b> Description: </b>An unhandled exception occurred during the execution of the current web request. Please review the stack trace for more information about the error and where it originated in the code.

            <br><br>

            <b> Exception Details: </b>System.IO.FileNotFoundException: Could not load file or assembly 'DevExpress.CodeRush.Common, Version=10.1.0.0, Culture=neutral, PublicKeyToken=35c9f04b7764aa3d' or one of its dependencies. The system cannot find the file specified.<br><br>

            <b>Source Error:</b> <br><br>

            <table width=100% bgcolor="#ffffcc">
               <tr>
                  <td>
                      <code>

An unhandled exception was generated during the execution of the current web request. Information regarding the origin and location of the exception can be identified using the exception stack trace below.</code>

                  </td>
               </tr>
            </table>

            <br>

            <b>Assembly Load Trace:</b> The following information can be helpful to determine why the assembly 'DevExpress.CodeRush.Common, Version=10.1.0.0, Culture=neutral, PublicKeyToken=35c9f04b7764aa3d' could not be loaded.<br><br>

            <table width=100% bgcolor="#ffffcc">
               <tr>
                  <td>
                      <code><pre>

WRN: Assembly binding logging is turned OFF.
To enable assembly bind failure logging, set the registry value [HKLM\Software\Microsoft\Fusion!EnableLog] (DWORD) to 1.
Note: There is some performance penalty associated with assembly bind failure logging.
To turn this feature off, remove the registry value [HKLM\Software\Microsoft\Fusion!EnableLog].
</pre></code>

                  </td>
               </tr>
            </table>

            <br>

            <b>Stack Trace:</b> <br><br>

            <table width=100% bgcolor="#ffffcc">
               <tr>
                  <td>
                      <code><pre>

[FileNotFoundException: Could not load file or assembly &#39;DevExpress.CodeRush.Common, Version=10.1.0.0, Culture=neutral, PublicKeyToken=35c9f04b7764aa3d&#39; or one of its dependencies. The system cannot find the file specified.]
   System.ModuleHandle.ResolveType(RuntimeModule module, Int32 typeToken, IntPtr* typeInstArgs, Int32 typeInstCount, IntPtr* methodInstArgs, Int32 methodInstCount, ObjectHandleOnStack type) +0
   System.ModuleHandle.ResolveTypeHandleInternal(RuntimeModule module, Int32 typeToken, RuntimeTypeHandle[] typeInstantiationContext, RuntimeTypeHandle[] methodInstantiationContext) +371
   System.ModuleHandle.ResolveTypeHandle(Int32 typeToken, RuntimeTypeHandle[] typeInstantiationContext, RuntimeTypeHandle[] methodInstantiationContext) +19
   System.Reflection.RuntimeModule.ResolveType(Int32 metadataToken, Type[] genericTypeArguments, Type[] genericMethodArguments) +319
   System.Reflection.CustomAttribute.FilterCustomAttributeRecord(CustomAttributeRecord caRecord, MetadataImport scope, Assembly&amp; lastAptcaOkAssembly, RuntimeModule decoratedModule, MetadataToken decoratedToken, RuntimeType attributeFilterType, Boolean mustBeInheritable, Object[] attributes, IList derivedAttributes, RuntimeType&amp; attributeType, IRuntimeMethodInfo&amp; ctor, Boolean&amp; ctorHasParameters, Boolean&amp; isVarArg) +203
   System.Reflection.CustomAttribute.GetCustomAttributes(RuntimeModule decoratedModule, Int32 decoratedMetadataToken, Int32 pcaCount, RuntimeType attributeFilterType, Boolean mustBeInheritable, IList derivedAttributes, Boolean isDecoratedTargetSecurityTransparent) +1179
   System.Reflection.CustomAttribute.GetCustomAttributes(RuntimeAssembly assembly, RuntimeType caType) +146
   Owin.Loader.DefaultLoader.SearchForStartupAttribute(String friendlyName, IList`1 errors, Boolean&amp; conflict) +180
   Owin.Loader.DefaultLoader.LoadImplementation(String startupName, IList`1 errorDetails) +184
   Microsoft.Owin.Host.SystemWeb.OwinBuilder.GetAppStartup() +138
   Microsoft.Owin.Host.SystemWeb.OwinHttpModule.InitializeBlueprint() +38
   System.Threading.LazyInitializer.EnsureInitializedCore(T&amp; target, Boolean&amp; initialized, Object&amp; syncLock, Func`1 valueFactory) +241
   Microsoft.Owin.Host.SystemWeb.OwinHttpModule.Init(HttpApplication context) +129
   System.Web.HttpApplication.InitModulesCommon() +192
   System.Web.HttpApplication.InitInternal(HttpContext context, HttpApplicationState state, MethodInfo[] handlers) +1582
   System.Web.HttpApplicationFactory.GetNormalApplicationInstance(HttpContext context) +365
   System.Web.HttpApplicationFactory.GetApplicationInstance(HttpContext context) +200
   System.Web.HttpRuntime.ProcessRequestInternal(HttpWorkerRequest wr) +591
</pre></code>

                  </td>
               </tr>
            </table>

            <br>

            <hr width=100% size=1 color=silver>

            <b>Version Information:</b>&nbsp;Microsoft .NET Framework Version:4.0.30319; ASP.NET Version:4.0.30319.34009

            </font>

    </body>
</html>
<!-- 
[FileNotFoundException]: Could not load file or assembly &#39;DevExpress.CodeRush.Common, Version=10.1.0.0, Culture=neutral, PublicKeyToken=35c9f04b7764aa3d&#39; or one of its dependencies. The system cannot find the file specified.
   at System.ModuleHandle.ResolveType(RuntimeModule module, Int32 typeToken, IntPtr* typeInstArgs, Int32 typeInstCount, IntPtr* methodInstArgs, Int32 methodInstCount, ObjectHandleOnStack type)
   at System.ModuleHandle.ResolveTypeHandleInternal(RuntimeModule module, Int32 typeToken, RuntimeTypeHandle[] typeInstantiationContext, RuntimeTypeHandle[] methodInstantiationContext)
   at System.ModuleHandle.ResolveTypeHandle(Int32 typeToken, RuntimeTypeHandle[] typeInstantiationContext, RuntimeTypeHandle[] methodInstantiationContext)
   at System.Reflection.RuntimeModule.ResolveType(Int32 metadataToken, Type[] genericTypeArguments, Type[] genericMethodArguments)
   at System.Reflection.CustomAttribute.FilterCustomAttributeRecord(CustomAttributeRecord caRecord, MetadataImport scope, Assembly& lastAptcaOkAssembly, RuntimeModule decoratedModule, MetadataToken decoratedToken, RuntimeType attributeFilterType, Boolean mustBeInheritable, Object[] attributes, IList derivedAttributes, RuntimeType& attributeType, IRuntimeMethodInfo& ctor, Boolean& ctorHasParameters, Boolean& isVarArg)
   at System.Reflection.CustomAttribute.GetCustomAttributes(RuntimeModule decoratedModule, Int32 decoratedMetadataToken, Int32 pcaCount, RuntimeType attributeFilterType, Boolean mustBeInheritable, IList derivedAttributes, Boolean isDecoratedTargetSecurityTransparent)
   at System.Reflection.CustomAttribute.GetCustomAttributes(RuntimeAssembly assembly, RuntimeType caType)
   at Owin.Loader.DefaultLoader.SearchForStartupAttribute(String friendlyName, IList`1 errors, Boolean& conflict)
   at Owin.Loader.DefaultLoader.LoadImplementation(String startupName, IList`1 errorDetails)
   at Microsoft.Owin.Host.SystemWeb.OwinBuilder.GetAppStartup()
   at Microsoft.Owin.Host.SystemWeb.OwinHttpModule.InitializeBlueprint()
   at System.Threading.LazyInitializer.EnsureInitializedCore[T](T& target, Boolean& initialized, Object& syncLock, Func`1 valueFactory)
   at Microsoft.Owin.Host.SystemWeb.OwinHttpModule.Init(HttpApplication context)
   at System.Web.HttpApplication.InitModulesCommon()
   at System.Web.HttpApplication.InitInternal(HttpContext context, HttpApplicationState state, MethodInfo[] handlers)
   at System.Web.HttpApplicationFactory.GetNormalApplicationInstance(HttpContext context)
   at System.Web.HttpApplicationFactory.GetApplicationInstance(HttpContext context)
   at System.Web.HttpRuntime.ProcessRequestInternal(HttpWorkerRequest wr)
-->
  Expected: not null
  But was:  null
]]></message>
                      <stack-trace><![CDATA[at Orchard.Specs.Bindings.WebAppHosting.WhenIFillIn(Table table) in e:\expedit\projects\nkd\src\main\NKD.Orchard\src\Orchard.Specs\Bindings\WebAppHosting.cs:line 254
at Orchard.Specs.Bindings.OrchardSiteFactory.GivenIHaveInstalledOrchard(String virtualDirectory) in e:\expedit\projects\nkd\src\main\NKD.Orchard\src\Orchard.Specs\Bindings\OrchardSiteFactory.cs:line 38
at TechTalk.SpecFlow.Bindings.BindingInvoker.InvokeBinding(IBinding binding, IContextManager contextManager, Object[] arguments, ITestTracer testTracer, TimeSpan& duration)
at TechTalk.SpecFlow.Infrastructure.TestExecutionEngine.ExecuteStepMatch(BindingMatch match, Object[] arguments)
at TechTalk.SpecFlow.Infrastructure.TestExecutionEngine.ExecuteStep(StepInstance stepInstance)
at TechTalk.SpecFlow.Infrastructure.TestExecutionEngine.OnAfterLastStep()
]]></stack-trace>
                    </failure>
                  </test-case>
                  <test-case name="Orchard.Specs.ContentRightsManagementFeature.UsersCanCreateAPageOfOthersIfTheyHavePublishContentPermission" description="Users can create a Page of others if they have PublishContent permission" executed="True" success="False" time="33.615" asserts="1">
                    <failure>
                      <message><![CDATA[  Unable to locate <input> name SiteName in page html:

<!DOCTYPE html>
<html>
    <head>
        <title>Could not load file or assembly 'DevExpress.CodeRush.Common, Version=10.1.0.0, Culture=neutral, PublicKeyToken=35c9f04b7764aa3d' or one of its dependencies. The system cannot find the file specified.</title>
        <meta name="viewport" content="width=device-width" />
        <style>
         body {font-family:"Verdana";font-weight:normal;font-size: .7em;color:black;} 
         p {font-family:"Verdana";font-weight:normal;color:black;margin-top: -5px}
         b {font-family:"Verdana";font-weight:bold;color:black;margin-top: -5px}
         H1 { font-family:"Verdana";font-weight:normal;font-size:18pt;color:red }
         H2 { font-family:"Verdana";font-weight:normal;font-size:14pt;color:maroon }
         pre {font-family:"Consolas","Lucida Console",Monospace;font-size:11pt;margin:0;padding:0.5em;line-height:14pt}
         .marker {font-weight: bold; color: black;text-decoration: none;}
         .version {color: gray;}
         .error {margin-bottom: 10px;}
         .expandable { text-decoration:underline; font-weight:bold; color:navy; cursor:hand; }
         @media screen and (max-width: 639px) {
          pre { width: 440px; overflow: auto; white-space: pre-wrap; word-wrap: break-word; }
         }
         @media screen and (max-width: 479px) {
          pre { width: 280px; }
         }
        </style>
    </head>

    <body bgcolor="white">

            <span><H1>Server Error in '/' Application.<hr width=100% size=1 color=silver></H1>

            <h2> <i>Could not load file or assembly 'DevExpress.CodeRush.Common, Version=10.1.0.0, Culture=neutral, PublicKeyToken=35c9f04b7764aa3d' or one of its dependencies. The system cannot find the file specified.</i> </h2></span>

            <font face="Arial, Helvetica, Geneva, SunSans-Regular, sans-serif ">

            <b> Description: </b>An unhandled exception occurred during the execution of the current web request. Please review the stack trace for more information about the error and where it originated in the code.

            <br><br>

            <b> Exception Details: </b>System.IO.FileNotFoundException: Could not load file or assembly 'DevExpress.CodeRush.Common, Version=10.1.0.0, Culture=neutral, PublicKeyToken=35c9f04b7764aa3d' or one of its dependencies. The system cannot find the file specified.<br><br>

            <b>Source Error:</b> <br><br>

            <table width=100% bgcolor="#ffffcc">
               <tr>
                  <td>
                      <code>

An unhandled exception was generated during the execution of the current web request. Information regarding the origin and location of the exception can be identified using the exception stack trace below.</code>

                  </td>
               </tr>
            </table>

            <br>

            <b>Assembly Load Trace:</b> The following information can be helpful to determine why the assembly 'DevExpress.CodeRush.Common, Version=10.1.0.0, Culture=neutral, PublicKeyToken=35c9f04b7764aa3d' could not be loaded.<br><br>

            <table width=100% bgcolor="#ffffcc">
               <tr>
                  <td>
                      <code><pre>

WRN: Assembly binding logging is turned OFF.
To enable assembly bind failure logging, set the registry value [HKLM\Software\Microsoft\Fusion!EnableLog] (DWORD) to 1.
Note: There is some performance penalty associated with assembly bind failure logging.
To turn this feature off, remove the registry value [HKLM\Software\Microsoft\Fusion!EnableLog].
</pre></code>

                  </td>
               </tr>
            </table>

            <br>

            <b>Stack Trace:</b> <br><br>

            <table width=100% bgcolor="#ffffcc">
               <tr>
                  <td>
                      <code><pre>

[FileNotFoundException: Could not load file or assembly &#39;DevExpress.CodeRush.Common, Version=10.1.0.0, Culture=neutral, PublicKeyToken=35c9f04b7764aa3d&#39; or one of its dependencies. The system cannot find the file specified.]
   System.ModuleHandle.ResolveType(RuntimeModule module, Int32 typeToken, IntPtr* typeInstArgs, Int32 typeInstCount, IntPtr* methodInstArgs, Int32 methodInstCount, ObjectHandleOnStack type) +0
   System.ModuleHandle.ResolveTypeHandleInternal(RuntimeModule module, Int32 typeToken, RuntimeTypeHandle[] typeInstantiationContext, RuntimeTypeHandle[] methodInstantiationContext) +371
   System.ModuleHandle.ResolveTypeHandle(Int32 typeToken, RuntimeTypeHandle[] typeInstantiationContext, RuntimeTypeHandle[] methodInstantiationContext) +19
   System.Reflection.RuntimeModule.ResolveType(Int32 metadataToken, Type[] genericTypeArguments, Type[] genericMethodArguments) +319
   System.Reflection.CustomAttribute.FilterCustomAttributeRecord(CustomAttributeRecord caRecord, MetadataImport scope, Assembly&amp; lastAptcaOkAssembly, RuntimeModule decoratedModule, MetadataToken decoratedToken, RuntimeType attributeFilterType, Boolean mustBeInheritable, Object[] attributes, IList derivedAttributes, RuntimeType&amp; attributeType, IRuntimeMethodInfo&amp; ctor, Boolean&amp; ctorHasParameters, Boolean&amp; isVarArg) +203
   System.Reflection.CustomAttribute.GetCustomAttributes(RuntimeModule decoratedModule, Int32 decoratedMetadataToken, Int32 pcaCount, RuntimeType attributeFilterType, Boolean mustBeInheritable, IList derivedAttributes, Boolean isDecoratedTargetSecurityTransparent) +1179
   System.Reflection.CustomAttribute.GetCustomAttributes(RuntimeAssembly assembly, RuntimeType caType) +146
   Owin.Loader.DefaultLoader.SearchForStartupAttribute(String friendlyName, IList`1 errors, Boolean&amp; conflict) +180
   Owin.Loader.DefaultLoader.LoadImplementation(String startupName, IList`1 errorDetails) +184
   Microsoft.Owin.Host.SystemWeb.OwinBuilder.GetAppStartup() +138
   Microsoft.Owin.Host.SystemWeb.OwinHttpModule.InitializeBlueprint() +38
   System.Threading.LazyInitializer.EnsureInitializedCore(T&amp; target, Boolean&amp; initialized, Object&amp; syncLock, Func`1 valueFactory) +241
   Microsoft.Owin.Host.SystemWeb.OwinHttpModule.Init(HttpApplication context) +129
   System.Web.HttpApplication.InitModulesCommon() +192
   System.Web.HttpApplication.InitInternal(HttpContext context, HttpApplicationState state, MethodInfo[] handlers) +1582
   System.Web.HttpApplicationFactory.GetNormalApplicationInstance(HttpContext context) +365
   System.Web.HttpApplicationFactory.GetApplicationInstance(HttpContext context) +200
   System.Web.HttpRuntime.ProcessRequestInternal(HttpWorkerRequest wr) +591
</pre></code>

                  </td>
               </tr>
            </table>

            <br>

            <hr width=100% size=1 color=silver>

            <b>Version Information:</b>&nbsp;Microsoft .NET Framework Version:4.0.30319; ASP.NET Version:4.0.30319.34009

            </font>

    </body>
</html>
<!-- 
[FileNotFoundException]: Could not load file or assembly &#39;DevExpress.CodeRush.Common, Version=10.1.0.0, Culture=neutral, PublicKeyToken=35c9f04b7764aa3d&#39; or one of its dependencies. The system cannot find the file specified.
   at System.ModuleHandle.ResolveType(RuntimeModule module, Int32 typeToken, IntPtr* typeInstArgs, Int32 typeInstCount, IntPtr* methodInstArgs, Int32 methodInstCount, ObjectHandleOnStack type)
   at System.ModuleHandle.ResolveTypeHandleInternal(RuntimeModule module, Int32 typeToken, RuntimeTypeHandle[] typeInstantiationContext, RuntimeTypeHandle[] methodInstantiationContext)
   at System.ModuleHandle.ResolveTypeHandle(Int32 typeToken, RuntimeTypeHandle[] typeInstantiationContext, RuntimeTypeHandle[] methodInstantiationContext)
   at System.Reflection.RuntimeModule.ResolveType(Int32 metadataToken, Type[] genericTypeArguments, Type[] genericMethodArguments)
   at System.Reflection.CustomAttribute.FilterCustomAttributeRecord(CustomAttributeRecord caRecord, MetadataImport scope, Assembly& lastAptcaOkAssembly, RuntimeModule decoratedModule, MetadataToken decoratedToken, RuntimeType attributeFilterType, Boolean mustBeInheritable, Object[] attributes, IList derivedAttributes, RuntimeType& attributeType, IRuntimeMethodInfo& ctor, Boolean& ctorHasParameters, Boolean& isVarArg)
   at System.Reflection.CustomAttribute.GetCustomAttributes(RuntimeModule decoratedModule, Int32 decoratedMetadataToken, Int32 pcaCount, RuntimeType attributeFilterType, Boolean mustBeInheritable, IList derivedAttributes, Boolean isDecoratedTargetSecurityTransparent)
   at System.Reflection.CustomAttribute.GetCustomAttributes(RuntimeAssembly assembly, RuntimeType caType)
   at Owin.Loader.DefaultLoader.SearchForStartupAttribute(String friendlyName, IList`1 errors, Boolean& conflict)
   at Owin.Loader.DefaultLoader.LoadImplementation(String startupName, IList`1 errorDetails)
   at Microsoft.Owin.Host.SystemWeb.OwinBuilder.GetAppStartup()
   at Microsoft.Owin.Host.SystemWeb.OwinHttpModule.InitializeBlueprint()
   at System.Threading.LazyInitializer.EnsureInitializedCore[T](T& target, Boolean& initialized, Object& syncLock, Func`1 valueFactory)
   at Microsoft.Owin.Host.SystemWeb.OwinHttpModule.Init(HttpApplication context)
   at System.Web.HttpApplication.InitModulesCommon()
   at System.Web.HttpApplication.InitInternal(HttpContext context, HttpApplicationState state, MethodInfo[] handlers)
   at System.Web.HttpApplicationFactory.GetNormalApplicationInstance(HttpContext context)
   at System.Web.HttpApplicationFactory.GetApplicationInstance(HttpContext context)
   at System.Web.HttpRuntime.ProcessRequestInternal(HttpWorkerRequest wr)
-->
  Expected: not null
  But was:  null
]]></message>
                      <stack-trace><![CDATA[at Orchard.Specs.Bindings.WebAppHosting.WhenIFillIn(Table table) in e:\expedit\projects\nkd\src\main\NKD.Orchard\src\Orchard.Specs\Bindings\WebAppHosting.cs:line 254
at Orchard.Specs.Bindings.OrchardSiteFactory.GivenIHaveInstalledOrchard(String virtualDirectory) in e:\expedit\projects\nkd\src\main\NKD.Orchard\src\Orchard.Specs\Bindings\OrchardSiteFactory.cs:line 38
at TechTalk.SpecFlow.Bindings.BindingInvoker.InvokeBinding(IBinding binding, IContextManager contextManager, Object[] arguments, ITestTracer testTracer, TimeSpan& duration)
at TechTalk.SpecFlow.Infrastructure.TestExecutionEngine.ExecuteStepMatch(BindingMatch match, Object[] arguments)
at TechTalk.SpecFlow.Infrastructure.TestExecutionEngine.ExecuteStep(StepInstance stepInstance)
at TechTalk.SpecFlow.Infrastructure.TestExecutionEngine.OnAfterLastStep()
]]></stack-trace>
                    </failure>
                  </test-case>
                  <test-case name="Orchard.Specs.ContentRightsManagementFeature.UsersCanDeleteAPageForOthersIfTheyOnlyHaveDelete_Page" description="Users can delete a Page for others if they only have Delete_Page" executed="True" success="False" time="34.608" asserts="1">
                    <failure>
                      <message><![CDATA[  Unable to locate <input> name SiteName in page html:

<!DOCTYPE html>
<html>
    <head>
        <title>Could not load file or assembly 'DevExpress.CodeRush.Common, Version=10.1.0.0, Culture=neutral, PublicKeyToken=35c9f04b7764aa3d' or one of its dependencies. The system cannot find the file specified.</title>
        <meta name="viewport" content="width=device-width" />
        <style>
         body {font-family:"Verdana";font-weight:normal;font-size: .7em;color:black;} 
         p {font-family:"Verdana";font-weight:normal;color:black;margin-top: -5px}
         b {font-family:"Verdana";font-weight:bold;color:black;margin-top: -5px}
         H1 { font-family:"Verdana";font-weight:normal;font-size:18pt;color:red }
         H2 { font-family:"Verdana";font-weight:normal;font-size:14pt;color:maroon }
         pre {font-family:"Consolas","Lucida Console",Monospace;font-size:11pt;margin:0;padding:0.5em;line-height:14pt}
         .marker {font-weight: bold; color: black;text-decoration: none;}
         .version {color: gray;}
         .error {margin-bottom: 10px;}
         .expandable { text-decoration:underline; font-weight:bold; color:navy; cursor:hand; }
         @media screen and (max-width: 639px) {
          pre { width: 440px; overflow: auto; white-space: pre-wrap; word-wrap: break-word; }
         }
         @media screen and (max-width: 479px) {
          pre { width: 280px; }
         }
        </style>
    </head>

    <body bgcolor="white">

            <span><H1>Server Error in '/' Application.<hr width=100% size=1 color=silver></H1>

            <h2> <i>Could not load file or assembly 'DevExpress.CodeRush.Common, Version=10.1.0.0, Culture=neutral, PublicKeyToken=35c9f04b7764aa3d' or one of its dependencies. The system cannot find the file specified.</i> </h2></span>

            <font face="Arial, Helvetica, Geneva, SunSans-Regular, sans-serif ">

            <b> Description: </b>An unhandled exception occurred during the execution of the current web request. Please review the stack trace for more information about the error and where it originated in the code.

            <br><br>

            <b> Exception Details: </b>System.IO.FileNotFoundException: Could not load file or assembly 'DevExpress.CodeRush.Common, Version=10.1.0.0, Culture=neutral, PublicKeyToken=35c9f04b7764aa3d' or one of its dependencies. The system cannot find the file specified.<br><br>

            <b>Source Error:</b> <br><br>

            <table width=100% bgcolor="#ffffcc">
               <tr>
                  <td>
                      <code>

An unhandled exception was generated during the execution of the current web request. Information regarding the origin and location of the exception can be identified using the exception stack trace below.</code>

                  </td>
               </tr>
            </table>

            <br>

            <b>Assembly Load Trace:</b> The following information can be helpful to determine why the assembly 'DevExpress.CodeRush.Common, Version=10.1.0.0, Culture=neutral, PublicKeyToken=35c9f04b7764aa3d' could not be loaded.<br><br>

            <table width=100% bgcolor="#ffffcc">
               <tr>
                  <td>
                      <code><pre>

WRN: Assembly binding logging is turned OFF.
To enable assembly bind failure logging, set the registry value [HKLM\Software\Microsoft\Fusion!EnableLog] (DWORD) to 1.
Note: There is some performance penalty associated with assembly bind failure logging.
To turn this feature off, remove the registry value [HKLM\Software\Microsoft\Fusion!EnableLog].
</pre></code>

                  </td>
               </tr>
            </table>

            <br>

            <b>Stack Trace:</b> <br><br>

            <table width=100% bgcolor="#ffffcc">
               <tr>
                  <td>
                      <code><pre>

[FileNotFoundException: Could not load file or assembly &#39;DevExpress.CodeRush.Common, Version=10.1.0.0, Culture=neutral, PublicKeyToken=35c9f04b7764aa3d&#39; or one of its dependencies. The system cannot find the file specified.]
   System.ModuleHandle.ResolveType(RuntimeModule module, Int32 typeToken, IntPtr* typeInstArgs, Int32 typeInstCount, IntPtr* methodInstArgs, Int32 methodInstCount, ObjectHandleOnStack type) +0
   System.ModuleHandle.ResolveTypeHandleInternal(RuntimeModule module, Int32 typeToken, RuntimeTypeHandle[] typeInstantiationContext, RuntimeTypeHandle[] methodInstantiationContext) +371
   System.ModuleHandle.ResolveTypeHandle(Int32 typeToken, RuntimeTypeHandle[] typeInstantiationContext, RuntimeTypeHandle[] methodInstantiationContext) +19
   System.Reflection.RuntimeModule.ResolveType(Int32 metadataToken, Type[] genericTypeArguments, Type[] genericMethodArguments) +319
   System.Reflection.CustomAttribute.FilterCustomAttributeRecord(CustomAttributeRecord caRecord, MetadataImport scope, Assembly&amp; lastAptcaOkAssembly, RuntimeModule decoratedModule, MetadataToken decoratedToken, RuntimeType attributeFilterType, Boolean mustBeInheritable, Object[] attributes, IList derivedAttributes, RuntimeType&amp; attributeType, IRuntimeMethodInfo&amp; ctor, Boolean&amp; ctorHasParameters, Boolean&amp; isVarArg) +203
   System.Reflection.CustomAttribute.GetCustomAttributes(RuntimeModule decoratedModule, Int32 decoratedMetadataToken, Int32 pcaCount, RuntimeType attributeFilterType, Boolean mustBeInheritable, IList derivedAttributes, Boolean isDecoratedTargetSecurityTransparent) +1179
   System.Reflection.CustomAttribute.GetCustomAttributes(RuntimeAssembly assembly, RuntimeType caType) +146
   Owin.Loader.DefaultLoader.SearchForStartupAttribute(String friendlyName, IList`1 errors, Boolean&amp; conflict) +180
   Owin.Loader.DefaultLoader.LoadImplementation(String startupName, IList`1 errorDetails) +184
   Microsoft.Owin.Host.SystemWeb.OwinBuilder.GetAppStartup() +138
   Microsoft.Owin.Host.SystemWeb.OwinHttpModule.InitializeBlueprint() +38
   System.Threading.LazyInitializer.EnsureInitializedCore(T&amp; target, Boolean&amp; initialized, Object&amp; syncLock, Func`1 valueFactory) +241
   Microsoft.Owin.Host.SystemWeb.OwinHttpModule.Init(HttpApplication context) +129
   System.Web.HttpApplication.InitModulesCommon() +192
   System.Web.HttpApplication.InitInternal(HttpContext context, HttpApplicationState state, MethodInfo[] handlers) +1582
   System.Web.HttpApplicationFactory.GetNormalApplicationInstance(HttpContext context) +365
   System.Web.HttpApplicationFactory.GetApplicationInstance(HttpContext context) +200
   System.Web.HttpRuntime.ProcessRequestInternal(HttpWorkerRequest wr) +591
</pre></code>

                  </td>
               </tr>
            </table>

            <br>

            <hr width=100% size=1 color=silver>

            <b>Version Information:</b>&nbsp;Microsoft .NET Framework Version:4.0.30319; ASP.NET Version:4.0.30319.34009

            </font>

    </body>
</html>
<!-- 
[FileNotFoundException]: Could not load file or assembly &#39;DevExpress.CodeRush.Common, Version=10.1.0.0, Culture=neutral, PublicKeyToken=35c9f04b7764aa3d&#39; or one of its dependencies. The system cannot find the file specified.
   at System.ModuleHandle.ResolveType(RuntimeModule module, Int32 typeToken, IntPtr* typeInstArgs, Int32 typeInstCount, IntPtr* methodInstArgs, Int32 methodInstCount, ObjectHandleOnStack type)
   at System.ModuleHandle.ResolveTypeHandleInternal(RuntimeModule module, Int32 typeToken, RuntimeTypeHandle[] typeInstantiationContext, RuntimeTypeHandle[] methodInstantiationContext)
   at System.ModuleHandle.ResolveTypeHandle(Int32 typeToken, RuntimeTypeHandle[] typeInstantiationContext, RuntimeTypeHandle[] methodInstantiationContext)
   at System.Reflection.RuntimeModule.ResolveType(Int32 metadataToken, Type[] genericTypeArguments, Type[] genericMethodArguments)
   at System.Reflection.CustomAttribute.FilterCustomAttributeRecord(CustomAttributeRecord caRecord, MetadataImport scope, Assembly& lastAptcaOkAssembly, RuntimeModule decoratedModule, MetadataToken decoratedToken, RuntimeType attributeFilterType, Boolean mustBeInheritable, Object[] attributes, IList derivedAttributes, RuntimeType& attributeType, IRuntimeMethodInfo& ctor, Boolean& ctorHasParameters, Boolean& isVarArg)
   at System.Reflection.CustomAttribute.GetCustomAttributes(RuntimeModule decoratedModule, Int32 decoratedMetadataToken, Int32 pcaCount, RuntimeType attributeFilterType, Boolean mustBeInheritable, IList derivedAttributes, Boolean isDecoratedTargetSecurityTransparent)
   at System.Reflection.CustomAttribute.GetCustomAttributes(RuntimeAssembly assembly, RuntimeType caType)
   at Owin.Loader.DefaultLoader.SearchForStartupAttribute(String friendlyName, IList`1 errors, Boolean& conflict)
   at Owin.Loader.DefaultLoader.LoadImplementation(String startupName, IList`1 errorDetails)
   at Microsoft.Owin.Host.SystemWeb.OwinBuilder.GetAppStartup()
   at Microsoft.Owin.Host.SystemWeb.OwinHttpModule.InitializeBlueprint()
   at System.Threading.LazyInitializer.EnsureInitializedCore[T](T& target, Boolean& initialized, Object& syncLock, Func`1 valueFactory)
   at Microsoft.Owin.Host.SystemWeb.OwinHttpModule.Init(HttpApplication context)
   at System.Web.HttpApplication.InitModulesCommon()
   at System.Web.HttpApplication.InitInternal(HttpContext context, HttpApplicationState state, MethodInfo[] handlers)
   at System.Web.HttpApplicationFactory.GetNormalApplicationInstance(HttpContext context)
   at System.Web.HttpApplicationFactory.GetApplicationInstance(HttpContext context)
   at System.Web.HttpRuntime.ProcessRequestInternal(HttpWorkerRequest wr)
-->
  Expected: not null
  But was:  null
]]></message>
                      <stack-trace><![CDATA[at Orchard.Specs.Bindings.WebAppHosting.WhenIFillIn(Table table) in e:\expedit\projects\nkd\src\main\NKD.Orchard\src\Orchard.Specs\Bindings\WebAppHosting.cs:line 254
at Orchard.Specs.Bindings.OrchardSiteFactory.GivenIHaveInstalledOrchard(String virtualDirectory) in e:\expedit\projects\nkd\src\main\NKD.Orchard\src\Orchard.Specs\Bindings\OrchardSiteFactory.cs:line 38
at TechTalk.SpecFlow.Bindings.BindingInvoker.InvokeBinding(IBinding binding, IContextManager contextManager, Object[] arguments, ITestTracer testTracer, TimeSpan& duration)
at TechTalk.SpecFlow.Infrastructure.TestExecutionEngine.ExecuteStepMatch(BindingMatch match, Object[] arguments)
at TechTalk.SpecFlow.Infrastructure.TestExecutionEngine.ExecuteStep(StepInstance stepInstance)
at TechTalk.SpecFlow.Infrastructure.TestExecutionEngine.OnAfterLastStep()
]]></stack-trace>
                    </failure>
                  </test-case>
                  <test-case name="Orchard.Specs.ContentRightsManagementFeature.UsersCanTCreateAPageForOthersIfTheyOnlyHavePublish_Page" description="Users can't create a Page for others if they only have Publish_Page" executed="True" success="False" time="33.807" asserts="1">
                    <failure>
                      <message><![CDATA[  Unable to locate <input> name SiteName in page html:

<!DOCTYPE html>
<html>
    <head>
        <title>Could not load file or assembly 'DevExpress.CodeRush.Common, Version=10.1.0.0, Culture=neutral, PublicKeyToken=35c9f04b7764aa3d' or one of its dependencies. The system cannot find the file specified.</title>
        <meta name="viewport" content="width=device-width" />
        <style>
         body {font-family:"Verdana";font-weight:normal;font-size: .7em;color:black;} 
         p {font-family:"Verdana";font-weight:normal;color:black;margin-top: -5px}
         b {font-family:"Verdana";font-weight:bold;color:black;margin-top: -5px}
         H1 { font-family:"Verdana";font-weight:normal;font-size:18pt;color:red }
         H2 { font-family:"Verdana";font-weight:normal;font-size:14pt;color:maroon }
         pre {font-family:"Consolas","Lucida Console",Monospace;font-size:11pt;margin:0;padding:0.5em;line-height:14pt}
         .marker {font-weight: bold; color: black;text-decoration: none;}
         .version {color: gray;}
         .error {margin-bottom: 10px;}
         .expandable { text-decoration:underline; font-weight:bold; color:navy; cursor:hand; }
         @media screen and (max-width: 639px) {
          pre { width: 440px; overflow: auto; white-space: pre-wrap; word-wrap: break-word; }
         }
         @media screen and (max-width: 479px) {
          pre { width: 280px; }
         }
        </style>
    </head>

    <body bgcolor="white">

            <span><H1>Server Error in '/' Application.<hr width=100% size=1 color=silver></H1>

            <h2> <i>Could not load file or assembly 'DevExpress.CodeRush.Common, Version=10.1.0.0, Culture=neutral, PublicKeyToken=35c9f04b7764aa3d' or one of its dependencies. The system cannot find the file specified.</i> </h2></span>

            <font face="Arial, Helvetica, Geneva, SunSans-Regular, sans-serif ">

            <b> Description: </b>An unhandled exception occurred during the execution of the current web request. Please review the stack trace for more information about the error and where it originated in the code.

            <br><br>

            <b> Exception Details: </b>System.IO.FileNotFoundException: Could not load file or assembly 'DevExpress.CodeRush.Common, Version=10.1.0.0, Culture=neutral, PublicKeyToken=35c9f04b7764aa3d' or one of its dependencies. The system cannot find the file specified.<br><br>

            <b>Source Error:</b> <br><br>

            <table width=100% bgcolor="#ffffcc">
               <tr>
                  <td>
                      <code>

An unhandled exception was generated during the execution of the current web request. Information regarding the origin and location of the exception can be identified using the exception stack trace below.</code>

                  </td>
               </tr>
            </table>

            <br>

            <b>Assembly Load Trace:</b> The following information can be helpful to determine why the assembly 'DevExpress.CodeRush.Common, Version=10.1.0.0, Culture=neutral, PublicKeyToken=35c9f04b7764aa3d' could not be loaded.<br><br>

            <table width=100% bgcolor="#ffffcc">
               <tr>
                  <td>
                      <code><pre>

WRN: Assembly binding logging is turned OFF.
To enable assembly bind failure logging, set the registry value [HKLM\Software\Microsoft\Fusion!EnableLog] (DWORD) to 1.
Note: There is some performance penalty associated with assembly bind failure logging.
To turn this feature off, remove the registry value [HKLM\Software\Microsoft\Fusion!EnableLog].
</pre></code>

                  </td>
               </tr>
            </table>

            <br>

            <b>Stack Trace:</b> <br><br>

            <table width=100% bgcolor="#ffffcc">
               <tr>
                  <td>
                      <code><pre>

[FileNotFoundException: Could not load file or assembly &#39;DevExpress.CodeRush.Common, Version=10.1.0.0, Culture=neutral, PublicKeyToken=35c9f04b7764aa3d&#39; or one of its dependencies. The system cannot find the file specified.]
   System.ModuleHandle.ResolveType(RuntimeModule module, Int32 typeToken, IntPtr* typeInstArgs, Int32 typeInstCount, IntPtr* methodInstArgs, Int32 methodInstCount, ObjectHandleOnStack type) +0
   System.ModuleHandle.ResolveTypeHandleInternal(RuntimeModule module, Int32 typeToken, RuntimeTypeHandle[] typeInstantiationContext, RuntimeTypeHandle[] methodInstantiationContext) +371
   System.ModuleHandle.ResolveTypeHandle(Int32 typeToken, RuntimeTypeHandle[] typeInstantiationContext, RuntimeTypeHandle[] methodInstantiationContext) +19
   System.Reflection.RuntimeModule.ResolveType(Int32 metadataToken, Type[] genericTypeArguments, Type[] genericMethodArguments) +319
   System.Reflection.CustomAttribute.FilterCustomAttributeRecord(CustomAttributeRecord caRecord, MetadataImport scope, Assembly&amp; lastAptcaOkAssembly, RuntimeModule decoratedModule, MetadataToken decoratedToken, RuntimeType attributeFilterType, Boolean mustBeInheritable, Object[] attributes, IList derivedAttributes, RuntimeType&amp; attributeType, IRuntimeMethodInfo&amp; ctor, Boolean&amp; ctorHasParameters, Boolean&amp; isVarArg) +203
   System.Reflection.CustomAttribute.GetCustomAttributes(RuntimeModule decoratedModule, Int32 decoratedMetadataToken, Int32 pcaCount, RuntimeType attributeFilterType, Boolean mustBeInheritable, IList derivedAttributes, Boolean isDecoratedTargetSecurityTransparent) +1179
   System.Reflection.CustomAttribute.GetCustomAttributes(RuntimeAssembly assembly, RuntimeType caType) +146
   Owin.Loader.DefaultLoader.SearchForStartupAttribute(String friendlyName, IList`1 errors, Boolean&amp; conflict) +180
   Owin.Loader.DefaultLoader.LoadImplementation(String startupName, IList`1 errorDetails) +184
   Microsoft.Owin.Host.SystemWeb.OwinBuilder.GetAppStartup() +138
   Microsoft.Owin.Host.SystemWeb.OwinHttpModule.InitializeBlueprint() +38
   System.Threading.LazyInitializer.EnsureInitializedCore(T&amp; target, Boolean&amp; initialized, Object&amp; syncLock, Func`1 valueFactory) +241
   Microsoft.Owin.Host.SystemWeb.OwinHttpModule.Init(HttpApplication context) +129
   System.Web.HttpApplication.InitModulesCommon() +192
   System.Web.HttpApplication.InitInternal(HttpContext context, HttpApplicationState state, MethodInfo[] handlers) +1582
   System.Web.HttpApplicationFactory.GetNormalApplicationInstance(HttpContext context) +365
   System.Web.HttpApplicationFactory.GetApplicationInstance(HttpContext context) +200
   System.Web.HttpRuntime.ProcessRequestInternal(HttpWorkerRequest wr) +591
</pre></code>

                  </td>
               </tr>
            </table>

            <br>

            <hr width=100% size=1 color=silver>

            <b>Version Information:</b>&nbsp;Microsoft .NET Framework Version:4.0.30319; ASP.NET Version:4.0.30319.34009

            </font>

    </body>
</html>
<!-- 
[FileNotFoundException]: Could not load file or assembly &#39;DevExpress.CodeRush.Common, Version=10.1.0.0, Culture=neutral, PublicKeyToken=35c9f04b7764aa3d&#39; or one of its dependencies. The system cannot find the file specified.
   at System.ModuleHandle.ResolveType(RuntimeModule module, Int32 typeToken, IntPtr* typeInstArgs, Int32 typeInstCount, IntPtr* methodInstArgs, Int32 methodInstCount, ObjectHandleOnStack type)
   at System.ModuleHandle.ResolveTypeHandleInternal(RuntimeModule module, Int32 typeToken, RuntimeTypeHandle[] typeInstantiationContext, RuntimeTypeHandle[] methodInstantiationContext)
   at System.ModuleHandle.ResolveTypeHandle(Int32 typeToken, RuntimeTypeHandle[] typeInstantiationContext, RuntimeTypeHandle[] methodInstantiationContext)
   at System.Reflection.RuntimeModule.ResolveType(Int32 metadataToken, Type[] genericTypeArguments, Type[] genericMethodArguments)
   at System.Reflection.CustomAttribute.FilterCustomAttributeRecord(CustomAttributeRecord caRecord, MetadataImport scope, Assembly& lastAptcaOkAssembly, RuntimeModule decoratedModule, MetadataToken decoratedToken, RuntimeType attributeFilterType, Boolean mustBeInheritable, Object[] attributes, IList derivedAttributes, RuntimeType& attributeType, IRuntimeMethodInfo& ctor, Boolean& ctorHasParameters, Boolean& isVarArg)
   at System.Reflection.CustomAttribute.GetCustomAttributes(RuntimeModule decoratedModule, Int32 decoratedMetadataToken, Int32 pcaCount, RuntimeType attributeFilterType, Boolean mustBeInheritable, IList derivedAttributes, Boolean isDecoratedTargetSecurityTransparent)
   at System.Reflection.CustomAttribute.GetCustomAttributes(RuntimeAssembly assembly, RuntimeType caType)
   at Owin.Loader.DefaultLoader.SearchForStartupAttribute(String friendlyName, IList`1 errors, Boolean& conflict)
   at Owin.Loader.DefaultLoader.LoadImplementation(String startupName, IList`1 errorDetails)
   at Microsoft.Owin.Host.SystemWeb.OwinBuilder.GetAppStartup()
   at Microsoft.Owin.Host.SystemWeb.OwinHttpModule.InitializeBlueprint()
   at System.Threading.LazyInitializer.EnsureInitializedCore[T](T& target, Boolean& initialized, Object& syncLock, Func`1 valueFactory)
   at Microsoft.Owin.Host.SystemWeb.OwinHttpModule.Init(HttpApplication context)
   at System.Web.HttpApplication.InitModulesCommon()
   at System.Web.HttpApplication.InitInternal(HttpContext context, HttpApplicationState state, MethodInfo[] handlers)
   at System.Web.HttpApplicationFactory.GetNormalApplicationInstance(HttpContext context)
   at System.Web.HttpApplicationFactory.GetApplicationInstance(HttpContext context)
   at System.Web.HttpRuntime.ProcessRequestInternal(HttpWorkerRequest wr)
-->
  Expected: not null
  But was:  null
]]></message>
                      <stack-trace><![CDATA[at Orchard.Specs.Bindings.WebAppHosting.WhenIFillIn(Table table) in e:\expedit\projects\nkd\src\main\NKD.Orchard\src\Orchard.Specs\Bindings\WebAppHosting.cs:line 254
at Orchard.Specs.Bindings.OrchardSiteFactory.GivenIHaveInstalledOrchard(String virtualDirectory) in e:\expedit\projects\nkd\src\main\NKD.Orchard\src\Orchard.Specs\Bindings\OrchardSiteFactory.cs:line 38
at TechTalk.SpecFlow.Bindings.BindingInvoker.InvokeBinding(IBinding binding, IContextManager contextManager, Object[] arguments, ITestTracer testTracer, TimeSpan& duration)
at TechTalk.SpecFlow.Infrastructure.TestExecutionEngine.ExecuteStepMatch(BindingMatch match, Object[] arguments)
at TechTalk.SpecFlow.Infrastructure.TestExecutionEngine.ExecuteStep(StepInstance stepInstance)
at TechTalk.SpecFlow.Infrastructure.TestExecutionEngine.OnAfterLastStep()
]]></stack-trace>
                    </failure>
                  </test-case>
                  <test-case name="Orchard.Specs.ContentRightsManagementFeature.UsersCanTCreateAPageForOthersIfTheyOnlyHavePublishOwnContent" description="Users can't create a Page for others if they only have PublishOwnContent" executed="True" success="False" time="30.981" asserts="1">
                    <failure>
                      <message><![CDATA[  Unable to locate <input> name SiteName in page html:

<!DOCTYPE html>
<html>
    <head>
        <title>Could not load file or assembly 'DevExpress.CodeRush.Common, Version=10.1.0.0, Culture=neutral, PublicKeyToken=35c9f04b7764aa3d' or one of its dependencies. The system cannot find the file specified.</title>
        <meta name="viewport" content="width=device-width" />
        <style>
         body {font-family:"Verdana";font-weight:normal;font-size: .7em;color:black;} 
         p {font-family:"Verdana";font-weight:normal;color:black;margin-top: -5px}
         b {font-family:"Verdana";font-weight:bold;color:black;margin-top: -5px}
         H1 { font-family:"Verdana";font-weight:normal;font-size:18pt;color:red }
         H2 { font-family:"Verdana";font-weight:normal;font-size:14pt;color:maroon }
         pre {font-family:"Consolas","Lucida Console",Monospace;font-size:11pt;margin:0;padding:0.5em;line-height:14pt}
         .marker {font-weight: bold; color: black;text-decoration: none;}
         .version {color: gray;}
         .error {margin-bottom: 10px;}
         .expandable { text-decoration:underline; font-weight:bold; color:navy; cursor:hand; }
         @media screen and (max-width: 639px) {
          pre { width: 440px; overflow: auto; white-space: pre-wrap; word-wrap: break-word; }
         }
         @media screen and (max-width: 479px) {
          pre { width: 280px; }
         }
        </style>
    </head>

    <body bgcolor="white">

            <span><H1>Server Error in '/' Application.<hr width=100% size=1 color=silver></H1>

            <h2> <i>Could not load file or assembly 'DevExpress.CodeRush.Common, Version=10.1.0.0, Culture=neutral, PublicKeyToken=35c9f04b7764aa3d' or one of its dependencies. The system cannot find the file specified.</i> </h2></span>

            <font face="Arial, Helvetica, Geneva, SunSans-Regular, sans-serif ">

            <b> Description: </b>An unhandled exception occurred during the execution of the current web request. Please review the stack trace for more information about the error and where it originated in the code.

            <br><br>

            <b> Exception Details: </b>System.IO.FileNotFoundException: Could not load file or assembly 'DevExpress.CodeRush.Common, Version=10.1.0.0, Culture=neutral, PublicKeyToken=35c9f04b7764aa3d' or one of its dependencies. The system cannot find the file specified.<br><br>

            <b>Source Error:</b> <br><br>

            <table width=100% bgcolor="#ffffcc">
               <tr>
                  <td>
                      <code>

An unhandled exception was generated during the execution of the current web request. Information regarding the origin and location of the exception can be identified using the exception stack trace below.</code>

                  </td>
               </tr>
            </table>

            <br>

            <b>Assembly Load Trace:</b> The following information can be helpful to determine why the assembly 'DevExpress.CodeRush.Common, Version=10.1.0.0, Culture=neutral, PublicKeyToken=35c9f04b7764aa3d' could not be loaded.<br><br>

            <table width=100% bgcolor="#ffffcc">
               <tr>
                  <td>
                      <code><pre>

WRN: Assembly binding logging is turned OFF.
To enable assembly bind failure logging, set the registry value [HKLM\Software\Microsoft\Fusion!EnableLog] (DWORD) to 1.
Note: There is some performance penalty associated with assembly bind failure logging.
To turn this feature off, remove the registry value [HKLM\Software\Microsoft\Fusion!EnableLog].
</pre></code>

                  </td>
               </tr>
            </table>

            <br>

            <b>Stack Trace:</b> <br><br>

            <table width=100% bgcolor="#ffffcc">
               <tr>
                  <td>
                      <code><pre>

[FileNotFoundException: Could not load file or assembly &#39;DevExpress.CodeRush.Common, Version=10.1.0.0, Culture=neutral, PublicKeyToken=35c9f04b7764aa3d&#39; or one of its dependencies. The system cannot find the file specified.]
   System.ModuleHandle.ResolveType(RuntimeModule module, Int32 typeToken, IntPtr* typeInstArgs, Int32 typeInstCount, IntPtr* methodInstArgs, Int32 methodInstCount, ObjectHandleOnStack type) +0
   System.ModuleHandle.ResolveTypeHandleInternal(RuntimeModule module, Int32 typeToken, RuntimeTypeHandle[] typeInstantiationContext, RuntimeTypeHandle[] methodInstantiationContext) +371
   System.ModuleHandle.ResolveTypeHandle(Int32 typeToken, RuntimeTypeHandle[] typeInstantiationContext, RuntimeTypeHandle[] methodInstantiationContext) +19
   System.Reflection.RuntimeModule.ResolveType(Int32 metadataToken, Type[] genericTypeArguments, Type[] genericMethodArguments) +319
   System.Reflection.CustomAttribute.FilterCustomAttributeRecord(CustomAttributeRecord caRecord, MetadataImport scope, Assembly&amp; lastAptcaOkAssembly, RuntimeModule decoratedModule, MetadataToken decoratedToken, RuntimeType attributeFilterType, Boolean mustBeInheritable, Object[] attributes, IList derivedAttributes, RuntimeType&amp; attributeType, IRuntimeMethodInfo&amp; ctor, Boolean&amp; ctorHasParameters, Boolean&amp; isVarArg) +203
   System.Reflection.CustomAttribute.GetCustomAttributes(RuntimeModule decoratedModule, Int32 decoratedMetadataToken, Int32 pcaCount, RuntimeType attributeFilterType, Boolean mustBeInheritable, IList derivedAttributes, Boolean isDecoratedTargetSecurityTransparent) +1179
   System.Reflection.CustomAttribute.GetCustomAttributes(RuntimeAssembly assembly, RuntimeType caType) +146
   Owin.Loader.DefaultLoader.SearchForStartupAttribute(String friendlyName, IList`1 errors, Boolean&amp; conflict) +180
   Owin.Loader.DefaultLoader.LoadImplementation(String startupName, IList`1 errorDetails) +184
   Microsoft.Owin.Host.SystemWeb.OwinBuilder.GetAppStartup() +138
   Microsoft.Owin.Host.SystemWeb.OwinHttpModule.InitializeBlueprint() +38
   System.Threading.LazyInitializer.EnsureInitializedCore(T&amp; target, Boolean&amp; initialized, Object&amp; syncLock, Func`1 valueFactory) +241
   Microsoft.Owin.Host.SystemWeb.OwinHttpModule.Init(HttpApplication context) +129
   System.Web.HttpApplication.InitModulesCommon() +192
   System.Web.HttpApplication.InitInternal(HttpContext context, HttpApplicationState state, MethodInfo[] handlers) +1582
   System.Web.HttpApplicationFactory.GetNormalApplicationInstance(HttpContext context) +365
   System.Web.HttpApplicationFactory.GetApplicationInstance(HttpContext context) +200
   System.Web.HttpRuntime.ProcessRequestInternal(HttpWorkerRequest wr) +591
</pre></code>

                  </td>
               </tr>
            </table>

            <br>

            <hr width=100% size=1 color=silver>

            <b>Version Information:</b>&nbsp;Microsoft .NET Framework Version:4.0.30319; ASP.NET Version:4.0.30319.34009

            </font>

    </body>
</html>
<!-- 
[FileNotFoundException]: Could not load file or assembly &#39;DevExpress.CodeRush.Common, Version=10.1.0.0, Culture=neutral, PublicKeyToken=35c9f04b7764aa3d&#39; or one of its dependencies. The system cannot find the file specified.
   at System.ModuleHandle.ResolveType(RuntimeModule module, Int32 typeToken, IntPtr* typeInstArgs, Int32 typeInstCount, IntPtr* methodInstArgs, Int32 methodInstCount, ObjectHandleOnStack type)
   at System.ModuleHandle.ResolveTypeHandleInternal(RuntimeModule module, Int32 typeToken, RuntimeTypeHandle[] typeInstantiationContext, RuntimeTypeHandle[] methodInstantiationContext)
   at System.ModuleHandle.ResolveTypeHandle(Int32 typeToken, RuntimeTypeHandle[] typeInstantiationContext, RuntimeTypeHandle[] methodInstantiationContext)
   at System.Reflection.RuntimeModule.ResolveType(Int32 metadataToken, Type[] genericTypeArguments, Type[] genericMethodArguments)
   at System.Reflection.CustomAttribute.FilterCustomAttributeRecord(CustomAttributeRecord caRecord, MetadataImport scope, Assembly& lastAptcaOkAssembly, RuntimeModule decoratedModule, MetadataToken decoratedToken, RuntimeType attributeFilterType, Boolean mustBeInheritable, Object[] attributes, IList derivedAttributes, RuntimeType& attributeType, IRuntimeMethodInfo& ctor, Boolean& ctorHasParameters, Boolean& isVarArg)
   at System.Reflection.CustomAttribute.GetCustomAttributes(RuntimeModule decoratedModule, Int32 decoratedMetadataToken, Int32 pcaCount, RuntimeType attributeFilterType, Boolean mustBeInheritable, IList derivedAttributes, Boolean isDecoratedTargetSecurityTransparent)
   at System.Reflection.CustomAttribute.GetCustomAttributes(RuntimeAssembly assembly, RuntimeType caType)
   at Owin.Loader.DefaultLoader.SearchForStartupAttribute(String friendlyName, IList`1 errors, Boolean& conflict)
   at Owin.Loader.DefaultLoader.LoadImplementation(String startupName, IList`1 errorDetails)
   at Microsoft.Owin.Host.SystemWeb.OwinBuilder.GetAppStartup()
   at Microsoft.Owin.Host.SystemWeb.OwinHttpModule.InitializeBlueprint()
   at System.Threading.LazyInitializer.EnsureInitializedCore[T](T& target, Boolean& initialized, Object& syncLock, Func`1 valueFactory)
   at Microsoft.Owin.Host.SystemWeb.OwinHttpModule.Init(HttpApplication context)
   at System.Web.HttpApplication.InitModulesCommon()
   at System.Web.HttpApplication.InitInternal(HttpContext context, HttpApplicationState state, MethodInfo[] handlers)
   at System.Web.HttpApplicationFactory.GetNormalApplicationInstance(HttpContext context)
   at System.Web.HttpApplicationFactory.GetApplicationInstance(HttpContext context)
   at System.Web.HttpRuntime.ProcessRequestInternal(HttpWorkerRequest wr)
-->
  Expected: not null
  But was:  null
]]></message>
                      <stack-trace><![CDATA[at Orchard.Specs.Bindings.WebAppHosting.WhenIFillIn(Table table) in e:\expedit\projects\nkd\src\main\NKD.Orchard\src\Orchard.Specs\Bindings\WebAppHosting.cs:line 254
at Orchard.Specs.Bindings.OrchardSiteFactory.GivenIHaveInstalledOrchard(String virtualDirectory) in e:\expedit\projects\nkd\src\main\NKD.Orchard\src\Orchard.Specs\Bindings\OrchardSiteFactory.cs:line 38
at TechTalk.SpecFlow.Bindings.BindingInvoker.InvokeBinding(IBinding binding, IContextManager contextManager, Object[] arguments, ITestTracer testTracer, TimeSpan& duration)
at TechTalk.SpecFlow.Infrastructure.TestExecutionEngine.ExecuteStepMatch(BindingMatch match, Object[] arguments)
at TechTalk.SpecFlow.Infrastructure.TestExecutionEngine.ExecuteStep(StepInstance stepInstance)
at TechTalk.SpecFlow.Infrastructure.TestExecutionEngine.OnAfterLastStep()
]]></stack-trace>
                    </failure>
                  </test-case>
                  <test-case name="Orchard.Specs.ContentRightsManagementFeature.UsersCanTCreateAPageIfTheyDonTHaveThePublishContentPermission" description="Users can't create a Page if they don't have the PublishContent permission" executed="True" success="False" time="32.643" asserts="1">
                    <failure>
                      <message><![CDATA[  Unable to locate <input> name SiteName in page html:

<!DOCTYPE html>
<html>
    <head>
        <title>Could not load file or assembly 'DevExpress.CodeRush.Common, Version=10.1.0.0, Culture=neutral, PublicKeyToken=35c9f04b7764aa3d' or one of its dependencies. The system cannot find the file specified.</title>
        <meta name="viewport" content="width=device-width" />
        <style>
         body {font-family:"Verdana";font-weight:normal;font-size: .7em;color:black;} 
         p {font-family:"Verdana";font-weight:normal;color:black;margin-top: -5px}
         b {font-family:"Verdana";font-weight:bold;color:black;margin-top: -5px}
         H1 { font-family:"Verdana";font-weight:normal;font-size:18pt;color:red }
         H2 { font-family:"Verdana";font-weight:normal;font-size:14pt;color:maroon }
         pre {font-family:"Consolas","Lucida Console",Monospace;font-size:11pt;margin:0;padding:0.5em;line-height:14pt}
         .marker {font-weight: bold; color: black;text-decoration: none;}
         .version {color: gray;}
         .error {margin-bottom: 10px;}
         .expandable { text-decoration:underline; font-weight:bold; color:navy; cursor:hand; }
         @media screen and (max-width: 639px) {
          pre { width: 440px; overflow: auto; white-space: pre-wrap; word-wrap: break-word; }
         }
         @media screen and (max-width: 479px) {
          pre { width: 280px; }
         }
        </style>
    </head>

    <body bgcolor="white">

            <span><H1>Server Error in '/' Application.<hr width=100% size=1 color=silver></H1>

            <h2> <i>Could not load file or assembly 'DevExpress.CodeRush.Common, Version=10.1.0.0, Culture=neutral, PublicKeyToken=35c9f04b7764aa3d' or one of its dependencies. The system cannot find the file specified.</i> </h2></span>

            <font face="Arial, Helvetica, Geneva, SunSans-Regular, sans-serif ">

            <b> Description: </b>An unhandled exception occurred during the execution of the current web request. Please review the stack trace for more information about the error and where it originated in the code.

            <br><br>

            <b> Exception Details: </b>System.IO.FileNotFoundException: Could not load file or assembly 'DevExpress.CodeRush.Common, Version=10.1.0.0, Culture=neutral, PublicKeyToken=35c9f04b7764aa3d' or one of its dependencies. The system cannot find the file specified.<br><br>

            <b>Source Error:</b> <br><br>

            <table width=100% bgcolor="#ffffcc">
               <tr>
                  <td>
                      <code>

An unhandled exception was generated during the execution of the current web request. Information regarding the origin and location of the exception can be identified using the exception stack trace below.</code>

                  </td>
               </tr>
            </table>

            <br>

            <b>Assembly Load Trace:</b> The following information can be helpful to determine why the assembly 'DevExpress.CodeRush.Common, Version=10.1.0.0, Culture=neutral, PublicKeyToken=35c9f04b7764aa3d' could not be loaded.<br><br>

            <table width=100% bgcolor="#ffffcc">
               <tr>
                  <td>
                      <code><pre>

WRN: Assembly binding logging is turned OFF.
To enable assembly bind failure logging, set the registry value [HKLM\Software\Microsoft\Fusion!EnableLog] (DWORD) to 1.
Note: There is some performance penalty associated with assembly bind failure logging.
To turn this feature off, remove the registry value [HKLM\Software\Microsoft\Fusion!EnableLog].
</pre></code>

                  </td>
               </tr>
            </table>

            <br>

            <b>Stack Trace:</b> <br><br>

            <table width=100% bgcolor="#ffffcc">
               <tr>
                  <td>
                      <code><pre>

[FileNotFoundException: Could not load file or assembly &#39;DevExpress.CodeRush.Common, Version=10.1.0.0, Culture=neutral, PublicKeyToken=35c9f04b7764aa3d&#39; or one of its dependencies. The system cannot find the file specified.]
   System.ModuleHandle.ResolveType(RuntimeModule module, Int32 typeToken, IntPtr* typeInstArgs, Int32 typeInstCount, IntPtr* methodInstArgs, Int32 methodInstCount, ObjectHandleOnStack type) +0
   System.ModuleHandle.ResolveTypeHandleInternal(RuntimeModule module, Int32 typeToken, RuntimeTypeHandle[] typeInstantiationContext, RuntimeTypeHandle[] methodInstantiationContext) +371
   System.ModuleHandle.ResolveTypeHandle(Int32 typeToken, RuntimeTypeHandle[] typeInstantiationContext, RuntimeTypeHandle[] methodInstantiationContext) +19
   System.Reflection.RuntimeModule.ResolveType(Int32 metadataToken, Type[] genericTypeArguments, Type[] genericMethodArguments) +319
   System.Reflection.CustomAttribute.FilterCustomAttributeRecord(CustomAttributeRecord caRecord, MetadataImport scope, Assembly&amp; lastAptcaOkAssembly, RuntimeModule decoratedModule, MetadataToken decoratedToken, RuntimeType attributeFilterType, Boolean mustBeInheritable, Object[] attributes, IList derivedAttributes, RuntimeType&amp; attributeType, IRuntimeMethodInfo&amp; ctor, Boolean&amp; ctorHasParameters, Boolean&amp; isVarArg) +203
   System.Reflection.CustomAttribute.GetCustomAttributes(RuntimeModule decoratedModule, Int32 decoratedMetadataToken, Int32 pcaCount, RuntimeType attributeFilterType, Boolean mustBeInheritable, IList derivedAttributes, Boolean isDecoratedTargetSecurityTransparent) +1179
   System.Reflection.CustomAttribute.GetCustomAttributes(RuntimeAssembly assembly, RuntimeType caType) +146
   Owin.Loader.DefaultLoader.SearchForStartupAttribute(String friendlyName, IList`1 errors, Boolean&amp; conflict) +180
   Owin.Loader.DefaultLoader.LoadImplementation(String startupName, IList`1 errorDetails) +184
   Microsoft.Owin.Host.SystemWeb.OwinBuilder.GetAppStartup() +138
   Microsoft.Owin.Host.SystemWeb.OwinHttpModule.InitializeBlueprint() +38
   System.Threading.LazyInitializer.EnsureInitializedCore(T&amp; target, Boolean&amp; initialized, Object&amp; syncLock, Func`1 valueFactory) +241
   Microsoft.Owin.Host.SystemWeb.OwinHttpModule.Init(HttpApplication context) +129
   System.Web.HttpApplication.InitModulesCommon() +192
   System.Web.HttpApplication.InitInternal(HttpContext context, HttpApplicationState state, MethodInfo[] handlers) +1582
   System.Web.HttpApplicationFactory.GetNormalApplicationInstance(HttpContext context) +365
   System.Web.HttpApplicationFactory.GetApplicationInstance(HttpContext context) +200
   System.Web.HttpRuntime.ProcessRequestInternal(HttpWorkerRequest wr) +591
</pre></code>

                  </td>
               </tr>
            </table>

            <br>

            <hr width=100% size=1 color=silver>

            <b>Version Information:</b>&nbsp;Microsoft .NET Framework Version:4.0.30319; ASP.NET Version:4.0.30319.34009

            </font>

    </body>
</html>
<!-- 
[FileNotFoundException]: Could not load file or assembly &#39;DevExpress.CodeRush.Common, Version=10.1.0.0, Culture=neutral, PublicKeyToken=35c9f04b7764aa3d&#39; or one of its dependencies. The system cannot find the file specified.
   at System.ModuleHandle.ResolveType(RuntimeModule module, Int32 typeToken, IntPtr* typeInstArgs, Int32 typeInstCount, IntPtr* methodInstArgs, Int32 methodInstCount, ObjectHandleOnStack type)
   at System.ModuleHandle.ResolveTypeHandleInternal(RuntimeModule module, Int32 typeToken, RuntimeTypeHandle[] typeInstantiationContext, RuntimeTypeHandle[] methodInstantiationContext)
   at System.ModuleHandle.ResolveTypeHandle(Int32 typeToken, RuntimeTypeHandle[] typeInstantiationContext, RuntimeTypeHandle[] methodInstantiationContext)
   at System.Reflection.RuntimeModule.ResolveType(Int32 metadataToken, Type[] genericTypeArguments, Type[] genericMethodArguments)
   at System.Reflection.CustomAttribute.FilterCustomAttributeRecord(CustomAttributeRecord caRecord, MetadataImport scope, Assembly& lastAptcaOkAssembly, RuntimeModule decoratedModule, MetadataToken decoratedToken, RuntimeType attributeFilterType, Boolean mustBeInheritable, Object[] attributes, IList derivedAttributes, RuntimeType& attributeType, IRuntimeMethodInfo& ctor, Boolean& ctorHasParameters, Boolean& isVarArg)
   at System.Reflection.CustomAttribute.GetCustomAttributes(RuntimeModule decoratedModule, Int32 decoratedMetadataToken, Int32 pcaCount, RuntimeType attributeFilterType, Boolean mustBeInheritable, IList derivedAttributes, Boolean isDecoratedTargetSecurityTransparent)
   at System.Reflection.CustomAttribute.GetCustomAttributes(RuntimeAssembly assembly, RuntimeType caType)
   at Owin.Loader.DefaultLoader.SearchForStartupAttribute(String friendlyName, IList`1 errors, Boolean& conflict)
   at Owin.Loader.DefaultLoader.LoadImplementation(String startupName, IList`1 errorDetails)
   at Microsoft.Owin.Host.SystemWeb.OwinBuilder.GetAppStartup()
   at Microsoft.Owin.Host.SystemWeb.OwinHttpModule.InitializeBlueprint()
   at System.Threading.LazyInitializer.EnsureInitializedCore[T](T& target, Boolean& initialized, Object& syncLock, Func`1 valueFactory)
   at Microsoft.Owin.Host.SystemWeb.OwinHttpModule.Init(HttpApplication context)
   at System.Web.HttpApplication.InitModulesCommon()
   at System.Web.HttpApplication.InitInternal(HttpContext context, HttpApplicationState state, MethodInfo[] handlers)
   at System.Web.HttpApplicationFactory.GetNormalApplicationInstance(HttpContext context)
   at System.Web.HttpApplicationFactory.GetApplicationInstance(HttpContext context)
   at System.Web.HttpRuntime.ProcessRequestInternal(HttpWorkerRequest wr)
-->
  Expected: not null
  But was:  null
]]></message>
                      <stack-trace><![CDATA[at Orchard.Specs.Bindings.WebAppHosting.WhenIFillIn(Table table) in e:\expedit\projects\nkd\src\main\NKD.Orchard\src\Orchard.Specs\Bindings\WebAppHosting.cs:line 254
at Orchard.Specs.Bindings.OrchardSiteFactory.GivenIHaveInstalledOrchard(String virtualDirectory) in e:\expedit\projects\nkd\src\main\NKD.Orchard\src\Orchard.Specs\Bindings\OrchardSiteFactory.cs:line 38
at TechTalk.SpecFlow.Bindings.BindingInvoker.InvokeBinding(IBinding binding, IContextManager contextManager, Object[] arguments, ITestTracer testTracer, TimeSpan& duration)
at TechTalk.SpecFlow.Infrastructure.TestExecutionEngine.ExecuteStepMatch(BindingMatch match, Object[] arguments)
at TechTalk.SpecFlow.Infrastructure.TestExecutionEngine.ExecuteStep(StepInstance stepInstance)
at TechTalk.SpecFlow.Infrastructure.TestExecutionEngine.OnAfterLastStep()
]]></stack-trace>
                    </failure>
                  </test-case>
                  <test-case name="Orchard.Specs.ContentRightsManagementFeature.UsersCanTDeleteAPageForOthersIfTheyOnlyHaveDeleteOwn_Page" description="Users can't delete a Page for others if they only have DeleteOwn_Page" executed="True" success="False" time="26.972" asserts="1">
                    <failure>
                      <message><![CDATA[  Unable to locate <input> name SiteName in page html:

<!DOCTYPE html>
<html>
    <head>
        <title>Could not load file or assembly 'DevExpress.CodeRush.Common, Version=10.1.0.0, Culture=neutral, PublicKeyToken=35c9f04b7764aa3d' or one of its dependencies. The system cannot find the file specified.</title>
        <meta name="viewport" content="width=device-width" />
        <style>
         body {font-family:"Verdana";font-weight:normal;font-size: .7em;color:black;} 
         p {font-family:"Verdana";font-weight:normal;color:black;margin-top: -5px}
         b {font-family:"Verdana";font-weight:bold;color:black;margin-top: -5px}
         H1 { font-family:"Verdana";font-weight:normal;font-size:18pt;color:red }
         H2 { font-family:"Verdana";font-weight:normal;font-size:14pt;color:maroon }
         pre {font-family:"Consolas","Lucida Console",Monospace;font-size:11pt;margin:0;padding:0.5em;line-height:14pt}
         .marker {font-weight: bold; color: black;text-decoration: none;}
         .version {color: gray;}
         .error {margin-bottom: 10px;}
         .expandable { text-decoration:underline; font-weight:bold; color:navy; cursor:hand; }
         @media screen and (max-width: 639px) {
          pre { width: 440px; overflow: auto; white-space: pre-wrap; word-wrap: break-word; }
         }
         @media screen and (max-width: 479px) {
          pre { width: 280px; }
         }
        </style>
    </head>

    <body bgcolor="white">

            <span><H1>Server Error in '/' Application.<hr width=100% size=1 color=silver></H1>

            <h2> <i>Could not load file or assembly 'DevExpress.CodeRush.Common, Version=10.1.0.0, Culture=neutral, PublicKeyToken=35c9f04b7764aa3d' or one of its dependencies. The system cannot find the file specified.</i> </h2></span>

            <font face="Arial, Helvetica, Geneva, SunSans-Regular, sans-serif ">

            <b> Description: </b>An unhandled exception occurred during the execution of the current web request. Please review the stack trace for more information about the error and where it originated in the code.

            <br><br>

            <b> Exception Details: </b>System.IO.FileNotFoundException: Could not load file or assembly 'DevExpress.CodeRush.Common, Version=10.1.0.0, Culture=neutral, PublicKeyToken=35c9f04b7764aa3d' or one of its dependencies. The system cannot find the file specified.<br><br>

            <b>Source Error:</b> <br><br>

            <table width=100% bgcolor="#ffffcc">
               <tr>
                  <td>
                      <code>

An unhandled exception was generated during the execution of the current web request. Information regarding the origin and location of the exception can be identified using the exception stack trace below.</code>

                  </td>
               </tr>
            </table>

            <br>

            <b>Assembly Load Trace:</b> The following information can be helpful to determine why the assembly 'DevExpress.CodeRush.Common, Version=10.1.0.0, Culture=neutral, PublicKeyToken=35c9f04b7764aa3d' could not be loaded.<br><br>

            <table width=100% bgcolor="#ffffcc">
               <tr>
                  <td>
                      <code><pre>

WRN: Assembly binding logging is turned OFF.
To enable assembly bind failure logging, set the registry value [HKLM\Software\Microsoft\Fusion!EnableLog] (DWORD) to 1.
Note: There is some performance penalty associated with assembly bind failure logging.
To turn this feature off, remove the registry value [HKLM\Software\Microsoft\Fusion!EnableLog].
</pre></code>

                  </td>
               </tr>
            </table>

            <br>

            <b>Stack Trace:</b> <br><br>

            <table width=100% bgcolor="#ffffcc">
               <tr>
                  <td>
                      <code><pre>

[FileNotFoundException: Could not load file or assembly &#39;DevExpress.CodeRush.Common, Version=10.1.0.0, Culture=neutral, PublicKeyToken=35c9f04b7764aa3d&#39; or one of its dependencies. The system cannot find the file specified.]
   System.ModuleHandle.ResolveType(RuntimeModule module, Int32 typeToken, IntPtr* typeInstArgs, Int32 typeInstCount, IntPtr* methodInstArgs, Int32 methodInstCount, ObjectHandleOnStack type) +0
   System.ModuleHandle.ResolveTypeHandleInternal(RuntimeModule module, Int32 typeToken, RuntimeTypeHandle[] typeInstantiationContext, RuntimeTypeHandle[] methodInstantiationContext) +371
   System.ModuleHandle.ResolveTypeHandle(Int32 typeToken, RuntimeTypeHandle[] typeInstantiationContext, RuntimeTypeHandle[] methodInstantiationContext) +19
   System.Reflection.RuntimeModule.ResolveType(Int32 metadataToken, Type[] genericTypeArguments, Type[] genericMethodArguments) +319
   System.Reflection.CustomAttribute.FilterCustomAttributeRecord(CustomAttributeRecord caRecord, MetadataImport scope, Assembly&amp; lastAptcaOkAssembly, RuntimeModule decoratedModule, MetadataToken decoratedToken, RuntimeType attributeFilterType, Boolean mustBeInheritable, Object[] attributes, IList derivedAttributes, RuntimeType&amp; attributeType, IRuntimeMethodInfo&amp; ctor, Boolean&amp; ctorHasParameters, Boolean&amp; isVarArg) +203
   System.Reflection.CustomAttribute.GetCustomAttributes(RuntimeModule decoratedModule, Int32 decoratedMetadataToken, Int32 pcaCount, RuntimeType attributeFilterType, Boolean mustBeInheritable, IList derivedAttributes, Boolean isDecoratedTargetSecurityTransparent) +1179
   System.Reflection.CustomAttribute.GetCustomAttributes(RuntimeAssembly assembly, RuntimeType caType) +146
   Owin.Loader.DefaultLoader.SearchForStartupAttribute(String friendlyName, IList`1 errors, Boolean&amp; conflict) +180
   Owin.Loader.DefaultLoader.LoadImplementation(String startupName, IList`1 errorDetails) +184
   Microsoft.Owin.Host.SystemWeb.OwinBuilder.GetAppStartup() +138
   Microsoft.Owin.Host.SystemWeb.OwinHttpModule.InitializeBlueprint() +38
   System.Threading.LazyInitializer.EnsureInitializedCore(T&amp; target, Boolean&amp; initialized, Object&amp; syncLock, Func`1 valueFactory) +241
   Microsoft.Owin.Host.SystemWeb.OwinHttpModule.Init(HttpApplication context) +129
   System.Web.HttpApplication.InitModulesCommon() +192
   System.Web.HttpApplication.InitInternal(HttpContext context, HttpApplicationState state, MethodInfo[] handlers) +1582
   System.Web.HttpApplicationFactory.GetNormalApplicationInstance(HttpContext context) +365
   System.Web.HttpApplicationFactory.GetApplicationInstance(HttpContext context) +200
   System.Web.HttpRuntime.ProcessRequestInternal(HttpWorkerRequest wr) +591
</pre></code>

                  </td>
               </tr>
            </table>

            <br>

            <hr width=100% size=1 color=silver>

            <b>Version Information:</b>&nbsp;Microsoft .NET Framework Version:4.0.30319; ASP.NET Version:4.0.30319.34009

            </font>

    </body>
</html>
<!-- 
[FileNotFoundException]: Could not load file or assembly &#39;DevExpress.CodeRush.Common, Version=10.1.0.0, Culture=neutral, PublicKeyToken=35c9f04b7764aa3d&#39; or one of its dependencies. The system cannot find the file specified.
   at System.ModuleHandle.ResolveType(RuntimeModule module, Int32 typeToken, IntPtr* typeInstArgs, Int32 typeInstCount, IntPtr* methodInstArgs, Int32 methodInstCount, ObjectHandleOnStack type)
   at System.ModuleHandle.ResolveTypeHandleInternal(RuntimeModule module, Int32 typeToken, RuntimeTypeHandle[] typeInstantiationContext, RuntimeTypeHandle[] methodInstantiationContext)
   at System.ModuleHandle.ResolveTypeHandle(Int32 typeToken, RuntimeTypeHandle[] typeInstantiationContext, RuntimeTypeHandle[] methodInstantiationContext)
   at System.Reflection.RuntimeModule.ResolveType(Int32 metadataToken, Type[] genericTypeArguments, Type[] genericMethodArguments)
   at System.Reflection.CustomAttribute.FilterCustomAttributeRecord(CustomAttributeRecord caRecord, MetadataImport scope, Assembly& lastAptcaOkAssembly, RuntimeModule decoratedModule, MetadataToken decoratedToken, RuntimeType attributeFilterType, Boolean mustBeInheritable, Object[] attributes, IList derivedAttributes, RuntimeType& attributeType, IRuntimeMethodInfo& ctor, Boolean& ctorHasParameters, Boolean& isVarArg)
   at System.Reflection.CustomAttribute.GetCustomAttributes(RuntimeModule decoratedModule, Int32 decoratedMetadataToken, Int32 pcaCount, RuntimeType attributeFilterType, Boolean mustBeInheritable, IList derivedAttributes, Boolean isDecoratedTargetSecurityTransparent)
   at System.Reflection.CustomAttribute.GetCustomAttributes(RuntimeAssembly assembly, RuntimeType caType)
   at Owin.Loader.DefaultLoader.SearchForStartupAttribute(String friendlyName, IList`1 errors, Boolean& conflict)
   at Owin.Loader.DefaultLoader.LoadImplementation(String startupName, IList`1 errorDetails)
   at Microsoft.Owin.Host.SystemWeb.OwinBuilder.GetAppStartup()
   at Microsoft.Owin.Host.SystemWeb.OwinHttpModule.InitializeBlueprint()
   at System.Threading.LazyInitializer.EnsureInitializedCore[T](T& target, Boolean& initialized, Object& syncLock, Func`1 valueFactory)
   at Microsoft.Owin.Host.SystemWeb.OwinHttpModule.Init(HttpApplication context)
   at System.Web.HttpApplication.InitModulesCommon()
   at System.Web.HttpApplication.InitInternal(HttpContext context, HttpApplicationState state, MethodInfo[] handlers)
   at System.Web.HttpApplicationFactory.GetNormalApplicationInstance(HttpContext context)
   at System.Web.HttpApplicationFactory.GetApplicationInstance(HttpContext context)
   at System.Web.HttpRuntime.ProcessRequestInternal(HttpWorkerRequest wr)
-->
  Expected: not null
  But was:  null
]]></message>
                      <stack-trace><![CDATA[at Orchard.Specs.Bindings.WebAppHosting.WhenIFillIn(Table table) in e:\expedit\projects\nkd\src\main\NKD.Orchard\src\Orchard.Specs\Bindings\WebAppHosting.cs:line 254
at Orchard.Specs.Bindings.OrchardSiteFactory.GivenIHaveInstalledOrchard(String virtualDirectory) in e:\expedit\projects\nkd\src\main\NKD.Orchard\src\Orchard.Specs\Bindings\OrchardSiteFactory.cs:line 38
at TechTalk.SpecFlow.Bindings.BindingInvoker.InvokeBinding(IBinding binding, IContextManager contextManager, Object[] arguments, ITestTracer testTracer, TimeSpan& duration)
at TechTalk.SpecFlow.Infrastructure.TestExecutionEngine.ExecuteStepMatch(BindingMatch match, Object[] arguments)
at TechTalk.SpecFlow.Infrastructure.TestExecutionEngine.ExecuteStep(StepInstance stepInstance)
at TechTalk.SpecFlow.Infrastructure.TestExecutionEngine.OnAfterLastStep()
]]></stack-trace>
                    </failure>
                  </test-case>
                  <test-case name="Orchard.Specs.ContentRightsManagementFeature.UsersCanTEditAPageIfTheyDonTHaveTheEditContentPermission" description="Users can't edit a Page if they don't have the EditContent permission" executed="True" success="False" time="23.676" asserts="1">
                    <failure>
                      <message><![CDATA[  Unable to locate <input> name SiteName in page html:

<!DOCTYPE html>
<html>
    <head>
        <title>Could not load file or assembly 'DevExpress.CodeRush.Common, Version=10.1.0.0, Culture=neutral, PublicKeyToken=35c9f04b7764aa3d' or one of its dependencies. The system cannot find the file specified.</title>
        <meta name="viewport" content="width=device-width" />
        <style>
         body {font-family:"Verdana";font-weight:normal;font-size: .7em;color:black;} 
         p {font-family:"Verdana";font-weight:normal;color:black;margin-top: -5px}
         b {font-family:"Verdana";font-weight:bold;color:black;margin-top: -5px}
         H1 { font-family:"Verdana";font-weight:normal;font-size:18pt;color:red }
         H2 { font-family:"Verdana";font-weight:normal;font-size:14pt;color:maroon }
         pre {font-family:"Consolas","Lucida Console",Monospace;font-size:11pt;margin:0;padding:0.5em;line-height:14pt}
         .marker {font-weight: bold; color: black;text-decoration: none;}
         .version {color: gray;}
         .error {margin-bottom: 10px;}
         .expandable { text-decoration:underline; font-weight:bold; color:navy; cursor:hand; }
         @media screen and (max-width: 639px) {
          pre { width: 440px; overflow: auto; white-space: pre-wrap; word-wrap: break-word; }
         }
         @media screen and (max-width: 479px) {
          pre { width: 280px; }
         }
        </style>
    </head>

    <body bgcolor="white">

            <span><H1>Server Error in '/' Application.<hr width=100% size=1 color=silver></H1>

            <h2> <i>Could not load file or assembly 'DevExpress.CodeRush.Common, Version=10.1.0.0, Culture=neutral, PublicKeyToken=35c9f04b7764aa3d' or one of its dependencies. The system cannot find the file specified.</i> </h2></span>

            <font face="Arial, Helvetica, Geneva, SunSans-Regular, sans-serif ">

            <b> Description: </b>An unhandled exception occurred during the execution of the current web request. Please review the stack trace for more information about the error and where it originated in the code.

            <br><br>

            <b> Exception Details: </b>System.IO.FileNotFoundException: Could not load file or assembly 'DevExpress.CodeRush.Common, Version=10.1.0.0, Culture=neutral, PublicKeyToken=35c9f04b7764aa3d' or one of its dependencies. The system cannot find the file specified.<br><br>

            <b>Source Error:</b> <br><br>

            <table width=100% bgcolor="#ffffcc">
               <tr>
                  <td>
                      <code>

An unhandled exception was generated during the execution of the current web request. Information regarding the origin and location of the exception can be identified using the exception stack trace below.</code>

                  </td>
               </tr>
            </table>

            <br>

            <b>Assembly Load Trace:</b> The following information can be helpful to determine why the assembly 'DevExpress.CodeRush.Common, Version=10.1.0.0, Culture=neutral, PublicKeyToken=35c9f04b7764aa3d' could not be loaded.<br><br>

            <table width=100% bgcolor="#ffffcc">
               <tr>
                  <td>
                      <code><pre>

WRN: Assembly binding logging is turned OFF.
To enable assembly bind failure logging, set the registry value [HKLM\Software\Microsoft\Fusion!EnableLog] (DWORD) to 1.
Note: There is some performance penalty associated with assembly bind failure logging.
To turn this feature off, remove the registry value [HKLM\Software\Microsoft\Fusion!EnableLog].
</pre></code>

                  </td>
               </tr>
            </table>

            <br>

            <b>Stack Trace:</b> <br><br>

            <table width=100% bgcolor="#ffffcc">
               <tr>
                  <td>
                      <code><pre>

[FileNotFoundException: Could not load file or assembly &#39;DevExpress.CodeRush.Common, Version=10.1.0.0, Culture=neutral, PublicKeyToken=35c9f04b7764aa3d&#39; or one of its dependencies. The system cannot find the file specified.]
   System.ModuleHandle.ResolveType(RuntimeModule module, Int32 typeToken, IntPtr* typeInstArgs, Int32 typeInstCount, IntPtr* methodInstArgs, Int32 methodInstCount, ObjectHandleOnStack type) +0
   System.ModuleHandle.ResolveTypeHandleInternal(RuntimeModule module, Int32 typeToken, RuntimeTypeHandle[] typeInstantiationContext, RuntimeTypeHandle[] methodInstantiationContext) +371
   System.ModuleHandle.ResolveTypeHandle(Int32 typeToken, RuntimeTypeHandle[] typeInstantiationContext, RuntimeTypeHandle[] methodInstantiationContext) +19
   System.Reflection.RuntimeModule.ResolveType(Int32 metadataToken, Type[] genericTypeArguments, Type[] genericMethodArguments) +319
   System.Reflection.CustomAttribute.FilterCustomAttributeRecord(CustomAttributeRecord caRecord, MetadataImport scope, Assembly&amp; lastAptcaOkAssembly, RuntimeModule decoratedModule, MetadataToken decoratedToken, RuntimeType attributeFilterType, Boolean mustBeInheritable, Object[] attributes, IList derivedAttributes, RuntimeType&amp; attributeType, IRuntimeMethodInfo&amp; ctor, Boolean&amp; ctorHasParameters, Boolean&amp; isVarArg) +203
   System.Reflection.CustomAttribute.GetCustomAttributes(RuntimeModule decoratedModule, Int32 decoratedMetadataToken, Int32 pcaCount, RuntimeType attributeFilterType, Boolean mustBeInheritable, IList derivedAttributes, Boolean isDecoratedTargetSecurityTransparent) +1179
   System.Reflection.CustomAttribute.GetCustomAttributes(RuntimeAssembly assembly, RuntimeType caType) +146
   Owin.Loader.DefaultLoader.SearchForStartupAttribute(String friendlyName, IList`1 errors, Boolean&amp; conflict) +180
   Owin.Loader.DefaultLoader.LoadImplementation(String startupName, IList`1 errorDetails) +184
   Microsoft.Owin.Host.SystemWeb.OwinBuilder.GetAppStartup() +138
   Microsoft.Owin.Host.SystemWeb.OwinHttpModule.InitializeBlueprint() +38
   System.Threading.LazyInitializer.EnsureInitializedCore(T&amp; target, Boolean&amp; initialized, Object&amp; syncLock, Func`1 valueFactory) +241
   Microsoft.Owin.Host.SystemWeb.OwinHttpModule.Init(HttpApplication context) +129
   System.Web.HttpApplication.InitModulesCommon() +192
   System.Web.HttpApplication.InitInternal(HttpContext context, HttpApplicationState state, MethodInfo[] handlers) +1582
   System.Web.HttpApplicationFactory.GetNormalApplicationInstance(HttpContext context) +365
   System.Web.HttpApplicationFactory.GetApplicationInstance(HttpContext context) +200
   System.Web.HttpRuntime.ProcessRequestInternal(HttpWorkerRequest wr) +591
</pre></code>

                  </td>
               </tr>
            </table>

            <br>

            <hr width=100% size=1 color=silver>

            <b>Version Information:</b>&nbsp;Microsoft .NET Framework Version:4.0.30319; ASP.NET Version:4.0.30319.34009

            </font>

    </body>
</html>
<!-- 
[FileNotFoundException]: Could not load file or assembly &#39;DevExpress.CodeRush.Common, Version=10.1.0.0, Culture=neutral, PublicKeyToken=35c9f04b7764aa3d&#39; or one of its dependencies. The system cannot find the file specified.
   at System.ModuleHandle.ResolveType(RuntimeModule module, Int32 typeToken, IntPtr* typeInstArgs, Int32 typeInstCount, IntPtr* methodInstArgs, Int32 methodInstCount, ObjectHandleOnStack type)
   at System.ModuleHandle.ResolveTypeHandleInternal(RuntimeModule module, Int32 typeToken, RuntimeTypeHandle[] typeInstantiationContext, RuntimeTypeHandle[] methodInstantiationContext)
   at System.ModuleHandle.ResolveTypeHandle(Int32 typeToken, RuntimeTypeHandle[] typeInstantiationContext, RuntimeTypeHandle[] methodInstantiationContext)
   at System.Reflection.RuntimeModule.ResolveType(Int32 metadataToken, Type[] genericTypeArguments, Type[] genericMethodArguments)
   at System.Reflection.CustomAttribute.FilterCustomAttributeRecord(CustomAttributeRecord caRecord, MetadataImport scope, Assembly& lastAptcaOkAssembly, RuntimeModule decoratedModule, MetadataToken decoratedToken, RuntimeType attributeFilterType, Boolean mustBeInheritable, Object[] attributes, IList derivedAttributes, RuntimeType& attributeType, IRuntimeMethodInfo& ctor, Boolean& ctorHasParameters, Boolean& isVarArg)
   at System.Reflection.CustomAttribute.GetCustomAttributes(RuntimeModule decoratedModule, Int32 decoratedMetadataToken, Int32 pcaCount, RuntimeType attributeFilterType, Boolean mustBeInheritable, IList derivedAttributes, Boolean isDecoratedTargetSecurityTransparent)
   at System.Reflection.CustomAttribute.GetCustomAttributes(RuntimeAssembly assembly, RuntimeType caType)
   at Owin.Loader.DefaultLoader.SearchForStartupAttribute(String friendlyName, IList`1 errors, Boolean& conflict)
   at Owin.Loader.DefaultLoader.LoadImplementation(String startupName, IList`1 errorDetails)
   at Microsoft.Owin.Host.SystemWeb.OwinBuilder.GetAppStartup()
   at Microsoft.Owin.Host.SystemWeb.OwinHttpModule.InitializeBlueprint()
   at System.Threading.LazyInitializer.EnsureInitializedCore[T](T& target, Boolean& initialized, Object& syncLock, Func`1 valueFactory)
   at Microsoft.Owin.Host.SystemWeb.OwinHttpModule.Init(HttpApplication context)
   at System.Web.HttpApplication.InitModulesCommon()
   at System.Web.HttpApplication.InitInternal(HttpContext context, HttpApplicationState state, MethodInfo[] handlers)
   at System.Web.HttpApplicationFactory.GetNormalApplicationInstance(HttpContext context)
   at System.Web.HttpApplicationFactory.GetApplicationInstance(HttpContext context)
   at System.Web.HttpRuntime.ProcessRequestInternal(HttpWorkerRequest wr)
-->
  Expected: not null
  But was:  null
]]></message>
                      <stack-trace><![CDATA[at Orchard.Specs.Bindings.WebAppHosting.WhenIFillIn(Table table) in e:\expedit\projects\nkd\src\main\NKD.Orchard\src\Orchard.Specs\Bindings\WebAppHosting.cs:line 254
at Orchard.Specs.Bindings.OrchardSiteFactory.GivenIHaveInstalledOrchard(String virtualDirectory) in e:\expedit\projects\nkd\src\main\NKD.Orchard\src\Orchard.Specs\Bindings\OrchardSiteFactory.cs:line 38
at TechTalk.SpecFlow.Bindings.BindingInvoker.InvokeBinding(IBinding binding, IContextManager contextManager, Object[] arguments, ITestTracer testTracer, TimeSpan& duration)
at TechTalk.SpecFlow.Infrastructure.TestExecutionEngine.ExecuteStepMatch(BindingMatch match, Object[] arguments)
at TechTalk.SpecFlow.Infrastructure.TestExecutionEngine.ExecuteStep(StepInstance stepInstance)
at TechTalk.SpecFlow.Infrastructure.TestExecutionEngine.OnAfterLastStep()
]]></stack-trace>
                    </failure>
                  </test-case>
                </results>
              </test-suite>
              <test-suite name="ContentTypesFeature" description="Content Types" executed="True" success="False" time="114.531" asserts="0">
                <results>
                  <test-case name="Orchard.Specs.ContentTypesFeature.ICanCreateANewContentType" description="I can create a new content type" executed="True" success="False" time="25.071" asserts="1">
                    <failure>
                      <message><![CDATA[  Unable to locate <input> name SiteName in page html:

<!DOCTYPE html>
<html>
    <head>
        <title>Could not load file or assembly 'DevExpress.CodeRush.Common, Version=10.1.0.0, Culture=neutral, PublicKeyToken=35c9f04b7764aa3d' or one of its dependencies. The system cannot find the file specified.</title>
        <meta name="viewport" content="width=device-width" />
        <style>
         body {font-family:"Verdana";font-weight:normal;font-size: .7em;color:black;} 
         p {font-family:"Verdana";font-weight:normal;color:black;margin-top: -5px}
         b {font-family:"Verdana";font-weight:bold;color:black;margin-top: -5px}
         H1 { font-family:"Verdana";font-weight:normal;font-size:18pt;color:red }
         H2 { font-family:"Verdana";font-weight:normal;font-size:14pt;color:maroon }
         pre {font-family:"Consolas","Lucida Console",Monospace;font-size:11pt;margin:0;padding:0.5em;line-height:14pt}
         .marker {font-weight: bold; color: black;text-decoration: none;}
         .version {color: gray;}
         .error {margin-bottom: 10px;}
         .expandable { text-decoration:underline; font-weight:bold; color:navy; cursor:hand; }
         @media screen and (max-width: 639px) {
          pre { width: 440px; overflow: auto; white-space: pre-wrap; word-wrap: break-word; }
         }
         @media screen and (max-width: 479px) {
          pre { width: 280px; }
         }
        </style>
    </head>

    <body bgcolor="white">

            <span><H1>Server Error in '/' Application.<hr width=100% size=1 color=silver></H1>

            <h2> <i>Could not load file or assembly 'DevExpress.CodeRush.Common, Version=10.1.0.0, Culture=neutral, PublicKeyToken=35c9f04b7764aa3d' or one of its dependencies. The system cannot find the file specified.</i> </h2></span>

            <font face="Arial, Helvetica, Geneva, SunSans-Regular, sans-serif ">

            <b> Description: </b>An unhandled exception occurred during the execution of the current web request. Please review the stack trace for more information about the error and where it originated in the code.

            <br><br>

            <b> Exception Details: </b>System.IO.FileNotFoundException: Could not load file or assembly 'DevExpress.CodeRush.Common, Version=10.1.0.0, Culture=neutral, PublicKeyToken=35c9f04b7764aa3d' or one of its dependencies. The system cannot find the file specified.<br><br>

            <b>Source Error:</b> <br><br>

            <table width=100% bgcolor="#ffffcc">
               <tr>
                  <td>
                      <code>

An unhandled exception was generated during the execution of the current web request. Information regarding the origin and location of the exception can be identified using the exception stack trace below.</code>

                  </td>
               </tr>
            </table>

            <br>

            <b>Assembly Load Trace:</b> The following information can be helpful to determine why the assembly 'DevExpress.CodeRush.Common, Version=10.1.0.0, Culture=neutral, PublicKeyToken=35c9f04b7764aa3d' could not be loaded.<br><br>

            <table width=100% bgcolor="#ffffcc">
               <tr>
                  <td>
                      <code><pre>

WRN: Assembly binding logging is turned OFF.
To enable assembly bind failure logging, set the registry value [HKLM\Software\Microsoft\Fusion!EnableLog] (DWORD) to 1.
Note: There is some performance penalty associated with assembly bind failure logging.
To turn this feature off, remove the registry value [HKLM\Software\Microsoft\Fusion!EnableLog].
</pre></code>

                  </td>
               </tr>
            </table>

            <br>

            <b>Stack Trace:</b> <br><br>

            <table width=100% bgcolor="#ffffcc">
               <tr>
                  <td>
                      <code><pre>

[FileNotFoundException: Could not load file or assembly &#39;DevExpress.CodeRush.Common, Version=10.1.0.0, Culture=neutral, PublicKeyToken=35c9f04b7764aa3d&#39; or one of its dependencies. The system cannot find the file specified.]
   System.ModuleHandle.ResolveType(RuntimeModule module, Int32 typeToken, IntPtr* typeInstArgs, Int32 typeInstCount, IntPtr* methodInstArgs, Int32 methodInstCount, ObjectHandleOnStack type) +0
   System.ModuleHandle.ResolveTypeHandleInternal(RuntimeModule module, Int32 typeToken, RuntimeTypeHandle[] typeInstantiationContext, RuntimeTypeHandle[] methodInstantiationContext) +371
   System.ModuleHandle.ResolveTypeHandle(Int32 typeToken, RuntimeTypeHandle[] typeInstantiationContext, RuntimeTypeHandle[] methodInstantiationContext) +19
   System.Reflection.RuntimeModule.ResolveType(Int32 metadataToken, Type[] genericTypeArguments, Type[] genericMethodArguments) +319
   System.Reflection.CustomAttribute.FilterCustomAttributeRecord(CustomAttributeRecord caRecord, MetadataImport scope, Assembly&amp; lastAptcaOkAssembly, RuntimeModule decoratedModule, MetadataToken decoratedToken, RuntimeType attributeFilterType, Boolean mustBeInheritable, Object[] attributes, IList derivedAttributes, RuntimeType&amp; attributeType, IRuntimeMethodInfo&amp; ctor, Boolean&amp; ctorHasParameters, Boolean&amp; isVarArg) +203
   System.Reflection.CustomAttribute.GetCustomAttributes(RuntimeModule decoratedModule, Int32 decoratedMetadataToken, Int32 pcaCount, RuntimeType attributeFilterType, Boolean mustBeInheritable, IList derivedAttributes, Boolean isDecoratedTargetSecurityTransparent) +1179
   System.Reflection.CustomAttribute.GetCustomAttributes(RuntimeAssembly assembly, RuntimeType caType) +146
   Owin.Loader.DefaultLoader.SearchForStartupAttribute(String friendlyName, IList`1 errors, Boolean&amp; conflict) +180
   Owin.Loader.DefaultLoader.LoadImplementation(String startupName, IList`1 errorDetails) +184
   Microsoft.Owin.Host.SystemWeb.OwinBuilder.GetAppStartup() +138
   Microsoft.Owin.Host.SystemWeb.OwinHttpModule.InitializeBlueprint() +38
   System.Threading.LazyInitializer.EnsureInitializedCore(T&amp; target, Boolean&amp; initialized, Object&amp; syncLock, Func`1 valueFactory) +241
   Microsoft.Owin.Host.SystemWeb.OwinHttpModule.Init(HttpApplication context) +129
   System.Web.HttpApplication.InitModulesCommon() +192
   System.Web.HttpApplication.InitInternal(HttpContext context, HttpApplicationState state, MethodInfo[] handlers) +1582
   System.Web.HttpApplicationFactory.GetNormalApplicationInstance(HttpContext context) +365
   System.Web.HttpApplicationFactory.GetApplicationInstance(HttpContext context) +200
   System.Web.HttpRuntime.ProcessRequestInternal(HttpWorkerRequest wr) +591
</pre></code>

                  </td>
               </tr>
            </table>

            <br>

            <hr width=100% size=1 color=silver>

            <b>Version Information:</b>&nbsp;Microsoft .NET Framework Version:4.0.30319; ASP.NET Version:4.0.30319.34009

            </font>

    </body>
</html>
<!-- 
[FileNotFoundException]: Could not load file or assembly &#39;DevExpress.CodeRush.Common, Version=10.1.0.0, Culture=neutral, PublicKeyToken=35c9f04b7764aa3d&#39; or one of its dependencies. The system cannot find the file specified.
   at System.ModuleHandle.ResolveType(RuntimeModule module, Int32 typeToken, IntPtr* typeInstArgs, Int32 typeInstCount, IntPtr* methodInstArgs, Int32 methodInstCount, ObjectHandleOnStack type)
   at System.ModuleHandle.ResolveTypeHandleInternal(RuntimeModule module, Int32 typeToken, RuntimeTypeHandle[] typeInstantiationContext, RuntimeTypeHandle[] methodInstantiationContext)
   at System.ModuleHandle.ResolveTypeHandle(Int32 typeToken, RuntimeTypeHandle[] typeInstantiationContext, RuntimeTypeHandle[] methodInstantiationContext)
   at System.Reflection.RuntimeModule.ResolveType(Int32 metadataToken, Type[] genericTypeArguments, Type[] genericMethodArguments)
   at System.Reflection.CustomAttribute.FilterCustomAttributeRecord(CustomAttributeRecord caRecord, MetadataImport scope, Assembly& lastAptcaOkAssembly, RuntimeModule decoratedModule, MetadataToken decoratedToken, RuntimeType attributeFilterType, Boolean mustBeInheritable, Object[] attributes, IList derivedAttributes, RuntimeType& attributeType, IRuntimeMethodInfo& ctor, Boolean& ctorHasParameters, Boolean& isVarArg)
   at System.Reflection.CustomAttribute.GetCustomAttributes(RuntimeModule decoratedModule, Int32 decoratedMetadataToken, Int32 pcaCount, RuntimeType attributeFilterType, Boolean mustBeInheritable, IList derivedAttributes, Boolean isDecoratedTargetSecurityTransparent)
   at System.Reflection.CustomAttribute.GetCustomAttributes(RuntimeAssembly assembly, RuntimeType caType)
   at Owin.Loader.DefaultLoader.SearchForStartupAttribute(String friendlyName, IList`1 errors, Boolean& conflict)
   at Owin.Loader.DefaultLoader.LoadImplementation(String startupName, IList`1 errorDetails)
   at Microsoft.Owin.Host.SystemWeb.OwinBuilder.GetAppStartup()
   at Microsoft.Owin.Host.SystemWeb.OwinHttpModule.InitializeBlueprint()
   at System.Threading.LazyInitializer.EnsureInitializedCore[T](T& target, Boolean& initialized, Object& syncLock, Func`1 valueFactory)
   at Microsoft.Owin.Host.SystemWeb.OwinHttpModule.Init(HttpApplication context)
   at System.Web.HttpApplication.InitModulesCommon()
   at System.Web.HttpApplication.InitInternal(HttpContext context, HttpApplicationState state, MethodInfo[] handlers)
   at System.Web.HttpApplicationFactory.GetNormalApplicationInstance(HttpContext context)
   at System.Web.HttpApplicationFactory.GetApplicationInstance(HttpContext context)
   at System.Web.HttpRuntime.ProcessRequestInternal(HttpWorkerRequest wr)
-->
  Expected: not null
  But was:  null
]]></message>
                      <stack-trace><![CDATA[at Orchard.Specs.Bindings.WebAppHosting.WhenIFillIn(Table table) in e:\expedit\projects\nkd\src\main\NKD.Orchard\src\Orchard.Specs\Bindings\WebAppHosting.cs:line 254
at Orchard.Specs.Bindings.OrchardSiteFactory.GivenIHaveInstalledOrchard(String virtualDirectory) in e:\expedit\projects\nkd\src\main\NKD.Orchard\src\Orchard.Specs\Bindings\OrchardSiteFactory.cs:line 38
at TechTalk.SpecFlow.Bindings.BindingInvoker.InvokeBinding(IBinding binding, IContextManager contextManager, Object[] arguments, ITestTracer testTracer, TimeSpan& duration)
at TechTalk.SpecFlow.Infrastructure.TestExecutionEngine.ExecuteStepMatch(BindingMatch match, Object[] arguments)
at TechTalk.SpecFlow.Infrastructure.TestExecutionEngine.ExecuteStep(StepInstance stepInstance)
at TechTalk.SpecFlow.Infrastructure.TestExecutionEngine.OnAfterLastStep()
]]></stack-trace>
                    </failure>
                  </test-case>
                  <test-case name="Orchard.Specs.ContentTypesFeature.ICanTCreateAContentTypeWithAnAlreadyExistingName" description="I can't create a content type with an already existing name" executed="True" success="False" time="25.271" asserts="1">
                    <failure>
                      <message><![CDATA[  Unable to locate <input> name SiteName in page html:

<!DOCTYPE html>
<html>
    <head>
        <title>Could not load file or assembly 'DevExpress.CodeRush.Common, Version=10.1.0.0, Culture=neutral, PublicKeyToken=35c9f04b7764aa3d' or one of its dependencies. The system cannot find the file specified.</title>
        <meta name="viewport" content="width=device-width" />
        <style>
         body {font-family:"Verdana";font-weight:normal;font-size: .7em;color:black;} 
         p {font-family:"Verdana";font-weight:normal;color:black;margin-top: -5px}
         b {font-family:"Verdana";font-weight:bold;color:black;margin-top: -5px}
         H1 { font-family:"Verdana";font-weight:normal;font-size:18pt;color:red }
         H2 { font-family:"Verdana";font-weight:normal;font-size:14pt;color:maroon }
         pre {font-family:"Consolas","Lucida Console",Monospace;font-size:11pt;margin:0;padding:0.5em;line-height:14pt}
         .marker {font-weight: bold; color: black;text-decoration: none;}
         .version {color: gray;}
         .error {margin-bottom: 10px;}
         .expandable { text-decoration:underline; font-weight:bold; color:navy; cursor:hand; }
         @media screen and (max-width: 639px) {
          pre { width: 440px; overflow: auto; white-space: pre-wrap; word-wrap: break-word; }
         }
         @media screen and (max-width: 479px) {
          pre { width: 280px; }
         }
        </style>
    </head>

    <body bgcolor="white">

            <span><H1>Server Error in '/' Application.<hr width=100% size=1 color=silver></H1>

            <h2> <i>Could not load file or assembly 'DevExpress.CodeRush.Common, Version=10.1.0.0, Culture=neutral, PublicKeyToken=35c9f04b7764aa3d' or one of its dependencies. The system cannot find the file specified.</i> </h2></span>

            <font face="Arial, Helvetica, Geneva, SunSans-Regular, sans-serif ">

            <b> Description: </b>An unhandled exception occurred during the execution of the current web request. Please review the stack trace for more information about the error and where it originated in the code.

            <br><br>

            <b> Exception Details: </b>System.IO.FileNotFoundException: Could not load file or assembly 'DevExpress.CodeRush.Common, Version=10.1.0.0, Culture=neutral, PublicKeyToken=35c9f04b7764aa3d' or one of its dependencies. The system cannot find the file specified.<br><br>

            <b>Source Error:</b> <br><br>

            <table width=100% bgcolor="#ffffcc">
               <tr>
                  <td>
                      <code>

An unhandled exception was generated during the execution of the current web request. Information regarding the origin and location of the exception can be identified using the exception stack trace below.</code>

                  </td>
               </tr>
            </table>

            <br>

            <b>Assembly Load Trace:</b> The following information can be helpful to determine why the assembly 'DevExpress.CodeRush.Common, Version=10.1.0.0, Culture=neutral, PublicKeyToken=35c9f04b7764aa3d' could not be loaded.<br><br>

            <table width=100% bgcolor="#ffffcc">
               <tr>
                  <td>
                      <code><pre>

WRN: Assembly binding logging is turned OFF.
To enable assembly bind failure logging, set the registry value [HKLM\Software\Microsoft\Fusion!EnableLog] (DWORD) to 1.
Note: There is some performance penalty associated with assembly bind failure logging.
To turn this feature off, remove the registry value [HKLM\Software\Microsoft\Fusion!EnableLog].
</pre></code>

                  </td>
               </tr>
            </table>

            <br>

            <b>Stack Trace:</b> <br><br>

            <table width=100% bgcolor="#ffffcc">
               <tr>
                  <td>
                      <code><pre>

[FileNotFoundException: Could not load file or assembly &#39;DevExpress.CodeRush.Common, Version=10.1.0.0, Culture=neutral, PublicKeyToken=35c9f04b7764aa3d&#39; or one of its dependencies. The system cannot find the file specified.]
   System.ModuleHandle.ResolveType(RuntimeModule module, Int32 typeToken, IntPtr* typeInstArgs, Int32 typeInstCount, IntPtr* methodInstArgs, Int32 methodInstCount, ObjectHandleOnStack type) +0
   System.ModuleHandle.ResolveTypeHandleInternal(RuntimeModule module, Int32 typeToken, RuntimeTypeHandle[] typeInstantiationContext, RuntimeTypeHandle[] methodInstantiationContext) +371
   System.ModuleHandle.ResolveTypeHandle(Int32 typeToken, RuntimeTypeHandle[] typeInstantiationContext, RuntimeTypeHandle[] methodInstantiationContext) +19
   System.Reflection.RuntimeModule.ResolveType(Int32 metadataToken, Type[] genericTypeArguments, Type[] genericMethodArguments) +319
   System.Reflection.CustomAttribute.FilterCustomAttributeRecord(CustomAttributeRecord caRecord, MetadataImport scope, Assembly&amp; lastAptcaOkAssembly, RuntimeModule decoratedModule, MetadataToken decoratedToken, RuntimeType attributeFilterType, Boolean mustBeInheritable, Object[] attributes, IList derivedAttributes, RuntimeType&amp; attributeType, IRuntimeMethodInfo&amp; ctor, Boolean&amp; ctorHasParameters, Boolean&amp; isVarArg) +203
   System.Reflection.CustomAttribute.GetCustomAttributes(RuntimeModule decoratedModule, Int32 decoratedMetadataToken, Int32 pcaCount, RuntimeType attributeFilterType, Boolean mustBeInheritable, IList derivedAttributes, Boolean isDecoratedTargetSecurityTransparent) +1179
   System.Reflection.CustomAttribute.GetCustomAttributes(RuntimeAssembly assembly, RuntimeType caType) +146
   Owin.Loader.DefaultLoader.SearchForStartupAttribute(String friendlyName, IList`1 errors, Boolean&amp; conflict) +180
   Owin.Loader.DefaultLoader.LoadImplementation(String startupName, IList`1 errorDetails) +184
   Microsoft.Owin.Host.SystemWeb.OwinBuilder.GetAppStartup() +138
   Microsoft.Owin.Host.SystemWeb.OwinHttpModule.InitializeBlueprint() +38
   System.Threading.LazyInitializer.EnsureInitializedCore(T&amp; target, Boolean&amp; initialized, Object&amp; syncLock, Func`1 valueFactory) +241
   Microsoft.Owin.Host.SystemWeb.OwinHttpModule.Init(HttpApplication context) +129
   System.Web.HttpApplication.InitModulesCommon() +192
   System.Web.HttpApplication.InitInternal(HttpContext context, HttpApplicationState state, MethodInfo[] handlers) +1582
   System.Web.HttpApplicationFactory.GetNormalApplicationInstance(HttpContext context) +365
   System.Web.HttpApplicationFactory.GetApplicationInstance(HttpContext context) +200
   System.Web.HttpRuntime.ProcessRequestInternal(HttpWorkerRequest wr) +591
</pre></code>

                  </td>
               </tr>
            </table>

            <br>

            <hr width=100% size=1 color=silver>

            <b>Version Information:</b>&nbsp;Microsoft .NET Framework Version:4.0.30319; ASP.NET Version:4.0.30319.34009

            </font>

    </body>
</html>
<!-- 
[FileNotFoundException]: Could not load file or assembly &#39;DevExpress.CodeRush.Common, Version=10.1.0.0, Culture=neutral, PublicKeyToken=35c9f04b7764aa3d&#39; or one of its dependencies. The system cannot find the file specified.
   at System.ModuleHandle.ResolveType(RuntimeModule module, Int32 typeToken, IntPtr* typeInstArgs, Int32 typeInstCount, IntPtr* methodInstArgs, Int32 methodInstCount, ObjectHandleOnStack type)
   at System.ModuleHandle.ResolveTypeHandleInternal(RuntimeModule module, Int32 typeToken, RuntimeTypeHandle[] typeInstantiationContext, RuntimeTypeHandle[] methodInstantiationContext)
   at System.ModuleHandle.ResolveTypeHandle(Int32 typeToken, RuntimeTypeHandle[] typeInstantiationContext, RuntimeTypeHandle[] methodInstantiationContext)
   at System.Reflection.RuntimeModule.ResolveType(Int32 metadataToken, Type[] genericTypeArguments, Type[] genericMethodArguments)
   at System.Reflection.CustomAttribute.FilterCustomAttributeRecord(CustomAttributeRecord caRecord, MetadataImport scope, Assembly& lastAptcaOkAssembly, RuntimeModule decoratedModule, MetadataToken decoratedToken, RuntimeType attributeFilterType, Boolean mustBeInheritable, Object[] attributes, IList derivedAttributes, RuntimeType& attributeType, IRuntimeMethodInfo& ctor, Boolean& ctorHasParameters, Boolean& isVarArg)
   at System.Reflection.CustomAttribute.GetCustomAttributes(RuntimeModule decoratedModule, Int32 decoratedMetadataToken, Int32 pcaCount, RuntimeType attributeFilterType, Boolean mustBeInheritable, IList derivedAttributes, Boolean isDecoratedTargetSecurityTransparent)
   at System.Reflection.CustomAttribute.GetCustomAttributes(RuntimeAssembly assembly, RuntimeType caType)
   at Owin.Loader.DefaultLoader.SearchForStartupAttribute(String friendlyName, IList`1 errors, Boolean& conflict)
   at Owin.Loader.DefaultLoader.LoadImplementation(String startupName, IList`1 errorDetails)
   at Microsoft.Owin.Host.SystemWeb.OwinBuilder.GetAppStartup()
   at Microsoft.Owin.Host.SystemWeb.OwinHttpModule.InitializeBlueprint()
   at System.Threading.LazyInitializer.EnsureInitializedCore[T](T& target, Boolean& initialized, Object& syncLock, Func`1 valueFactory)
   at Microsoft.Owin.Host.SystemWeb.OwinHttpModule.Init(HttpApplication context)
   at System.Web.HttpApplication.InitModulesCommon()
   at System.Web.HttpApplication.InitInternal(HttpContext context, HttpApplicationState state, MethodInfo[] handlers)
   at System.Web.HttpApplicationFactory.GetNormalApplicationInstance(HttpContext context)
   at System.Web.HttpApplicationFactory.GetApplicationInstance(HttpContext context)
   at System.Web.HttpRuntime.ProcessRequestInternal(HttpWorkerRequest wr)
-->
  Expected: not null
  But was:  null
]]></message>
                      <stack-trace><![CDATA[at Orchard.Specs.Bindings.WebAppHosting.WhenIFillIn(Table table) in e:\expedit\projects\nkd\src\main\NKD.Orchard\src\Orchard.Specs\Bindings\WebAppHosting.cs:line 254
at Orchard.Specs.Bindings.OrchardSiteFactory.GivenIHaveInstalledOrchard(String virtualDirectory) in e:\expedit\projects\nkd\src\main\NKD.Orchard\src\Orchard.Specs\Bindings\OrchardSiteFactory.cs:line 38
at TechTalk.SpecFlow.Bindings.BindingInvoker.InvokeBinding(IBinding binding, IContextManager contextManager, Object[] arguments, ITestTracer testTracer, TimeSpan& duration)
at TechTalk.SpecFlow.Infrastructure.TestExecutionEngine.ExecuteStepMatch(BindingMatch match, Object[] arguments)
at TechTalk.SpecFlow.Infrastructure.TestExecutionEngine.ExecuteStep(StepInstance stepInstance)
at TechTalk.SpecFlow.Infrastructure.TestExecutionEngine.OnAfterLastStep()
]]></stack-trace>
                    </failure>
                  </test-case>
                  <test-case name="Orchard.Specs.ContentTypesFeature.ICanTCreateAContentTypeWithAnAlreadyExistingTechnicalName" description="I can't create a content type with an already existing technical name" executed="True" success="False" time="32.449" asserts="1">
                    <failure>
                      <message><![CDATA[  Unable to locate <input> name SiteName in page html:

<!DOCTYPE html>
<html>
    <head>
        <title>Could not load file or assembly 'DevExpress.CodeRush.Common, Version=10.1.0.0, Culture=neutral, PublicKeyToken=35c9f04b7764aa3d' or one of its dependencies. The system cannot find the file specified.</title>
        <meta name="viewport" content="width=device-width" />
        <style>
         body {font-family:"Verdana";font-weight:normal;font-size: .7em;color:black;} 
         p {font-family:"Verdana";font-weight:normal;color:black;margin-top: -5px}
         b {font-family:"Verdana";font-weight:bold;color:black;margin-top: -5px}
         H1 { font-family:"Verdana";font-weight:normal;font-size:18pt;color:red }
         H2 { font-family:"Verdana";font-weight:normal;font-size:14pt;color:maroon }
         pre {font-family:"Consolas","Lucida Console",Monospace;font-size:11pt;margin:0;padding:0.5em;line-height:14pt}
         .marker {font-weight: bold; color: black;text-decoration: none;}
         .version {color: gray;}
         .error {margin-bottom: 10px;}
         .expandable { text-decoration:underline; font-weight:bold; color:navy; cursor:hand; }
         @media screen and (max-width: 639px) {
          pre { width: 440px; overflow: auto; white-space: pre-wrap; word-wrap: break-word; }
         }
         @media screen and (max-width: 479px) {
          pre { width: 280px; }
         }
        </style>
    </head>

    <body bgcolor="white">

            <span><H1>Server Error in '/' Application.<hr width=100% size=1 color=silver></H1>

            <h2> <i>Could not load file or assembly 'DevExpress.CodeRush.Common, Version=10.1.0.0, Culture=neutral, PublicKeyToken=35c9f04b7764aa3d' or one of its dependencies. The system cannot find the file specified.</i> </h2></span>

            <font face="Arial, Helvetica, Geneva, SunSans-Regular, sans-serif ">

            <b> Description: </b>An unhandled exception occurred during the execution of the current web request. Please review the stack trace for more information about the error and where it originated in the code.

            <br><br>

            <b> Exception Details: </b>System.IO.FileNotFoundException: Could not load file or assembly 'DevExpress.CodeRush.Common, Version=10.1.0.0, Culture=neutral, PublicKeyToken=35c9f04b7764aa3d' or one of its dependencies. The system cannot find the file specified.<br><br>

            <b>Source Error:</b> <br><br>

            <table width=100% bgcolor="#ffffcc">
               <tr>
                  <td>
                      <code>

An unhandled exception was generated during the execution of the current web request. Information regarding the origin and location of the exception can be identified using the exception stack trace below.</code>

                  </td>
               </tr>
            </table>

            <br>

            <b>Assembly Load Trace:</b> The following information can be helpful to determine why the assembly 'DevExpress.CodeRush.Common, Version=10.1.0.0, Culture=neutral, PublicKeyToken=35c9f04b7764aa3d' could not be loaded.<br><br>

            <table width=100% bgcolor="#ffffcc">
               <tr>
                  <td>
                      <code><pre>

WRN: Assembly binding logging is turned OFF.
To enable assembly bind failure logging, set the registry value [HKLM\Software\Microsoft\Fusion!EnableLog] (DWORD) to 1.
Note: There is some performance penalty associated with assembly bind failure logging.
To turn this feature off, remove the registry value [HKLM\Software\Microsoft\Fusion!EnableLog].
</pre></code>

                  </td>
               </tr>
            </table>

            <br>

            <b>Stack Trace:</b> <br><br>

            <table width=100% bgcolor="#ffffcc">
               <tr>
                  <td>
                      <code><pre>

[FileNotFoundException: Could not load file or assembly &#39;DevExpress.CodeRush.Common, Version=10.1.0.0, Culture=neutral, PublicKeyToken=35c9f04b7764aa3d&#39; or one of its dependencies. The system cannot find the file specified.]
   System.ModuleHandle.ResolveType(RuntimeModule module, Int32 typeToken, IntPtr* typeInstArgs, Int32 typeInstCount, IntPtr* methodInstArgs, Int32 methodInstCount, ObjectHandleOnStack type) +0
   System.ModuleHandle.ResolveTypeHandleInternal(RuntimeModule module, Int32 typeToken, RuntimeTypeHandle[] typeInstantiationContext, RuntimeTypeHandle[] methodInstantiationContext) +371
   System.ModuleHandle.ResolveTypeHandle(Int32 typeToken, RuntimeTypeHandle[] typeInstantiationContext, RuntimeTypeHandle[] methodInstantiationContext) +19
   System.Reflection.RuntimeModule.ResolveType(Int32 metadataToken, Type[] genericTypeArguments, Type[] genericMethodArguments) +319
   System.Reflection.CustomAttribute.FilterCustomAttributeRecord(CustomAttributeRecord caRecord, MetadataImport scope, Assembly&amp; lastAptcaOkAssembly, RuntimeModule decoratedModule, MetadataToken decoratedToken, RuntimeType attributeFilterType, Boolean mustBeInheritable, Object[] attributes, IList derivedAttributes, RuntimeType&amp; attributeType, IRuntimeMethodInfo&amp; ctor, Boolean&amp; ctorHasParameters, Boolean&amp; isVarArg) +203
   System.Reflection.CustomAttribute.GetCustomAttributes(RuntimeModule decoratedModule, Int32 decoratedMetadataToken, Int32 pcaCount, RuntimeType attributeFilterType, Boolean mustBeInheritable, IList derivedAttributes, Boolean isDecoratedTargetSecurityTransparent) +1179
   System.Reflection.CustomAttribute.GetCustomAttributes(RuntimeAssembly assembly, RuntimeType caType) +146
   Owin.Loader.DefaultLoader.SearchForStartupAttribute(String friendlyName, IList`1 errors, Boolean&amp; conflict) +180
   Owin.Loader.DefaultLoader.LoadImplementation(String startupName, IList`1 errorDetails) +184
   Microsoft.Owin.Host.SystemWeb.OwinBuilder.GetAppStartup() +138
   Microsoft.Owin.Host.SystemWeb.OwinHttpModule.InitializeBlueprint() +38
   System.Threading.LazyInitializer.EnsureInitializedCore(T&amp; target, Boolean&amp; initialized, Object&amp; syncLock, Func`1 valueFactory) +241
   Microsoft.Owin.Host.SystemWeb.OwinHttpModule.Init(HttpApplication context) +129
   System.Web.HttpApplication.InitModulesCommon() +192
   System.Web.HttpApplication.InitInternal(HttpContext context, HttpApplicationState state, MethodInfo[] handlers) +1582
   System.Web.HttpApplicationFactory.GetNormalApplicationInstance(HttpContext context) +365
   System.Web.HttpApplicationFactory.GetApplicationInstance(HttpContext context) +200
   System.Web.HttpRuntime.ProcessRequestInternal(HttpWorkerRequest wr) +591
</pre></code>

                  </td>
               </tr>
            </table>

            <br>

            <hr width=100% size=1 color=silver>

            <b>Version Information:</b>&nbsp;Microsoft .NET Framework Version:4.0.30319; ASP.NET Version:4.0.30319.34009

            </font>

    </body>
</html>
<!-- 
[FileNotFoundException]: Could not load file or assembly &#39;DevExpress.CodeRush.Common, Version=10.1.0.0, Culture=neutral, PublicKeyToken=35c9f04b7764aa3d&#39; or one of its dependencies. The system cannot find the file specified.
   at System.ModuleHandle.ResolveType(RuntimeModule module, Int32 typeToken, IntPtr* typeInstArgs, Int32 typeInstCount, IntPtr* methodInstArgs, Int32 methodInstCount, ObjectHandleOnStack type)
   at System.ModuleHandle.ResolveTypeHandleInternal(RuntimeModule module, Int32 typeToken, RuntimeTypeHandle[] typeInstantiationContext, RuntimeTypeHandle[] methodInstantiationContext)
   at System.ModuleHandle.ResolveTypeHandle(Int32 typeToken, RuntimeTypeHandle[] typeInstantiationContext, RuntimeTypeHandle[] methodInstantiationContext)
   at System.Reflection.RuntimeModule.ResolveType(Int32 metadataToken, Type[] genericTypeArguments, Type[] genericMethodArguments)
   at System.Reflection.CustomAttribute.FilterCustomAttributeRecord(CustomAttributeRecord caRecord, MetadataImport scope, Assembly& lastAptcaOkAssembly, RuntimeModule decoratedModule, MetadataToken decoratedToken, RuntimeType attributeFilterType, Boolean mustBeInheritable, Object[] attributes, IList derivedAttributes, RuntimeType& attributeType, IRuntimeMethodInfo& ctor, Boolean& ctorHasParameters, Boolean& isVarArg)
   at System.Reflection.CustomAttribute.GetCustomAttributes(RuntimeModule decoratedModule, Int32 decoratedMetadataToken, Int32 pcaCount, RuntimeType attributeFilterType, Boolean mustBeInheritable, IList derivedAttributes, Boolean isDecoratedTargetSecurityTransparent)
   at System.Reflection.CustomAttribute.GetCustomAttributes(RuntimeAssembly assembly, RuntimeType caType)
   at Owin.Loader.DefaultLoader.SearchForStartupAttribute(String friendlyName, IList`1 errors, Boolean& conflict)
   at Owin.Loader.DefaultLoader.LoadImplementation(String startupName, IList`1 errorDetails)
   at Microsoft.Owin.Host.SystemWeb.OwinBuilder.GetAppStartup()
   at Microsoft.Owin.Host.SystemWeb.OwinHttpModule.InitializeBlueprint()
   at System.Threading.LazyInitializer.EnsureInitializedCore[T](T& target, Boolean& initialized, Object& syncLock, Func`1 valueFactory)
   at Microsoft.Owin.Host.SystemWeb.OwinHttpModule.Init(HttpApplication context)
   at System.Web.HttpApplication.InitModulesCommon()
   at System.Web.HttpApplication.InitInternal(HttpContext context, HttpApplicationState state, MethodInfo[] handlers)
   at System.Web.HttpApplicationFactory.GetNormalApplicationInstance(HttpContext context)
   at System.Web.HttpApplicationFactory.GetApplicationInstance(HttpContext context)
   at System.Web.HttpRuntime.ProcessRequestInternal(HttpWorkerRequest wr)
-->
  Expected: not null
  But was:  null
]]></message>
                      <stack-trace><![CDATA[at Orchard.Specs.Bindings.WebAppHosting.WhenIFillIn(Table table) in e:\expedit\projects\nkd\src\main\NKD.Orchard\src\Orchard.Specs\Bindings\WebAppHosting.cs:line 254
at Orchard.Specs.Bindings.OrchardSiteFactory.GivenIHaveInstalledOrchard(String virtualDirectory) in e:\expedit\projects\nkd\src\main\NKD.Orchard\src\Orchard.Specs\Bindings\OrchardSiteFactory.cs:line 38
at TechTalk.SpecFlow.Bindings.BindingInvoker.InvokeBinding(IBinding binding, IContextManager contextManager, Object[] arguments, ITestTracer testTracer, TimeSpan& duration)
at TechTalk.SpecFlow.Infrastructure.TestExecutionEngine.ExecuteStepMatch(BindingMatch match, Object[] arguments)
at TechTalk.SpecFlow.Infrastructure.TestExecutionEngine.ExecuteStep(StepInstance stepInstance)
at TechTalk.SpecFlow.Infrastructure.TestExecutionEngine.OnAfterLastStep()
]]></stack-trace>
                    </failure>
                  </test-case>
                  <test-case name="Orchard.Specs.ContentTypesFeature.ICanTRenameAContentTypeWithAnAlreadyExistingName" description="I can't rename a content type with an already existing name" executed="True" success="False" time="31.729" asserts="1">
                    <failure>
                      <message><![CDATA[  Unable to locate <input> name SiteName in page html:

<!DOCTYPE html>
<html>
    <head>
        <title>Could not load file or assembly 'DevExpress.CodeRush.Common, Version=10.1.0.0, Culture=neutral, PublicKeyToken=35c9f04b7764aa3d' or one of its dependencies. The system cannot find the file specified.</title>
        <meta name="viewport" content="width=device-width" />
        <style>
         body {font-family:"Verdana";font-weight:normal;font-size: .7em;color:black;} 
         p {font-family:"Verdana";font-weight:normal;color:black;margin-top: -5px}
         b {font-family:"Verdana";font-weight:bold;color:black;margin-top: -5px}
         H1 { font-family:"Verdana";font-weight:normal;font-size:18pt;color:red }
         H2 { font-family:"Verdana";font-weight:normal;font-size:14pt;color:maroon }
         pre {font-family:"Consolas","Lucida Console",Monospace;font-size:11pt;margin:0;padding:0.5em;line-height:14pt}
         .marker {font-weight: bold; color: black;text-decoration: none;}
         .version {color: gray;}
         .error {margin-bottom: 10px;}
         .expandable { text-decoration:underline; font-weight:bold; color:navy; cursor:hand; }
         @media screen and (max-width: 639px) {
          pre { width: 440px; overflow: auto; white-space: pre-wrap; word-wrap: break-word; }
         }
         @media screen and (max-width: 479px) {
          pre { width: 280px; }
         }
        </style>
    </head>

    <body bgcolor="white">

            <span><H1>Server Error in '/' Application.<hr width=100% size=1 color=silver></H1>

            <h2> <i>Could not load file or assembly 'DevExpress.CodeRush.Common, Version=10.1.0.0, Culture=neutral, PublicKeyToken=35c9f04b7764aa3d' or one of its dependencies. The system cannot find the file specified.</i> </h2></span>

            <font face="Arial, Helvetica, Geneva, SunSans-Regular, sans-serif ">

            <b> Description: </b>An unhandled exception occurred during the execution of the current web request. Please review the stack trace for more information about the error and where it originated in the code.

            <br><br>

            <b> Exception Details: </b>System.IO.FileNotFoundException: Could not load file or assembly 'DevExpress.CodeRush.Common, Version=10.1.0.0, Culture=neutral, PublicKeyToken=35c9f04b7764aa3d' or one of its dependencies. The system cannot find the file specified.<br><br>

            <b>Source Error:</b> <br><br>

            <table width=100% bgcolor="#ffffcc">
               <tr>
                  <td>
                      <code>

An unhandled exception was generated during the execution of the current web request. Information regarding the origin and location of the exception can be identified using the exception stack trace below.</code>

                  </td>
               </tr>
            </table>

            <br>

            <b>Assembly Load Trace:</b> The following information can be helpful to determine why the assembly 'DevExpress.CodeRush.Common, Version=10.1.0.0, Culture=neutral, PublicKeyToken=35c9f04b7764aa3d' could not be loaded.<br><br>

            <table width=100% bgcolor="#ffffcc">
               <tr>
                  <td>
                      <code><pre>

WRN: Assembly binding logging is turned OFF.
To enable assembly bind failure logging, set the registry value [HKLM\Software\Microsoft\Fusion!EnableLog] (DWORD) to 1.
Note: There is some performance penalty associated with assembly bind failure logging.
To turn this feature off, remove the registry value [HKLM\Software\Microsoft\Fusion!EnableLog].
</pre></code>

                  </td>
               </tr>
            </table>

            <br>

            <b>Stack Trace:</b> <br><br>

            <table width=100% bgcolor="#ffffcc">
               <tr>
                  <td>
                      <code><pre>

[FileNotFoundException: Could not load file or assembly &#39;DevExpress.CodeRush.Common, Version=10.1.0.0, Culture=neutral, PublicKeyToken=35c9f04b7764aa3d&#39; or one of its dependencies. The system cannot find the file specified.]
   System.ModuleHandle.ResolveType(RuntimeModule module, Int32 typeToken, IntPtr* typeInstArgs, Int32 typeInstCount, IntPtr* methodInstArgs, Int32 methodInstCount, ObjectHandleOnStack type) +0
   System.ModuleHandle.ResolveTypeHandleInternal(RuntimeModule module, Int32 typeToken, RuntimeTypeHandle[] typeInstantiationContext, RuntimeTypeHandle[] methodInstantiationContext) +371
   System.ModuleHandle.ResolveTypeHandle(Int32 typeToken, RuntimeTypeHandle[] typeInstantiationContext, RuntimeTypeHandle[] methodInstantiationContext) +19
   System.Reflection.RuntimeModule.ResolveType(Int32 metadataToken, Type[] genericTypeArguments, Type[] genericMethodArguments) +319
   System.Reflection.CustomAttribute.FilterCustomAttributeRecord(CustomAttributeRecord caRecord, MetadataImport scope, Assembly&amp; lastAptcaOkAssembly, RuntimeModule decoratedModule, MetadataToken decoratedToken, RuntimeType attributeFilterType, Boolean mustBeInheritable, Object[] attributes, IList derivedAttributes, RuntimeType&amp; attributeType, IRuntimeMethodInfo&amp; ctor, Boolean&amp; ctorHasParameters, Boolean&amp; isVarArg) +203
   System.Reflection.CustomAttribute.GetCustomAttributes(RuntimeModule decoratedModule, Int32 decoratedMetadataToken, Int32 pcaCount, RuntimeType attributeFilterType, Boolean mustBeInheritable, IList derivedAttributes, Boolean isDecoratedTargetSecurityTransparent) +1179
   System.Reflection.CustomAttribute.GetCustomAttributes(RuntimeAssembly assembly, RuntimeType caType) +146
   Owin.Loader.DefaultLoader.SearchForStartupAttribute(String friendlyName, IList`1 errors, Boolean&amp; conflict) +180
   Owin.Loader.DefaultLoader.LoadImplementation(String startupName, IList`1 errorDetails) +184
   Microsoft.Owin.Host.SystemWeb.OwinBuilder.GetAppStartup() +138
   Microsoft.Owin.Host.SystemWeb.OwinHttpModule.InitializeBlueprint() +38
   System.Threading.LazyInitializer.EnsureInitializedCore(T&amp; target, Boolean&amp; initialized, Object&amp; syncLock, Func`1 valueFactory) +241
   Microsoft.Owin.Host.SystemWeb.OwinHttpModule.Init(HttpApplication context) +129
   System.Web.HttpApplication.InitModulesCommon() +192
   System.Web.HttpApplication.InitInternal(HttpContext context, HttpApplicationState state, MethodInfo[] handlers) +1582
   System.Web.HttpApplicationFactory.GetNormalApplicationInstance(HttpContext context) +365
   System.Web.HttpApplicationFactory.GetApplicationInstance(HttpContext context) +200
   System.Web.HttpRuntime.ProcessRequestInternal(HttpWorkerRequest wr) +591
</pre></code>

                  </td>
               </tr>
            </table>

            <br>

            <hr width=100% size=1 color=silver>

            <b>Version Information:</b>&nbsp;Microsoft .NET Framework Version:4.0.30319; ASP.NET Version:4.0.30319.34009

            </font>

    </body>
</html>
<!-- 
[FileNotFoundException]: Could not load file or assembly &#39;DevExpress.CodeRush.Common, Version=10.1.0.0, Culture=neutral, PublicKeyToken=35c9f04b7764aa3d&#39; or one of its dependencies. The system cannot find the file specified.
   at System.ModuleHandle.ResolveType(RuntimeModule module, Int32 typeToken, IntPtr* typeInstArgs, Int32 typeInstCount, IntPtr* methodInstArgs, Int32 methodInstCount, ObjectHandleOnStack type)
   at System.ModuleHandle.ResolveTypeHandleInternal(RuntimeModule module, Int32 typeToken, RuntimeTypeHandle[] typeInstantiationContext, RuntimeTypeHandle[] methodInstantiationContext)
   at System.ModuleHandle.ResolveTypeHandle(Int32 typeToken, RuntimeTypeHandle[] typeInstantiationContext, RuntimeTypeHandle[] methodInstantiationContext)
   at System.Reflection.RuntimeModule.ResolveType(Int32 metadataToken, Type[] genericTypeArguments, Type[] genericMethodArguments)
   at System.Reflection.CustomAttribute.FilterCustomAttributeRecord(CustomAttributeRecord caRecord, MetadataImport scope, Assembly& lastAptcaOkAssembly, RuntimeModule decoratedModule, MetadataToken decoratedToken, RuntimeType attributeFilterType, Boolean mustBeInheritable, Object[] attributes, IList derivedAttributes, RuntimeType& attributeType, IRuntimeMethodInfo& ctor, Boolean& ctorHasParameters, Boolean& isVarArg)
   at System.Reflection.CustomAttribute.GetCustomAttributes(RuntimeModule decoratedModule, Int32 decoratedMetadataToken, Int32 pcaCount, RuntimeType attributeFilterType, Boolean mustBeInheritable, IList derivedAttributes, Boolean isDecoratedTargetSecurityTransparent)
   at System.Reflection.CustomAttribute.GetCustomAttributes(RuntimeAssembly assembly, RuntimeType caType)
   at Owin.Loader.DefaultLoader.SearchForStartupAttribute(String friendlyName, IList`1 errors, Boolean& conflict)
   at Owin.Loader.DefaultLoader.LoadImplementation(String startupName, IList`1 errorDetails)
   at Microsoft.Owin.Host.SystemWeb.OwinBuilder.GetAppStartup()
   at Microsoft.Owin.Host.SystemWeb.OwinHttpModule.InitializeBlueprint()
   at System.Threading.LazyInitializer.EnsureInitializedCore[T](T& target, Boolean& initialized, Object& syncLock, Func`1 valueFactory)
   at Microsoft.Owin.Host.SystemWeb.OwinHttpModule.Init(HttpApplication context)
   at System.Web.HttpApplication.InitModulesCommon()
   at System.Web.HttpApplication.InitInternal(HttpContext context, HttpApplicationState state, MethodInfo[] handlers)
   at System.Web.HttpApplicationFactory.GetNormalApplicationInstance(HttpContext context)
   at System.Web.HttpApplicationFactory.GetApplicationInstance(HttpContext context)
   at System.Web.HttpRuntime.ProcessRequestInternal(HttpWorkerRequest wr)
-->
  Expected: not null
  But was:  null
]]></message>
                      <stack-trace><![CDATA[at Orchard.Specs.Bindings.WebAppHosting.WhenIFillIn(Table table) in e:\expedit\projects\nkd\src\main\NKD.Orchard\src\Orchard.Specs\Bindings\WebAppHosting.cs:line 254
at Orchard.Specs.Bindings.OrchardSiteFactory.GivenIHaveInstalledOrchard(String virtualDirectory) in e:\expedit\projects\nkd\src\main\NKD.Orchard\src\Orchard.Specs\Bindings\OrchardSiteFactory.cs:line 38
at TechTalk.SpecFlow.Bindings.BindingInvoker.InvokeBinding(IBinding binding, IContextManager contextManager, Object[] arguments, ITestTracer testTracer, TimeSpan& duration)
at TechTalk.SpecFlow.Infrastructure.TestExecutionEngine.ExecuteStepMatch(BindingMatch match, Object[] arguments)
at TechTalk.SpecFlow.Infrastructure.TestExecutionEngine.ExecuteStep(StepInstance stepInstance)
at TechTalk.SpecFlow.Infrastructure.TestExecutionEngine.OnAfterLastStep()
]]></stack-trace>
                    </failure>
                  </test-case>
                </results>
              </test-suite>
              <test-suite name="DateTimeFieldFeature" description="DateTime Field" executed="True" success="False" time="59.854" asserts="0">
                <results>
                  <test-case name="Orchard.Specs.DateTimeFieldFeature.CreatingAndUsingDateFields" description="Creating and using Date fields" executed="True" success="False" time="33.929" asserts="1">
                    <failure>
                      <message><![CDATA[  Unable to locate <input> name SiteName in page html:

<!DOCTYPE html>
<html>
    <head>
        <title>Could not load file or assembly 'DevExpress.CodeRush.Common, Version=10.1.0.0, Culture=neutral, PublicKeyToken=35c9f04b7764aa3d' or one of its dependencies. The system cannot find the file specified.</title>
        <meta name="viewport" content="width=device-width" />
        <style>
         body {font-family:"Verdana";font-weight:normal;font-size: .7em;color:black;} 
         p {font-family:"Verdana";font-weight:normal;color:black;margin-top: -5px}
         b {font-family:"Verdana";font-weight:bold;color:black;margin-top: -5px}
         H1 { font-family:"Verdana";font-weight:normal;font-size:18pt;color:red }
         H2 { font-family:"Verdana";font-weight:normal;font-size:14pt;color:maroon }
         pre {font-family:"Consolas","Lucida Console",Monospace;font-size:11pt;margin:0;padding:0.5em;line-height:14pt}
         .marker {font-weight: bold; color: black;text-decoration: none;}
         .version {color: gray;}
         .error {margin-bottom: 10px;}
         .expandable { text-decoration:underline; font-weight:bold; color:navy; cursor:hand; }
         @media screen and (max-width: 639px) {
          pre { width: 440px; overflow: auto; white-space: pre-wrap; word-wrap: break-word; }
         }
         @media screen and (max-width: 479px) {
          pre { width: 280px; }
         }
        </style>
    </head>

    <body bgcolor="white">

            <span><H1>Server Error in '/' Application.<hr width=100% size=1 color=silver></H1>

            <h2> <i>Could not load file or assembly 'DevExpress.CodeRush.Common, Version=10.1.0.0, Culture=neutral, PublicKeyToken=35c9f04b7764aa3d' or one of its dependencies. The system cannot find the file specified.</i> </h2></span>

            <font face="Arial, Helvetica, Geneva, SunSans-Regular, sans-serif ">

            <b> Description: </b>An unhandled exception occurred during the execution of the current web request. Please review the stack trace for more information about the error and where it originated in the code.

            <br><br>

            <b> Exception Details: </b>System.IO.FileNotFoundException: Could not load file or assembly 'DevExpress.CodeRush.Common, Version=10.1.0.0, Culture=neutral, PublicKeyToken=35c9f04b7764aa3d' or one of its dependencies. The system cannot find the file specified.<br><br>

            <b>Source Error:</b> <br><br>

            <table width=100% bgcolor="#ffffcc">
               <tr>
                  <td>
                      <code>

An unhandled exception was generated during the execution of the current web request. Information regarding the origin and location of the exception can be identified using the exception stack trace below.</code>

                  </td>
               </tr>
            </table>

            <br>

            <b>Assembly Load Trace:</b> The following information can be helpful to determine why the assembly 'DevExpress.CodeRush.Common, Version=10.1.0.0, Culture=neutral, PublicKeyToken=35c9f04b7764aa3d' could not be loaded.<br><br>

            <table width=100% bgcolor="#ffffcc">
               <tr>
                  <td>
                      <code><pre>

WRN: Assembly binding logging is turned OFF.
To enable assembly bind failure logging, set the registry value [HKLM\Software\Microsoft\Fusion!EnableLog] (DWORD) to 1.
Note: There is some performance penalty associated with assembly bind failure logging.
To turn this feature off, remove the registry value [HKLM\Software\Microsoft\Fusion!EnableLog].
</pre></code>

                  </td>
               </tr>
            </table>

            <br>

            <b>Stack Trace:</b> <br><br>

            <table width=100% bgcolor="#ffffcc">
               <tr>
                  <td>
                      <code><pre>

[FileNotFoundException: Could not load file or assembly &#39;DevExpress.CodeRush.Common, Version=10.1.0.0, Culture=neutral, PublicKeyToken=35c9f04b7764aa3d&#39; or one of its dependencies. The system cannot find the file specified.]
   System.ModuleHandle.ResolveType(RuntimeModule module, Int32 typeToken, IntPtr* typeInstArgs, Int32 typeInstCount, IntPtr* methodInstArgs, Int32 methodInstCount, ObjectHandleOnStack type) +0
   System.ModuleHandle.ResolveTypeHandleInternal(RuntimeModule module, Int32 typeToken, RuntimeTypeHandle[] typeInstantiationContext, RuntimeTypeHandle[] methodInstantiationContext) +371
   System.ModuleHandle.ResolveTypeHandle(Int32 typeToken, RuntimeTypeHandle[] typeInstantiationContext, RuntimeTypeHandle[] methodInstantiationContext) +19
   System.Reflection.RuntimeModule.ResolveType(Int32 metadataToken, Type[] genericTypeArguments, Type[] genericMethodArguments) +319
   System.Reflection.CustomAttribute.FilterCustomAttributeRecord(CustomAttributeRecord caRecord, MetadataImport scope, Assembly&amp; lastAptcaOkAssembly, RuntimeModule decoratedModule, MetadataToken decoratedToken, RuntimeType attributeFilterType, Boolean mustBeInheritable, Object[] attributes, IList derivedAttributes, RuntimeType&amp; attributeType, IRuntimeMethodInfo&amp; ctor, Boolean&amp; ctorHasParameters, Boolean&amp; isVarArg) +203
   System.Reflection.CustomAttribute.GetCustomAttributes(RuntimeModule decoratedModule, Int32 decoratedMetadataToken, Int32 pcaCount, RuntimeType attributeFilterType, Boolean mustBeInheritable, IList derivedAttributes, Boolean isDecoratedTargetSecurityTransparent) +1179
   System.Reflection.CustomAttribute.GetCustomAttributes(RuntimeAssembly assembly, RuntimeType caType) +146
   Owin.Loader.DefaultLoader.SearchForStartupAttribute(String friendlyName, IList`1 errors, Boolean&amp; conflict) +180
   Owin.Loader.DefaultLoader.LoadImplementation(String startupName, IList`1 errorDetails) +184
   Microsoft.Owin.Host.SystemWeb.OwinBuilder.GetAppStartup() +138
   Microsoft.Owin.Host.SystemWeb.OwinHttpModule.InitializeBlueprint() +38
   System.Threading.LazyInitializer.EnsureInitializedCore(T&amp; target, Boolean&amp; initialized, Object&amp; syncLock, Func`1 valueFactory) +241
   Microsoft.Owin.Host.SystemWeb.OwinHttpModule.Init(HttpApplication context) +129
   System.Web.HttpApplication.InitModulesCommon() +192
   System.Web.HttpApplication.InitInternal(HttpContext context, HttpApplicationState state, MethodInfo[] handlers) +1582
   System.Web.HttpApplicationFactory.GetNormalApplicationInstance(HttpContext context) +365
   System.Web.HttpApplicationFactory.GetApplicationInstance(HttpContext context) +200
   System.Web.HttpRuntime.ProcessRequestInternal(HttpWorkerRequest wr) +591
</pre></code>

                  </td>
               </tr>
            </table>

            <br>

            <hr width=100% size=1 color=silver>

            <b>Version Information:</b>&nbsp;Microsoft .NET Framework Version:4.0.30319; ASP.NET Version:4.0.30319.34009

            </font>

    </body>
</html>
<!-- 
[FileNotFoundException]: Could not load file or assembly &#39;DevExpress.CodeRush.Common, Version=10.1.0.0, Culture=neutral, PublicKeyToken=35c9f04b7764aa3d&#39; or one of its dependencies. The system cannot find the file specified.
   at System.ModuleHandle.ResolveType(RuntimeModule module, Int32 typeToken, IntPtr* typeInstArgs, Int32 typeInstCount, IntPtr* methodInstArgs, Int32 methodInstCount, ObjectHandleOnStack type)
   at System.ModuleHandle.ResolveTypeHandleInternal(RuntimeModule module, Int32 typeToken, RuntimeTypeHandle[] typeInstantiationContext, RuntimeTypeHandle[] methodInstantiationContext)
   at System.ModuleHandle.ResolveTypeHandle(Int32 typeToken, RuntimeTypeHandle[] typeInstantiationContext, RuntimeTypeHandle[] methodInstantiationContext)
   at System.Reflection.RuntimeModule.ResolveType(Int32 metadataToken, Type[] genericTypeArguments, Type[] genericMethodArguments)
   at System.Reflection.CustomAttribute.FilterCustomAttributeRecord(CustomAttributeRecord caRecord, MetadataImport scope, Assembly& lastAptcaOkAssembly, RuntimeModule decoratedModule, MetadataToken decoratedToken, RuntimeType attributeFilterType, Boolean mustBeInheritable, Object[] attributes, IList derivedAttributes, RuntimeType& attributeType, IRuntimeMethodInfo& ctor, Boolean& ctorHasParameters, Boolean& isVarArg)
   at System.Reflection.CustomAttribute.GetCustomAttributes(RuntimeModule decoratedModule, Int32 decoratedMetadataToken, Int32 pcaCount, RuntimeType attributeFilterType, Boolean mustBeInheritable, IList derivedAttributes, Boolean isDecoratedTargetSecurityTransparent)
   at System.Reflection.CustomAttribute.GetCustomAttributes(RuntimeAssembly assembly, RuntimeType caType)
   at Owin.Loader.DefaultLoader.SearchForStartupAttribute(String friendlyName, IList`1 errors, Boolean& conflict)
   at Owin.Loader.DefaultLoader.LoadImplementation(String startupName, IList`1 errorDetails)
   at Microsoft.Owin.Host.SystemWeb.OwinBuilder.GetAppStartup()
   at Microsoft.Owin.Host.SystemWeb.OwinHttpModule.InitializeBlueprint()
   at System.Threading.LazyInitializer.EnsureInitializedCore[T](T& target, Boolean& initialized, Object& syncLock, Func`1 valueFactory)
   at Microsoft.Owin.Host.SystemWeb.OwinHttpModule.Init(HttpApplication context)
   at System.Web.HttpApplication.InitModulesCommon()
   at System.Web.HttpApplication.InitInternal(HttpContext context, HttpApplicationState state, MethodInfo[] handlers)
   at System.Web.HttpApplicationFactory.GetNormalApplicationInstance(HttpContext context)
   at System.Web.HttpApplicationFactory.GetApplicationInstance(HttpContext context)
   at System.Web.HttpRuntime.ProcessRequestInternal(HttpWorkerRequest wr)
-->
  Expected: not null
  But was:  null
]]></message>
                      <stack-trace><![CDATA[at Orchard.Specs.Bindings.WebAppHosting.WhenIFillIn(Table table) in e:\expedit\projects\nkd\src\main\NKD.Orchard\src\Orchard.Specs\Bindings\WebAppHosting.cs:line 254
at Orchard.Specs.Bindings.OrchardSiteFactory.GivenIHaveInstalledOrchard(String virtualDirectory) in e:\expedit\projects\nkd\src\main\NKD.Orchard\src\Orchard.Specs\Bindings\OrchardSiteFactory.cs:line 38
at TechTalk.SpecFlow.Bindings.BindingInvoker.InvokeBinding(IBinding binding, IContextManager contextManager, Object[] arguments, ITestTracer testTracer, TimeSpan& duration)
at TechTalk.SpecFlow.Infrastructure.TestExecutionEngine.ExecuteStepMatch(BindingMatch match, Object[] arguments)
at TechTalk.SpecFlow.Infrastructure.TestExecutionEngine.ExecuteStep(StepInstance stepInstance)
at TechTalk.SpecFlow.Infrastructure.TestExecutionEngine.OnAfterLastStep()
]]></stack-trace>
                    </failure>
                  </test-case>
                  <test-case name="Orchard.Specs.DateTimeFieldFeature.CreatingAndUsingDateTimeFieldsInAnotherCulture" description="Creating and using date time fields in another culture" executed="True" success="False" time="25.921" asserts="1">
                    <failure>
                      <message><![CDATA[  Unable to locate <input> name SiteName in page html:

<!DOCTYPE html>
<html>
    <head>
        <title>Could not load file or assembly 'DevExpress.CodeRush.Common, Version=10.1.0.0, Culture=neutral, PublicKeyToken=35c9f04b7764aa3d' or one of its dependencies. The system cannot find the file specified.</title>
        <meta name="viewport" content="width=device-width" />
        <style>
         body {font-family:"Verdana";font-weight:normal;font-size: .7em;color:black;} 
         p {font-family:"Verdana";font-weight:normal;color:black;margin-top: -5px}
         b {font-family:"Verdana";font-weight:bold;color:black;margin-top: -5px}
         H1 { font-family:"Verdana";font-weight:normal;font-size:18pt;color:red }
         H2 { font-family:"Verdana";font-weight:normal;font-size:14pt;color:maroon }
         pre {font-family:"Consolas","Lucida Console",Monospace;font-size:11pt;margin:0;padding:0.5em;line-height:14pt}
         .marker {font-weight: bold; color: black;text-decoration: none;}
         .version {color: gray;}
         .error {margin-bottom: 10px;}
         .expandable { text-decoration:underline; font-weight:bold; color:navy; cursor:hand; }
         @media screen and (max-width: 639px) {
          pre { width: 440px; overflow: auto; white-space: pre-wrap; word-wrap: break-word; }
         }
         @media screen and (max-width: 479px) {
          pre { width: 280px; }
         }
        </style>
    </head>

    <body bgcolor="white">

            <span><H1>Server Error in '/' Application.<hr width=100% size=1 color=silver></H1>

            <h2> <i>Could not load file or assembly 'DevExpress.CodeRush.Common, Version=10.1.0.0, Culture=neutral, PublicKeyToken=35c9f04b7764aa3d' or one of its dependencies. The system cannot find the file specified.</i> </h2></span>

            <font face="Arial, Helvetica, Geneva, SunSans-Regular, sans-serif ">

            <b> Description: </b>An unhandled exception occurred during the execution of the current web request. Please review the stack trace for more information about the error and where it originated in the code.

            <br><br>

            <b> Exception Details: </b>System.IO.FileNotFoundException: Could not load file or assembly 'DevExpress.CodeRush.Common, Version=10.1.0.0, Culture=neutral, PublicKeyToken=35c9f04b7764aa3d' or one of its dependencies. The system cannot find the file specified.<br><br>

            <b>Source Error:</b> <br><br>

            <table width=100% bgcolor="#ffffcc">
               <tr>
                  <td>
                      <code>

An unhandled exception was generated during the execution of the current web request. Information regarding the origin and location of the exception can be identified using the exception stack trace below.</code>

                  </td>
               </tr>
            </table>

            <br>

            <b>Assembly Load Trace:</b> The following information can be helpful to determine why the assembly 'DevExpress.CodeRush.Common, Version=10.1.0.0, Culture=neutral, PublicKeyToken=35c9f04b7764aa3d' could not be loaded.<br><br>

            <table width=100% bgcolor="#ffffcc">
               <tr>
                  <td>
                      <code><pre>

WRN: Assembly binding logging is turned OFF.
To enable assembly bind failure logging, set the registry value [HKLM\Software\Microsoft\Fusion!EnableLog] (DWORD) to 1.
Note: There is some performance penalty associated with assembly bind failure logging.
To turn this feature off, remove the registry value [HKLM\Software\Microsoft\Fusion!EnableLog].
</pre></code>

                  </td>
               </tr>
            </table>

            <br>

            <b>Stack Trace:</b> <br><br>

            <table width=100% bgcolor="#ffffcc">
               <tr>
                  <td>
                      <code><pre>

[FileNotFoundException: Could not load file or assembly &#39;DevExpress.CodeRush.Common, Version=10.1.0.0, Culture=neutral, PublicKeyToken=35c9f04b7764aa3d&#39; or one of its dependencies. The system cannot find the file specified.]
   System.ModuleHandle.ResolveType(RuntimeModule module, Int32 typeToken, IntPtr* typeInstArgs, Int32 typeInstCount, IntPtr* methodInstArgs, Int32 methodInstCount, ObjectHandleOnStack type) +0
   System.ModuleHandle.ResolveTypeHandleInternal(RuntimeModule module, Int32 typeToken, RuntimeTypeHandle[] typeInstantiationContext, RuntimeTypeHandle[] methodInstantiationContext) +371
   System.ModuleHandle.ResolveTypeHandle(Int32 typeToken, RuntimeTypeHandle[] typeInstantiationContext, RuntimeTypeHandle[] methodInstantiationContext) +19
   System.Reflection.RuntimeModule.ResolveType(Int32 metadataToken, Type[] genericTypeArguments, Type[] genericMethodArguments) +319
   System.Reflection.CustomAttribute.FilterCustomAttributeRecord(CustomAttributeRecord caRecord, MetadataImport scope, Assembly&amp; lastAptcaOkAssembly, RuntimeModule decoratedModule, MetadataToken decoratedToken, RuntimeType attributeFilterType, Boolean mustBeInheritable, Object[] attributes, IList derivedAttributes, RuntimeType&amp; attributeType, IRuntimeMethodInfo&amp; ctor, Boolean&amp; ctorHasParameters, Boolean&amp; isVarArg) +203
   System.Reflection.CustomAttribute.GetCustomAttributes(RuntimeModule decoratedModule, Int32 decoratedMetadataToken, Int32 pcaCount, RuntimeType attributeFilterType, Boolean mustBeInheritable, IList derivedAttributes, Boolean isDecoratedTargetSecurityTransparent) +1179
   System.Reflection.CustomAttribute.GetCustomAttributes(RuntimeAssembly assembly, RuntimeType caType) +146
   Owin.Loader.DefaultLoader.SearchForStartupAttribute(String friendlyName, IList`1 errors, Boolean&amp; conflict) +180
   Owin.Loader.DefaultLoader.LoadImplementation(String startupName, IList`1 errorDetails) +184
   Microsoft.Owin.Host.SystemWeb.OwinBuilder.GetAppStartup() +138
   Microsoft.Owin.Host.SystemWeb.OwinHttpModule.InitializeBlueprint() +38
   System.Threading.LazyInitializer.EnsureInitializedCore(T&amp; target, Boolean&amp; initialized, Object&amp; syncLock, Func`1 valueFactory) +241
   Microsoft.Owin.Host.SystemWeb.OwinHttpModule.Init(HttpApplication context) +129
   System.Web.HttpApplication.InitModulesCommon() +192
   System.Web.HttpApplication.InitInternal(HttpContext context, HttpApplicationState state, MethodInfo[] handlers) +1582
   System.Web.HttpApplicationFactory.GetNormalApplicationInstance(HttpContext context) +365
   System.Web.HttpApplicationFactory.GetApplicationInstance(HttpContext context) +200
   System.Web.HttpRuntime.ProcessRequestInternal(HttpWorkerRequest wr) +591
</pre></code>

                  </td>
               </tr>
            </table>

            <br>

            <hr width=100% size=1 color=silver>

            <b>Version Information:</b>&nbsp;Microsoft .NET Framework Version:4.0.30319; ASP.NET Version:4.0.30319.34009

            </font>

    </body>
</html>
<!-- 
[FileNotFoundException]: Could not load file or assembly &#39;DevExpress.CodeRush.Common, Version=10.1.0.0, Culture=neutral, PublicKeyToken=35c9f04b7764aa3d&#39; or one of its dependencies. The system cannot find the file specified.
   at System.ModuleHandle.ResolveType(RuntimeModule module, Int32 typeToken, IntPtr* typeInstArgs, Int32 typeInstCount, IntPtr* methodInstArgs, Int32 methodInstCount, ObjectHandleOnStack type)
   at System.ModuleHandle.ResolveTypeHandleInternal(RuntimeModule module, Int32 typeToken, RuntimeTypeHandle[] typeInstantiationContext, RuntimeTypeHandle[] methodInstantiationContext)
   at System.ModuleHandle.ResolveTypeHandle(Int32 typeToken, RuntimeTypeHandle[] typeInstantiationContext, RuntimeTypeHandle[] methodInstantiationContext)
   at System.Reflection.RuntimeModule.ResolveType(Int32 metadataToken, Type[] genericTypeArguments, Type[] genericMethodArguments)
   at System.Reflection.CustomAttribute.FilterCustomAttributeRecord(CustomAttributeRecord caRecord, MetadataImport scope, Assembly& lastAptcaOkAssembly, RuntimeModule decoratedModule, MetadataToken decoratedToken, RuntimeType attributeFilterType, Boolean mustBeInheritable, Object[] attributes, IList derivedAttributes, RuntimeType& attributeType, IRuntimeMethodInfo& ctor, Boolean& ctorHasParameters, Boolean& isVarArg)
   at System.Reflection.CustomAttribute.GetCustomAttributes(RuntimeModule decoratedModule, Int32 decoratedMetadataToken, Int32 pcaCount, RuntimeType attributeFilterType, Boolean mustBeInheritable, IList derivedAttributes, Boolean isDecoratedTargetSecurityTransparent)
   at System.Reflection.CustomAttribute.GetCustomAttributes(RuntimeAssembly assembly, RuntimeType caType)
   at Owin.Loader.DefaultLoader.SearchForStartupAttribute(String friendlyName, IList`1 errors, Boolean& conflict)
   at Owin.Loader.DefaultLoader.LoadImplementation(String startupName, IList`1 errorDetails)
   at Microsoft.Owin.Host.SystemWeb.OwinBuilder.GetAppStartup()
   at Microsoft.Owin.Host.SystemWeb.OwinHttpModule.InitializeBlueprint()
   at System.Threading.LazyInitializer.EnsureInitializedCore[T](T& target, Boolean& initialized, Object& syncLock, Func`1 valueFactory)
   at Microsoft.Owin.Host.SystemWeb.OwinHttpModule.Init(HttpApplication context)
   at System.Web.HttpApplication.InitModulesCommon()
   at System.Web.HttpApplication.InitInternal(HttpContext context, HttpApplicationState state, MethodInfo[] handlers)
   at System.Web.HttpApplicationFactory.GetNormalApplicationInstance(HttpContext context)
   at System.Web.HttpApplicationFactory.GetApplicationInstance(HttpContext context)
   at System.Web.HttpRuntime.ProcessRequestInternal(HttpWorkerRequest wr)
-->
  Expected: not null
  But was:  null
]]></message>
                      <stack-trace><![CDATA[at Orchard.Specs.Bindings.WebAppHosting.WhenIFillIn(Table table) in e:\expedit\projects\nkd\src\main\NKD.Orchard\src\Orchard.Specs\Bindings\WebAppHosting.cs:line 254
at Orchard.Specs.Bindings.OrchardSiteFactory.GivenIHaveInstalledOrchard(String virtualDirectory) in e:\expedit\projects\nkd\src\main\NKD.Orchard\src\Orchard.Specs\Bindings\OrchardSiteFactory.cs:line 38
at TechTalk.SpecFlow.Bindings.BindingInvoker.InvokeBinding(IBinding binding, IContextManager contextManager, Object[] arguments, ITestTracer testTracer, TimeSpan& duration)
at TechTalk.SpecFlow.Infrastructure.TestExecutionEngine.ExecuteStepMatch(BindingMatch match, Object[] arguments)
at TechTalk.SpecFlow.Infrastructure.TestExecutionEngine.ExecuteStep(StepInstance stepInstance)
at TechTalk.SpecFlow.Infrastructure.TestExecutionEngine.OnAfterLastStep()
]]></stack-trace>
                    </failure>
                  </test-case>
                </results>
              </test-suite>
              <test-suite name="EnumerationFieldFeature" description="Enumeration Field" executed="True" success="False" time="25.761" asserts="0">
                <results>
                  <test-case name="Orchard.Specs.EnumerationFieldFeature.CreatingAndUsingEnumerationFields" description="Creating and using Enumeration fields" executed="True" success="False" time="25.759" asserts="1">
                    <failure>
                      <message><![CDATA[  Unable to locate <input> name SiteName in page html:

<!DOCTYPE html>
<html>
    <head>
        <title>Could not load file or assembly 'DevExpress.CodeRush.Common, Version=10.1.0.0, Culture=neutral, PublicKeyToken=35c9f04b7764aa3d' or one of its dependencies. The system cannot find the file specified.</title>
        <meta name="viewport" content="width=device-width" />
        <style>
         body {font-family:"Verdana";font-weight:normal;font-size: .7em;color:black;} 
         p {font-family:"Verdana";font-weight:normal;color:black;margin-top: -5px}
         b {font-family:"Verdana";font-weight:bold;color:black;margin-top: -5px}
         H1 { font-family:"Verdana";font-weight:normal;font-size:18pt;color:red }
         H2 { font-family:"Verdana";font-weight:normal;font-size:14pt;color:maroon }
         pre {font-family:"Consolas","Lucida Console",Monospace;font-size:11pt;margin:0;padding:0.5em;line-height:14pt}
         .marker {font-weight: bold; color: black;text-decoration: none;}
         .version {color: gray;}
         .error {margin-bottom: 10px;}
         .expandable { text-decoration:underline; font-weight:bold; color:navy; cursor:hand; }
         @media screen and (max-width: 639px) {
          pre { width: 440px; overflow: auto; white-space: pre-wrap; word-wrap: break-word; }
         }
         @media screen and (max-width: 479px) {
          pre { width: 280px; }
         }
        </style>
    </head>

    <body bgcolor="white">

            <span><H1>Server Error in '/' Application.<hr width=100% size=1 color=silver></H1>

            <h2> <i>Could not load file or assembly 'DevExpress.CodeRush.Common, Version=10.1.0.0, Culture=neutral, PublicKeyToken=35c9f04b7764aa3d' or one of its dependencies. The system cannot find the file specified.</i> </h2></span>

            <font face="Arial, Helvetica, Geneva, SunSans-Regular, sans-serif ">

            <b> Description: </b>An unhandled exception occurred during the execution of the current web request. Please review the stack trace for more information about the error and where it originated in the code.

            <br><br>

            <b> Exception Details: </b>System.IO.FileNotFoundException: Could not load file or assembly 'DevExpress.CodeRush.Common, Version=10.1.0.0, Culture=neutral, PublicKeyToken=35c9f04b7764aa3d' or one of its dependencies. The system cannot find the file specified.<br><br>

            <b>Source Error:</b> <br><br>

            <table width=100% bgcolor="#ffffcc">
               <tr>
                  <td>
                      <code>

An unhandled exception was generated during the execution of the current web request. Information regarding the origin and location of the exception can be identified using the exception stack trace below.</code>

                  </td>
               </tr>
            </table>

            <br>

            <b>Assembly Load Trace:</b> The following information can be helpful to determine why the assembly 'DevExpress.CodeRush.Common, Version=10.1.0.0, Culture=neutral, PublicKeyToken=35c9f04b7764aa3d' could not be loaded.<br><br>

            <table width=100% bgcolor="#ffffcc">
               <tr>
                  <td>
                      <code><pre>

WRN: Assembly binding logging is turned OFF.
To enable assembly bind failure logging, set the registry value [HKLM\Software\Microsoft\Fusion!EnableLog] (DWORD) to 1.
Note: There is some performance penalty associated with assembly bind failure logging.
To turn this feature off, remove the registry value [HKLM\Software\Microsoft\Fusion!EnableLog].
</pre></code>

                  </td>
               </tr>
            </table>

            <br>

            <b>Stack Trace:</b> <br><br>

            <table width=100% bgcolor="#ffffcc">
               <tr>
                  <td>
                      <code><pre>

[FileNotFoundException: Could not load file or assembly &#39;DevExpress.CodeRush.Common, Version=10.1.0.0, Culture=neutral, PublicKeyToken=35c9f04b7764aa3d&#39; or one of its dependencies. The system cannot find the file specified.]
   System.ModuleHandle.ResolveType(RuntimeModule module, Int32 typeToken, IntPtr* typeInstArgs, Int32 typeInstCount, IntPtr* methodInstArgs, Int32 methodInstCount, ObjectHandleOnStack type) +0
   System.ModuleHandle.ResolveTypeHandleInternal(RuntimeModule module, Int32 typeToken, RuntimeTypeHandle[] typeInstantiationContext, RuntimeTypeHandle[] methodInstantiationContext) +371
   System.ModuleHandle.ResolveTypeHandle(Int32 typeToken, RuntimeTypeHandle[] typeInstantiationContext, RuntimeTypeHandle[] methodInstantiationContext) +19
   System.Reflection.RuntimeModule.ResolveType(Int32 metadataToken, Type[] genericTypeArguments, Type[] genericMethodArguments) +319
   System.Reflection.CustomAttribute.FilterCustomAttributeRecord(CustomAttributeRecord caRecord, MetadataImport scope, Assembly&amp; lastAptcaOkAssembly, RuntimeModule decoratedModule, MetadataToken decoratedToken, RuntimeType attributeFilterType, Boolean mustBeInheritable, Object[] attributes, IList derivedAttributes, RuntimeType&amp; attributeType, IRuntimeMethodInfo&amp; ctor, Boolean&amp; ctorHasParameters, Boolean&amp; isVarArg) +203
   System.Reflection.CustomAttribute.GetCustomAttributes(RuntimeModule decoratedModule, Int32 decoratedMetadataToken, Int32 pcaCount, RuntimeType attributeFilterType, Boolean mustBeInheritable, IList derivedAttributes, Boolean isDecoratedTargetSecurityTransparent) +1179
   System.Reflection.CustomAttribute.GetCustomAttributes(RuntimeAssembly assembly, RuntimeType caType) +146
   Owin.Loader.DefaultLoader.SearchForStartupAttribute(String friendlyName, IList`1 errors, Boolean&amp; conflict) +180
   Owin.Loader.DefaultLoader.LoadImplementation(String startupName, IList`1 errorDetails) +184
   Microsoft.Owin.Host.SystemWeb.OwinBuilder.GetAppStartup() +138
   Microsoft.Owin.Host.SystemWeb.OwinHttpModule.InitializeBlueprint() +38
   System.Threading.LazyInitializer.EnsureInitializedCore(T&amp; target, Boolean&amp; initialized, Object&amp; syncLock, Func`1 valueFactory) +241
   Microsoft.Owin.Host.SystemWeb.OwinHttpModule.Init(HttpApplication context) +129
   System.Web.HttpApplication.InitModulesCommon() +192
   System.Web.HttpApplication.InitInternal(HttpContext context, HttpApplicationState state, MethodInfo[] handlers) +1582
   System.Web.HttpApplicationFactory.GetNormalApplicationInstance(HttpContext context) +365
   System.Web.HttpApplicationFactory.GetApplicationInstance(HttpContext context) +200
   System.Web.HttpRuntime.ProcessRequestInternal(HttpWorkerRequest wr) +591
</pre></code>

                  </td>
               </tr>
            </table>

            <br>

            <hr width=100% size=1 color=silver>

            <b>Version Information:</b>&nbsp;Microsoft .NET Framework Version:4.0.30319; ASP.NET Version:4.0.30319.34009

            </font>

    </body>
</html>
<!-- 
[FileNotFoundException]: Could not load file or assembly &#39;DevExpress.CodeRush.Common, Version=10.1.0.0, Culture=neutral, PublicKeyToken=35c9f04b7764aa3d&#39; or one of its dependencies. The system cannot find the file specified.
   at System.ModuleHandle.ResolveType(RuntimeModule module, Int32 typeToken, IntPtr* typeInstArgs, Int32 typeInstCount, IntPtr* methodInstArgs, Int32 methodInstCount, ObjectHandleOnStack type)
   at System.ModuleHandle.ResolveTypeHandleInternal(RuntimeModule module, Int32 typeToken, RuntimeTypeHandle[] typeInstantiationContext, RuntimeTypeHandle[] methodInstantiationContext)
   at System.ModuleHandle.ResolveTypeHandle(Int32 typeToken, RuntimeTypeHandle[] typeInstantiationContext, RuntimeTypeHandle[] methodInstantiationContext)
   at System.Reflection.RuntimeModule.ResolveType(Int32 metadataToken, Type[] genericTypeArguments, Type[] genericMethodArguments)
   at System.Reflection.CustomAttribute.FilterCustomAttributeRecord(CustomAttributeRecord caRecord, MetadataImport scope, Assembly& lastAptcaOkAssembly, RuntimeModule decoratedModule, MetadataToken decoratedToken, RuntimeType attributeFilterType, Boolean mustBeInheritable, Object[] attributes, IList derivedAttributes, RuntimeType& attributeType, IRuntimeMethodInfo& ctor, Boolean& ctorHasParameters, Boolean& isVarArg)
   at System.Reflection.CustomAttribute.GetCustomAttributes(RuntimeModule decoratedModule, Int32 decoratedMetadataToken, Int32 pcaCount, RuntimeType attributeFilterType, Boolean mustBeInheritable, IList derivedAttributes, Boolean isDecoratedTargetSecurityTransparent)
   at System.Reflection.CustomAttribute.GetCustomAttributes(RuntimeAssembly assembly, RuntimeType caType)
   at Owin.Loader.DefaultLoader.SearchForStartupAttribute(String friendlyName, IList`1 errors, Boolean& conflict)
   at Owin.Loader.DefaultLoader.LoadImplementation(String startupName, IList`1 errorDetails)
   at Microsoft.Owin.Host.SystemWeb.OwinBuilder.GetAppStartup()
   at Microsoft.Owin.Host.SystemWeb.OwinHttpModule.InitializeBlueprint()
   at System.Threading.LazyInitializer.EnsureInitializedCore[T](T& target, Boolean& initialized, Object& syncLock, Func`1 valueFactory)
   at Microsoft.Owin.Host.SystemWeb.OwinHttpModule.Init(HttpApplication context)
   at System.Web.HttpApplication.InitModulesCommon()
   at System.Web.HttpApplication.InitInternal(HttpContext context, HttpApplicationState state, MethodInfo[] handlers)
   at System.Web.HttpApplicationFactory.GetNormalApplicationInstance(HttpContext context)
   at System.Web.HttpApplicationFactory.GetApplicationInstance(HttpContext context)
   at System.Web.HttpRuntime.ProcessRequestInternal(HttpWorkerRequest wr)
-->
  Expected: not null
  But was:  null
]]></message>
                      <stack-trace><![CDATA[at Orchard.Specs.Bindings.WebAppHosting.WhenIFillIn(Table table) in e:\expedit\projects\nkd\src\main\NKD.Orchard\src\Orchard.Specs\Bindings\WebAppHosting.cs:line 254
at Orchard.Specs.Bindings.OrchardSiteFactory.GivenIHaveInstalledOrchard(String virtualDirectory) in e:\expedit\projects\nkd\src\main\NKD.Orchard\src\Orchard.Specs\Bindings\OrchardSiteFactory.cs:line 38
at TechTalk.SpecFlow.Bindings.BindingInvoker.InvokeBinding(IBinding binding, IContextManager contextManager, Object[] arguments, ITestTracer testTracer, TimeSpan& duration)
at TechTalk.SpecFlow.Infrastructure.TestExecutionEngine.ExecuteStepMatch(BindingMatch match, Object[] arguments)
at TechTalk.SpecFlow.Infrastructure.TestExecutionEngine.ExecuteStep(StepInstance stepInstance)
at TechTalk.SpecFlow.Infrastructure.TestExecutionEngine.OnAfterLastStep()
]]></stack-trace>
                    </failure>
                  </test-case>
                </results>
              </test-suite>
              <test-suite name="InputFieldFeature" description="Input Field" executed="True" success="False" time="26.370" asserts="0">
                <results>
                  <test-case name="Orchard.Specs.InputFieldFeature.CreatingAndUsingInputFields" description="Creating and using Input fields" executed="True" success="False" time="26.368" asserts="1">
                    <failure>
                      <message><![CDATA[  Unable to locate <input> name SiteName in page html:

<!DOCTYPE html>
<html>
    <head>
        <title>Could not load file or assembly 'DevExpress.CodeRush.Common, Version=10.1.0.0, Culture=neutral, PublicKeyToken=35c9f04b7764aa3d' or one of its dependencies. The system cannot find the file specified.</title>
        <meta name="viewport" content="width=device-width" />
        <style>
         body {font-family:"Verdana";font-weight:normal;font-size: .7em;color:black;} 
         p {font-family:"Verdana";font-weight:normal;color:black;margin-top: -5px}
         b {font-family:"Verdana";font-weight:bold;color:black;margin-top: -5px}
         H1 { font-family:"Verdana";font-weight:normal;font-size:18pt;color:red }
         H2 { font-family:"Verdana";font-weight:normal;font-size:14pt;color:maroon }
         pre {font-family:"Consolas","Lucida Console",Monospace;font-size:11pt;margin:0;padding:0.5em;line-height:14pt}
         .marker {font-weight: bold; color: black;text-decoration: none;}
         .version {color: gray;}
         .error {margin-bottom: 10px;}
         .expandable { text-decoration:underline; font-weight:bold; color:navy; cursor:hand; }
         @media screen and (max-width: 639px) {
          pre { width: 440px; overflow: auto; white-space: pre-wrap; word-wrap: break-word; }
         }
         @media screen and (max-width: 479px) {
          pre { width: 280px; }
         }
        </style>
    </head>

    <body bgcolor="white">

            <span><H1>Server Error in '/' Application.<hr width=100% size=1 color=silver></H1>

            <h2> <i>Could not load file or assembly 'DevExpress.CodeRush.Common, Version=10.1.0.0, Culture=neutral, PublicKeyToken=35c9f04b7764aa3d' or one of its dependencies. The system cannot find the file specified.</i> </h2></span>

            <font face="Arial, Helvetica, Geneva, SunSans-Regular, sans-serif ">

            <b> Description: </b>An unhandled exception occurred during the execution of the current web request. Please review the stack trace for more information about the error and where it originated in the code.

            <br><br>

            <b> Exception Details: </b>System.IO.FileNotFoundException: Could not load file or assembly 'DevExpress.CodeRush.Common, Version=10.1.0.0, Culture=neutral, PublicKeyToken=35c9f04b7764aa3d' or one of its dependencies. The system cannot find the file specified.<br><br>

            <b>Source Error:</b> <br><br>

            <table width=100% bgcolor="#ffffcc">
               <tr>
                  <td>
                      <code>

An unhandled exception was generated during the execution of the current web request. Information regarding the origin and location of the exception can be identified using the exception stack trace below.</code>

                  </td>
               </tr>
            </table>

            <br>

            <b>Assembly Load Trace:</b> The following information can be helpful to determine why the assembly 'DevExpress.CodeRush.Common, Version=10.1.0.0, Culture=neutral, PublicKeyToken=35c9f04b7764aa3d' could not be loaded.<br><br>

            <table width=100% bgcolor="#ffffcc">
               <tr>
                  <td>
                      <code><pre>

WRN: Assembly binding logging is turned OFF.
To enable assembly bind failure logging, set the registry value [HKLM\Software\Microsoft\Fusion!EnableLog] (DWORD) to 1.
Note: There is some performance penalty associated with assembly bind failure logging.
To turn this feature off, remove the registry value [HKLM\Software\Microsoft\Fusion!EnableLog].
</pre></code>

                  </td>
               </tr>
            </table>

            <br>

            <b>Stack Trace:</b> <br><br>

            <table width=100% bgcolor="#ffffcc">
               <tr>
                  <td>
                      <code><pre>

[FileNotFoundException: Could not load file or assembly &#39;DevExpress.CodeRush.Common, Version=10.1.0.0, Culture=neutral, PublicKeyToken=35c9f04b7764aa3d&#39; or one of its dependencies. The system cannot find the file specified.]
   System.ModuleHandle.ResolveType(RuntimeModule module, Int32 typeToken, IntPtr* typeInstArgs, Int32 typeInstCount, IntPtr* methodInstArgs, Int32 methodInstCount, ObjectHandleOnStack type) +0
   System.ModuleHandle.ResolveTypeHandleInternal(RuntimeModule module, Int32 typeToken, RuntimeTypeHandle[] typeInstantiationContext, RuntimeTypeHandle[] methodInstantiationContext) +371
   System.ModuleHandle.ResolveTypeHandle(Int32 typeToken, RuntimeTypeHandle[] typeInstantiationContext, RuntimeTypeHandle[] methodInstantiationContext) +19
   System.Reflection.RuntimeModule.ResolveType(Int32 metadataToken, Type[] genericTypeArguments, Type[] genericMethodArguments) +319
   System.Reflection.CustomAttribute.FilterCustomAttributeRecord(CustomAttributeRecord caRecord, MetadataImport scope, Assembly&amp; lastAptcaOkAssembly, RuntimeModule decoratedModule, MetadataToken decoratedToken, RuntimeType attributeFilterType, Boolean mustBeInheritable, Object[] attributes, IList derivedAttributes, RuntimeType&amp; attributeType, IRuntimeMethodInfo&amp; ctor, Boolean&amp; ctorHasParameters, Boolean&amp; isVarArg) +203
   System.Reflection.CustomAttribute.GetCustomAttributes(RuntimeModule decoratedModule, Int32 decoratedMetadataToken, Int32 pcaCount, RuntimeType attributeFilterType, Boolean mustBeInheritable, IList derivedAttributes, Boolean isDecoratedTargetSecurityTransparent) +1179
   System.Reflection.CustomAttribute.GetCustomAttributes(RuntimeAssembly assembly, RuntimeType caType) +146
   Owin.Loader.DefaultLoader.SearchForStartupAttribute(String friendlyName, IList`1 errors, Boolean&amp; conflict) +180
   Owin.Loader.DefaultLoader.LoadImplementation(String startupName, IList`1 errorDetails) +184
   Microsoft.Owin.Host.SystemWeb.OwinBuilder.GetAppStartup() +138
   Microsoft.Owin.Host.SystemWeb.OwinHttpModule.InitializeBlueprint() +38
   System.Threading.LazyInitializer.EnsureInitializedCore(T&amp; target, Boolean&amp; initialized, Object&amp; syncLock, Func`1 valueFactory) +241
   Microsoft.Owin.Host.SystemWeb.OwinHttpModule.Init(HttpApplication context) +129
   System.Web.HttpApplication.InitModulesCommon() +192
   System.Web.HttpApplication.InitInternal(HttpContext context, HttpApplicationState state, MethodInfo[] handlers) +1582
   System.Web.HttpApplicationFactory.GetNormalApplicationInstance(HttpContext context) +365
   System.Web.HttpApplicationFactory.GetApplicationInstance(HttpContext context) +200
   System.Web.HttpRuntime.ProcessRequestInternal(HttpWorkerRequest wr) +591
</pre></code>

                  </td>
               </tr>
            </table>

            <br>

            <hr width=100% size=1 color=silver>

            <b>Version Information:</b>&nbsp;Microsoft .NET Framework Version:4.0.30319; ASP.NET Version:4.0.30319.34009

            </font>

    </body>
</html>
<!-- 
[FileNotFoundException]: Could not load file or assembly &#39;DevExpress.CodeRush.Common, Version=10.1.0.0, Culture=neutral, PublicKeyToken=35c9f04b7764aa3d&#39; or one of its dependencies. The system cannot find the file specified.
   at System.ModuleHandle.ResolveType(RuntimeModule module, Int32 typeToken, IntPtr* typeInstArgs, Int32 typeInstCount, IntPtr* methodInstArgs, Int32 methodInstCount, ObjectHandleOnStack type)
   at System.ModuleHandle.ResolveTypeHandleInternal(RuntimeModule module, Int32 typeToken, RuntimeTypeHandle[] typeInstantiationContext, RuntimeTypeHandle[] methodInstantiationContext)
   at System.ModuleHandle.ResolveTypeHandle(Int32 typeToken, RuntimeTypeHandle[] typeInstantiationContext, RuntimeTypeHandle[] methodInstantiationContext)
   at System.Reflection.RuntimeModule.ResolveType(Int32 metadataToken, Type[] genericTypeArguments, Type[] genericMethodArguments)
   at System.Reflection.CustomAttribute.FilterCustomAttributeRecord(CustomAttributeRecord caRecord, MetadataImport scope, Assembly& lastAptcaOkAssembly, RuntimeModule decoratedModule, MetadataToken decoratedToken, RuntimeType attributeFilterType, Boolean mustBeInheritable, Object[] attributes, IList derivedAttributes, RuntimeType& attributeType, IRuntimeMethodInfo& ctor, Boolean& ctorHasParameters, Boolean& isVarArg)
   at System.Reflection.CustomAttribute.GetCustomAttributes(RuntimeModule decoratedModule, Int32 decoratedMetadataToken, Int32 pcaCount, RuntimeType attributeFilterType, Boolean mustBeInheritable, IList derivedAttributes, Boolean isDecoratedTargetSecurityTransparent)
   at System.Reflection.CustomAttribute.GetCustomAttributes(RuntimeAssembly assembly, RuntimeType caType)
   at Owin.Loader.DefaultLoader.SearchForStartupAttribute(String friendlyName, IList`1 errors, Boolean& conflict)
   at Owin.Loader.DefaultLoader.LoadImplementation(String startupName, IList`1 errorDetails)
   at Microsoft.Owin.Host.SystemWeb.OwinBuilder.GetAppStartup()
   at Microsoft.Owin.Host.SystemWeb.OwinHttpModule.InitializeBlueprint()
   at System.Threading.LazyInitializer.EnsureInitializedCore[T](T& target, Boolean& initialized, Object& syncLock, Func`1 valueFactory)
   at Microsoft.Owin.Host.SystemWeb.OwinHttpModule.Init(HttpApplication context)
   at System.Web.HttpApplication.InitModulesCommon()
   at System.Web.HttpApplication.InitInternal(HttpContext context, HttpApplicationState state, MethodInfo[] handlers)
   at System.Web.HttpApplicationFactory.GetNormalApplicationInstance(HttpContext context)
   at System.Web.HttpApplicationFactory.GetApplicationInstance(HttpContext context)
   at System.Web.HttpRuntime.ProcessRequestInternal(HttpWorkerRequest wr)
-->
  Expected: not null
  But was:  null
]]></message>
                      <stack-trace><![CDATA[at Orchard.Specs.Bindings.WebAppHosting.WhenIFillIn(Table table) in e:\expedit\projects\nkd\src\main\NKD.Orchard\src\Orchard.Specs\Bindings\WebAppHosting.cs:line 254
at Orchard.Specs.Bindings.OrchardSiteFactory.GivenIHaveInstalledOrchard(String virtualDirectory) in e:\expedit\projects\nkd\src\main\NKD.Orchard\src\Orchard.Specs\Bindings\OrchardSiteFactory.cs:line 38
at TechTalk.SpecFlow.Bindings.BindingInvoker.InvokeBinding(IBinding binding, IContextManager contextManager, Object[] arguments, ITestTracer testTracer, TimeSpan& duration)
at TechTalk.SpecFlow.Infrastructure.TestExecutionEngine.ExecuteStepMatch(BindingMatch match, Object[] arguments)
at TechTalk.SpecFlow.Infrastructure.TestExecutionEngine.ExecuteStep(StepInstance stepInstance)
at TechTalk.SpecFlow.Infrastructure.TestExecutionEngine.OnAfterLastStep()
]]></stack-trace>
                    </failure>
                  </test-case>
                </results>
              </test-suite>
              <test-suite name="LinkFieldFeature" description="Link Field" executed="True" success="False" time="25.985" asserts="0">
                <results>
                  <test-case name="Orchard.Specs.LinkFieldFeature.CreatingAndUsingLinkFields" description="Creating and using Link fields" executed="True" success="False" time="25.983" asserts="1">
                    <failure>
                      <message><![CDATA[  Unable to locate <input> name SiteName in page html:

<!DOCTYPE html>
<html>
    <head>
        <title>Could not load file or assembly 'DevExpress.CodeRush.Common, Version=10.1.0.0, Culture=neutral, PublicKeyToken=35c9f04b7764aa3d' or one of its dependencies. The system cannot find the file specified.</title>
        <meta name="viewport" content="width=device-width" />
        <style>
         body {font-family:"Verdana";font-weight:normal;font-size: .7em;color:black;} 
         p {font-family:"Verdana";font-weight:normal;color:black;margin-top: -5px}
         b {font-family:"Verdana";font-weight:bold;color:black;margin-top: -5px}
         H1 { font-family:"Verdana";font-weight:normal;font-size:18pt;color:red }
         H2 { font-family:"Verdana";font-weight:normal;font-size:14pt;color:maroon }
         pre {font-family:"Consolas","Lucida Console",Monospace;font-size:11pt;margin:0;padding:0.5em;line-height:14pt}
         .marker {font-weight: bold; color: black;text-decoration: none;}
         .version {color: gray;}
         .error {margin-bottom: 10px;}
         .expandable { text-decoration:underline; font-weight:bold; color:navy; cursor:hand; }
         @media screen and (max-width: 639px) {
          pre { width: 440px; overflow: auto; white-space: pre-wrap; word-wrap: break-word; }
         }
         @media screen and (max-width: 479px) {
          pre { width: 280px; }
         }
        </style>
    </head>

    <body bgcolor="white">

            <span><H1>Server Error in '/' Application.<hr width=100% size=1 color=silver></H1>

            <h2> <i>Could not load file or assembly 'DevExpress.CodeRush.Common, Version=10.1.0.0, Culture=neutral, PublicKeyToken=35c9f04b7764aa3d' or one of its dependencies. The system cannot find the file specified.</i> </h2></span>

            <font face="Arial, Helvetica, Geneva, SunSans-Regular, sans-serif ">

            <b> Description: </b>An unhandled exception occurred during the execution of the current web request. Please review the stack trace for more information about the error and where it originated in the code.

            <br><br>

            <b> Exception Details: </b>System.IO.FileNotFoundException: Could not load file or assembly 'DevExpress.CodeRush.Common, Version=10.1.0.0, Culture=neutral, PublicKeyToken=35c9f04b7764aa3d' or one of its dependencies. The system cannot find the file specified.<br><br>

            <b>Source Error:</b> <br><br>

            <table width=100% bgcolor="#ffffcc">
               <tr>
                  <td>
                      <code>

An unhandled exception was generated during the execution of the current web request. Information regarding the origin and location of the exception can be identified using the exception stack trace below.</code>

                  </td>
               </tr>
            </table>

            <br>

            <b>Assembly Load Trace:</b> The following information can be helpful to determine why the assembly 'DevExpress.CodeRush.Common, Version=10.1.0.0, Culture=neutral, PublicKeyToken=35c9f04b7764aa3d' could not be loaded.<br><br>

            <table width=100% bgcolor="#ffffcc">
               <tr>
                  <td>
                      <code><pre>

WRN: Assembly binding logging is turned OFF.
To enable assembly bind failure logging, set the registry value [HKLM\Software\Microsoft\Fusion!EnableLog] (DWORD) to 1.
Note: There is some performance penalty associated with assembly bind failure logging.
To turn this feature off, remove the registry value [HKLM\Software\Microsoft\Fusion!EnableLog].
</pre></code>

                  </td>
               </tr>
            </table>

            <br>

            <b>Stack Trace:</b> <br><br>

            <table width=100% bgcolor="#ffffcc">
               <tr>
                  <td>
                      <code><pre>

[FileNotFoundException: Could not load file or assembly &#39;DevExpress.CodeRush.Common, Version=10.1.0.0, Culture=neutral, PublicKeyToken=35c9f04b7764aa3d&#39; or one of its dependencies. The system cannot find the file specified.]
   System.ModuleHandle.ResolveType(RuntimeModule module, Int32 typeToken, IntPtr* typeInstArgs, Int32 typeInstCount, IntPtr* methodInstArgs, Int32 methodInstCount, ObjectHandleOnStack type) +0
   System.ModuleHandle.ResolveTypeHandleInternal(RuntimeModule module, Int32 typeToken, RuntimeTypeHandle[] typeInstantiationContext, RuntimeTypeHandle[] methodInstantiationContext) +371
   System.ModuleHandle.ResolveTypeHandle(Int32 typeToken, RuntimeTypeHandle[] typeInstantiationContext, RuntimeTypeHandle[] methodInstantiationContext) +19
   System.Reflection.RuntimeModule.ResolveType(Int32 metadataToken, Type[] genericTypeArguments, Type[] genericMethodArguments) +319
   System.Reflection.CustomAttribute.FilterCustomAttributeRecord(CustomAttributeRecord caRecord, MetadataImport scope, Assembly&amp; lastAptcaOkAssembly, RuntimeModule decoratedModule, MetadataToken decoratedToken, RuntimeType attributeFilterType, Boolean mustBeInheritable, Object[] attributes, IList derivedAttributes, RuntimeType&amp; attributeType, IRuntimeMethodInfo&amp; ctor, Boolean&amp; ctorHasParameters, Boolean&amp; isVarArg) +203
   System.Reflection.CustomAttribute.GetCustomAttributes(RuntimeModule decoratedModule, Int32 decoratedMetadataToken, Int32 pcaCount, RuntimeType attributeFilterType, Boolean mustBeInheritable, IList derivedAttributes, Boolean isDecoratedTargetSecurityTransparent) +1179
   System.Reflection.CustomAttribute.GetCustomAttributes(RuntimeAssembly assembly, RuntimeType caType) +146
   Owin.Loader.DefaultLoader.SearchForStartupAttribute(String friendlyName, IList`1 errors, Boolean&amp; conflict) +180
   Owin.Loader.DefaultLoader.LoadImplementation(String startupName, IList`1 errorDetails) +184
   Microsoft.Owin.Host.SystemWeb.OwinBuilder.GetAppStartup() +138
   Microsoft.Owin.Host.SystemWeb.OwinHttpModule.InitializeBlueprint() +38
   System.Threading.LazyInitializer.EnsureInitializedCore(T&amp; target, Boolean&amp; initialized, Object&amp; syncLock, Func`1 valueFactory) +241
   Microsoft.Owin.Host.SystemWeb.OwinHttpModule.Init(HttpApplication context) +129
   System.Web.HttpApplication.InitModulesCommon() +192
   System.Web.HttpApplication.InitInternal(HttpContext context, HttpApplicationState state, MethodInfo[] handlers) +1582
   System.Web.HttpApplicationFactory.GetNormalApplicationInstance(HttpContext context) +365
   System.Web.HttpApplicationFactory.GetApplicationInstance(HttpContext context) +200
   System.Web.HttpRuntime.ProcessRequestInternal(HttpWorkerRequest wr) +591
</pre></code>

                  </td>
               </tr>
            </table>

            <br>

            <hr width=100% size=1 color=silver>

            <b>Version Information:</b>&nbsp;Microsoft .NET Framework Version:4.0.30319; ASP.NET Version:4.0.30319.34009

            </font>

    </body>
</html>
<!-- 
[FileNotFoundException]: Could not load file or assembly &#39;DevExpress.CodeRush.Common, Version=10.1.0.0, Culture=neutral, PublicKeyToken=35c9f04b7764aa3d&#39; or one of its dependencies. The system cannot find the file specified.
   at System.ModuleHandle.ResolveType(RuntimeModule module, Int32 typeToken, IntPtr* typeInstArgs, Int32 typeInstCount, IntPtr* methodInstArgs, Int32 methodInstCount, ObjectHandleOnStack type)
   at System.ModuleHandle.ResolveTypeHandleInternal(RuntimeModule module, Int32 typeToken, RuntimeTypeHandle[] typeInstantiationContext, RuntimeTypeHandle[] methodInstantiationContext)
   at System.ModuleHandle.ResolveTypeHandle(Int32 typeToken, RuntimeTypeHandle[] typeInstantiationContext, RuntimeTypeHandle[] methodInstantiationContext)
   at System.Reflection.RuntimeModule.ResolveType(Int32 metadataToken, Type[] genericTypeArguments, Type[] genericMethodArguments)
   at System.Reflection.CustomAttribute.FilterCustomAttributeRecord(CustomAttributeRecord caRecord, MetadataImport scope, Assembly& lastAptcaOkAssembly, RuntimeModule decoratedModule, MetadataToken decoratedToken, RuntimeType attributeFilterType, Boolean mustBeInheritable, Object[] attributes, IList derivedAttributes, RuntimeType& attributeType, IRuntimeMethodInfo& ctor, Boolean& ctorHasParameters, Boolean& isVarArg)
   at System.Reflection.CustomAttribute.GetCustomAttributes(RuntimeModule decoratedModule, Int32 decoratedMetadataToken, Int32 pcaCount, RuntimeType attributeFilterType, Boolean mustBeInheritable, IList derivedAttributes, Boolean isDecoratedTargetSecurityTransparent)
   at System.Reflection.CustomAttribute.GetCustomAttributes(RuntimeAssembly assembly, RuntimeType caType)
   at Owin.Loader.DefaultLoader.SearchForStartupAttribute(String friendlyName, IList`1 errors, Boolean& conflict)
   at Owin.Loader.DefaultLoader.LoadImplementation(String startupName, IList`1 errorDetails)
   at Microsoft.Owin.Host.SystemWeb.OwinBuilder.GetAppStartup()
   at Microsoft.Owin.Host.SystemWeb.OwinHttpModule.InitializeBlueprint()
   at System.Threading.LazyInitializer.EnsureInitializedCore[T](T& target, Boolean& initialized, Object& syncLock, Func`1 valueFactory)
   at Microsoft.Owin.Host.SystemWeb.OwinHttpModule.Init(HttpApplication context)
   at System.Web.HttpApplication.InitModulesCommon()
   at System.Web.HttpApplication.InitInternal(HttpContext context, HttpApplicationState state, MethodInfo[] handlers)
   at System.Web.HttpApplicationFactory.GetNormalApplicationInstance(HttpContext context)
   at System.Web.HttpApplicationFactory.GetApplicationInstance(HttpContext context)
   at System.Web.HttpRuntime.ProcessRequestInternal(HttpWorkerRequest wr)
-->
  Expected: not null
  But was:  null
]]></message>
                      <stack-trace><![CDATA[at Orchard.Specs.Bindings.WebAppHosting.WhenIFillIn(Table table) in e:\expedit\projects\nkd\src\main\NKD.Orchard\src\Orchard.Specs\Bindings\WebAppHosting.cs:line 254
at Orchard.Specs.Bindings.OrchardSiteFactory.GivenIHaveInstalledOrchard(String virtualDirectory) in e:\expedit\projects\nkd\src\main\NKD.Orchard\src\Orchard.Specs\Bindings\OrchardSiteFactory.cs:line 38
at TechTalk.SpecFlow.Bindings.BindingInvoker.InvokeBinding(IBinding binding, IContextManager contextManager, Object[] arguments, ITestTracer testTracer, TimeSpan& duration)
at TechTalk.SpecFlow.Infrastructure.TestExecutionEngine.ExecuteStepMatch(BindingMatch match, Object[] arguments)
at TechTalk.SpecFlow.Infrastructure.TestExecutionEngine.ExecuteStep(StepInstance stepInstance)
at TechTalk.SpecFlow.Infrastructure.TestExecutionEngine.OnAfterLastStep()
]]></stack-trace>
                    </failure>
                  </test-case>
                </results>
              </test-suite>
              <test-suite name="ListsFeature" description="Lists" executed="True" success="False" time="60.188" asserts="0">
                <results>
                  <test-case name="Orchard.Specs.ListsFeature.ICanAddContentItemsToAList" description="I can add content items to a list" executed="True" success="False" time="30.831" asserts="1">
                    <failure>
                      <message><![CDATA[  Unable to locate <input> name SiteName in page html:

<!DOCTYPE html>
<html>
    <head>
        <title>Could not load file or assembly 'DevExpress.CodeRush.Common, Version=10.1.0.0, Culture=neutral, PublicKeyToken=35c9f04b7764aa3d' or one of its dependencies. The system cannot find the file specified.</title>
        <meta name="viewport" content="width=device-width" />
        <style>
         body {font-family:"Verdana";font-weight:normal;font-size: .7em;color:black;} 
         p {font-family:"Verdana";font-weight:normal;color:black;margin-top: -5px}
         b {font-family:"Verdana";font-weight:bold;color:black;margin-top: -5px}
         H1 { font-family:"Verdana";font-weight:normal;font-size:18pt;color:red }
         H2 { font-family:"Verdana";font-weight:normal;font-size:14pt;color:maroon }
         pre {font-family:"Consolas","Lucida Console",Monospace;font-size:11pt;margin:0;padding:0.5em;line-height:14pt}
         .marker {font-weight: bold; color: black;text-decoration: none;}
         .version {color: gray;}
         .error {margin-bottom: 10px;}
         .expandable { text-decoration:underline; font-weight:bold; color:navy; cursor:hand; }
         @media screen and (max-width: 639px) {
          pre { width: 440px; overflow: auto; white-space: pre-wrap; word-wrap: break-word; }
         }
         @media screen and (max-width: 479px) {
          pre { width: 280px; }
         }
        </style>
    </head>

    <body bgcolor="white">

            <span><H1>Server Error in '/' Application.<hr width=100% size=1 color=silver></H1>

            <h2> <i>Could not load file or assembly 'DevExpress.CodeRush.Common, Version=10.1.0.0, Culture=neutral, PublicKeyToken=35c9f04b7764aa3d' or one of its dependencies. The system cannot find the file specified.</i> </h2></span>

            <font face="Arial, Helvetica, Geneva, SunSans-Regular, sans-serif ">

            <b> Description: </b>An unhandled exception occurred during the execution of the current web request. Please review the stack trace for more information about the error and where it originated in the code.

            <br><br>

            <b> Exception Details: </b>System.IO.FileNotFoundException: Could not load file or assembly 'DevExpress.CodeRush.Common, Version=10.1.0.0, Culture=neutral, PublicKeyToken=35c9f04b7764aa3d' or one of its dependencies. The system cannot find the file specified.<br><br>

            <b>Source Error:</b> <br><br>

            <table width=100% bgcolor="#ffffcc">
               <tr>
                  <td>
                      <code>

An unhandled exception was generated during the execution of the current web request. Information regarding the origin and location of the exception can be identified using the exception stack trace below.</code>

                  </td>
               </tr>
            </table>

            <br>

            <b>Assembly Load Trace:</b> The following information can be helpful to determine why the assembly 'DevExpress.CodeRush.Common, Version=10.1.0.0, Culture=neutral, PublicKeyToken=35c9f04b7764aa3d' could not be loaded.<br><br>

            <table width=100% bgcolor="#ffffcc">
               <tr>
                  <td>
                      <code><pre>

WRN: Assembly binding logging is turned OFF.
To enable assembly bind failure logging, set the registry value [HKLM\Software\Microsoft\Fusion!EnableLog] (DWORD) to 1.
Note: There is some performance penalty associated with assembly bind failure logging.
To turn this feature off, remove the registry value [HKLM\Software\Microsoft\Fusion!EnableLog].
</pre></code>

                  </td>
               </tr>
            </table>

            <br>

            <b>Stack Trace:</b> <br><br>

            <table width=100% bgcolor="#ffffcc">
               <tr>
                  <td>
                      <code><pre>

[FileNotFoundException: Could not load file or assembly &#39;DevExpress.CodeRush.Common, Version=10.1.0.0, Culture=neutral, PublicKeyToken=35c9f04b7764aa3d&#39; or one of its dependencies. The system cannot find the file specified.]
   System.ModuleHandle.ResolveType(RuntimeModule module, Int32 typeToken, IntPtr* typeInstArgs, Int32 typeInstCount, IntPtr* methodInstArgs, Int32 methodInstCount, ObjectHandleOnStack type) +0
   System.ModuleHandle.ResolveTypeHandleInternal(RuntimeModule module, Int32 typeToken, RuntimeTypeHandle[] typeInstantiationContext, RuntimeTypeHandle[] methodInstantiationContext) +371
   System.ModuleHandle.ResolveTypeHandle(Int32 typeToken, RuntimeTypeHandle[] typeInstantiationContext, RuntimeTypeHandle[] methodInstantiationContext) +19
   System.Reflection.RuntimeModule.ResolveType(Int32 metadataToken, Type[] genericTypeArguments, Type[] genericMethodArguments) +319
   System.Reflection.CustomAttribute.FilterCustomAttributeRecord(CustomAttributeRecord caRecord, MetadataImport scope, Assembly&amp; lastAptcaOkAssembly, RuntimeModule decoratedModule, MetadataToken decoratedToken, RuntimeType attributeFilterType, Boolean mustBeInheritable, Object[] attributes, IList derivedAttributes, RuntimeType&amp; attributeType, IRuntimeMethodInfo&amp; ctor, Boolean&amp; ctorHasParameters, Boolean&amp; isVarArg) +203
   System.Reflection.CustomAttribute.GetCustomAttributes(RuntimeModule decoratedModule, Int32 decoratedMetadataToken, Int32 pcaCount, RuntimeType attributeFilterType, Boolean mustBeInheritable, IList derivedAttributes, Boolean isDecoratedTargetSecurityTransparent) +1179
   System.Reflection.CustomAttribute.GetCustomAttributes(RuntimeAssembly assembly, RuntimeType caType) +146
   Owin.Loader.DefaultLoader.SearchForStartupAttribute(String friendlyName, IList`1 errors, Boolean&amp; conflict) +180
   Owin.Loader.DefaultLoader.LoadImplementation(String startupName, IList`1 errorDetails) +184
   Microsoft.Owin.Host.SystemWeb.OwinBuilder.GetAppStartup() +138
   Microsoft.Owin.Host.SystemWeb.OwinHttpModule.InitializeBlueprint() +38
   System.Threading.LazyInitializer.EnsureInitializedCore(T&amp; target, Boolean&amp; initialized, Object&amp; syncLock, Func`1 valueFactory) +241
   Microsoft.Owin.Host.SystemWeb.OwinHttpModule.Init(HttpApplication context) +129
   System.Web.HttpApplication.InitModulesCommon() +192
   System.Web.HttpApplication.InitInternal(HttpContext context, HttpApplicationState state, MethodInfo[] handlers) +1582
   System.Web.HttpApplicationFactory.GetNormalApplicationInstance(HttpContext context) +365
   System.Web.HttpApplicationFactory.GetApplicationInstance(HttpContext context) +200
   System.Web.HttpRuntime.ProcessRequestInternal(HttpWorkerRequest wr) +591
</pre></code>

                  </td>
               </tr>
            </table>

            <br>

            <hr width=100% size=1 color=silver>

            <b>Version Information:</b>&nbsp;Microsoft .NET Framework Version:4.0.30319; ASP.NET Version:4.0.30319.34009

            </font>

    </body>
</html>
<!-- 
[FileNotFoundException]: Could not load file or assembly &#39;DevExpress.CodeRush.Common, Version=10.1.0.0, Culture=neutral, PublicKeyToken=35c9f04b7764aa3d&#39; or one of its dependencies. The system cannot find the file specified.
   at System.ModuleHandle.ResolveType(RuntimeModule module, Int32 typeToken, IntPtr* typeInstArgs, Int32 typeInstCount, IntPtr* methodInstArgs, Int32 methodInstCount, ObjectHandleOnStack type)
   at System.ModuleHandle.ResolveTypeHandleInternal(RuntimeModule module, Int32 typeToken, RuntimeTypeHandle[] typeInstantiationContext, RuntimeTypeHandle[] methodInstantiationContext)
   at System.ModuleHandle.ResolveTypeHandle(Int32 typeToken, RuntimeTypeHandle[] typeInstantiationContext, RuntimeTypeHandle[] methodInstantiationContext)
   at System.Reflection.RuntimeModule.ResolveType(Int32 metadataToken, Type[] genericTypeArguments, Type[] genericMethodArguments)
   at System.Reflection.CustomAttribute.FilterCustomAttributeRecord(CustomAttributeRecord caRecord, MetadataImport scope, Assembly& lastAptcaOkAssembly, RuntimeModule decoratedModule, MetadataToken decoratedToken, RuntimeType attributeFilterType, Boolean mustBeInheritable, Object[] attributes, IList derivedAttributes, RuntimeType& attributeType, IRuntimeMethodInfo& ctor, Boolean& ctorHasParameters, Boolean& isVarArg)
   at System.Reflection.CustomAttribute.GetCustomAttributes(RuntimeModule decoratedModule, Int32 decoratedMetadataToken, Int32 pcaCount, RuntimeType attributeFilterType, Boolean mustBeInheritable, IList derivedAttributes, Boolean isDecoratedTargetSecurityTransparent)
   at System.Reflection.CustomAttribute.GetCustomAttributes(RuntimeAssembly assembly, RuntimeType caType)
   at Owin.Loader.DefaultLoader.SearchForStartupAttribute(String friendlyName, IList`1 errors, Boolean& conflict)
   at Owin.Loader.DefaultLoader.LoadImplementation(String startupName, IList`1 errorDetails)
   at Microsoft.Owin.Host.SystemWeb.OwinBuilder.GetAppStartup()
   at Microsoft.Owin.Host.SystemWeb.OwinHttpModule.InitializeBlueprint()
   at System.Threading.LazyInitializer.EnsureInitializedCore[T](T& target, Boolean& initialized, Object& syncLock, Func`1 valueFactory)
   at Microsoft.Owin.Host.SystemWeb.OwinHttpModule.Init(HttpApplication context)
   at System.Web.HttpApplication.InitModulesCommon()
   at System.Web.HttpApplication.InitInternal(HttpContext context, HttpApplicationState state, MethodInfo[] handlers)
   at System.Web.HttpApplicationFactory.GetNormalApplicationInstance(HttpContext context)
   at System.Web.HttpApplicationFactory.GetApplicationInstance(HttpContext context)
   at System.Web.HttpRuntime.ProcessRequestInternal(HttpWorkerRequest wr)
-->
  Expected: not null
  But was:  null
]]></message>
                      <stack-trace><![CDATA[at Orchard.Specs.Bindings.WebAppHosting.WhenIFillIn(Table table) in e:\expedit\projects\nkd\src\main\NKD.Orchard\src\Orchard.Specs\Bindings\WebAppHosting.cs:line 254
at Orchard.Specs.Bindings.OrchardSiteFactory.GivenIHaveInstalledOrchard(String virtualDirectory) in e:\expedit\projects\nkd\src\main\NKD.Orchard\src\Orchard.Specs\Bindings\OrchardSiteFactory.cs:line 38
at TechTalk.SpecFlow.Bindings.BindingInvoker.InvokeBinding(IBinding binding, IContextManager contextManager, Object[] arguments, ITestTracer testTracer, TimeSpan& duration)
at TechTalk.SpecFlow.Infrastructure.TestExecutionEngine.ExecuteStepMatch(BindingMatch match, Object[] arguments)
at TechTalk.SpecFlow.Infrastructure.TestExecutionEngine.ExecuteStep(StepInstance stepInstance)
at TechTalk.SpecFlow.Infrastructure.TestExecutionEngine.OnAfterLastStep()
]]></stack-trace>
                    </failure>
                  </test-case>
                  <test-case name="Orchard.Specs.ListsFeature.ICanCreateANewList" description="I can create a new list" executed="True" success="False" time="29.351" asserts="1">
                    <failure>
                      <message><![CDATA[  Unable to locate <input> name SiteName in page html:

<!DOCTYPE html>
<html>
    <head>
        <title>Could not load file or assembly 'DevExpress.CodeRush.Common, Version=10.1.0.0, Culture=neutral, PublicKeyToken=35c9f04b7764aa3d' or one of its dependencies. The system cannot find the file specified.</title>
        <meta name="viewport" content="width=device-width" />
        <style>
         body {font-family:"Verdana";font-weight:normal;font-size: .7em;color:black;} 
         p {font-family:"Verdana";font-weight:normal;color:black;margin-top: -5px}
         b {font-family:"Verdana";font-weight:bold;color:black;margin-top: -5px}
         H1 { font-family:"Verdana";font-weight:normal;font-size:18pt;color:red }
         H2 { font-family:"Verdana";font-weight:normal;font-size:14pt;color:maroon }
         pre {font-family:"Consolas","Lucida Console",Monospace;font-size:11pt;margin:0;padding:0.5em;line-height:14pt}
         .marker {font-weight: bold; color: black;text-decoration: none;}
         .version {color: gray;}
         .error {margin-bottom: 10px;}
         .expandable { text-decoration:underline; font-weight:bold; color:navy; cursor:hand; }
         @media screen and (max-width: 639px) {
          pre { width: 440px; overflow: auto; white-space: pre-wrap; word-wrap: break-word; }
         }
         @media screen and (max-width: 479px) {
          pre { width: 280px; }
         }
        </style>
    </head>

    <body bgcolor="white">

            <span><H1>Server Error in '/' Application.<hr width=100% size=1 color=silver></H1>

            <h2> <i>Could not load file or assembly 'DevExpress.CodeRush.Common, Version=10.1.0.0, Culture=neutral, PublicKeyToken=35c9f04b7764aa3d' or one of its dependencies. The system cannot find the file specified.</i> </h2></span>

            <font face="Arial, Helvetica, Geneva, SunSans-Regular, sans-serif ">

            <b> Description: </b>An unhandled exception occurred during the execution of the current web request. Please review the stack trace for more information about the error and where it originated in the code.

            <br><br>

            <b> Exception Details: </b>System.IO.FileNotFoundException: Could not load file or assembly 'DevExpress.CodeRush.Common, Version=10.1.0.0, Culture=neutral, PublicKeyToken=35c9f04b7764aa3d' or one of its dependencies. The system cannot find the file specified.<br><br>

            <b>Source Error:</b> <br><br>

            <table width=100% bgcolor="#ffffcc">
               <tr>
                  <td>
                      <code>

An unhandled exception was generated during the execution of the current web request. Information regarding the origin and location of the exception can be identified using the exception stack trace below.</code>

                  </td>
               </tr>
            </table>

            <br>

            <b>Assembly Load Trace:</b> The following information can be helpful to determine why the assembly 'DevExpress.CodeRush.Common, Version=10.1.0.0, Culture=neutral, PublicKeyToken=35c9f04b7764aa3d' could not be loaded.<br><br>

            <table width=100% bgcolor="#ffffcc">
               <tr>
                  <td>
                      <code><pre>

WRN: Assembly binding logging is turned OFF.
To enable assembly bind failure logging, set the registry value [HKLM\Software\Microsoft\Fusion!EnableLog] (DWORD) to 1.
Note: There is some performance penalty associated with assembly bind failure logging.
To turn this feature off, remove the registry value [HKLM\Software\Microsoft\Fusion!EnableLog].
</pre></code>

                  </td>
               </tr>
            </table>

            <br>

            <b>Stack Trace:</b> <br><br>

            <table width=100% bgcolor="#ffffcc">
               <tr>
                  <td>
                      <code><pre>

[FileNotFoundException: Could not load file or assembly &#39;DevExpress.CodeRush.Common, Version=10.1.0.0, Culture=neutral, PublicKeyToken=35c9f04b7764aa3d&#39; or one of its dependencies. The system cannot find the file specified.]
   System.ModuleHandle.ResolveType(RuntimeModule module, Int32 typeToken, IntPtr* typeInstArgs, Int32 typeInstCount, IntPtr* methodInstArgs, Int32 methodInstCount, ObjectHandleOnStack type) +0
   System.ModuleHandle.ResolveTypeHandleInternal(RuntimeModule module, Int32 typeToken, RuntimeTypeHandle[] typeInstantiationContext, RuntimeTypeHandle[] methodInstantiationContext) +371
   System.ModuleHandle.ResolveTypeHandle(Int32 typeToken, RuntimeTypeHandle[] typeInstantiationContext, RuntimeTypeHandle[] methodInstantiationContext) +19
   System.Reflection.RuntimeModule.ResolveType(Int32 metadataToken, Type[] genericTypeArguments, Type[] genericMethodArguments) +319
   System.Reflection.CustomAttribute.FilterCustomAttributeRecord(CustomAttributeRecord caRecord, MetadataImport scope, Assembly&amp; lastAptcaOkAssembly, RuntimeModule decoratedModule, MetadataToken decoratedToken, RuntimeType attributeFilterType, Boolean mustBeInheritable, Object[] attributes, IList derivedAttributes, RuntimeType&amp; attributeType, IRuntimeMethodInfo&amp; ctor, Boolean&amp; ctorHasParameters, Boolean&amp; isVarArg) +203
   System.Reflection.CustomAttribute.GetCustomAttributes(RuntimeModule decoratedModule, Int32 decoratedMetadataToken, Int32 pcaCount, RuntimeType attributeFilterType, Boolean mustBeInheritable, IList derivedAttributes, Boolean isDecoratedTargetSecurityTransparent) +1179
   System.Reflection.CustomAttribute.GetCustomAttributes(RuntimeAssembly assembly, RuntimeType caType) +146
   Owin.Loader.DefaultLoader.SearchForStartupAttribute(String friendlyName, IList`1 errors, Boolean&amp; conflict) +180
   Owin.Loader.DefaultLoader.LoadImplementation(String startupName, IList`1 errorDetails) +184
   Microsoft.Owin.Host.SystemWeb.OwinBuilder.GetAppStartup() +138
   Microsoft.Owin.Host.SystemWeb.OwinHttpModule.InitializeBlueprint() +38
   System.Threading.LazyInitializer.EnsureInitializedCore(T&amp; target, Boolean&amp; initialized, Object&amp; syncLock, Func`1 valueFactory) +241
   Microsoft.Owin.Host.SystemWeb.OwinHttpModule.Init(HttpApplication context) +129
   System.Web.HttpApplication.InitModulesCommon() +192
   System.Web.HttpApplication.InitInternal(HttpContext context, HttpApplicationState state, MethodInfo[] handlers) +1582
   System.Web.HttpApplicationFactory.GetNormalApplicationInstance(HttpContext context) +365
   System.Web.HttpApplicationFactory.GetApplicationInstance(HttpContext context) +200
   System.Web.HttpRuntime.ProcessRequestInternal(HttpWorkerRequest wr) +591
</pre></code>

                  </td>
               </tr>
            </table>

            <br>

            <hr width=100% size=1 color=silver>

            <b>Version Information:</b>&nbsp;Microsoft .NET Framework Version:4.0.30319; ASP.NET Version:4.0.30319.34009

            </font>

    </body>
</html>
<!-- 
[FileNotFoundException]: Could not load file or assembly &#39;DevExpress.CodeRush.Common, Version=10.1.0.0, Culture=neutral, PublicKeyToken=35c9f04b7764aa3d&#39; or one of its dependencies. The system cannot find the file specified.
   at System.ModuleHandle.ResolveType(RuntimeModule module, Int32 typeToken, IntPtr* typeInstArgs, Int32 typeInstCount, IntPtr* methodInstArgs, Int32 methodInstCount, ObjectHandleOnStack type)
   at System.ModuleHandle.ResolveTypeHandleInternal(RuntimeModule module, Int32 typeToken, RuntimeTypeHandle[] typeInstantiationContext, RuntimeTypeHandle[] methodInstantiationContext)
   at System.ModuleHandle.ResolveTypeHandle(Int32 typeToken, RuntimeTypeHandle[] typeInstantiationContext, RuntimeTypeHandle[] methodInstantiationContext)
   at System.Reflection.RuntimeModule.ResolveType(Int32 metadataToken, Type[] genericTypeArguments, Type[] genericMethodArguments)
   at System.Reflection.CustomAttribute.FilterCustomAttributeRecord(CustomAttributeRecord caRecord, MetadataImport scope, Assembly& lastAptcaOkAssembly, RuntimeModule decoratedModule, MetadataToken decoratedToken, RuntimeType attributeFilterType, Boolean mustBeInheritable, Object[] attributes, IList derivedAttributes, RuntimeType& attributeType, IRuntimeMethodInfo& ctor, Boolean& ctorHasParameters, Boolean& isVarArg)
   at System.Reflection.CustomAttribute.GetCustomAttributes(RuntimeModule decoratedModule, Int32 decoratedMetadataToken, Int32 pcaCount, RuntimeType attributeFilterType, Boolean mustBeInheritable, IList derivedAttributes, Boolean isDecoratedTargetSecurityTransparent)
   at System.Reflection.CustomAttribute.GetCustomAttributes(RuntimeAssembly assembly, RuntimeType caType)
   at Owin.Loader.DefaultLoader.SearchForStartupAttribute(String friendlyName, IList`1 errors, Boolean& conflict)
   at Owin.Loader.DefaultLoader.LoadImplementation(String startupName, IList`1 errorDetails)
   at Microsoft.Owin.Host.SystemWeb.OwinBuilder.GetAppStartup()
   at Microsoft.Owin.Host.SystemWeb.OwinHttpModule.InitializeBlueprint()
   at System.Threading.LazyInitializer.EnsureInitializedCore[T](T& target, Boolean& initialized, Object& syncLock, Func`1 valueFactory)
   at Microsoft.Owin.Host.SystemWeb.OwinHttpModule.Init(HttpApplication context)
   at System.Web.HttpApplication.InitModulesCommon()
   at System.Web.HttpApplication.InitInternal(HttpContext context, HttpApplicationState state, MethodInfo[] handlers)
   at System.Web.HttpApplicationFactory.GetNormalApplicationInstance(HttpContext context)
   at System.Web.HttpApplicationFactory.GetApplicationInstance(HttpContext context)
   at System.Web.HttpRuntime.ProcessRequestInternal(HttpWorkerRequest wr)
-->
  Expected: not null
  But was:  null
]]></message>
                      <stack-trace><![CDATA[at Orchard.Specs.Bindings.WebAppHosting.WhenIFillIn(Table table) in e:\expedit\projects\nkd\src\main\NKD.Orchard\src\Orchard.Specs\Bindings\WebAppHosting.cs:line 254
at Orchard.Specs.Bindings.OrchardSiteFactory.GivenIHaveInstalledOrchard(String virtualDirectory) in e:\expedit\projects\nkd\src\main\NKD.Orchard\src\Orchard.Specs\Bindings\OrchardSiteFactory.cs:line 38
at TechTalk.SpecFlow.Bindings.BindingInvoker.InvokeBinding(IBinding binding, IContextManager contextManager, Object[] arguments, ITestTracer testTracer, TimeSpan& duration)
at TechTalk.SpecFlow.Infrastructure.TestExecutionEngine.ExecuteStepMatch(BindingMatch match, Object[] arguments)
at TechTalk.SpecFlow.Infrastructure.TestExecutionEngine.ExecuteStep(StepInstance stepInstance)
at TechTalk.SpecFlow.Infrastructure.TestExecutionEngine.OnAfterLastStep()
]]></stack-trace>
                    </failure>
                  </test-case>
                </results>
              </test-suite>
              <test-suite name="MediaManagementFeature" description="Media management" executed="True" success="False" time="32.570" asserts="0">
                <results>
                  <test-case name="Orchard.Specs.MediaManagementFeature.MediaAdminIsAvailable" description="Media admin is available" executed="True" success="False" time="32.567" asserts="1">
                    <failure>
                      <message><![CDATA[  Unable to locate <input> name SiteName in page html:

<!DOCTYPE html>
<html>
    <head>
        <title>Could not load file or assembly 'DevExpress.CodeRush.Common, Version=10.1.0.0, Culture=neutral, PublicKeyToken=35c9f04b7764aa3d' or one of its dependencies. The system cannot find the file specified.</title>
        <meta name="viewport" content="width=device-width" />
        <style>
         body {font-family:"Verdana";font-weight:normal;font-size: .7em;color:black;} 
         p {font-family:"Verdana";font-weight:normal;color:black;margin-top: -5px}
         b {font-family:"Verdana";font-weight:bold;color:black;margin-top: -5px}
         H1 { font-family:"Verdana";font-weight:normal;font-size:18pt;color:red }
         H2 { font-family:"Verdana";font-weight:normal;font-size:14pt;color:maroon }
         pre {font-family:"Consolas","Lucida Console",Monospace;font-size:11pt;margin:0;padding:0.5em;line-height:14pt}
         .marker {font-weight: bold; color: black;text-decoration: none;}
         .version {color: gray;}
         .error {margin-bottom: 10px;}
         .expandable { text-decoration:underline; font-weight:bold; color:navy; cursor:hand; }
         @media screen and (max-width: 639px) {
          pre { width: 440px; overflow: auto; white-space: pre-wrap; word-wrap: break-word; }
         }
         @media screen and (max-width: 479px) {
          pre { width: 280px; }
         }
        </style>
    </head>

    <body bgcolor="white">

            <span><H1>Server Error in '/' Application.<hr width=100% size=1 color=silver></H1>

            <h2> <i>Could not load file or assembly 'DevExpress.CodeRush.Common, Version=10.1.0.0, Culture=neutral, PublicKeyToken=35c9f04b7764aa3d' or one of its dependencies. The system cannot find the file specified.</i> </h2></span>

            <font face="Arial, Helvetica, Geneva, SunSans-Regular, sans-serif ">

            <b> Description: </b>An unhandled exception occurred during the execution of the current web request. Please review the stack trace for more information about the error and where it originated in the code.

            <br><br>

            <b> Exception Details: </b>System.IO.FileNotFoundException: Could not load file or assembly 'DevExpress.CodeRush.Common, Version=10.1.0.0, Culture=neutral, PublicKeyToken=35c9f04b7764aa3d' or one of its dependencies. The system cannot find the file specified.<br><br>

            <b>Source Error:</b> <br><br>

            <table width=100% bgcolor="#ffffcc">
               <tr>
                  <td>
                      <code>

An unhandled exception was generated during the execution of the current web request. Information regarding the origin and location of the exception can be identified using the exception stack trace below.</code>

                  </td>
               </tr>
            </table>

            <br>

            <b>Assembly Load Trace:</b> The following information can be helpful to determine why the assembly 'DevExpress.CodeRush.Common, Version=10.1.0.0, Culture=neutral, PublicKeyToken=35c9f04b7764aa3d' could not be loaded.<br><br>

            <table width=100% bgcolor="#ffffcc">
               <tr>
                  <td>
                      <code><pre>

WRN: Assembly binding logging is turned OFF.
To enable assembly bind failure logging, set the registry value [HKLM\Software\Microsoft\Fusion!EnableLog] (DWORD) to 1.
Note: There is some performance penalty associated with assembly bind failure logging.
To turn this feature off, remove the registry value [HKLM\Software\Microsoft\Fusion!EnableLog].
</pre></code>

                  </td>
               </tr>
            </table>

            <br>

            <b>Stack Trace:</b> <br><br>

            <table width=100% bgcolor="#ffffcc">
               <tr>
                  <td>
                      <code><pre>

[FileNotFoundException: Could not load file or assembly &#39;DevExpress.CodeRush.Common, Version=10.1.0.0, Culture=neutral, PublicKeyToken=35c9f04b7764aa3d&#39; or one of its dependencies. The system cannot find the file specified.]
   System.ModuleHandle.ResolveType(RuntimeModule module, Int32 typeToken, IntPtr* typeInstArgs, Int32 typeInstCount, IntPtr* methodInstArgs, Int32 methodInstCount, ObjectHandleOnStack type) +0
   System.ModuleHandle.ResolveTypeHandleInternal(RuntimeModule module, Int32 typeToken, RuntimeTypeHandle[] typeInstantiationContext, RuntimeTypeHandle[] methodInstantiationContext) +371
   System.ModuleHandle.ResolveTypeHandle(Int32 typeToken, RuntimeTypeHandle[] typeInstantiationContext, RuntimeTypeHandle[] methodInstantiationContext) +19
   System.Reflection.RuntimeModule.ResolveType(Int32 metadataToken, Type[] genericTypeArguments, Type[] genericMethodArguments) +319
   System.Reflection.CustomAttribute.FilterCustomAttributeRecord(CustomAttributeRecord caRecord, MetadataImport scope, Assembly&amp; lastAptcaOkAssembly, RuntimeModule decoratedModule, MetadataToken decoratedToken, RuntimeType attributeFilterType, Boolean mustBeInheritable, Object[] attributes, IList derivedAttributes, RuntimeType&amp; attributeType, IRuntimeMethodInfo&amp; ctor, Boolean&amp; ctorHasParameters, Boolean&amp; isVarArg) +203
   System.Reflection.CustomAttribute.GetCustomAttributes(RuntimeModule decoratedModule, Int32 decoratedMetadataToken, Int32 pcaCount, RuntimeType attributeFilterType, Boolean mustBeInheritable, IList derivedAttributes, Boolean isDecoratedTargetSecurityTransparent) +1179
   System.Reflection.CustomAttribute.GetCustomAttributes(RuntimeAssembly assembly, RuntimeType caType) +146
   Owin.Loader.DefaultLoader.SearchForStartupAttribute(String friendlyName, IList`1 errors, Boolean&amp; conflict) +180
   Owin.Loader.DefaultLoader.LoadImplementation(String startupName, IList`1 errorDetails) +184
   Microsoft.Owin.Host.SystemWeb.OwinBuilder.GetAppStartup() +138
   Microsoft.Owin.Host.SystemWeb.OwinHttpModule.InitializeBlueprint() +38
   System.Threading.LazyInitializer.EnsureInitializedCore(T&amp; target, Boolean&amp; initialized, Object&amp; syncLock, Func`1 valueFactory) +241
   Microsoft.Owin.Host.SystemWeb.OwinHttpModule.Init(HttpApplication context) +129
   System.Web.HttpApplication.InitModulesCommon() +192
   System.Web.HttpApplication.InitInternal(HttpContext context, HttpApplicationState state, MethodInfo[] handlers) +1582
   System.Web.HttpApplicationFactory.GetNormalApplicationInstance(HttpContext context) +365
   System.Web.HttpApplicationFactory.GetApplicationInstance(HttpContext context) +200
   System.Web.HttpRuntime.ProcessRequestInternal(HttpWorkerRequest wr) +591
</pre></code>

                  </td>
               </tr>
            </table>

            <br>

            <hr width=100% size=1 color=silver>

            <b>Version Information:</b>&nbsp;Microsoft .NET Framework Version:4.0.30319; ASP.NET Version:4.0.30319.34009

            </font>

    </body>
</html>
<!-- 
[FileNotFoundException]: Could not load file or assembly &#39;DevExpress.CodeRush.Common, Version=10.1.0.0, Culture=neutral, PublicKeyToken=35c9f04b7764aa3d&#39; or one of its dependencies. The system cannot find the file specified.
   at System.ModuleHandle.ResolveType(RuntimeModule module, Int32 typeToken, IntPtr* typeInstArgs, Int32 typeInstCount, IntPtr* methodInstArgs, Int32 methodInstCount, ObjectHandleOnStack type)
   at System.ModuleHandle.ResolveTypeHandleInternal(RuntimeModule module, Int32 typeToken, RuntimeTypeHandle[] typeInstantiationContext, RuntimeTypeHandle[] methodInstantiationContext)
   at System.ModuleHandle.ResolveTypeHandle(Int32 typeToken, RuntimeTypeHandle[] typeInstantiationContext, RuntimeTypeHandle[] methodInstantiationContext)
   at System.Reflection.RuntimeModule.ResolveType(Int32 metadataToken, Type[] genericTypeArguments, Type[] genericMethodArguments)
   at System.Reflection.CustomAttribute.FilterCustomAttributeRecord(CustomAttributeRecord caRecord, MetadataImport scope, Assembly& lastAptcaOkAssembly, RuntimeModule decoratedModule, MetadataToken decoratedToken, RuntimeType attributeFilterType, Boolean mustBeInheritable, Object[] attributes, IList derivedAttributes, RuntimeType& attributeType, IRuntimeMethodInfo& ctor, Boolean& ctorHasParameters, Boolean& isVarArg)
   at System.Reflection.CustomAttribute.GetCustomAttributes(RuntimeModule decoratedModule, Int32 decoratedMetadataToken, Int32 pcaCount, RuntimeType attributeFilterType, Boolean mustBeInheritable, IList derivedAttributes, Boolean isDecoratedTargetSecurityTransparent)
   at System.Reflection.CustomAttribute.GetCustomAttributes(RuntimeAssembly assembly, RuntimeType caType)
   at Owin.Loader.DefaultLoader.SearchForStartupAttribute(String friendlyName, IList`1 errors, Boolean& conflict)
   at Owin.Loader.DefaultLoader.LoadImplementation(String startupName, IList`1 errorDetails)
   at Microsoft.Owin.Host.SystemWeb.OwinBuilder.GetAppStartup()
   at Microsoft.Owin.Host.SystemWeb.OwinHttpModule.InitializeBlueprint()
   at System.Threading.LazyInitializer.EnsureInitializedCore[T](T& target, Boolean& initialized, Object& syncLock, Func`1 valueFactory)
   at Microsoft.Owin.Host.SystemWeb.OwinHttpModule.Init(HttpApplication context)
   at System.Web.HttpApplication.InitModulesCommon()
   at System.Web.HttpApplication.InitInternal(HttpContext context, HttpApplicationState state, MethodInfo[] handlers)
   at System.Web.HttpApplicationFactory.GetNormalApplicationInstance(HttpContext context)
   at System.Web.HttpApplicationFactory.GetApplicationInstance(HttpContext context)
   at System.Web.HttpRuntime.ProcessRequestInternal(HttpWorkerRequest wr)
-->
  Expected: not null
  But was:  null
]]></message>
                      <stack-trace><![CDATA[at Orchard.Specs.Bindings.WebAppHosting.WhenIFillIn(Table table) in e:\expedit\projects\nkd\src\main\NKD.Orchard\src\Orchard.Specs\Bindings\WebAppHosting.cs:line 254
at Orchard.Specs.Bindings.OrchardSiteFactory.GivenIHaveInstalledOrchard(String virtualDirectory) in e:\expedit\projects\nkd\src\main\NKD.Orchard\src\Orchard.Specs\Bindings\OrchardSiteFactory.cs:line 38
at TechTalk.SpecFlow.Bindings.BindingInvoker.InvokeBinding(IBinding binding, IContextManager contextManager, Object[] arguments, ITestTracer testTracer, TimeSpan& duration)
at TechTalk.SpecFlow.Infrastructure.TestExecutionEngine.ExecuteStepMatch(BindingMatch match, Object[] arguments)
at TechTalk.SpecFlow.Infrastructure.TestExecutionEngine.ExecuteStep(StepInstance stepInstance)
at TechTalk.SpecFlow.Infrastructure.TestExecutionEngine.OnAfterLastStep()
]]></stack-trace>
                    </failure>
                  </test-case>
                </results>
              </test-suite>
              <test-suite name="MediaPickerFieldFeature" description="Media Picker Field" executed="True" success="False" time="27.468" asserts="0">
                <results>
                  <test-case name="Orchard.Specs.MediaPickerFieldFeature.CreatingAndUsingMediaFields" description="Creating and using media fields" executed="True" success="False" time="27.465" asserts="1">
                    <failure>
                      <message><![CDATA[  Unable to locate <input> name SiteName in page html:

<!DOCTYPE html>
<html>
    <head>
        <title>Could not load file or assembly 'DevExpress.CodeRush.Common, Version=10.1.0.0, Culture=neutral, PublicKeyToken=35c9f04b7764aa3d' or one of its dependencies. The system cannot find the file specified.</title>
        <meta name="viewport" content="width=device-width" />
        <style>
         body {font-family:"Verdana";font-weight:normal;font-size: .7em;color:black;} 
         p {font-family:"Verdana";font-weight:normal;color:black;margin-top: -5px}
         b {font-family:"Verdana";font-weight:bold;color:black;margin-top: -5px}
         H1 { font-family:"Verdana";font-weight:normal;font-size:18pt;color:red }
         H2 { font-family:"Verdana";font-weight:normal;font-size:14pt;color:maroon }
         pre {font-family:"Consolas","Lucida Console",Monospace;font-size:11pt;margin:0;padding:0.5em;line-height:14pt}
         .marker {font-weight: bold; color: black;text-decoration: none;}
         .version {color: gray;}
         .error {margin-bottom: 10px;}
         .expandable { text-decoration:underline; font-weight:bold; color:navy; cursor:hand; }
         @media screen and (max-width: 639px) {
          pre { width: 440px; overflow: auto; white-space: pre-wrap; word-wrap: break-word; }
         }
         @media screen and (max-width: 479px) {
          pre { width: 280px; }
         }
        </style>
    </head>

    <body bgcolor="white">

            <span><H1>Server Error in '/' Application.<hr width=100% size=1 color=silver></H1>

            <h2> <i>Could not load file or assembly 'DevExpress.CodeRush.Common, Version=10.1.0.0, Culture=neutral, PublicKeyToken=35c9f04b7764aa3d' or one of its dependencies. The system cannot find the file specified.</i> </h2></span>

            <font face="Arial, Helvetica, Geneva, SunSans-Regular, sans-serif ">

            <b> Description: </b>An unhandled exception occurred during the execution of the current web request. Please review the stack trace for more information about the error and where it originated in the code.

            <br><br>

            <b> Exception Details: </b>System.IO.FileNotFoundException: Could not load file or assembly 'DevExpress.CodeRush.Common, Version=10.1.0.0, Culture=neutral, PublicKeyToken=35c9f04b7764aa3d' or one of its dependencies. The system cannot find the file specified.<br><br>

            <b>Source Error:</b> <br><br>

            <table width=100% bgcolor="#ffffcc">
               <tr>
                  <td>
                      <code>

An unhandled exception was generated during the execution of the current web request. Information regarding the origin and location of the exception can be identified using the exception stack trace below.</code>

                  </td>
               </tr>
            </table>

            <br>

            <b>Assembly Load Trace:</b> The following information can be helpful to determine why the assembly 'DevExpress.CodeRush.Common, Version=10.1.0.0, Culture=neutral, PublicKeyToken=35c9f04b7764aa3d' could not be loaded.<br><br>

            <table width=100% bgcolor="#ffffcc">
               <tr>
                  <td>
                      <code><pre>

WRN: Assembly binding logging is turned OFF.
To enable assembly bind failure logging, set the registry value [HKLM\Software\Microsoft\Fusion!EnableLog] (DWORD) to 1.
Note: There is some performance penalty associated with assembly bind failure logging.
To turn this feature off, remove the registry value [HKLM\Software\Microsoft\Fusion!EnableLog].
</pre></code>

                  </td>
               </tr>
            </table>

            <br>

            <b>Stack Trace:</b> <br><br>

            <table width=100% bgcolor="#ffffcc">
               <tr>
                  <td>
                      <code><pre>

[FileNotFoundException: Could not load file or assembly &#39;DevExpress.CodeRush.Common, Version=10.1.0.0, Culture=neutral, PublicKeyToken=35c9f04b7764aa3d&#39; or one of its dependencies. The system cannot find the file specified.]
   System.ModuleHandle.ResolveType(RuntimeModule module, Int32 typeToken, IntPtr* typeInstArgs, Int32 typeInstCount, IntPtr* methodInstArgs, Int32 methodInstCount, ObjectHandleOnStack type) +0
   System.ModuleHandle.ResolveTypeHandleInternal(RuntimeModule module, Int32 typeToken, RuntimeTypeHandle[] typeInstantiationContext, RuntimeTypeHandle[] methodInstantiationContext) +371
   System.ModuleHandle.ResolveTypeHandle(Int32 typeToken, RuntimeTypeHandle[] typeInstantiationContext, RuntimeTypeHandle[] methodInstantiationContext) +19
   System.Reflection.RuntimeModule.ResolveType(Int32 metadataToken, Type[] genericTypeArguments, Type[] genericMethodArguments) +319
   System.Reflection.CustomAttribute.FilterCustomAttributeRecord(CustomAttributeRecord caRecord, MetadataImport scope, Assembly&amp; lastAptcaOkAssembly, RuntimeModule decoratedModule, MetadataToken decoratedToken, RuntimeType attributeFilterType, Boolean mustBeInheritable, Object[] attributes, IList derivedAttributes, RuntimeType&amp; attributeType, IRuntimeMethodInfo&amp; ctor, Boolean&amp; ctorHasParameters, Boolean&amp; isVarArg) +203
   System.Reflection.CustomAttribute.GetCustomAttributes(RuntimeModule decoratedModule, Int32 decoratedMetadataToken, Int32 pcaCount, RuntimeType attributeFilterType, Boolean mustBeInheritable, IList derivedAttributes, Boolean isDecoratedTargetSecurityTransparent) +1179
   System.Reflection.CustomAttribute.GetCustomAttributes(RuntimeAssembly assembly, RuntimeType caType) +146
   Owin.Loader.DefaultLoader.SearchForStartupAttribute(String friendlyName, IList`1 errors, Boolean&amp; conflict) +180
   Owin.Loader.DefaultLoader.LoadImplementation(String startupName, IList`1 errorDetails) +184
   Microsoft.Owin.Host.SystemWeb.OwinBuilder.GetAppStartup() +138
   Microsoft.Owin.Host.SystemWeb.OwinHttpModule.InitializeBlueprint() +38
   System.Threading.LazyInitializer.EnsureInitializedCore(T&amp; target, Boolean&amp; initialized, Object&amp; syncLock, Func`1 valueFactory) +241
   Microsoft.Owin.Host.SystemWeb.OwinHttpModule.Init(HttpApplication context) +129
   System.Web.HttpApplication.InitModulesCommon() +192
   System.Web.HttpApplication.InitInternal(HttpContext context, HttpApplicationState state, MethodInfo[] handlers) +1582
   System.Web.HttpApplicationFactory.GetNormalApplicationInstance(HttpContext context) +365
   System.Web.HttpApplicationFactory.GetApplicationInstance(HttpContext context) +200
   System.Web.HttpRuntime.ProcessRequestInternal(HttpWorkerRequest wr) +591
</pre></code>

                  </td>
               </tr>
            </table>

            <br>

            <hr width=100% size=1 color=silver>

            <b>Version Information:</b>&nbsp;Microsoft .NET Framework Version:4.0.30319; ASP.NET Version:4.0.30319.34009

            </font>

    </body>
</html>
<!-- 
[FileNotFoundException]: Could not load file or assembly &#39;DevExpress.CodeRush.Common, Version=10.1.0.0, Culture=neutral, PublicKeyToken=35c9f04b7764aa3d&#39; or one of its dependencies. The system cannot find the file specified.
   at System.ModuleHandle.ResolveType(RuntimeModule module, Int32 typeToken, IntPtr* typeInstArgs, Int32 typeInstCount, IntPtr* methodInstArgs, Int32 methodInstCount, ObjectHandleOnStack type)
   at System.ModuleHandle.ResolveTypeHandleInternal(RuntimeModule module, Int32 typeToken, RuntimeTypeHandle[] typeInstantiationContext, RuntimeTypeHandle[] methodInstantiationContext)
   at System.ModuleHandle.ResolveTypeHandle(Int32 typeToken, RuntimeTypeHandle[] typeInstantiationContext, RuntimeTypeHandle[] methodInstantiationContext)
   at System.Reflection.RuntimeModule.ResolveType(Int32 metadataToken, Type[] genericTypeArguments, Type[] genericMethodArguments)
   at System.Reflection.CustomAttribute.FilterCustomAttributeRecord(CustomAttributeRecord caRecord, MetadataImport scope, Assembly& lastAptcaOkAssembly, RuntimeModule decoratedModule, MetadataToken decoratedToken, RuntimeType attributeFilterType, Boolean mustBeInheritable, Object[] attributes, IList derivedAttributes, RuntimeType& attributeType, IRuntimeMethodInfo& ctor, Boolean& ctorHasParameters, Boolean& isVarArg)
   at System.Reflection.CustomAttribute.GetCustomAttributes(RuntimeModule decoratedModule, Int32 decoratedMetadataToken, Int32 pcaCount, RuntimeType attributeFilterType, Boolean mustBeInheritable, IList derivedAttributes, Boolean isDecoratedTargetSecurityTransparent)
   at System.Reflection.CustomAttribute.GetCustomAttributes(RuntimeAssembly assembly, RuntimeType caType)
   at Owin.Loader.DefaultLoader.SearchForStartupAttribute(String friendlyName, IList`1 errors, Boolean& conflict)
   at Owin.Loader.DefaultLoader.LoadImplementation(String startupName, IList`1 errorDetails)
   at Microsoft.Owin.Host.SystemWeb.OwinBuilder.GetAppStartup()
   at Microsoft.Owin.Host.SystemWeb.OwinHttpModule.InitializeBlueprint()
   at System.Threading.LazyInitializer.EnsureInitializedCore[T](T& target, Boolean& initialized, Object& syncLock, Func`1 valueFactory)
   at Microsoft.Owin.Host.SystemWeb.OwinHttpModule.Init(HttpApplication context)
   at System.Web.HttpApplication.InitModulesCommon()
   at System.Web.HttpApplication.InitInternal(HttpContext context, HttpApplicationState state, MethodInfo[] handlers)
   at System.Web.HttpApplicationFactory.GetNormalApplicationInstance(HttpContext context)
   at System.Web.HttpApplicationFactory.GetApplicationInstance(HttpContext context)
   at System.Web.HttpRuntime.ProcessRequestInternal(HttpWorkerRequest wr)
-->
  Expected: not null
  But was:  null
]]></message>
                      <stack-trace><![CDATA[at Orchard.Specs.Bindings.WebAppHosting.WhenIFillIn(Table table) in e:\expedit\projects\nkd\src\main\NKD.Orchard\src\Orchard.Specs\Bindings\WebAppHosting.cs:line 254
at Orchard.Specs.Bindings.OrchardSiteFactory.GivenIHaveInstalledOrchard(String virtualDirectory) in e:\expedit\projects\nkd\src\main\NKD.Orchard\src\Orchard.Specs\Bindings\OrchardSiteFactory.cs:line 38
at TechTalk.SpecFlow.Bindings.BindingInvoker.InvokeBinding(IBinding binding, IContextManager contextManager, Object[] arguments, ITestTracer testTracer, TimeSpan& duration)
at TechTalk.SpecFlow.Infrastructure.TestExecutionEngine.ExecuteStepMatch(BindingMatch match, Object[] arguments)
at TechTalk.SpecFlow.Infrastructure.TestExecutionEngine.ExecuteStep(StepInstance stepInstance)
at TechTalk.SpecFlow.Infrastructure.TestExecutionEngine.OnAfterLastStep()
]]></stack-trace>
                    </failure>
                  </test-case>
                </results>
              </test-suite>
              <test-suite name="ModuleManagementFeature" description="Module management" executed="True" success="False" time="61.978" asserts="0">
                <results>
                  <test-case name="Orchard.Specs.ModuleManagementFeature.FeaturesOfInstalledModulesAreListed" description="Features of installed modules are listed" executed="True" success="False" time="32.200" asserts="1">
                    <failure>
                      <message><![CDATA[  Unable to locate <input> name SiteName in page html:

<!DOCTYPE html>
<html>
    <head>
        <title>Could not load file or assembly 'DevExpress.CodeRush.Common, Version=10.1.0.0, Culture=neutral, PublicKeyToken=35c9f04b7764aa3d' or one of its dependencies. The system cannot find the file specified.</title>
        <meta name="viewport" content="width=device-width" />
        <style>
         body {font-family:"Verdana";font-weight:normal;font-size: .7em;color:black;} 
         p {font-family:"Verdana";font-weight:normal;color:black;margin-top: -5px}
         b {font-family:"Verdana";font-weight:bold;color:black;margin-top: -5px}
         H1 { font-family:"Verdana";font-weight:normal;font-size:18pt;color:red }
         H2 { font-family:"Verdana";font-weight:normal;font-size:14pt;color:maroon }
         pre {font-family:"Consolas","Lucida Console",Monospace;font-size:11pt;margin:0;padding:0.5em;line-height:14pt}
         .marker {font-weight: bold; color: black;text-decoration: none;}
         .version {color: gray;}
         .error {margin-bottom: 10px;}
         .expandable { text-decoration:underline; font-weight:bold; color:navy; cursor:hand; }
         @media screen and (max-width: 639px) {
          pre { width: 440px; overflow: auto; white-space: pre-wrap; word-wrap: break-word; }
         }
         @media screen and (max-width: 479px) {
          pre { width: 280px; }
         }
        </style>
    </head>

    <body bgcolor="white">

            <span><H1>Server Error in '/' Application.<hr width=100% size=1 color=silver></H1>

            <h2> <i>Could not load file or assembly 'DevExpress.CodeRush.Common, Version=10.1.0.0, Culture=neutral, PublicKeyToken=35c9f04b7764aa3d' or one of its dependencies. The system cannot find the file specified.</i> </h2></span>

            <font face="Arial, Helvetica, Geneva, SunSans-Regular, sans-serif ">

            <b> Description: </b>An unhandled exception occurred during the execution of the current web request. Please review the stack trace for more information about the error and where it originated in the code.

            <br><br>

            <b> Exception Details: </b>System.IO.FileNotFoundException: Could not load file or assembly 'DevExpress.CodeRush.Common, Version=10.1.0.0, Culture=neutral, PublicKeyToken=35c9f04b7764aa3d' or one of its dependencies. The system cannot find the file specified.<br><br>

            <b>Source Error:</b> <br><br>

            <table width=100% bgcolor="#ffffcc">
               <tr>
                  <td>
                      <code>

An unhandled exception was generated during the execution of the current web request. Information regarding the origin and location of the exception can be identified using the exception stack trace below.</code>

                  </td>
               </tr>
            </table>

            <br>

            <b>Assembly Load Trace:</b> The following information can be helpful to determine why the assembly 'DevExpress.CodeRush.Common, Version=10.1.0.0, Culture=neutral, PublicKeyToken=35c9f04b7764aa3d' could not be loaded.<br><br>

            <table width=100% bgcolor="#ffffcc">
               <tr>
                  <td>
                      <code><pre>

WRN: Assembly binding logging is turned OFF.
To enable assembly bind failure logging, set the registry value [HKLM\Software\Microsoft\Fusion!EnableLog] (DWORD) to 1.
Note: There is some performance penalty associated with assembly bind failure logging.
To turn this feature off, remove the registry value [HKLM\Software\Microsoft\Fusion!EnableLog].
</pre></code>

                  </td>
               </tr>
            </table>

            <br>

            <b>Stack Trace:</b> <br><br>

            <table width=100% bgcolor="#ffffcc">
               <tr>
                  <td>
                      <code><pre>

[FileNotFoundException: Could not load file or assembly &#39;DevExpress.CodeRush.Common, Version=10.1.0.0, Culture=neutral, PublicKeyToken=35c9f04b7764aa3d&#39; or one of its dependencies. The system cannot find the file specified.]
   System.ModuleHandle.ResolveType(RuntimeModule module, Int32 typeToken, IntPtr* typeInstArgs, Int32 typeInstCount, IntPtr* methodInstArgs, Int32 methodInstCount, ObjectHandleOnStack type) +0
   System.ModuleHandle.ResolveTypeHandleInternal(RuntimeModule module, Int32 typeToken, RuntimeTypeHandle[] typeInstantiationContext, RuntimeTypeHandle[] methodInstantiationContext) +371
   System.ModuleHandle.ResolveTypeHandle(Int32 typeToken, RuntimeTypeHandle[] typeInstantiationContext, RuntimeTypeHandle[] methodInstantiationContext) +19
   System.Reflection.RuntimeModule.ResolveType(Int32 metadataToken, Type[] genericTypeArguments, Type[] genericMethodArguments) +319
   System.Reflection.CustomAttribute.FilterCustomAttributeRecord(CustomAttributeRecord caRecord, MetadataImport scope, Assembly&amp; lastAptcaOkAssembly, RuntimeModule decoratedModule, MetadataToken decoratedToken, RuntimeType attributeFilterType, Boolean mustBeInheritable, Object[] attributes, IList derivedAttributes, RuntimeType&amp; attributeType, IRuntimeMethodInfo&amp; ctor, Boolean&amp; ctorHasParameters, Boolean&amp; isVarArg) +203
   System.Reflection.CustomAttribute.GetCustomAttributes(RuntimeModule decoratedModule, Int32 decoratedMetadataToken, Int32 pcaCount, RuntimeType attributeFilterType, Boolean mustBeInheritable, IList derivedAttributes, Boolean isDecoratedTargetSecurityTransparent) +1179
   System.Reflection.CustomAttribute.GetCustomAttributes(RuntimeAssembly assembly, RuntimeType caType) +146
   Owin.Loader.DefaultLoader.SearchForStartupAttribute(String friendlyName, IList`1 errors, Boolean&amp; conflict) +180
   Owin.Loader.DefaultLoader.LoadImplementation(String startupName, IList`1 errorDetails) +184
   Microsoft.Owin.Host.SystemWeb.OwinBuilder.GetAppStartup() +138
   Microsoft.Owin.Host.SystemWeb.OwinHttpModule.InitializeBlueprint() +38
   System.Threading.LazyInitializer.EnsureInitializedCore(T&amp; target, Boolean&amp; initialized, Object&amp; syncLock, Func`1 valueFactory) +241
   Microsoft.Owin.Host.SystemWeb.OwinHttpModule.Init(HttpApplication context) +129
   System.Web.HttpApplication.InitModulesCommon() +192
   System.Web.HttpApplication.InitInternal(HttpContext context, HttpApplicationState state, MethodInfo[] handlers) +1582
   System.Web.HttpApplicationFactory.GetNormalApplicationInstance(HttpContext context) +365
   System.Web.HttpApplicationFactory.GetApplicationInstance(HttpContext context) +200
   System.Web.HttpRuntime.ProcessRequestInternal(HttpWorkerRequest wr) +591
</pre></code>

                  </td>
               </tr>
            </table>

            <br>

            <hr width=100% size=1 color=silver>

            <b>Version Information:</b>&nbsp;Microsoft .NET Framework Version:4.0.30319; ASP.NET Version:4.0.30319.34009

            </font>

    </body>
</html>
<!-- 
[FileNotFoundException]: Could not load file or assembly &#39;DevExpress.CodeRush.Common, Version=10.1.0.0, Culture=neutral, PublicKeyToken=35c9f04b7764aa3d&#39; or one of its dependencies. The system cannot find the file specified.
   at System.ModuleHandle.ResolveType(RuntimeModule module, Int32 typeToken, IntPtr* typeInstArgs, Int32 typeInstCount, IntPtr* methodInstArgs, Int32 methodInstCount, ObjectHandleOnStack type)
   at System.ModuleHandle.ResolveTypeHandleInternal(RuntimeModule module, Int32 typeToken, RuntimeTypeHandle[] typeInstantiationContext, RuntimeTypeHandle[] methodInstantiationContext)
   at System.ModuleHandle.ResolveTypeHandle(Int32 typeToken, RuntimeTypeHandle[] typeInstantiationContext, RuntimeTypeHandle[] methodInstantiationContext)
   at System.Reflection.RuntimeModule.ResolveType(Int32 metadataToken, Type[] genericTypeArguments, Type[] genericMethodArguments)
   at System.Reflection.CustomAttribute.FilterCustomAttributeRecord(CustomAttributeRecord caRecord, MetadataImport scope, Assembly& lastAptcaOkAssembly, RuntimeModule decoratedModule, MetadataToken decoratedToken, RuntimeType attributeFilterType, Boolean mustBeInheritable, Object[] attributes, IList derivedAttributes, RuntimeType& attributeType, IRuntimeMethodInfo& ctor, Boolean& ctorHasParameters, Boolean& isVarArg)
   at System.Reflection.CustomAttribute.GetCustomAttributes(RuntimeModule decoratedModule, Int32 decoratedMetadataToken, Int32 pcaCount, RuntimeType attributeFilterType, Boolean mustBeInheritable, IList derivedAttributes, Boolean isDecoratedTargetSecurityTransparent)
   at System.Reflection.CustomAttribute.GetCustomAttributes(RuntimeAssembly assembly, RuntimeType caType)
   at Owin.Loader.DefaultLoader.SearchForStartupAttribute(String friendlyName, IList`1 errors, Boolean& conflict)
   at Owin.Loader.DefaultLoader.LoadImplementation(String startupName, IList`1 errorDetails)
   at Microsoft.Owin.Host.SystemWeb.OwinBuilder.GetAppStartup()
   at Microsoft.Owin.Host.SystemWeb.OwinHttpModule.InitializeBlueprint()
   at System.Threading.LazyInitializer.EnsureInitializedCore[T](T& target, Boolean& initialized, Object& syncLock, Func`1 valueFactory)
   at Microsoft.Owin.Host.SystemWeb.OwinHttpModule.Init(HttpApplication context)
   at System.Web.HttpApplication.InitModulesCommon()
   at System.Web.HttpApplication.InitInternal(HttpContext context, HttpApplicationState state, MethodInfo[] handlers)
   at System.Web.HttpApplicationFactory.GetNormalApplicationInstance(HttpContext context)
   at System.Web.HttpApplicationFactory.GetApplicationInstance(HttpContext context)
   at System.Web.HttpRuntime.ProcessRequestInternal(HttpWorkerRequest wr)
-->
  Expected: not null
  But was:  null
]]></message>
                      <stack-trace><![CDATA[at Orchard.Specs.Bindings.WebAppHosting.WhenIFillIn(Table table) in e:\expedit\projects\nkd\src\main\NKD.Orchard\src\Orchard.Specs\Bindings\WebAppHosting.cs:line 254
at Orchard.Specs.Bindings.OrchardSiteFactory.GivenIHaveInstalledOrchard(String virtualDirectory) in e:\expedit\projects\nkd\src\main\NKD.Orchard\src\Orchard.Specs\Bindings\OrchardSiteFactory.cs:line 38
at TechTalk.SpecFlow.Bindings.BindingInvoker.InvokeBinding(IBinding binding, IContextManager contextManager, Object[] arguments, ITestTracer testTracer, TimeSpan& duration)
at TechTalk.SpecFlow.Infrastructure.TestExecutionEngine.ExecuteStepMatch(BindingMatch match, Object[] arguments)
at TechTalk.SpecFlow.Infrastructure.TestExecutionEngine.ExecuteStep(StepInstance stepInstance)
at TechTalk.SpecFlow.Infrastructure.TestExecutionEngine.OnAfterLastStep()
]]></stack-trace>
                    </failure>
                  </test-case>
                  <test-case name="Orchard.Specs.ModuleManagementFeature.InstalledModulesAreListed" description="Installed modules are listed" executed="True" success="False" time="29.773" asserts="1">
                    <failure>
                      <message><![CDATA[  Unable to locate <input> name SiteName in page html:

<!DOCTYPE html>
<html>
    <head>
        <title>Could not load file or assembly 'DevExpress.CodeRush.Common, Version=10.1.0.0, Culture=neutral, PublicKeyToken=35c9f04b7764aa3d' or one of its dependencies. The system cannot find the file specified.</title>
        <meta name="viewport" content="width=device-width" />
        <style>
         body {font-family:"Verdana";font-weight:normal;font-size: .7em;color:black;} 
         p {font-family:"Verdana";font-weight:normal;color:black;margin-top: -5px}
         b {font-family:"Verdana";font-weight:bold;color:black;margin-top: -5px}
         H1 { font-family:"Verdana";font-weight:normal;font-size:18pt;color:red }
         H2 { font-family:"Verdana";font-weight:normal;font-size:14pt;color:maroon }
         pre {font-family:"Consolas","Lucida Console",Monospace;font-size:11pt;margin:0;padding:0.5em;line-height:14pt}
         .marker {font-weight: bold; color: black;text-decoration: none;}
         .version {color: gray;}
         .error {margin-bottom: 10px;}
         .expandable { text-decoration:underline; font-weight:bold; color:navy; cursor:hand; }
         @media screen and (max-width: 639px) {
          pre { width: 440px; overflow: auto; white-space: pre-wrap; word-wrap: break-word; }
         }
         @media screen and (max-width: 479px) {
          pre { width: 280px; }
         }
        </style>
    </head>

    <body bgcolor="white">

            <span><H1>Server Error in '/' Application.<hr width=100% size=1 color=silver></H1>

            <h2> <i>Could not load file or assembly 'DevExpress.CodeRush.Common, Version=10.1.0.0, Culture=neutral, PublicKeyToken=35c9f04b7764aa3d' or one of its dependencies. The system cannot find the file specified.</i> </h2></span>

            <font face="Arial, Helvetica, Geneva, SunSans-Regular, sans-serif ">

            <b> Description: </b>An unhandled exception occurred during the execution of the current web request. Please review the stack trace for more information about the error and where it originated in the code.

            <br><br>

            <b> Exception Details: </b>System.IO.FileNotFoundException: Could not load file or assembly 'DevExpress.CodeRush.Common, Version=10.1.0.0, Culture=neutral, PublicKeyToken=35c9f04b7764aa3d' or one of its dependencies. The system cannot find the file specified.<br><br>

            <b>Source Error:</b> <br><br>

            <table width=100% bgcolor="#ffffcc">
               <tr>
                  <td>
                      <code>

An unhandled exception was generated during the execution of the current web request. Information regarding the origin and location of the exception can be identified using the exception stack trace below.</code>

                  </td>
               </tr>
            </table>

            <br>

            <b>Assembly Load Trace:</b> The following information can be helpful to determine why the assembly 'DevExpress.CodeRush.Common, Version=10.1.0.0, Culture=neutral, PublicKeyToken=35c9f04b7764aa3d' could not be loaded.<br><br>

            <table width=100% bgcolor="#ffffcc">
               <tr>
                  <td>
                      <code><pre>

WRN: Assembly binding logging is turned OFF.
To enable assembly bind failure logging, set the registry value [HKLM\Software\Microsoft\Fusion!EnableLog] (DWORD) to 1.
Note: There is some performance penalty associated with assembly bind failure logging.
To turn this feature off, remove the registry value [HKLM\Software\Microsoft\Fusion!EnableLog].
</pre></code>

                  </td>
               </tr>
            </table>

            <br>

            <b>Stack Trace:</b> <br><br>

            <table width=100% bgcolor="#ffffcc">
               <tr>
                  <td>
                      <code><pre>

[FileNotFoundException: Could not load file or assembly &#39;DevExpress.CodeRush.Common, Version=10.1.0.0, Culture=neutral, PublicKeyToken=35c9f04b7764aa3d&#39; or one of its dependencies. The system cannot find the file specified.]
   System.ModuleHandle.ResolveType(RuntimeModule module, Int32 typeToken, IntPtr* typeInstArgs, Int32 typeInstCount, IntPtr* methodInstArgs, Int32 methodInstCount, ObjectHandleOnStack type) +0
   System.ModuleHandle.ResolveTypeHandleInternal(RuntimeModule module, Int32 typeToken, RuntimeTypeHandle[] typeInstantiationContext, RuntimeTypeHandle[] methodInstantiationContext) +371
   System.ModuleHandle.ResolveTypeHandle(Int32 typeToken, RuntimeTypeHandle[] typeInstantiationContext, RuntimeTypeHandle[] methodInstantiationContext) +19
   System.Reflection.RuntimeModule.ResolveType(Int32 metadataToken, Type[] genericTypeArguments, Type[] genericMethodArguments) +319
   System.Reflection.CustomAttribute.FilterCustomAttributeRecord(CustomAttributeRecord caRecord, MetadataImport scope, Assembly&amp; lastAptcaOkAssembly, RuntimeModule decoratedModule, MetadataToken decoratedToken, RuntimeType attributeFilterType, Boolean mustBeInheritable, Object[] attributes, IList derivedAttributes, RuntimeType&amp; attributeType, IRuntimeMethodInfo&amp; ctor, Boolean&amp; ctorHasParameters, Boolean&amp; isVarArg) +203
   System.Reflection.CustomAttribute.GetCustomAttributes(RuntimeModule decoratedModule, Int32 decoratedMetadataToken, Int32 pcaCount, RuntimeType attributeFilterType, Boolean mustBeInheritable, IList derivedAttributes, Boolean isDecoratedTargetSecurityTransparent) +1179
   System.Reflection.CustomAttribute.GetCustomAttributes(RuntimeAssembly assembly, RuntimeType caType) +146
   Owin.Loader.DefaultLoader.SearchForStartupAttribute(String friendlyName, IList`1 errors, Boolean&amp; conflict) +180
   Owin.Loader.DefaultLoader.LoadImplementation(String startupName, IList`1 errorDetails) +184
   Microsoft.Owin.Host.SystemWeb.OwinBuilder.GetAppStartup() +138
   Microsoft.Owin.Host.SystemWeb.OwinHttpModule.InitializeBlueprint() +38
   System.Threading.LazyInitializer.EnsureInitializedCore(T&amp; target, Boolean&amp; initialized, Object&amp; syncLock, Func`1 valueFactory) +241
   Microsoft.Owin.Host.SystemWeb.OwinHttpModule.Init(HttpApplication context) +129
   System.Web.HttpApplication.InitModulesCommon() +192
   System.Web.HttpApplication.InitInternal(HttpContext context, HttpApplicationState state, MethodInfo[] handlers) +1582
   System.Web.HttpApplicationFactory.GetNormalApplicationInstance(HttpContext context) +365
   System.Web.HttpApplicationFactory.GetApplicationInstance(HttpContext context) +200
   System.Web.HttpRuntime.ProcessRequestInternal(HttpWorkerRequest wr) +591
</pre></code>

                  </td>
               </tr>
            </table>

            <br>

            <hr width=100% size=1 color=silver>

            <b>Version Information:</b>&nbsp;Microsoft .NET Framework Version:4.0.30319; ASP.NET Version:4.0.30319.34009

            </font>

    </body>
</html>
<!-- 
[FileNotFoundException]: Could not load file or assembly &#39;DevExpress.CodeRush.Common, Version=10.1.0.0, Culture=neutral, PublicKeyToken=35c9f04b7764aa3d&#39; or one of its dependencies. The system cannot find the file specified.
   at System.ModuleHandle.ResolveType(RuntimeModule module, Int32 typeToken, IntPtr* typeInstArgs, Int32 typeInstCount, IntPtr* methodInstArgs, Int32 methodInstCount, ObjectHandleOnStack type)
   at System.ModuleHandle.ResolveTypeHandleInternal(RuntimeModule module, Int32 typeToken, RuntimeTypeHandle[] typeInstantiationContext, RuntimeTypeHandle[] methodInstantiationContext)
   at System.ModuleHandle.ResolveTypeHandle(Int32 typeToken, RuntimeTypeHandle[] typeInstantiationContext, RuntimeTypeHandle[] methodInstantiationContext)
   at System.Reflection.RuntimeModule.ResolveType(Int32 metadataToken, Type[] genericTypeArguments, Type[] genericMethodArguments)
   at System.Reflection.CustomAttribute.FilterCustomAttributeRecord(CustomAttributeRecord caRecord, MetadataImport scope, Assembly& lastAptcaOkAssembly, RuntimeModule decoratedModule, MetadataToken decoratedToken, RuntimeType attributeFilterType, Boolean mustBeInheritable, Object[] attributes, IList derivedAttributes, RuntimeType& attributeType, IRuntimeMethodInfo& ctor, Boolean& ctorHasParameters, Boolean& isVarArg)
   at System.Reflection.CustomAttribute.GetCustomAttributes(RuntimeModule decoratedModule, Int32 decoratedMetadataToken, Int32 pcaCount, RuntimeType attributeFilterType, Boolean mustBeInheritable, IList derivedAttributes, Boolean isDecoratedTargetSecurityTransparent)
   at System.Reflection.CustomAttribute.GetCustomAttributes(RuntimeAssembly assembly, RuntimeType caType)
   at Owin.Loader.DefaultLoader.SearchForStartupAttribute(String friendlyName, IList`1 errors, Boolean& conflict)
   at Owin.Loader.DefaultLoader.LoadImplementation(String startupName, IList`1 errorDetails)
   at Microsoft.Owin.Host.SystemWeb.OwinBuilder.GetAppStartup()
   at Microsoft.Owin.Host.SystemWeb.OwinHttpModule.InitializeBlueprint()
   at System.Threading.LazyInitializer.EnsureInitializedCore[T](T& target, Boolean& initialized, Object& syncLock, Func`1 valueFactory)
   at Microsoft.Owin.Host.SystemWeb.OwinHttpModule.Init(HttpApplication context)
   at System.Web.HttpApplication.InitModulesCommon()
   at System.Web.HttpApplication.InitInternal(HttpContext context, HttpApplicationState state, MethodInfo[] handlers)
   at System.Web.HttpApplicationFactory.GetNormalApplicationInstance(HttpContext context)
   at System.Web.HttpApplicationFactory.GetApplicationInstance(HttpContext context)
   at System.Web.HttpRuntime.ProcessRequestInternal(HttpWorkerRequest wr)
-->
  Expected: not null
  But was:  null
]]></message>
                      <stack-trace><![CDATA[at Orchard.Specs.Bindings.WebAppHosting.WhenIFillIn(Table table) in e:\expedit\projects\nkd\src\main\NKD.Orchard\src\Orchard.Specs\Bindings\WebAppHosting.cs:line 254
at Orchard.Specs.Bindings.OrchardSiteFactory.GivenIHaveInstalledOrchard(String virtualDirectory) in e:\expedit\projects\nkd\src\main\NKD.Orchard\src\Orchard.Specs\Bindings\OrchardSiteFactory.cs:line 38
at TechTalk.SpecFlow.Bindings.BindingInvoker.InvokeBinding(IBinding binding, IContextManager contextManager, Object[] arguments, ITestTracer testTracer, TimeSpan& duration)
at TechTalk.SpecFlow.Infrastructure.TestExecutionEngine.ExecuteStepMatch(BindingMatch match, Object[] arguments)
at TechTalk.SpecFlow.Infrastructure.TestExecutionEngine.ExecuteStep(StepInstance stepInstance)
at TechTalk.SpecFlow.Infrastructure.TestExecutionEngine.OnAfterLastStep()
]]></stack-trace>
                    </failure>
                  </test-case>
                </results>
              </test-suite>
              <test-suite name="MultipleTenantManagementFeature" description="Multiple tenant management" executed="True" success="False" time="416.515" asserts="0">
                <results>
                  <test-case name="Orchard.Specs.MultipleTenantManagementFeature.ANewTenantGoesToTheSetupScreen" description="A new tenant goes to the setup screen" executed="True" success="False" time="27.749" asserts="1">
                    <failure>
                      <message><![CDATA[  Unable to locate <input> name SiteName in page html:

<!DOCTYPE html>
<html>
    <head>
        <title>Could not load file or assembly 'DevExpress.CodeRush.Common, Version=10.1.0.0, Culture=neutral, PublicKeyToken=35c9f04b7764aa3d' or one of its dependencies. The system cannot find the file specified.</title>
        <meta name="viewport" content="width=device-width" />
        <style>
         body {font-family:"Verdana";font-weight:normal;font-size: .7em;color:black;} 
         p {font-family:"Verdana";font-weight:normal;color:black;margin-top: -5px}
         b {font-family:"Verdana";font-weight:bold;color:black;margin-top: -5px}
         H1 { font-family:"Verdana";font-weight:normal;font-size:18pt;color:red }
         H2 { font-family:"Verdana";font-weight:normal;font-size:14pt;color:maroon }
         pre {font-family:"Consolas","Lucida Console",Monospace;font-size:11pt;margin:0;padding:0.5em;line-height:14pt}
         .marker {font-weight: bold; color: black;text-decoration: none;}
         .version {color: gray;}
         .error {margin-bottom: 10px;}
         .expandable { text-decoration:underline; font-weight:bold; color:navy; cursor:hand; }
         @media screen and (max-width: 639px) {
          pre { width: 440px; overflow: auto; white-space: pre-wrap; word-wrap: break-word; }
         }
         @media screen and (max-width: 479px) {
          pre { width: 280px; }
         }
        </style>
    </head>

    <body bgcolor="white">

            <span><H1>Server Error in '/' Application.<hr width=100% size=1 color=silver></H1>

            <h2> <i>Could not load file or assembly 'DevExpress.CodeRush.Common, Version=10.1.0.0, Culture=neutral, PublicKeyToken=35c9f04b7764aa3d' or one of its dependencies. The system cannot find the file specified.</i> </h2></span>

            <font face="Arial, Helvetica, Geneva, SunSans-Regular, sans-serif ">

            <b> Description: </b>An unhandled exception occurred during the execution of the current web request. Please review the stack trace for more information about the error and where it originated in the code.

            <br><br>

            <b> Exception Details: </b>System.IO.FileNotFoundException: Could not load file or assembly 'DevExpress.CodeRush.Common, Version=10.1.0.0, Culture=neutral, PublicKeyToken=35c9f04b7764aa3d' or one of its dependencies. The system cannot find the file specified.<br><br>

            <b>Source Error:</b> <br><br>

            <table width=100% bgcolor="#ffffcc">
               <tr>
                  <td>
                      <code>

An unhandled exception was generated during the execution of the current web request. Information regarding the origin and location of the exception can be identified using the exception stack trace below.</code>

                  </td>
               </tr>
            </table>

            <br>

            <b>Assembly Load Trace:</b> The following information can be helpful to determine why the assembly 'DevExpress.CodeRush.Common, Version=10.1.0.0, Culture=neutral, PublicKeyToken=35c9f04b7764aa3d' could not be loaded.<br><br>

            <table width=100% bgcolor="#ffffcc">
               <tr>
                  <td>
                      <code><pre>

WRN: Assembly binding logging is turned OFF.
To enable assembly bind failure logging, set the registry value [HKLM\Software\Microsoft\Fusion!EnableLog] (DWORD) to 1.
Note: There is some performance penalty associated with assembly bind failure logging.
To turn this feature off, remove the registry value [HKLM\Software\Microsoft\Fusion!EnableLog].
</pre></code>

                  </td>
               </tr>
            </table>

            <br>

            <b>Stack Trace:</b> <br><br>

            <table width=100% bgcolor="#ffffcc">
               <tr>
                  <td>
                      <code><pre>

[FileNotFoundException: Could not load file or assembly &#39;DevExpress.CodeRush.Common, Version=10.1.0.0, Culture=neutral, PublicKeyToken=35c9f04b7764aa3d&#39; or one of its dependencies. The system cannot find the file specified.]
   System.ModuleHandle.ResolveType(RuntimeModule module, Int32 typeToken, IntPtr* typeInstArgs, Int32 typeInstCount, IntPtr* methodInstArgs, Int32 methodInstCount, ObjectHandleOnStack type) +0
   System.ModuleHandle.ResolveTypeHandleInternal(RuntimeModule module, Int32 typeToken, RuntimeTypeHandle[] typeInstantiationContext, RuntimeTypeHandle[] methodInstantiationContext) +371
   System.ModuleHandle.ResolveTypeHandle(Int32 typeToken, RuntimeTypeHandle[] typeInstantiationContext, RuntimeTypeHandle[] methodInstantiationContext) +19
   System.Reflection.RuntimeModule.ResolveType(Int32 metadataToken, Type[] genericTypeArguments, Type[] genericMethodArguments) +319
   System.Reflection.CustomAttribute.FilterCustomAttributeRecord(CustomAttributeRecord caRecord, MetadataImport scope, Assembly&amp; lastAptcaOkAssembly, RuntimeModule decoratedModule, MetadataToken decoratedToken, RuntimeType attributeFilterType, Boolean mustBeInheritable, Object[] attributes, IList derivedAttributes, RuntimeType&amp; attributeType, IRuntimeMethodInfo&amp; ctor, Boolean&amp; ctorHasParameters, Boolean&amp; isVarArg) +203
   System.Reflection.CustomAttribute.GetCustomAttributes(RuntimeModule decoratedModule, Int32 decoratedMetadataToken, Int32 pcaCount, RuntimeType attributeFilterType, Boolean mustBeInheritable, IList derivedAttributes, Boolean isDecoratedTargetSecurityTransparent) +1179
   System.Reflection.CustomAttribute.GetCustomAttributes(RuntimeAssembly assembly, RuntimeType caType) +146
   Owin.Loader.DefaultLoader.SearchForStartupAttribute(String friendlyName, IList`1 errors, Boolean&amp; conflict) +180
   Owin.Loader.DefaultLoader.LoadImplementation(String startupName, IList`1 errorDetails) +184
   Microsoft.Owin.Host.SystemWeb.OwinBuilder.GetAppStartup() +138
   Microsoft.Owin.Host.SystemWeb.OwinHttpModule.InitializeBlueprint() +38
   System.Threading.LazyInitializer.EnsureInitializedCore(T&amp; target, Boolean&amp; initialized, Object&amp; syncLock, Func`1 valueFactory) +241
   Microsoft.Owin.Host.SystemWeb.OwinHttpModule.Init(HttpApplication context) +129
   System.Web.HttpApplication.InitModulesCommon() +192
   System.Web.HttpApplication.InitInternal(HttpContext context, HttpApplicationState state, MethodInfo[] handlers) +1582
   System.Web.HttpApplicationFactory.GetNormalApplicationInstance(HttpContext context) +365
   System.Web.HttpApplicationFactory.GetApplicationInstance(HttpContext context) +200
   System.Web.HttpRuntime.ProcessRequestInternal(HttpWorkerRequest wr) +591
</pre></code>

                  </td>
               </tr>
            </table>

            <br>

            <hr width=100% size=1 color=silver>

            <b>Version Information:</b>&nbsp;Microsoft .NET Framework Version:4.0.30319; ASP.NET Version:4.0.30319.34009

            </font>

    </body>
</html>
<!-- 
[FileNotFoundException]: Could not load file or assembly &#39;DevExpress.CodeRush.Common, Version=10.1.0.0, Culture=neutral, PublicKeyToken=35c9f04b7764aa3d&#39; or one of its dependencies. The system cannot find the file specified.
   at System.ModuleHandle.ResolveType(RuntimeModule module, Int32 typeToken, IntPtr* typeInstArgs, Int32 typeInstCount, IntPtr* methodInstArgs, Int32 methodInstCount, ObjectHandleOnStack type)
   at System.ModuleHandle.ResolveTypeHandleInternal(RuntimeModule module, Int32 typeToken, RuntimeTypeHandle[] typeInstantiationContext, RuntimeTypeHandle[] methodInstantiationContext)
   at System.ModuleHandle.ResolveTypeHandle(Int32 typeToken, RuntimeTypeHandle[] typeInstantiationContext, RuntimeTypeHandle[] methodInstantiationContext)
   at System.Reflection.RuntimeModule.ResolveType(Int32 metadataToken, Type[] genericTypeArguments, Type[] genericMethodArguments)
   at System.Reflection.CustomAttribute.FilterCustomAttributeRecord(CustomAttributeRecord caRecord, MetadataImport scope, Assembly& lastAptcaOkAssembly, RuntimeModule decoratedModule, MetadataToken decoratedToken, RuntimeType attributeFilterType, Boolean mustBeInheritable, Object[] attributes, IList derivedAttributes, RuntimeType& attributeType, IRuntimeMethodInfo& ctor, Boolean& ctorHasParameters, Boolean& isVarArg)
   at System.Reflection.CustomAttribute.GetCustomAttributes(RuntimeModule decoratedModule, Int32 decoratedMetadataToken, Int32 pcaCount, RuntimeType attributeFilterType, Boolean mustBeInheritable, IList derivedAttributes, Boolean isDecoratedTargetSecurityTransparent)
   at System.Reflection.CustomAttribute.GetCustomAttributes(RuntimeAssembly assembly, RuntimeType caType)
   at Owin.Loader.DefaultLoader.SearchForStartupAttribute(String friendlyName, IList`1 errors, Boolean& conflict)
   at Owin.Loader.DefaultLoader.LoadImplementation(String startupName, IList`1 errorDetails)
   at Microsoft.Owin.Host.SystemWeb.OwinBuilder.GetAppStartup()
   at Microsoft.Owin.Host.SystemWeb.OwinHttpModule.InitializeBlueprint()
   at System.Threading.LazyInitializer.EnsureInitializedCore[T](T& target, Boolean& initialized, Object& syncLock, Func`1 valueFactory)
   at Microsoft.Owin.Host.SystemWeb.OwinHttpModule.Init(HttpApplication context)
   at System.Web.HttpApplication.InitModulesCommon()
   at System.Web.HttpApplication.InitInternal(HttpContext context, HttpApplicationState state, MethodInfo[] handlers)
   at System.Web.HttpApplicationFactory.GetNormalApplicationInstance(HttpContext context)
   at System.Web.HttpApplicationFactory.GetApplicationInstance(HttpContext context)
   at System.Web.HttpRuntime.ProcessRequestInternal(HttpWorkerRequest wr)
-->
  Expected: not null
  But was:  null
]]></message>
                      <stack-trace><![CDATA[at Orchard.Specs.Bindings.WebAppHosting.WhenIFillIn(Table table) in e:\expedit\projects\nkd\src\main\NKD.Orchard\src\Orchard.Specs\Bindings\WebAppHosting.cs:line 254
at Orchard.Specs.Bindings.OrchardSiteFactory.GivenIHaveInstalledOrchard(String virtualDirectory) in e:\expedit\projects\nkd\src\main\NKD.Orchard\src\Orchard.Specs\Bindings\OrchardSiteFactory.cs:line 38
at TechTalk.SpecFlow.Bindings.BindingInvoker.InvokeBinding(IBinding binding, IContextManager contextManager, Object[] arguments, ITestTracer testTracer, TimeSpan& duration)
at TechTalk.SpecFlow.Infrastructure.TestExecutionEngine.ExecuteStepMatch(BindingMatch match, Object[] arguments)
at TechTalk.SpecFlow.Infrastructure.TestExecutionEngine.ExecuteStep(StepInstance stepInstance)
at TechTalk.SpecFlow.Infrastructure.TestExecutionEngine.OnAfterLastStep()
]]></stack-trace>
                    </failure>
                  </test-case>
                  <test-case name="Orchard.Specs.MultipleTenantManagementFeature.ANewTenantIsCreated" description="A new tenant is created" executed="True" success="False" time="34.991" asserts="1">
                    <failure>
                      <message><![CDATA[  Unable to locate <input> name SiteName in page html:

<!DOCTYPE html>
<html>
    <head>
        <title>Could not load file or assembly 'DevExpress.CodeRush.Common, Version=10.1.0.0, Culture=neutral, PublicKeyToken=35c9f04b7764aa3d' or one of its dependencies. The system cannot find the file specified.</title>
        <meta name="viewport" content="width=device-width" />
        <style>
         body {font-family:"Verdana";font-weight:normal;font-size: .7em;color:black;} 
         p {font-family:"Verdana";font-weight:normal;color:black;margin-top: -5px}
         b {font-family:"Verdana";font-weight:bold;color:black;margin-top: -5px}
         H1 { font-family:"Verdana";font-weight:normal;font-size:18pt;color:red }
         H2 { font-family:"Verdana";font-weight:normal;font-size:14pt;color:maroon }
         pre {font-family:"Consolas","Lucida Console",Monospace;font-size:11pt;margin:0;padding:0.5em;line-height:14pt}
         .marker {font-weight: bold; color: black;text-decoration: none;}
         .version {color: gray;}
         .error {margin-bottom: 10px;}
         .expandable { text-decoration:underline; font-weight:bold; color:navy; cursor:hand; }
         @media screen and (max-width: 639px) {
          pre { width: 440px; overflow: auto; white-space: pre-wrap; word-wrap: break-word; }
         }
         @media screen and (max-width: 479px) {
          pre { width: 280px; }
         }
        </style>
    </head>

    <body bgcolor="white">

            <span><H1>Server Error in '/' Application.<hr width=100% size=1 color=silver></H1>

            <h2> <i>Could not load file or assembly 'DevExpress.CodeRush.Common, Version=10.1.0.0, Culture=neutral, PublicKeyToken=35c9f04b7764aa3d' or one of its dependencies. The system cannot find the file specified.</i> </h2></span>

            <font face="Arial, Helvetica, Geneva, SunSans-Regular, sans-serif ">

            <b> Description: </b>An unhandled exception occurred during the execution of the current web request. Please review the stack trace for more information about the error and where it originated in the code.

            <br><br>

            <b> Exception Details: </b>System.IO.FileNotFoundException: Could not load file or assembly 'DevExpress.CodeRush.Common, Version=10.1.0.0, Culture=neutral, PublicKeyToken=35c9f04b7764aa3d' or one of its dependencies. The system cannot find the file specified.<br><br>

            <b>Source Error:</b> <br><br>

            <table width=100% bgcolor="#ffffcc">
               <tr>
                  <td>
                      <code>

An unhandled exception was generated during the execution of the current web request. Information regarding the origin and location of the exception can be identified using the exception stack trace below.</code>

                  </td>
               </tr>
            </table>

            <br>

            <b>Assembly Load Trace:</b> The following information can be helpful to determine why the assembly 'DevExpress.CodeRush.Common, Version=10.1.0.0, Culture=neutral, PublicKeyToken=35c9f04b7764aa3d' could not be loaded.<br><br>

            <table width=100% bgcolor="#ffffcc">
               <tr>
                  <td>
                      <code><pre>

WRN: Assembly binding logging is turned OFF.
To enable assembly bind failure logging, set the registry value [HKLM\Software\Microsoft\Fusion!EnableLog] (DWORD) to 1.
Note: There is some performance penalty associated with assembly bind failure logging.
To turn this feature off, remove the registry value [HKLM\Software\Microsoft\Fusion!EnableLog].
</pre></code>

                  </td>
               </tr>
            </table>

            <br>

            <b>Stack Trace:</b> <br><br>

            <table width=100% bgcolor="#ffffcc">
               <tr>
                  <td>
                      <code><pre>

[FileNotFoundException: Could not load file or assembly &#39;DevExpress.CodeRush.Common, Version=10.1.0.0, Culture=neutral, PublicKeyToken=35c9f04b7764aa3d&#39; or one of its dependencies. The system cannot find the file specified.]
   System.ModuleHandle.ResolveType(RuntimeModule module, Int32 typeToken, IntPtr* typeInstArgs, Int32 typeInstCount, IntPtr* methodInstArgs, Int32 methodInstCount, ObjectHandleOnStack type) +0
   System.ModuleHandle.ResolveTypeHandleInternal(RuntimeModule module, Int32 typeToken, RuntimeTypeHandle[] typeInstantiationContext, RuntimeTypeHandle[] methodInstantiationContext) +371
   System.ModuleHandle.ResolveTypeHandle(Int32 typeToken, RuntimeTypeHandle[] typeInstantiationContext, RuntimeTypeHandle[] methodInstantiationContext) +19
   System.Reflection.RuntimeModule.ResolveType(Int32 metadataToken, Type[] genericTypeArguments, Type[] genericMethodArguments) +319
   System.Reflection.CustomAttribute.FilterCustomAttributeRecord(CustomAttributeRecord caRecord, MetadataImport scope, Assembly&amp; lastAptcaOkAssembly, RuntimeModule decoratedModule, MetadataToken decoratedToken, RuntimeType attributeFilterType, Boolean mustBeInheritable, Object[] attributes, IList derivedAttributes, RuntimeType&amp; attributeType, IRuntimeMethodInfo&amp; ctor, Boolean&amp; ctorHasParameters, Boolean&amp; isVarArg) +203
   System.Reflection.CustomAttribute.GetCustomAttributes(RuntimeModule decoratedModule, Int32 decoratedMetadataToken, Int32 pcaCount, RuntimeType attributeFilterType, Boolean mustBeInheritable, IList derivedAttributes, Boolean isDecoratedTargetSecurityTransparent) +1179
   System.Reflection.CustomAttribute.GetCustomAttributes(RuntimeAssembly assembly, RuntimeType caType) +146
   Owin.Loader.DefaultLoader.SearchForStartupAttribute(String friendlyName, IList`1 errors, Boolean&amp; conflict) +180
   Owin.Loader.DefaultLoader.LoadImplementation(String startupName, IList`1 errorDetails) +184
   Microsoft.Owin.Host.SystemWeb.OwinBuilder.GetAppStartup() +138
   Microsoft.Owin.Host.SystemWeb.OwinHttpModule.InitializeBlueprint() +38
   System.Threading.LazyInitializer.EnsureInitializedCore(T&amp; target, Boolean&amp; initialized, Object&amp; syncLock, Func`1 valueFactory) +241
   Microsoft.Owin.Host.SystemWeb.OwinHttpModule.Init(HttpApplication context) +129
   System.Web.HttpApplication.InitModulesCommon() +192
   System.Web.HttpApplication.InitInternal(HttpContext context, HttpApplicationState state, MethodInfo[] handlers) +1582
   System.Web.HttpApplicationFactory.GetNormalApplicationInstance(HttpContext context) +365
   System.Web.HttpApplicationFactory.GetApplicationInstance(HttpContext context) +200
   System.Web.HttpRuntime.ProcessRequestInternal(HttpWorkerRequest wr) +591
</pre></code>

                  </td>
               </tr>
            </table>

            <br>

            <hr width=100% size=1 color=silver>

            <b>Version Information:</b>&nbsp;Microsoft .NET Framework Version:4.0.30319; ASP.NET Version:4.0.30319.34009

            </font>

    </body>
</html>
<!-- 
[FileNotFoundException]: Could not load file or assembly &#39;DevExpress.CodeRush.Common, Version=10.1.0.0, Culture=neutral, PublicKeyToken=35c9f04b7764aa3d&#39; or one of its dependencies. The system cannot find the file specified.
   at System.ModuleHandle.ResolveType(RuntimeModule module, Int32 typeToken, IntPtr* typeInstArgs, Int32 typeInstCount, IntPtr* methodInstArgs, Int32 methodInstCount, ObjectHandleOnStack type)
   at System.ModuleHandle.ResolveTypeHandleInternal(RuntimeModule module, Int32 typeToken, RuntimeTypeHandle[] typeInstantiationContext, RuntimeTypeHandle[] methodInstantiationContext)
   at System.ModuleHandle.ResolveTypeHandle(Int32 typeToken, RuntimeTypeHandle[] typeInstantiationContext, RuntimeTypeHandle[] methodInstantiationContext)
   at System.Reflection.RuntimeModule.ResolveType(Int32 metadataToken, Type[] genericTypeArguments, Type[] genericMethodArguments)
   at System.Reflection.CustomAttribute.FilterCustomAttributeRecord(CustomAttributeRecord caRecord, MetadataImport scope, Assembly& lastAptcaOkAssembly, RuntimeModule decoratedModule, MetadataToken decoratedToken, RuntimeType attributeFilterType, Boolean mustBeInheritable, Object[] attributes, IList derivedAttributes, RuntimeType& attributeType, IRuntimeMethodInfo& ctor, Boolean& ctorHasParameters, Boolean& isVarArg)
   at System.Reflection.CustomAttribute.GetCustomAttributes(RuntimeModule decoratedModule, Int32 decoratedMetadataToken, Int32 pcaCount, RuntimeType attributeFilterType, Boolean mustBeInheritable, IList derivedAttributes, Boolean isDecoratedTargetSecurityTransparent)
   at System.Reflection.CustomAttribute.GetCustomAttributes(RuntimeAssembly assembly, RuntimeType caType)
   at Owin.Loader.DefaultLoader.SearchForStartupAttribute(String friendlyName, IList`1 errors, Boolean& conflict)
   at Owin.Loader.DefaultLoader.LoadImplementation(String startupName, IList`1 errorDetails)
   at Microsoft.Owin.Host.SystemWeb.OwinBuilder.GetAppStartup()
   at Microsoft.Owin.Host.SystemWeb.OwinHttpModule.InitializeBlueprint()
   at System.Threading.LazyInitializer.EnsureInitializedCore[T](T& target, Boolean& initialized, Object& syncLock, Func`1 valueFactory)
   at Microsoft.Owin.Host.SystemWeb.OwinHttpModule.Init(HttpApplication context)
   at System.Web.HttpApplication.InitModulesCommon()
   at System.Web.HttpApplication.InitInternal(HttpContext context, HttpApplicationState state, MethodInfo[] handlers)
   at System.Web.HttpApplicationFactory.GetNormalApplicationInstance(HttpContext context)
   at System.Web.HttpApplicationFactory.GetApplicationInstance(HttpContext context)
   at System.Web.HttpRuntime.ProcessRequestInternal(HttpWorkerRequest wr)
-->
  Expected: not null
  But was:  null
]]></message>
                      <stack-trace><![CDATA[at Orchard.Specs.Bindings.WebAppHosting.WhenIFillIn(Table table) in e:\expedit\projects\nkd\src\main\NKD.Orchard\src\Orchard.Specs\Bindings\WebAppHosting.cs:line 254
at Orchard.Specs.Bindings.OrchardSiteFactory.GivenIHaveInstalledOrchard(String virtualDirectory) in e:\expedit\projects\nkd\src\main\NKD.Orchard\src\Orchard.Specs\Bindings\OrchardSiteFactory.cs:line 38
at TechTalk.SpecFlow.Bindings.BindingInvoker.InvokeBinding(IBinding binding, IContextManager contextManager, Object[] arguments, ITestTracer testTracer, TimeSpan& duration)
at TechTalk.SpecFlow.Infrastructure.TestExecutionEngine.ExecuteStepMatch(BindingMatch match, Object[] arguments)
at TechTalk.SpecFlow.Infrastructure.TestExecutionEngine.ExecuteStep(StepInstance stepInstance)
at TechTalk.SpecFlow.Infrastructure.TestExecutionEngine.OnAfterLastStep()
]]></stack-trace>
                    </failure>
                  </test-case>
                  <test-case name="Orchard.Specs.MultipleTenantManagementFeature.ANewTenantIsCreatedWithUninitializedState" description="A new tenant is created with uninitialized state" executed="True" success="False" time="34.564" asserts="1">
                    <failure>
                      <message><![CDATA[  Unable to locate <input> name SiteName in page html:

<!DOCTYPE html>
<html>
    <head>
        <title>Could not load file or assembly 'DevExpress.CodeRush.Common, Version=10.1.0.0, Culture=neutral, PublicKeyToken=35c9f04b7764aa3d' or one of its dependencies. The system cannot find the file specified.</title>
        <meta name="viewport" content="width=device-width" />
        <style>
         body {font-family:"Verdana";font-weight:normal;font-size: .7em;color:black;} 
         p {font-family:"Verdana";font-weight:normal;color:black;margin-top: -5px}
         b {font-family:"Verdana";font-weight:bold;color:black;margin-top: -5px}
         H1 { font-family:"Verdana";font-weight:normal;font-size:18pt;color:red }
         H2 { font-family:"Verdana";font-weight:normal;font-size:14pt;color:maroon }
         pre {font-family:"Consolas","Lucida Console",Monospace;font-size:11pt;margin:0;padding:0.5em;line-height:14pt}
         .marker {font-weight: bold; color: black;text-decoration: none;}
         .version {color: gray;}
         .error {margin-bottom: 10px;}
         .expandable { text-decoration:underline; font-weight:bold; color:navy; cursor:hand; }
         @media screen and (max-width: 639px) {
          pre { width: 440px; overflow: auto; white-space: pre-wrap; word-wrap: break-word; }
         }
         @media screen and (max-width: 479px) {
          pre { width: 280px; }
         }
        </style>
    </head>

    <body bgcolor="white">

            <span><H1>Server Error in '/' Application.<hr width=100% size=1 color=silver></H1>

            <h2> <i>Could not load file or assembly 'DevExpress.CodeRush.Common, Version=10.1.0.0, Culture=neutral, PublicKeyToken=35c9f04b7764aa3d' or one of its dependencies. The system cannot find the file specified.</i> </h2></span>

            <font face="Arial, Helvetica, Geneva, SunSans-Regular, sans-serif ">

            <b> Description: </b>An unhandled exception occurred during the execution of the current web request. Please review the stack trace for more information about the error and where it originated in the code.

            <br><br>

            <b> Exception Details: </b>System.IO.FileNotFoundException: Could not load file or assembly 'DevExpress.CodeRush.Common, Version=10.1.0.0, Culture=neutral, PublicKeyToken=35c9f04b7764aa3d' or one of its dependencies. The system cannot find the file specified.<br><br>

            <b>Source Error:</b> <br><br>

            <table width=100% bgcolor="#ffffcc">
               <tr>
                  <td>
                      <code>

An unhandled exception was generated during the execution of the current web request. Information regarding the origin and location of the exception can be identified using the exception stack trace below.</code>

                  </td>
               </tr>
            </table>

            <br>

            <b>Assembly Load Trace:</b> The following information can be helpful to determine why the assembly 'DevExpress.CodeRush.Common, Version=10.1.0.0, Culture=neutral, PublicKeyToken=35c9f04b7764aa3d' could not be loaded.<br><br>

            <table width=100% bgcolor="#ffffcc">
               <tr>
                  <td>
                      <code><pre>

WRN: Assembly binding logging is turned OFF.
To enable assembly bind failure logging, set the registry value [HKLM\Software\Microsoft\Fusion!EnableLog] (DWORD) to 1.
Note: There is some performance penalty associated with assembly bind failure logging.
To turn this feature off, remove the registry value [HKLM\Software\Microsoft\Fusion!EnableLog].
</pre></code>

                  </td>
               </tr>
            </table>

            <br>

            <b>Stack Trace:</b> <br><br>

            <table width=100% bgcolor="#ffffcc">
               <tr>
                  <td>
                      <code><pre>

[FileNotFoundException: Could not load file or assembly &#39;DevExpress.CodeRush.Common, Version=10.1.0.0, Culture=neutral, PublicKeyToken=35c9f04b7764aa3d&#39; or one of its dependencies. The system cannot find the file specified.]
   System.ModuleHandle.ResolveType(RuntimeModule module, Int32 typeToken, IntPtr* typeInstArgs, Int32 typeInstCount, IntPtr* methodInstArgs, Int32 methodInstCount, ObjectHandleOnStack type) +0
   System.ModuleHandle.ResolveTypeHandleInternal(RuntimeModule module, Int32 typeToken, RuntimeTypeHandle[] typeInstantiationContext, RuntimeTypeHandle[] methodInstantiationContext) +371
   System.ModuleHandle.ResolveTypeHandle(Int32 typeToken, RuntimeTypeHandle[] typeInstantiationContext, RuntimeTypeHandle[] methodInstantiationContext) +19
   System.Reflection.RuntimeModule.ResolveType(Int32 metadataToken, Type[] genericTypeArguments, Type[] genericMethodArguments) +319
   System.Reflection.CustomAttribute.FilterCustomAttributeRecord(CustomAttributeRecord caRecord, MetadataImport scope, Assembly&amp; lastAptcaOkAssembly, RuntimeModule decoratedModule, MetadataToken decoratedToken, RuntimeType attributeFilterType, Boolean mustBeInheritable, Object[] attributes, IList derivedAttributes, RuntimeType&amp; attributeType, IRuntimeMethodInfo&amp; ctor, Boolean&amp; ctorHasParameters, Boolean&amp; isVarArg) +203
   System.Reflection.CustomAttribute.GetCustomAttributes(RuntimeModule decoratedModule, Int32 decoratedMetadataToken, Int32 pcaCount, RuntimeType attributeFilterType, Boolean mustBeInheritable, IList derivedAttributes, Boolean isDecoratedTargetSecurityTransparent) +1179
   System.Reflection.CustomAttribute.GetCustomAttributes(RuntimeAssembly assembly, RuntimeType caType) +146
   Owin.Loader.DefaultLoader.SearchForStartupAttribute(String friendlyName, IList`1 errors, Boolean&amp; conflict) +180
   Owin.Loader.DefaultLoader.LoadImplementation(String startupName, IList`1 errorDetails) +184
   Microsoft.Owin.Host.SystemWeb.OwinBuilder.GetAppStartup() +138
   Microsoft.Owin.Host.SystemWeb.OwinHttpModule.InitializeBlueprint() +38
   System.Threading.LazyInitializer.EnsureInitializedCore(T&amp; target, Boolean&amp; initialized, Object&amp; syncLock, Func`1 valueFactory) +241
   Microsoft.Owin.Host.SystemWeb.OwinHttpModule.Init(HttpApplication context) +129
   System.Web.HttpApplication.InitModulesCommon() +192
   System.Web.HttpApplication.InitInternal(HttpContext context, HttpApplicationState state, MethodInfo[] handlers) +1582
   System.Web.HttpApplicationFactory.GetNormalApplicationInstance(HttpContext context) +365
   System.Web.HttpApplicationFactory.GetApplicationInstance(HttpContext context) +200
   System.Web.HttpRuntime.ProcessRequestInternal(HttpWorkerRequest wr) +591
</pre></code>

                  </td>
               </tr>
            </table>

            <br>

            <hr width=100% size=1 color=silver>

            <b>Version Information:</b>&nbsp;Microsoft .NET Framework Version:4.0.30319; ASP.NET Version:4.0.30319.34009

            </font>

    </body>
</html>
<!-- 
[FileNotFoundException]: Could not load file or assembly &#39;DevExpress.CodeRush.Common, Version=10.1.0.0, Culture=neutral, PublicKeyToken=35c9f04b7764aa3d&#39; or one of its dependencies. The system cannot find the file specified.
   at System.ModuleHandle.ResolveType(RuntimeModule module, Int32 typeToken, IntPtr* typeInstArgs, Int32 typeInstCount, IntPtr* methodInstArgs, Int32 methodInstCount, ObjectHandleOnStack type)
   at System.ModuleHandle.ResolveTypeHandleInternal(RuntimeModule module, Int32 typeToken, RuntimeTypeHandle[] typeInstantiationContext, RuntimeTypeHandle[] methodInstantiationContext)
   at System.ModuleHandle.ResolveTypeHandle(Int32 typeToken, RuntimeTypeHandle[] typeInstantiationContext, RuntimeTypeHandle[] methodInstantiationContext)
   at System.Reflection.RuntimeModule.ResolveType(Int32 metadataToken, Type[] genericTypeArguments, Type[] genericMethodArguments)
   at System.Reflection.CustomAttribute.FilterCustomAttributeRecord(CustomAttributeRecord caRecord, MetadataImport scope, Assembly& lastAptcaOkAssembly, RuntimeModule decoratedModule, MetadataToken decoratedToken, RuntimeType attributeFilterType, Boolean mustBeInheritable, Object[] attributes, IList derivedAttributes, RuntimeType& attributeType, IRuntimeMethodInfo& ctor, Boolean& ctorHasParameters, Boolean& isVarArg)
   at System.Reflection.CustomAttribute.GetCustomAttributes(RuntimeModule decoratedModule, Int32 decoratedMetadataToken, Int32 pcaCount, RuntimeType attributeFilterType, Boolean mustBeInheritable, IList derivedAttributes, Boolean isDecoratedTargetSecurityTransparent)
   at System.Reflection.CustomAttribute.GetCustomAttributes(RuntimeAssembly assembly, RuntimeType caType)
   at Owin.Loader.DefaultLoader.SearchForStartupAttribute(String friendlyName, IList`1 errors, Boolean& conflict)
   at Owin.Loader.DefaultLoader.LoadImplementation(String startupName, IList`1 errorDetails)
   at Microsoft.Owin.Host.SystemWeb.OwinBuilder.GetAppStartup()
   at Microsoft.Owin.Host.SystemWeb.OwinHttpModule.InitializeBlueprint()
   at System.Threading.LazyInitializer.EnsureInitializedCore[T](T& target, Boolean& initialized, Object& syncLock, Func`1 valueFactory)
   at Microsoft.Owin.Host.SystemWeb.OwinHttpModule.Init(HttpApplication context)
   at System.Web.HttpApplication.InitModulesCommon()
   at System.Web.HttpApplication.InitInternal(HttpContext context, HttpApplicationState state, MethodInfo[] handlers)
   at System.Web.HttpApplicationFactory.GetNormalApplicationInstance(HttpContext context)
   at System.Web.HttpApplicationFactory.GetApplicationInstance(HttpContext context)
   at System.Web.HttpRuntime.ProcessRequestInternal(HttpWorkerRequest wr)
-->
  Expected: not null
  But was:  null
]]></message>
                      <stack-trace><![CDATA[at Orchard.Specs.Bindings.WebAppHosting.WhenIFillIn(Table table) in e:\expedit\projects\nkd\src\main\NKD.Orchard\src\Orchard.Specs\Bindings\WebAppHosting.cs:line 254
at Orchard.Specs.Bindings.OrchardSiteFactory.GivenIHaveInstalledOrchard(String virtualDirectory) in e:\expedit\projects\nkd\src\main\NKD.Orchard\src\Orchard.Specs\Bindings\OrchardSiteFactory.cs:line 38
at TechTalk.SpecFlow.Bindings.BindingInvoker.InvokeBinding(IBinding binding, IContextManager contextManager, Object[] arguments, ITestTracer testTracer, TimeSpan& duration)
at TechTalk.SpecFlow.Infrastructure.TestExecutionEngine.ExecuteStepMatch(BindingMatch match, Object[] arguments)
at TechTalk.SpecFlow.Infrastructure.TestExecutionEngine.ExecuteStep(StepInstance stepInstance)
at TechTalk.SpecFlow.Infrastructure.TestExecutionEngine.OnAfterLastStep()
]]></stack-trace>
                    </failure>
                  </test-case>
                  <test-case name="Orchard.Specs.MultipleTenantManagementFeature.ANewTenantRunsTheSetup" description="A new tenant runs the setup" executed="True" success="False" time="33.484" asserts="1">
                    <failure>
                      <message><![CDATA[  Unable to locate <input> name SiteName in page html:

<!DOCTYPE html>
<html>
    <head>
        <title>Could not load file or assembly 'DevExpress.CodeRush.Common, Version=10.1.0.0, Culture=neutral, PublicKeyToken=35c9f04b7764aa3d' or one of its dependencies. The system cannot find the file specified.</title>
        <meta name="viewport" content="width=device-width" />
        <style>
         body {font-family:"Verdana";font-weight:normal;font-size: .7em;color:black;} 
         p {font-family:"Verdana";font-weight:normal;color:black;margin-top: -5px}
         b {font-family:"Verdana";font-weight:bold;color:black;margin-top: -5px}
         H1 { font-family:"Verdana";font-weight:normal;font-size:18pt;color:red }
         H2 { font-family:"Verdana";font-weight:normal;font-size:14pt;color:maroon }
         pre {font-family:"Consolas","Lucida Console",Monospace;font-size:11pt;margin:0;padding:0.5em;line-height:14pt}
         .marker {font-weight: bold; color: black;text-decoration: none;}
         .version {color: gray;}
         .error {margin-bottom: 10px;}
         .expandable { text-decoration:underline; font-weight:bold; color:navy; cursor:hand; }
         @media screen and (max-width: 639px) {
          pre { width: 440px; overflow: auto; white-space: pre-wrap; word-wrap: break-word; }
         }
         @media screen and (max-width: 479px) {
          pre { width: 280px; }
         }
        </style>
    </head>

    <body bgcolor="white">

            <span><H1>Server Error in '/' Application.<hr width=100% size=1 color=silver></H1>

            <h2> <i>Could not load file or assembly 'DevExpress.CodeRush.Common, Version=10.1.0.0, Culture=neutral, PublicKeyToken=35c9f04b7764aa3d' or one of its dependencies. The system cannot find the file specified.</i> </h2></span>

            <font face="Arial, Helvetica, Geneva, SunSans-Regular, sans-serif ">

            <b> Description: </b>An unhandled exception occurred during the execution of the current web request. Please review the stack trace for more information about the error and where it originated in the code.

            <br><br>

            <b> Exception Details: </b>System.IO.FileNotFoundException: Could not load file or assembly 'DevExpress.CodeRush.Common, Version=10.1.0.0, Culture=neutral, PublicKeyToken=35c9f04b7764aa3d' or one of its dependencies. The system cannot find the file specified.<br><br>

            <b>Source Error:</b> <br><br>

            <table width=100% bgcolor="#ffffcc">
               <tr>
                  <td>
                      <code>

An unhandled exception was generated during the execution of the current web request. Information regarding the origin and location of the exception can be identified using the exception stack trace below.</code>

                  </td>
               </tr>
            </table>

            <br>

            <b>Assembly Load Trace:</b> The following information can be helpful to determine why the assembly 'DevExpress.CodeRush.Common, Version=10.1.0.0, Culture=neutral, PublicKeyToken=35c9f04b7764aa3d' could not be loaded.<br><br>

            <table width=100% bgcolor="#ffffcc">
               <tr>
                  <td>
                      <code><pre>

WRN: Assembly binding logging is turned OFF.
To enable assembly bind failure logging, set the registry value [HKLM\Software\Microsoft\Fusion!EnableLog] (DWORD) to 1.
Note: There is some performance penalty associated with assembly bind failure logging.
To turn this feature off, remove the registry value [HKLM\Software\Microsoft\Fusion!EnableLog].
</pre></code>

                  </td>
               </tr>
            </table>

            <br>

            <b>Stack Trace:</b> <br><br>

            <table width=100% bgcolor="#ffffcc">
               <tr>
                  <td>
                      <code><pre>

[FileNotFoundException: Could not load file or assembly &#39;DevExpress.CodeRush.Common, Version=10.1.0.0, Culture=neutral, PublicKeyToken=35c9f04b7764aa3d&#39; or one of its dependencies. The system cannot find the file specified.]
   System.ModuleHandle.ResolveType(RuntimeModule module, Int32 typeToken, IntPtr* typeInstArgs, Int32 typeInstCount, IntPtr* methodInstArgs, Int32 methodInstCount, ObjectHandleOnStack type) +0
   System.ModuleHandle.ResolveTypeHandleInternal(RuntimeModule module, Int32 typeToken, RuntimeTypeHandle[] typeInstantiationContext, RuntimeTypeHandle[] methodInstantiationContext) +371
   System.ModuleHandle.ResolveTypeHandle(Int32 typeToken, RuntimeTypeHandle[] typeInstantiationContext, RuntimeTypeHandle[] methodInstantiationContext) +19
   System.Reflection.RuntimeModule.ResolveType(Int32 metadataToken, Type[] genericTypeArguments, Type[] genericMethodArguments) +319
   System.Reflection.CustomAttribute.FilterCustomAttributeRecord(CustomAttributeRecord caRecord, MetadataImport scope, Assembly&amp; lastAptcaOkAssembly, RuntimeModule decoratedModule, MetadataToken decoratedToken, RuntimeType attributeFilterType, Boolean mustBeInheritable, Object[] attributes, IList derivedAttributes, RuntimeType&amp; attributeType, IRuntimeMethodInfo&amp; ctor, Boolean&amp; ctorHasParameters, Boolean&amp; isVarArg) +203
   System.Reflection.CustomAttribute.GetCustomAttributes(RuntimeModule decoratedModule, Int32 decoratedMetadataToken, Int32 pcaCount, RuntimeType attributeFilterType, Boolean mustBeInheritable, IList derivedAttributes, Boolean isDecoratedTargetSecurityTransparent) +1179
   System.Reflection.CustomAttribute.GetCustomAttributes(RuntimeAssembly assembly, RuntimeType caType) +146
   Owin.Loader.DefaultLoader.SearchForStartupAttribute(String friendlyName, IList`1 errors, Boolean&amp; conflict) +180
   Owin.Loader.DefaultLoader.LoadImplementation(String startupName, IList`1 errorDetails) +184
   Microsoft.Owin.Host.SystemWeb.OwinBuilder.GetAppStartup() +138
   Microsoft.Owin.Host.SystemWeb.OwinHttpModule.InitializeBlueprint() +38
   System.Threading.LazyInitializer.EnsureInitializedCore(T&amp; target, Boolean&amp; initialized, Object&amp; syncLock, Func`1 valueFactory) +241
   Microsoft.Owin.Host.SystemWeb.OwinHttpModule.Init(HttpApplication context) +129
   System.Web.HttpApplication.InitModulesCommon() +192
   System.Web.HttpApplication.InitInternal(HttpContext context, HttpApplicationState state, MethodInfo[] handlers) +1582
   System.Web.HttpApplicationFactory.GetNormalApplicationInstance(HttpContext context) +365
   System.Web.HttpApplicationFactory.GetApplicationInstance(HttpContext context) +200
   System.Web.HttpRuntime.ProcessRequestInternal(HttpWorkerRequest wr) +591
</pre></code>

                  </td>
               </tr>
            </table>

            <br>

            <hr width=100% size=1 color=silver>

            <b>Version Information:</b>&nbsp;Microsoft .NET Framework Version:4.0.30319; ASP.NET Version:4.0.30319.34009

            </font>

    </body>
</html>
<!-- 
[FileNotFoundException]: Could not load file or assembly &#39;DevExpress.CodeRush.Common, Version=10.1.0.0, Culture=neutral, PublicKeyToken=35c9f04b7764aa3d&#39; or one of its dependencies. The system cannot find the file specified.
   at System.ModuleHandle.ResolveType(RuntimeModule module, Int32 typeToken, IntPtr* typeInstArgs, Int32 typeInstCount, IntPtr* methodInstArgs, Int32 methodInstCount, ObjectHandleOnStack type)
   at System.ModuleHandle.ResolveTypeHandleInternal(RuntimeModule module, Int32 typeToken, RuntimeTypeHandle[] typeInstantiationContext, RuntimeTypeHandle[] methodInstantiationContext)
   at System.ModuleHandle.ResolveTypeHandle(Int32 typeToken, RuntimeTypeHandle[] typeInstantiationContext, RuntimeTypeHandle[] methodInstantiationContext)
   at System.Reflection.RuntimeModule.ResolveType(Int32 metadataToken, Type[] genericTypeArguments, Type[] genericMethodArguments)
   at System.Reflection.CustomAttribute.FilterCustomAttributeRecord(CustomAttributeRecord caRecord, MetadataImport scope, Assembly& lastAptcaOkAssembly, RuntimeModule decoratedModule, MetadataToken decoratedToken, RuntimeType attributeFilterType, Boolean mustBeInheritable, Object[] attributes, IList derivedAttributes, RuntimeType& attributeType, IRuntimeMethodInfo& ctor, Boolean& ctorHasParameters, Boolean& isVarArg)
   at System.Reflection.CustomAttribute.GetCustomAttributes(RuntimeModule decoratedModule, Int32 decoratedMetadataToken, Int32 pcaCount, RuntimeType attributeFilterType, Boolean mustBeInheritable, IList derivedAttributes, Boolean isDecoratedTargetSecurityTransparent)
   at System.Reflection.CustomAttribute.GetCustomAttributes(RuntimeAssembly assembly, RuntimeType caType)
   at Owin.Loader.DefaultLoader.SearchForStartupAttribute(String friendlyName, IList`1 errors, Boolean& conflict)
   at Owin.Loader.DefaultLoader.LoadImplementation(String startupName, IList`1 errorDetails)
   at Microsoft.Owin.Host.SystemWeb.OwinBuilder.GetAppStartup()
   at Microsoft.Owin.Host.SystemWeb.OwinHttpModule.InitializeBlueprint()
   at System.Threading.LazyInitializer.EnsureInitializedCore[T](T& target, Boolean& initialized, Object& syncLock, Func`1 valueFactory)
   at Microsoft.Owin.Host.SystemWeb.OwinHttpModule.Init(HttpApplication context)
   at System.Web.HttpApplication.InitModulesCommon()
   at System.Web.HttpApplication.InitInternal(HttpContext context, HttpApplicationState state, MethodInfo[] handlers)
   at System.Web.HttpApplicationFactory.GetNormalApplicationInstance(HttpContext context)
   at System.Web.HttpApplicationFactory.GetApplicationInstance(HttpContext context)
   at System.Web.HttpRuntime.ProcessRequestInternal(HttpWorkerRequest wr)
-->
  Expected: not null
  But was:  null
]]></message>
                      <stack-trace><![CDATA[at Orchard.Specs.Bindings.WebAppHosting.WhenIFillIn(Table table) in e:\expedit\projects\nkd\src\main\NKD.Orchard\src\Orchard.Specs\Bindings\WebAppHosting.cs:line 254
at Orchard.Specs.Bindings.OrchardSiteFactory.GivenIHaveInstalledOrchard(String virtualDirectory) in e:\expedit\projects\nkd\src\main\NKD.Orchard\src\Orchard.Specs\Bindings\OrchardSiteFactory.cs:line 38
at TechTalk.SpecFlow.Bindings.BindingInvoker.InvokeBinding(IBinding binding, IContextManager contextManager, Object[] arguments, ITestTracer testTracer, TimeSpan& duration)
at TechTalk.SpecFlow.Infrastructure.TestExecutionEngine.ExecuteStepMatch(BindingMatch match, Object[] arguments)
at TechTalk.SpecFlow.Infrastructure.TestExecutionEngine.ExecuteStep(StepInstance stepInstance)
at TechTalk.SpecFlow.Infrastructure.TestExecutionEngine.OnAfterLastStep()
]]></stack-trace>
                    </failure>
                  </test-case>
                  <test-case name="Orchard.Specs.MultipleTenantManagementFeature.ANewTenantWithPreconfiguredDatabaseGoesToTheSetupScreen" description="A new tenant with preconfigured database goes to the setup screen" executed="True" success="False" time="34.541" asserts="1">
                    <failure>
                      <message><![CDATA[  Unable to locate <input> name SiteName in page html:

<!DOCTYPE html>
<html>
    <head>
        <title>Could not load file or assembly 'DevExpress.CodeRush.Common, Version=10.1.0.0, Culture=neutral, PublicKeyToken=35c9f04b7764aa3d' or one of its dependencies. The system cannot find the file specified.</title>
        <meta name="viewport" content="width=device-width" />
        <style>
         body {font-family:"Verdana";font-weight:normal;font-size: .7em;color:black;} 
         p {font-family:"Verdana";font-weight:normal;color:black;margin-top: -5px}
         b {font-family:"Verdana";font-weight:bold;color:black;margin-top: -5px}
         H1 { font-family:"Verdana";font-weight:normal;font-size:18pt;color:red }
         H2 { font-family:"Verdana";font-weight:normal;font-size:14pt;color:maroon }
         pre {font-family:"Consolas","Lucida Console",Monospace;font-size:11pt;margin:0;padding:0.5em;line-height:14pt}
         .marker {font-weight: bold; color: black;text-decoration: none;}
         .version {color: gray;}
         .error {margin-bottom: 10px;}
         .expandable { text-decoration:underline; font-weight:bold; color:navy; cursor:hand; }
         @media screen and (max-width: 639px) {
          pre { width: 440px; overflow: auto; white-space: pre-wrap; word-wrap: break-word; }
         }
         @media screen and (max-width: 479px) {
          pre { width: 280px; }
         }
        </style>
    </head>

    <body bgcolor="white">

            <span><H1>Server Error in '/' Application.<hr width=100% size=1 color=silver></H1>

            <h2> <i>Could not load file or assembly 'DevExpress.CodeRush.Common, Version=10.1.0.0, Culture=neutral, PublicKeyToken=35c9f04b7764aa3d' or one of its dependencies. The system cannot find the file specified.</i> </h2></span>

            <font face="Arial, Helvetica, Geneva, SunSans-Regular, sans-serif ">

            <b> Description: </b>An unhandled exception occurred during the execution of the current web request. Please review the stack trace for more information about the error and where it originated in the code.

            <br><br>

            <b> Exception Details: </b>System.IO.FileNotFoundException: Could not load file or assembly 'DevExpress.CodeRush.Common, Version=10.1.0.0, Culture=neutral, PublicKeyToken=35c9f04b7764aa3d' or one of its dependencies. The system cannot find the file specified.<br><br>

            <b>Source Error:</b> <br><br>

            <table width=100% bgcolor="#ffffcc">
               <tr>
                  <td>
                      <code>

An unhandled exception was generated during the execution of the current web request. Information regarding the origin and location of the exception can be identified using the exception stack trace below.</code>

                  </td>
               </tr>
            </table>

            <br>

            <b>Assembly Load Trace:</b> The following information can be helpful to determine why the assembly 'DevExpress.CodeRush.Common, Version=10.1.0.0, Culture=neutral, PublicKeyToken=35c9f04b7764aa3d' could not be loaded.<br><br>

            <table width=100% bgcolor="#ffffcc">
               <tr>
                  <td>
                      <code><pre>

WRN: Assembly binding logging is turned OFF.
To enable assembly bind failure logging, set the registry value [HKLM\Software\Microsoft\Fusion!EnableLog] (DWORD) to 1.
Note: There is some performance penalty associated with assembly bind failure logging.
To turn this feature off, remove the registry value [HKLM\Software\Microsoft\Fusion!EnableLog].
</pre></code>

                  </td>
               </tr>
            </table>

            <br>

            <b>Stack Trace:</b> <br><br>

            <table width=100% bgcolor="#ffffcc">
               <tr>
                  <td>
                      <code><pre>

[FileNotFoundException: Could not load file or assembly &#39;DevExpress.CodeRush.Common, Version=10.1.0.0, Culture=neutral, PublicKeyToken=35c9f04b7764aa3d&#39; or one of its dependencies. The system cannot find the file specified.]
   System.ModuleHandle.ResolveType(RuntimeModule module, Int32 typeToken, IntPtr* typeInstArgs, Int32 typeInstCount, IntPtr* methodInstArgs, Int32 methodInstCount, ObjectHandleOnStack type) +0
   System.ModuleHandle.ResolveTypeHandleInternal(RuntimeModule module, Int32 typeToken, RuntimeTypeHandle[] typeInstantiationContext, RuntimeTypeHandle[] methodInstantiationContext) +371
   System.ModuleHandle.ResolveTypeHandle(Int32 typeToken, RuntimeTypeHandle[] typeInstantiationContext, RuntimeTypeHandle[] methodInstantiationContext) +19
   System.Reflection.RuntimeModule.ResolveType(Int32 metadataToken, Type[] genericTypeArguments, Type[] genericMethodArguments) +319
   System.Reflection.CustomAttribute.FilterCustomAttributeRecord(CustomAttributeRecord caRecord, MetadataImport scope, Assembly&amp; lastAptcaOkAssembly, RuntimeModule decoratedModule, MetadataToken decoratedToken, RuntimeType attributeFilterType, Boolean mustBeInheritable, Object[] attributes, IList derivedAttributes, RuntimeType&amp; attributeType, IRuntimeMethodInfo&amp; ctor, Boolean&amp; ctorHasParameters, Boolean&amp; isVarArg) +203
   System.Reflection.CustomAttribute.GetCustomAttributes(RuntimeModule decoratedModule, Int32 decoratedMetadataToken, Int32 pcaCount, RuntimeType attributeFilterType, Boolean mustBeInheritable, IList derivedAttributes, Boolean isDecoratedTargetSecurityTransparent) +1179
   System.Reflection.CustomAttribute.GetCustomAttributes(RuntimeAssembly assembly, RuntimeType caType) +146
   Owin.Loader.DefaultLoader.SearchForStartupAttribute(String friendlyName, IList`1 errors, Boolean&amp; conflict) +180
   Owin.Loader.DefaultLoader.LoadImplementation(String startupName, IList`1 errorDetails) +184
   Microsoft.Owin.Host.SystemWeb.OwinBuilder.GetAppStartup() +138
   Microsoft.Owin.Host.SystemWeb.OwinHttpModule.InitializeBlueprint() +38
   System.Threading.LazyInitializer.EnsureInitializedCore(T&amp; target, Boolean&amp; initialized, Object&amp; syncLock, Func`1 valueFactory) +241
   Microsoft.Owin.Host.SystemWeb.OwinHttpModule.Init(HttpApplication context) +129
   System.Web.HttpApplication.InitModulesCommon() +192
   System.Web.HttpApplication.InitInternal(HttpContext context, HttpApplicationState state, MethodInfo[] handlers) +1582
   System.Web.HttpApplicationFactory.GetNormalApplicationInstance(HttpContext context) +365
   System.Web.HttpApplicationFactory.GetApplicationInstance(HttpContext context) +200
   System.Web.HttpRuntime.ProcessRequestInternal(HttpWorkerRequest wr) +591
</pre></code>

                  </td>
               </tr>
            </table>

            <br>

            <hr width=100% size=1 color=silver>

            <b>Version Information:</b>&nbsp;Microsoft .NET Framework Version:4.0.30319; ASP.NET Version:4.0.30319.34009

            </font>

    </body>
</html>
<!-- 
[FileNotFoundException]: Could not load file or assembly &#39;DevExpress.CodeRush.Common, Version=10.1.0.0, Culture=neutral, PublicKeyToken=35c9f04b7764aa3d&#39; or one of its dependencies. The system cannot find the file specified.
   at System.ModuleHandle.ResolveType(RuntimeModule module, Int32 typeToken, IntPtr* typeInstArgs, Int32 typeInstCount, IntPtr* methodInstArgs, Int32 methodInstCount, ObjectHandleOnStack type)
   at System.ModuleHandle.ResolveTypeHandleInternal(RuntimeModule module, Int32 typeToken, RuntimeTypeHandle[] typeInstantiationContext, RuntimeTypeHandle[] methodInstantiationContext)
   at System.ModuleHandle.ResolveTypeHandle(Int32 typeToken, RuntimeTypeHandle[] typeInstantiationContext, RuntimeTypeHandle[] methodInstantiationContext)
   at System.Reflection.RuntimeModule.ResolveType(Int32 metadataToken, Type[] genericTypeArguments, Type[] genericMethodArguments)
   at System.Reflection.CustomAttribute.FilterCustomAttributeRecord(CustomAttributeRecord caRecord, MetadataImport scope, Assembly& lastAptcaOkAssembly, RuntimeModule decoratedModule, MetadataToken decoratedToken, RuntimeType attributeFilterType, Boolean mustBeInheritable, Object[] attributes, IList derivedAttributes, RuntimeType& attributeType, IRuntimeMethodInfo& ctor, Boolean& ctorHasParameters, Boolean& isVarArg)
   at System.Reflection.CustomAttribute.GetCustomAttributes(RuntimeModule decoratedModule, Int32 decoratedMetadataToken, Int32 pcaCount, RuntimeType attributeFilterType, Boolean mustBeInheritable, IList derivedAttributes, Boolean isDecoratedTargetSecurityTransparent)
   at System.Reflection.CustomAttribute.GetCustomAttributes(RuntimeAssembly assembly, RuntimeType caType)
   at Owin.Loader.DefaultLoader.SearchForStartupAttribute(String friendlyName, IList`1 errors, Boolean& conflict)
   at Owin.Loader.DefaultLoader.LoadImplementation(String startupName, IList`1 errorDetails)
   at Microsoft.Owin.Host.SystemWeb.OwinBuilder.GetAppStartup()
   at Microsoft.Owin.Host.SystemWeb.OwinHttpModule.InitializeBlueprint()
   at System.Threading.LazyInitializer.EnsureInitializedCore[T](T& target, Boolean& initialized, Object& syncLock, Func`1 valueFactory)
   at Microsoft.Owin.Host.SystemWeb.OwinHttpModule.Init(HttpApplication context)
   at System.Web.HttpApplication.InitModulesCommon()
   at System.Web.HttpApplication.InitInternal(HttpContext context, HttpApplicationState state, MethodInfo[] handlers)
   at System.Web.HttpApplicationFactory.GetNormalApplicationInstance(HttpContext context)
   at System.Web.HttpApplicationFactory.GetApplicationInstance(HttpContext context)
   at System.Web.HttpRuntime.ProcessRequestInternal(HttpWorkerRequest wr)
-->
  Expected: not null
  But was:  null
]]></message>
                      <stack-trace><![CDATA[at Orchard.Specs.Bindings.WebAppHosting.WhenIFillIn(Table table) in e:\expedit\projects\nkd\src\main\NKD.Orchard\src\Orchard.Specs\Bindings\WebAppHosting.cs:line 254
at Orchard.Specs.Bindings.OrchardSiteFactory.GivenIHaveInstalledOrchard(String virtualDirectory) in e:\expedit\projects\nkd\src\main\NKD.Orchard\src\Orchard.Specs\Bindings\OrchardSiteFactory.cs:line 38
at TechTalk.SpecFlow.Bindings.BindingInvoker.InvokeBinding(IBinding binding, IContextManager contextManager, Object[] arguments, ITestTracer testTracer, TimeSpan& duration)
at TechTalk.SpecFlow.Infrastructure.TestExecutionEngine.ExecuteStepMatch(BindingMatch match, Object[] arguments)
at TechTalk.SpecFlow.Infrastructure.TestExecutionEngine.ExecuteStep(StepInstance stepInstance)
at TechTalk.SpecFlow.Infrastructure.TestExecutionEngine.OnAfterLastStep()
]]></stack-trace>
                    </failure>
                  </test-case>
                  <test-case name="Orchard.Specs.MultipleTenantManagementFeature.AnExistingInitializedTenantCannotHaveItsDatabaseOptionCleared" description="An existing initialized tenant cannot have its database option cleared" executed="True" success="False" time="32.148" asserts="1">
                    <failure>
                      <message><![CDATA[  Unable to locate <input> name SiteName in page html:

<!DOCTYPE html>
<html>
    <head>
        <title>Could not load file or assembly 'DevExpress.CodeRush.Common, Version=10.1.0.0, Culture=neutral, PublicKeyToken=35c9f04b7764aa3d' or one of its dependencies. The system cannot find the file specified.</title>
        <meta name="viewport" content="width=device-width" />
        <style>
         body {font-family:"Verdana";font-weight:normal;font-size: .7em;color:black;} 
         p {font-family:"Verdana";font-weight:normal;color:black;margin-top: -5px}
         b {font-family:"Verdana";font-weight:bold;color:black;margin-top: -5px}
         H1 { font-family:"Verdana";font-weight:normal;font-size:18pt;color:red }
         H2 { font-family:"Verdana";font-weight:normal;font-size:14pt;color:maroon }
         pre {font-family:"Consolas","Lucida Console",Monospace;font-size:11pt;margin:0;padding:0.5em;line-height:14pt}
         .marker {font-weight: bold; color: black;text-decoration: none;}
         .version {color: gray;}
         .error {margin-bottom: 10px;}
         .expandable { text-decoration:underline; font-weight:bold; color:navy; cursor:hand; }
         @media screen and (max-width: 639px) {
          pre { width: 440px; overflow: auto; white-space: pre-wrap; word-wrap: break-word; }
         }
         @media screen and (max-width: 479px) {
          pre { width: 280px; }
         }
        </style>
    </head>

    <body bgcolor="white">

            <span><H1>Server Error in '/' Application.<hr width=100% size=1 color=silver></H1>

            <h2> <i>Could not load file or assembly 'DevExpress.CodeRush.Common, Version=10.1.0.0, Culture=neutral, PublicKeyToken=35c9f04b7764aa3d' or one of its dependencies. The system cannot find the file specified.</i> </h2></span>

            <font face="Arial, Helvetica, Geneva, SunSans-Regular, sans-serif ">

            <b> Description: </b>An unhandled exception occurred during the execution of the current web request. Please review the stack trace for more information about the error and where it originated in the code.

            <br><br>

            <b> Exception Details: </b>System.IO.FileNotFoundException: Could not load file or assembly 'DevExpress.CodeRush.Common, Version=10.1.0.0, Culture=neutral, PublicKeyToken=35c9f04b7764aa3d' or one of its dependencies. The system cannot find the file specified.<br><br>

            <b>Source Error:</b> <br><br>

            <table width=100% bgcolor="#ffffcc">
               <tr>
                  <td>
                      <code>

An unhandled exception was generated during the execution of the current web request. Information regarding the origin and location of the exception can be identified using the exception stack trace below.</code>

                  </td>
               </tr>
            </table>

            <br>

            <b>Assembly Load Trace:</b> The following information can be helpful to determine why the assembly 'DevExpress.CodeRush.Common, Version=10.1.0.0, Culture=neutral, PublicKeyToken=35c9f04b7764aa3d' could not be loaded.<br><br>

            <table width=100% bgcolor="#ffffcc">
               <tr>
                  <td>
                      <code><pre>

WRN: Assembly binding logging is turned OFF.
To enable assembly bind failure logging, set the registry value [HKLM\Software\Microsoft\Fusion!EnableLog] (DWORD) to 1.
Note: There is some performance penalty associated with assembly bind failure logging.
To turn this feature off, remove the registry value [HKLM\Software\Microsoft\Fusion!EnableLog].
</pre></code>

                  </td>
               </tr>
            </table>

            <br>

            <b>Stack Trace:</b> <br><br>

            <table width=100% bgcolor="#ffffcc">
               <tr>
                  <td>
                      <code><pre>

[FileNotFoundException: Could not load file or assembly &#39;DevExpress.CodeRush.Common, Version=10.1.0.0, Culture=neutral, PublicKeyToken=35c9f04b7764aa3d&#39; or one of its dependencies. The system cannot find the file specified.]
   System.ModuleHandle.ResolveType(RuntimeModule module, Int32 typeToken, IntPtr* typeInstArgs, Int32 typeInstCount, IntPtr* methodInstArgs, Int32 methodInstCount, ObjectHandleOnStack type) +0
   System.ModuleHandle.ResolveTypeHandleInternal(RuntimeModule module, Int32 typeToken, RuntimeTypeHandle[] typeInstantiationContext, RuntimeTypeHandle[] methodInstantiationContext) +371
   System.ModuleHandle.ResolveTypeHandle(Int32 typeToken, RuntimeTypeHandle[] typeInstantiationContext, RuntimeTypeHandle[] methodInstantiationContext) +19
   System.Reflection.RuntimeModule.ResolveType(Int32 metadataToken, Type[] genericTypeArguments, Type[] genericMethodArguments) +319
   System.Reflection.CustomAttribute.FilterCustomAttributeRecord(CustomAttributeRecord caRecord, MetadataImport scope, Assembly&amp; lastAptcaOkAssembly, RuntimeModule decoratedModule, MetadataToken decoratedToken, RuntimeType attributeFilterType, Boolean mustBeInheritable, Object[] attributes, IList derivedAttributes, RuntimeType&amp; attributeType, IRuntimeMethodInfo&amp; ctor, Boolean&amp; ctorHasParameters, Boolean&amp; isVarArg) +203
   System.Reflection.CustomAttribute.GetCustomAttributes(RuntimeModule decoratedModule, Int32 decoratedMetadataToken, Int32 pcaCount, RuntimeType attributeFilterType, Boolean mustBeInheritable, IList derivedAttributes, Boolean isDecoratedTargetSecurityTransparent) +1179
   System.Reflection.CustomAttribute.GetCustomAttributes(RuntimeAssembly assembly, RuntimeType caType) +146
   Owin.Loader.DefaultLoader.SearchForStartupAttribute(String friendlyName, IList`1 errors, Boolean&amp; conflict) +180
   Owin.Loader.DefaultLoader.LoadImplementation(String startupName, IList`1 errorDetails) +184
   Microsoft.Owin.Host.SystemWeb.OwinBuilder.GetAppStartup() +138
   Microsoft.Owin.Host.SystemWeb.OwinHttpModule.InitializeBlueprint() +38
   System.Threading.LazyInitializer.EnsureInitializedCore(T&amp; target, Boolean&amp; initialized, Object&amp; syncLock, Func`1 valueFactory) +241
   Microsoft.Owin.Host.SystemWeb.OwinHttpModule.Init(HttpApplication context) +129
   System.Web.HttpApplication.InitModulesCommon() +192
   System.Web.HttpApplication.InitInternal(HttpContext context, HttpApplicationState state, MethodInfo[] handlers) +1582
   System.Web.HttpApplicationFactory.GetNormalApplicationInstance(HttpContext context) +365
   System.Web.HttpApplicationFactory.GetApplicationInstance(HttpContext context) +200
   System.Web.HttpRuntime.ProcessRequestInternal(HttpWorkerRequest wr) +591
</pre></code>

                  </td>
               </tr>
            </table>

            <br>

            <hr width=100% size=1 color=silver>

            <b>Version Information:</b>&nbsp;Microsoft .NET Framework Version:4.0.30319; ASP.NET Version:4.0.30319.34009

            </font>

    </body>
</html>
<!-- 
[FileNotFoundException]: Could not load file or assembly &#39;DevExpress.CodeRush.Common, Version=10.1.0.0, Culture=neutral, PublicKeyToken=35c9f04b7764aa3d&#39; or one of its dependencies. The system cannot find the file specified.
   at System.ModuleHandle.ResolveType(RuntimeModule module, Int32 typeToken, IntPtr* typeInstArgs, Int32 typeInstCount, IntPtr* methodInstArgs, Int32 methodInstCount, ObjectHandleOnStack type)
   at System.ModuleHandle.ResolveTypeHandleInternal(RuntimeModule module, Int32 typeToken, RuntimeTypeHandle[] typeInstantiationContext, RuntimeTypeHandle[] methodInstantiationContext)
   at System.ModuleHandle.ResolveTypeHandle(Int32 typeToken, RuntimeTypeHandle[] typeInstantiationContext, RuntimeTypeHandle[] methodInstantiationContext)
   at System.Reflection.RuntimeModule.ResolveType(Int32 metadataToken, Type[] genericTypeArguments, Type[] genericMethodArguments)
   at System.Reflection.CustomAttribute.FilterCustomAttributeRecord(CustomAttributeRecord caRecord, MetadataImport scope, Assembly& lastAptcaOkAssembly, RuntimeModule decoratedModule, MetadataToken decoratedToken, RuntimeType attributeFilterType, Boolean mustBeInheritable, Object[] attributes, IList derivedAttributes, RuntimeType& attributeType, IRuntimeMethodInfo& ctor, Boolean& ctorHasParameters, Boolean& isVarArg)
   at System.Reflection.CustomAttribute.GetCustomAttributes(RuntimeModule decoratedModule, Int32 decoratedMetadataToken, Int32 pcaCount, RuntimeType attributeFilterType, Boolean mustBeInheritable, IList derivedAttributes, Boolean isDecoratedTargetSecurityTransparent)
   at System.Reflection.CustomAttribute.GetCustomAttributes(RuntimeAssembly assembly, RuntimeType caType)
   at Owin.Loader.DefaultLoader.SearchForStartupAttribute(String friendlyName, IList`1 errors, Boolean& conflict)
   at Owin.Loader.DefaultLoader.LoadImplementation(String startupName, IList`1 errorDetails)
   at Microsoft.Owin.Host.SystemWeb.OwinBuilder.GetAppStartup()
   at Microsoft.Owin.Host.SystemWeb.OwinHttpModule.InitializeBlueprint()
   at System.Threading.LazyInitializer.EnsureInitializedCore[T](T& target, Boolean& initialized, Object& syncLock, Func`1 valueFactory)
   at Microsoft.Owin.Host.SystemWeb.OwinHttpModule.Init(HttpApplication context)
   at System.Web.HttpApplication.InitModulesCommon()
   at System.Web.HttpApplication.InitInternal(HttpContext context, HttpApplicationState state, MethodInfo[] handlers)
   at System.Web.HttpApplicationFactory.GetNormalApplicationInstance(HttpContext context)
   at System.Web.HttpApplicationFactory.GetApplicationInstance(HttpContext context)
   at System.Web.HttpRuntime.ProcessRequestInternal(HttpWorkerRequest wr)
-->
  Expected: not null
  But was:  null
]]></message>
                      <stack-trace><![CDATA[at Orchard.Specs.Bindings.WebAppHosting.WhenIFillIn(Table table) in e:\expedit\projects\nkd\src\main\NKD.Orchard\src\Orchard.Specs\Bindings\WebAppHosting.cs:line 254
at Orchard.Specs.Bindings.OrchardSiteFactory.GivenIHaveInstalledOrchard(String virtualDirectory) in e:\expedit\projects\nkd\src\main\NKD.Orchard\src\Orchard.Specs\Bindings\OrchardSiteFactory.cs:line 38
at TechTalk.SpecFlow.Bindings.BindingInvoker.InvokeBinding(IBinding binding, IContextManager contextManager, Object[] arguments, ITestTracer testTracer, TimeSpan& duration)
at TechTalk.SpecFlow.Infrastructure.TestExecutionEngine.ExecuteStepMatch(BindingMatch match, Object[] arguments)
at TechTalk.SpecFlow.Infrastructure.TestExecutionEngine.ExecuteStep(StepInstance stepInstance)
at TechTalk.SpecFlow.Infrastructure.TestExecutionEngine.OnAfterLastStep()
]]></stack-trace>
                    </failure>
                  </test-case>
                  <test-case name="Orchard.Specs.MultipleTenantManagementFeature.ARunningTenantCanBeDisabled" description="A running tenant can be disabled" executed="True" success="False" time="33.383" asserts="1">
                    <failure>
                      <message><![CDATA[  Unable to locate <input> name SiteName in page html:

<!DOCTYPE html>
<html>
    <head>
        <title>Could not load file or assembly 'DevExpress.CodeRush.Common, Version=10.1.0.0, Culture=neutral, PublicKeyToken=35c9f04b7764aa3d' or one of its dependencies. The system cannot find the file specified.</title>
        <meta name="viewport" content="width=device-width" />
        <style>
         body {font-family:"Verdana";font-weight:normal;font-size: .7em;color:black;} 
         p {font-family:"Verdana";font-weight:normal;color:black;margin-top: -5px}
         b {font-family:"Verdana";font-weight:bold;color:black;margin-top: -5px}
         H1 { font-family:"Verdana";font-weight:normal;font-size:18pt;color:red }
         H2 { font-family:"Verdana";font-weight:normal;font-size:14pt;color:maroon }
         pre {font-family:"Consolas","Lucida Console",Monospace;font-size:11pt;margin:0;padding:0.5em;line-height:14pt}
         .marker {font-weight: bold; color: black;text-decoration: none;}
         .version {color: gray;}
         .error {margin-bottom: 10px;}
         .expandable { text-decoration:underline; font-weight:bold; color:navy; cursor:hand; }
         @media screen and (max-width: 639px) {
          pre { width: 440px; overflow: auto; white-space: pre-wrap; word-wrap: break-word; }
         }
         @media screen and (max-width: 479px) {
          pre { width: 280px; }
         }
        </style>
    </head>

    <body bgcolor="white">

            <span><H1>Server Error in '/' Application.<hr width=100% size=1 color=silver></H1>

            <h2> <i>Could not load file or assembly 'DevExpress.CodeRush.Common, Version=10.1.0.0, Culture=neutral, PublicKeyToken=35c9f04b7764aa3d' or one of its dependencies. The system cannot find the file specified.</i> </h2></span>

            <font face="Arial, Helvetica, Geneva, SunSans-Regular, sans-serif ">

            <b> Description: </b>An unhandled exception occurred during the execution of the current web request. Please review the stack trace for more information about the error and where it originated in the code.

            <br><br>

            <b> Exception Details: </b>System.IO.FileNotFoundException: Could not load file or assembly 'DevExpress.CodeRush.Common, Version=10.1.0.0, Culture=neutral, PublicKeyToken=35c9f04b7764aa3d' or one of its dependencies. The system cannot find the file specified.<br><br>

            <b>Source Error:</b> <br><br>

            <table width=100% bgcolor="#ffffcc">
               <tr>
                  <td>
                      <code>

An unhandled exception was generated during the execution of the current web request. Information regarding the origin and location of the exception can be identified using the exception stack trace below.</code>

                  </td>
               </tr>
            </table>

            <br>

            <b>Assembly Load Trace:</b> The following information can be helpful to determine why the assembly 'DevExpress.CodeRush.Common, Version=10.1.0.0, Culture=neutral, PublicKeyToken=35c9f04b7764aa3d' could not be loaded.<br><br>

            <table width=100% bgcolor="#ffffcc">
               <tr>
                  <td>
                      <code><pre>

WRN: Assembly binding logging is turned OFF.
To enable assembly bind failure logging, set the registry value [HKLM\Software\Microsoft\Fusion!EnableLog] (DWORD) to 1.
Note: There is some performance penalty associated with assembly bind failure logging.
To turn this feature off, remove the registry value [HKLM\Software\Microsoft\Fusion!EnableLog].
</pre></code>

                  </td>
               </tr>
            </table>

            <br>

            <b>Stack Trace:</b> <br><br>

            <table width=100% bgcolor="#ffffcc">
               <tr>
                  <td>
                      <code><pre>

[FileNotFoundException: Could not load file or assembly &#39;DevExpress.CodeRush.Common, Version=10.1.0.0, Culture=neutral, PublicKeyToken=35c9f04b7764aa3d&#39; or one of its dependencies. The system cannot find the file specified.]
   System.ModuleHandle.ResolveType(RuntimeModule module, Int32 typeToken, IntPtr* typeInstArgs, Int32 typeInstCount, IntPtr* methodInstArgs, Int32 methodInstCount, ObjectHandleOnStack type) +0
   System.ModuleHandle.ResolveTypeHandleInternal(RuntimeModule module, Int32 typeToken, RuntimeTypeHandle[] typeInstantiationContext, RuntimeTypeHandle[] methodInstantiationContext) +371
   System.ModuleHandle.ResolveTypeHandle(Int32 typeToken, RuntimeTypeHandle[] typeInstantiationContext, RuntimeTypeHandle[] methodInstantiationContext) +19
   System.Reflection.RuntimeModule.ResolveType(Int32 metadataToken, Type[] genericTypeArguments, Type[] genericMethodArguments) +319
   System.Reflection.CustomAttribute.FilterCustomAttributeRecord(CustomAttributeRecord caRecord, MetadataImport scope, Assembly&amp; lastAptcaOkAssembly, RuntimeModule decoratedModule, MetadataToken decoratedToken, RuntimeType attributeFilterType, Boolean mustBeInheritable, Object[] attributes, IList derivedAttributes, RuntimeType&amp; attributeType, IRuntimeMethodInfo&amp; ctor, Boolean&amp; ctorHasParameters, Boolean&amp; isVarArg) +203
   System.Reflection.CustomAttribute.GetCustomAttributes(RuntimeModule decoratedModule, Int32 decoratedMetadataToken, Int32 pcaCount, RuntimeType attributeFilterType, Boolean mustBeInheritable, IList derivedAttributes, Boolean isDecoratedTargetSecurityTransparent) +1179
   System.Reflection.CustomAttribute.GetCustomAttributes(RuntimeAssembly assembly, RuntimeType caType) +146
   Owin.Loader.DefaultLoader.SearchForStartupAttribute(String friendlyName, IList`1 errors, Boolean&amp; conflict) +180
   Owin.Loader.DefaultLoader.LoadImplementation(String startupName, IList`1 errorDetails) +184
   Microsoft.Owin.Host.SystemWeb.OwinBuilder.GetAppStartup() +138
   Microsoft.Owin.Host.SystemWeb.OwinHttpModule.InitializeBlueprint() +38
   System.Threading.LazyInitializer.EnsureInitializedCore(T&amp; target, Boolean&amp; initialized, Object&amp; syncLock, Func`1 valueFactory) +241
   Microsoft.Owin.Host.SystemWeb.OwinHttpModule.Init(HttpApplication context) +129
   System.Web.HttpApplication.InitModulesCommon() +192
   System.Web.HttpApplication.InitInternal(HttpContext context, HttpApplicationState state, MethodInfo[] handlers) +1582
   System.Web.HttpApplicationFactory.GetNormalApplicationInstance(HttpContext context) +365
   System.Web.HttpApplicationFactory.GetApplicationInstance(HttpContext context) +200
   System.Web.HttpRuntime.ProcessRequestInternal(HttpWorkerRequest wr) +591
</pre></code>

                  </td>
               </tr>
            </table>

            <br>

            <hr width=100% size=1 color=silver>

            <b>Version Information:</b>&nbsp;Microsoft .NET Framework Version:4.0.30319; ASP.NET Version:4.0.30319.34009

            </font>

    </body>
</html>
<!-- 
[FileNotFoundException]: Could not load file or assembly &#39;DevExpress.CodeRush.Common, Version=10.1.0.0, Culture=neutral, PublicKeyToken=35c9f04b7764aa3d&#39; or one of its dependencies. The system cannot find the file specified.
   at System.ModuleHandle.ResolveType(RuntimeModule module, Int32 typeToken, IntPtr* typeInstArgs, Int32 typeInstCount, IntPtr* methodInstArgs, Int32 methodInstCount, ObjectHandleOnStack type)
   at System.ModuleHandle.ResolveTypeHandleInternal(RuntimeModule module, Int32 typeToken, RuntimeTypeHandle[] typeInstantiationContext, RuntimeTypeHandle[] methodInstantiationContext)
   at System.ModuleHandle.ResolveTypeHandle(Int32 typeToken, RuntimeTypeHandle[] typeInstantiationContext, RuntimeTypeHandle[] methodInstantiationContext)
   at System.Reflection.RuntimeModule.ResolveType(Int32 metadataToken, Type[] genericTypeArguments, Type[] genericMethodArguments)
   at System.Reflection.CustomAttribute.FilterCustomAttributeRecord(CustomAttributeRecord caRecord, MetadataImport scope, Assembly& lastAptcaOkAssembly, RuntimeModule decoratedModule, MetadataToken decoratedToken, RuntimeType attributeFilterType, Boolean mustBeInheritable, Object[] attributes, IList derivedAttributes, RuntimeType& attributeType, IRuntimeMethodInfo& ctor, Boolean& ctorHasParameters, Boolean& isVarArg)
   at System.Reflection.CustomAttribute.GetCustomAttributes(RuntimeModule decoratedModule, Int32 decoratedMetadataToken, Int32 pcaCount, RuntimeType attributeFilterType, Boolean mustBeInheritable, IList derivedAttributes, Boolean isDecoratedTargetSecurityTransparent)
   at System.Reflection.CustomAttribute.GetCustomAttributes(RuntimeAssembly assembly, RuntimeType caType)
   at Owin.Loader.DefaultLoader.SearchForStartupAttribute(String friendlyName, IList`1 errors, Boolean& conflict)
   at Owin.Loader.DefaultLoader.LoadImplementation(String startupName, IList`1 errorDetails)
   at Microsoft.Owin.Host.SystemWeb.OwinBuilder.GetAppStartup()
   at Microsoft.Owin.Host.SystemWeb.OwinHttpModule.InitializeBlueprint()
   at System.Threading.LazyInitializer.EnsureInitializedCore[T](T& target, Boolean& initialized, Object& syncLock, Func`1 valueFactory)
   at Microsoft.Owin.Host.SystemWeb.OwinHttpModule.Init(HttpApplication context)
   at System.Web.HttpApplication.InitModulesCommon()
   at System.Web.HttpApplication.InitInternal(HttpContext context, HttpApplicationState state, MethodInfo[] handlers)
   at System.Web.HttpApplicationFactory.GetNormalApplicationInstance(HttpContext context)
   at System.Web.HttpApplicationFactory.GetApplicationInstance(HttpContext context)
   at System.Web.HttpRuntime.ProcessRequestInternal(HttpWorkerRequest wr)
-->
  Expected: not null
  But was:  null
]]></message>
                      <stack-trace><![CDATA[at Orchard.Specs.Bindings.WebAppHosting.WhenIFillIn(Table table) in e:\expedit\projects\nkd\src\main\NKD.Orchard\src\Orchard.Specs\Bindings\WebAppHosting.cs:line 254
at Orchard.Specs.Bindings.OrchardSiteFactory.GivenIHaveInstalledOrchard(String virtualDirectory) in e:\expedit\projects\nkd\src\main\NKD.Orchard\src\Orchard.Specs\Bindings\OrchardSiteFactory.cs:line 38
at TechTalk.SpecFlow.Bindings.BindingInvoker.InvokeBinding(IBinding binding, IContextManager contextManager, Object[] arguments, ITestTracer testTracer, TimeSpan& duration)
at TechTalk.SpecFlow.Infrastructure.TestExecutionEngine.ExecuteStepMatch(BindingMatch match, Object[] arguments)
at TechTalk.SpecFlow.Infrastructure.TestExecutionEngine.ExecuteStep(StepInstance stepInstance)
at TechTalk.SpecFlow.Infrastructure.TestExecutionEngine.OnAfterLastStep()
]]></stack-trace>
                    </failure>
                  </test-case>
                  <test-case name="Orchard.Specs.MultipleTenantManagementFeature.ARunningTenantWhichIsDisabledCanBeEnabled" description="A running tenant which is disabled can be enabled" executed="True" success="False" time="34.901" asserts="1">
                    <failure>
                      <message><![CDATA[  Unable to locate <input> name SiteName in page html:

<!DOCTYPE html>
<html>
    <head>
        <title>Could not load file or assembly 'DevExpress.CodeRush.Common, Version=10.1.0.0, Culture=neutral, PublicKeyToken=35c9f04b7764aa3d' or one of its dependencies. The system cannot find the file specified.</title>
        <meta name="viewport" content="width=device-width" />
        <style>
         body {font-family:"Verdana";font-weight:normal;font-size: .7em;color:black;} 
         p {font-family:"Verdana";font-weight:normal;color:black;margin-top: -5px}
         b {font-family:"Verdana";font-weight:bold;color:black;margin-top: -5px}
         H1 { font-family:"Verdana";font-weight:normal;font-size:18pt;color:red }
         H2 { font-family:"Verdana";font-weight:normal;font-size:14pt;color:maroon }
         pre {font-family:"Consolas","Lucida Console",Monospace;font-size:11pt;margin:0;padding:0.5em;line-height:14pt}
         .marker {font-weight: bold; color: black;text-decoration: none;}
         .version {color: gray;}
         .error {margin-bottom: 10px;}
         .expandable { text-decoration:underline; font-weight:bold; color:navy; cursor:hand; }
         @media screen and (max-width: 639px) {
          pre { width: 440px; overflow: auto; white-space: pre-wrap; word-wrap: break-word; }
         }
         @media screen and (max-width: 479px) {
          pre { width: 280px; }
         }
        </style>
    </head>

    <body bgcolor="white">

            <span><H1>Server Error in '/' Application.<hr width=100% size=1 color=silver></H1>

            <h2> <i>Could not load file or assembly 'DevExpress.CodeRush.Common, Version=10.1.0.0, Culture=neutral, PublicKeyToken=35c9f04b7764aa3d' or one of its dependencies. The system cannot find the file specified.</i> </h2></span>

            <font face="Arial, Helvetica, Geneva, SunSans-Regular, sans-serif ">

            <b> Description: </b>An unhandled exception occurred during the execution of the current web request. Please review the stack trace for more information about the error and where it originated in the code.

            <br><br>

            <b> Exception Details: </b>System.IO.FileNotFoundException: Could not load file or assembly 'DevExpress.CodeRush.Common, Version=10.1.0.0, Culture=neutral, PublicKeyToken=35c9f04b7764aa3d' or one of its dependencies. The system cannot find the file specified.<br><br>

            <b>Source Error:</b> <br><br>

            <table width=100% bgcolor="#ffffcc">
               <tr>
                  <td>
                      <code>

An unhandled exception was generated during the execution of the current web request. Information regarding the origin and location of the exception can be identified using the exception stack trace below.</code>

                  </td>
               </tr>
            </table>

            <br>

            <b>Assembly Load Trace:</b> The following information can be helpful to determine why the assembly 'DevExpress.CodeRush.Common, Version=10.1.0.0, Culture=neutral, PublicKeyToken=35c9f04b7764aa3d' could not be loaded.<br><br>

            <table width=100% bgcolor="#ffffcc">
               <tr>
                  <td>
                      <code><pre>

WRN: Assembly binding logging is turned OFF.
To enable assembly bind failure logging, set the registry value [HKLM\Software\Microsoft\Fusion!EnableLog] (DWORD) to 1.
Note: There is some performance penalty associated with assembly bind failure logging.
To turn this feature off, remove the registry value [HKLM\Software\Microsoft\Fusion!EnableLog].
</pre></code>

                  </td>
               </tr>
            </table>

            <br>

            <b>Stack Trace:</b> <br><br>

            <table width=100% bgcolor="#ffffcc">
               <tr>
                  <td>
                      <code><pre>

[FileNotFoundException: Could not load file or assembly &#39;DevExpress.CodeRush.Common, Version=10.1.0.0, Culture=neutral, PublicKeyToken=35c9f04b7764aa3d&#39; or one of its dependencies. The system cannot find the file specified.]
   System.ModuleHandle.ResolveType(RuntimeModule module, Int32 typeToken, IntPtr* typeInstArgs, Int32 typeInstCount, IntPtr* methodInstArgs, Int32 methodInstCount, ObjectHandleOnStack type) +0
   System.ModuleHandle.ResolveTypeHandleInternal(RuntimeModule module, Int32 typeToken, RuntimeTypeHandle[] typeInstantiationContext, RuntimeTypeHandle[] methodInstantiationContext) +371
   System.ModuleHandle.ResolveTypeHandle(Int32 typeToken, RuntimeTypeHandle[] typeInstantiationContext, RuntimeTypeHandle[] methodInstantiationContext) +19
   System.Reflection.RuntimeModule.ResolveType(Int32 metadataToken, Type[] genericTypeArguments, Type[] genericMethodArguments) +319
   System.Reflection.CustomAttribute.FilterCustomAttributeRecord(CustomAttributeRecord caRecord, MetadataImport scope, Assembly&amp; lastAptcaOkAssembly, RuntimeModule decoratedModule, MetadataToken decoratedToken, RuntimeType attributeFilterType, Boolean mustBeInheritable, Object[] attributes, IList derivedAttributes, RuntimeType&amp; attributeType, IRuntimeMethodInfo&amp; ctor, Boolean&amp; ctorHasParameters, Boolean&amp; isVarArg) +203
   System.Reflection.CustomAttribute.GetCustomAttributes(RuntimeModule decoratedModule, Int32 decoratedMetadataToken, Int32 pcaCount, RuntimeType attributeFilterType, Boolean mustBeInheritable, IList derivedAttributes, Boolean isDecoratedTargetSecurityTransparent) +1179
   System.Reflection.CustomAttribute.GetCustomAttributes(RuntimeAssembly assembly, RuntimeType caType) +146
   Owin.Loader.DefaultLoader.SearchForStartupAttribute(String friendlyName, IList`1 errors, Boolean&amp; conflict) +180
   Owin.Loader.DefaultLoader.LoadImplementation(String startupName, IList`1 errorDetails) +184
   Microsoft.Owin.Host.SystemWeb.OwinBuilder.GetAppStartup() +138
   Microsoft.Owin.Host.SystemWeb.OwinHttpModule.InitializeBlueprint() +38
   System.Threading.LazyInitializer.EnsureInitializedCore(T&amp; target, Boolean&amp; initialized, Object&amp; syncLock, Func`1 valueFactory) +241
   Microsoft.Owin.Host.SystemWeb.OwinHttpModule.Init(HttpApplication context) +129
   System.Web.HttpApplication.InitModulesCommon() +192
   System.Web.HttpApplication.InitInternal(HttpContext context, HttpApplicationState state, MethodInfo[] handlers) +1582
   System.Web.HttpApplicationFactory.GetNormalApplicationInstance(HttpContext context) +365
   System.Web.HttpApplicationFactory.GetApplicationInstance(HttpContext context) +200
   System.Web.HttpRuntime.ProcessRequestInternal(HttpWorkerRequest wr) +591
</pre></code>

                  </td>
               </tr>
            </table>

            <br>

            <hr width=100% size=1 color=silver>

            <b>Version Information:</b>&nbsp;Microsoft .NET Framework Version:4.0.30319; ASP.NET Version:4.0.30319.34009

            </font>

    </body>
</html>
<!-- 
[FileNotFoundException]: Could not load file or assembly &#39;DevExpress.CodeRush.Common, Version=10.1.0.0, Culture=neutral, PublicKeyToken=35c9f04b7764aa3d&#39; or one of its dependencies. The system cannot find the file specified.
   at System.ModuleHandle.ResolveType(RuntimeModule module, Int32 typeToken, IntPtr* typeInstArgs, Int32 typeInstCount, IntPtr* methodInstArgs, Int32 methodInstCount, ObjectHandleOnStack type)
   at System.ModuleHandle.ResolveTypeHandleInternal(RuntimeModule module, Int32 typeToken, RuntimeTypeHandle[] typeInstantiationContext, RuntimeTypeHandle[] methodInstantiationContext)
   at System.ModuleHandle.ResolveTypeHandle(Int32 typeToken, RuntimeTypeHandle[] typeInstantiationContext, RuntimeTypeHandle[] methodInstantiationContext)
   at System.Reflection.RuntimeModule.ResolveType(Int32 metadataToken, Type[] genericTypeArguments, Type[] genericMethodArguments)
   at System.Reflection.CustomAttribute.FilterCustomAttributeRecord(CustomAttributeRecord caRecord, MetadataImport scope, Assembly& lastAptcaOkAssembly, RuntimeModule decoratedModule, MetadataToken decoratedToken, RuntimeType attributeFilterType, Boolean mustBeInheritable, Object[] attributes, IList derivedAttributes, RuntimeType& attributeType, IRuntimeMethodInfo& ctor, Boolean& ctorHasParameters, Boolean& isVarArg)
   at System.Reflection.CustomAttribute.GetCustomAttributes(RuntimeModule decoratedModule, Int32 decoratedMetadataToken, Int32 pcaCount, RuntimeType attributeFilterType, Boolean mustBeInheritable, IList derivedAttributes, Boolean isDecoratedTargetSecurityTransparent)
   at System.Reflection.CustomAttribute.GetCustomAttributes(RuntimeAssembly assembly, RuntimeType caType)
   at Owin.Loader.DefaultLoader.SearchForStartupAttribute(String friendlyName, IList`1 errors, Boolean& conflict)
   at Owin.Loader.DefaultLoader.LoadImplementation(String startupName, IList`1 errorDetails)
   at Microsoft.Owin.Host.SystemWeb.OwinBuilder.GetAppStartup()
   at Microsoft.Owin.Host.SystemWeb.OwinHttpModule.InitializeBlueprint()
   at System.Threading.LazyInitializer.EnsureInitializedCore[T](T& target, Boolean& initialized, Object& syncLock, Func`1 valueFactory)
   at Microsoft.Owin.Host.SystemWeb.OwinHttpModule.Init(HttpApplication context)
   at System.Web.HttpApplication.InitModulesCommon()
   at System.Web.HttpApplication.InitInternal(HttpContext context, HttpApplicationState state, MethodInfo[] handlers)
   at System.Web.HttpApplicationFactory.GetNormalApplicationInstance(HttpContext context)
   at System.Web.HttpApplicationFactory.GetApplicationInstance(HttpContext context)
   at System.Web.HttpRuntime.ProcessRequestInternal(HttpWorkerRequest wr)
-->
  Expected: not null
  But was:  null
]]></message>
                      <stack-trace><![CDATA[at Orchard.Specs.Bindings.WebAppHosting.WhenIFillIn(Table table) in e:\expedit\projects\nkd\src\main\NKD.Orchard\src\Orchard.Specs\Bindings\WebAppHosting.cs:line 254
at Orchard.Specs.Bindings.OrchardSiteFactory.GivenIHaveInstalledOrchard(String virtualDirectory) in e:\expedit\projects\nkd\src\main\NKD.Orchard\src\Orchard.Specs\Bindings\OrchardSiteFactory.cs:line 38
at TechTalk.SpecFlow.Bindings.BindingInvoker.InvokeBinding(IBinding binding, IContextManager contextManager, Object[] arguments, ITestTracer testTracer, TimeSpan& duration)
at TechTalk.SpecFlow.Infrastructure.TestExecutionEngine.ExecuteStepMatch(BindingMatch match, Object[] arguments)
at TechTalk.SpecFlow.Infrastructure.TestExecutionEngine.ExecuteStep(StepInstance stepInstance)
at TechTalk.SpecFlow.Infrastructure.TestExecutionEngine.OnAfterLastStep()
]]></stack-trace>
                    </failure>
                  </test-case>
                  <test-case name="Orchard.Specs.MultipleTenantManagementFeature.DefaultSiteIsListed" description="Default site is listed" executed="True" success="False" time="33.545" asserts="1">
                    <failure>
                      <message><![CDATA[  Unable to locate <input> name SiteName in page html:

<!DOCTYPE html>
<html>
    <head>
        <title>Could not load file or assembly 'DevExpress.CodeRush.Common, Version=10.1.0.0, Culture=neutral, PublicKeyToken=35c9f04b7764aa3d' or one of its dependencies. The system cannot find the file specified.</title>
        <meta name="viewport" content="width=device-width" />
        <style>
         body {font-family:"Verdana";font-weight:normal;font-size: .7em;color:black;} 
         p {font-family:"Verdana";font-weight:normal;color:black;margin-top: -5px}
         b {font-family:"Verdana";font-weight:bold;color:black;margin-top: -5px}
         H1 { font-family:"Verdana";font-weight:normal;font-size:18pt;color:red }
         H2 { font-family:"Verdana";font-weight:normal;font-size:14pt;color:maroon }
         pre {font-family:"Consolas","Lucida Console",Monospace;font-size:11pt;margin:0;padding:0.5em;line-height:14pt}
         .marker {font-weight: bold; color: black;text-decoration: none;}
         .version {color: gray;}
         .error {margin-bottom: 10px;}
         .expandable { text-decoration:underline; font-weight:bold; color:navy; cursor:hand; }
         @media screen and (max-width: 639px) {
          pre { width: 440px; overflow: auto; white-space: pre-wrap; word-wrap: break-word; }
         }
         @media screen and (max-width: 479px) {
          pre { width: 280px; }
         }
        </style>
    </head>

    <body bgcolor="white">

            <span><H1>Server Error in '/' Application.<hr width=100% size=1 color=silver></H1>

            <h2> <i>Could not load file or assembly 'DevExpress.CodeRush.Common, Version=10.1.0.0, Culture=neutral, PublicKeyToken=35c9f04b7764aa3d' or one of its dependencies. The system cannot find the file specified.</i> </h2></span>

            <font face="Arial, Helvetica, Geneva, SunSans-Regular, sans-serif ">

            <b> Description: </b>An unhandled exception occurred during the execution of the current web request. Please review the stack trace for more information about the error and where it originated in the code.

            <br><br>

            <b> Exception Details: </b>System.IO.FileNotFoundException: Could not load file or assembly 'DevExpress.CodeRush.Common, Version=10.1.0.0, Culture=neutral, PublicKeyToken=35c9f04b7764aa3d' or one of its dependencies. The system cannot find the file specified.<br><br>

            <b>Source Error:</b> <br><br>

            <table width=100% bgcolor="#ffffcc">
               <tr>
                  <td>
                      <code>

An unhandled exception was generated during the execution of the current web request. Information regarding the origin and location of the exception can be identified using the exception stack trace below.</code>

                  </td>
               </tr>
            </table>

            <br>

            <b>Assembly Load Trace:</b> The following information can be helpful to determine why the assembly 'DevExpress.CodeRush.Common, Version=10.1.0.0, Culture=neutral, PublicKeyToken=35c9f04b7764aa3d' could not be loaded.<br><br>

            <table width=100% bgcolor="#ffffcc">
               <tr>
                  <td>
                      <code><pre>

WRN: Assembly binding logging is turned OFF.
To enable assembly bind failure logging, set the registry value [HKLM\Software\Microsoft\Fusion!EnableLog] (DWORD) to 1.
Note: There is some performance penalty associated with assembly bind failure logging.
To turn this feature off, remove the registry value [HKLM\Software\Microsoft\Fusion!EnableLog].
</pre></code>

                  </td>
               </tr>
            </table>

            <br>

            <b>Stack Trace:</b> <br><br>

            <table width=100% bgcolor="#ffffcc">
               <tr>
                  <td>
                      <code><pre>

[FileNotFoundException: Could not load file or assembly &#39;DevExpress.CodeRush.Common, Version=10.1.0.0, Culture=neutral, PublicKeyToken=35c9f04b7764aa3d&#39; or one of its dependencies. The system cannot find the file specified.]
   System.ModuleHandle.ResolveType(RuntimeModule module, Int32 typeToken, IntPtr* typeInstArgs, Int32 typeInstCount, IntPtr* methodInstArgs, Int32 methodInstCount, ObjectHandleOnStack type) +0
   System.ModuleHandle.ResolveTypeHandleInternal(RuntimeModule module, Int32 typeToken, RuntimeTypeHandle[] typeInstantiationContext, RuntimeTypeHandle[] methodInstantiationContext) +371
   System.ModuleHandle.ResolveTypeHandle(Int32 typeToken, RuntimeTypeHandle[] typeInstantiationContext, RuntimeTypeHandle[] methodInstantiationContext) +19
   System.Reflection.RuntimeModule.ResolveType(Int32 metadataToken, Type[] genericTypeArguments, Type[] genericMethodArguments) +319
   System.Reflection.CustomAttribute.FilterCustomAttributeRecord(CustomAttributeRecord caRecord, MetadataImport scope, Assembly&amp; lastAptcaOkAssembly, RuntimeModule decoratedModule, MetadataToken decoratedToken, RuntimeType attributeFilterType, Boolean mustBeInheritable, Object[] attributes, IList derivedAttributes, RuntimeType&amp; attributeType, IRuntimeMethodInfo&amp; ctor, Boolean&amp; ctorHasParameters, Boolean&amp; isVarArg) +203
   System.Reflection.CustomAttribute.GetCustomAttributes(RuntimeModule decoratedModule, Int32 decoratedMetadataToken, Int32 pcaCount, RuntimeType attributeFilterType, Boolean mustBeInheritable, IList derivedAttributes, Boolean isDecoratedTargetSecurityTransparent) +1179
   System.Reflection.CustomAttribute.GetCustomAttributes(RuntimeAssembly assembly, RuntimeType caType) +146
   Owin.Loader.DefaultLoader.SearchForStartupAttribute(String friendlyName, IList`1 errors, Boolean&amp; conflict) +180
   Owin.Loader.DefaultLoader.LoadImplementation(String startupName, IList`1 errorDetails) +184
   Microsoft.Owin.Host.SystemWeb.OwinBuilder.GetAppStartup() +138
   Microsoft.Owin.Host.SystemWeb.OwinHttpModule.InitializeBlueprint() +38
   System.Threading.LazyInitializer.EnsureInitializedCore(T&amp; target, Boolean&amp; initialized, Object&amp; syncLock, Func`1 valueFactory) +241
   Microsoft.Owin.Host.SystemWeb.OwinHttpModule.Init(HttpApplication context) +129
   System.Web.HttpApplication.InitModulesCommon() +192
   System.Web.HttpApplication.InitInternal(HttpContext context, HttpApplicationState state, MethodInfo[] handlers) +1582
   System.Web.HttpApplicationFactory.GetNormalApplicationInstance(HttpContext context) +365
   System.Web.HttpApplicationFactory.GetApplicationInstance(HttpContext context) +200
   System.Web.HttpRuntime.ProcessRequestInternal(HttpWorkerRequest wr) +591
</pre></code>

                  </td>
               </tr>
            </table>

            <br>

            <hr width=100% size=1 color=silver>

            <b>Version Information:</b>&nbsp;Microsoft .NET Framework Version:4.0.30319; ASP.NET Version:4.0.30319.34009

            </font>

    </body>
</html>
<!-- 
[FileNotFoundException]: Could not load file or assembly &#39;DevExpress.CodeRush.Common, Version=10.1.0.0, Culture=neutral, PublicKeyToken=35c9f04b7764aa3d&#39; or one of its dependencies. The system cannot find the file specified.
   at System.ModuleHandle.ResolveType(RuntimeModule module, Int32 typeToken, IntPtr* typeInstArgs, Int32 typeInstCount, IntPtr* methodInstArgs, Int32 methodInstCount, ObjectHandleOnStack type)
   at System.ModuleHandle.ResolveTypeHandleInternal(RuntimeModule module, Int32 typeToken, RuntimeTypeHandle[] typeInstantiationContext, RuntimeTypeHandle[] methodInstantiationContext)
   at System.ModuleHandle.ResolveTypeHandle(Int32 typeToken, RuntimeTypeHandle[] typeInstantiationContext, RuntimeTypeHandle[] methodInstantiationContext)
   at System.Reflection.RuntimeModule.ResolveType(Int32 metadataToken, Type[] genericTypeArguments, Type[] genericMethodArguments)
   at System.Reflection.CustomAttribute.FilterCustomAttributeRecord(CustomAttributeRecord caRecord, MetadataImport scope, Assembly& lastAptcaOkAssembly, RuntimeModule decoratedModule, MetadataToken decoratedToken, RuntimeType attributeFilterType, Boolean mustBeInheritable, Object[] attributes, IList derivedAttributes, RuntimeType& attributeType, IRuntimeMethodInfo& ctor, Boolean& ctorHasParameters, Boolean& isVarArg)
   at System.Reflection.CustomAttribute.GetCustomAttributes(RuntimeModule decoratedModule, Int32 decoratedMetadataToken, Int32 pcaCount, RuntimeType attributeFilterType, Boolean mustBeInheritable, IList derivedAttributes, Boolean isDecoratedTargetSecurityTransparent)
   at System.Reflection.CustomAttribute.GetCustomAttributes(RuntimeAssembly assembly, RuntimeType caType)
   at Owin.Loader.DefaultLoader.SearchForStartupAttribute(String friendlyName, IList`1 errors, Boolean& conflict)
   at Owin.Loader.DefaultLoader.LoadImplementation(String startupName, IList`1 errorDetails)
   at Microsoft.Owin.Host.SystemWeb.OwinBuilder.GetAppStartup()
   at Microsoft.Owin.Host.SystemWeb.OwinHttpModule.InitializeBlueprint()
   at System.Threading.LazyInitializer.EnsureInitializedCore[T](T& target, Boolean& initialized, Object& syncLock, Func`1 valueFactory)
   at Microsoft.Owin.Host.SystemWeb.OwinHttpModule.Init(HttpApplication context)
   at System.Web.HttpApplication.InitModulesCommon()
   at System.Web.HttpApplication.InitInternal(HttpContext context, HttpApplicationState state, MethodInfo[] handlers)
   at System.Web.HttpApplicationFactory.GetNormalApplicationInstance(HttpContext context)
   at System.Web.HttpApplicationFactory.GetApplicationInstance(HttpContext context)
   at System.Web.HttpRuntime.ProcessRequestInternal(HttpWorkerRequest wr)
-->
  Expected: not null
  But was:  null
]]></message>
                      <stack-trace><![CDATA[at Orchard.Specs.Bindings.WebAppHosting.WhenIFillIn(Table table) in e:\expedit\projects\nkd\src\main\NKD.Orchard\src\Orchard.Specs\Bindings\WebAppHosting.cs:line 254
at Orchard.Specs.Bindings.OrchardSiteFactory.GivenIHaveInstalledOrchard(String virtualDirectory) in e:\expedit\projects\nkd\src\main\NKD.Orchard\src\Orchard.Specs\Bindings\OrchardSiteFactory.cs:line 38
at TechTalk.SpecFlow.Bindings.BindingInvoker.InvokeBinding(IBinding binding, IContextManager contextManager, Object[] arguments, ITestTracer testTracer, TimeSpan& duration)
at TechTalk.SpecFlow.Infrastructure.TestExecutionEngine.ExecuteStepMatch(BindingMatch match, Object[] arguments)
at TechTalk.SpecFlow.Infrastructure.TestExecutionEngine.ExecuteStep(StepInstance stepInstance)
at TechTalk.SpecFlow.Infrastructure.TestExecutionEngine.OnAfterLastStep()
]]></stack-trace>
                    </failure>
                  </test-case>
                  <test-case name="Orchard.Specs.MultipleTenantManagementFeature.DefaultTenantCannotBeDisabled" description="Default tenant cannot be disabled" executed="True" success="False" time="32.537" asserts="1">
                    <failure>
                      <message><![CDATA[  Unable to locate <input> name SiteName in page html:

<!DOCTYPE html>
<html>
    <head>
        <title>Could not load file or assembly 'DevExpress.CodeRush.Common, Version=10.1.0.0, Culture=neutral, PublicKeyToken=35c9f04b7764aa3d' or one of its dependencies. The system cannot find the file specified.</title>
        <meta name="viewport" content="width=device-width" />
        <style>
         body {font-family:"Verdana";font-weight:normal;font-size: .7em;color:black;} 
         p {font-family:"Verdana";font-weight:normal;color:black;margin-top: -5px}
         b {font-family:"Verdana";font-weight:bold;color:black;margin-top: -5px}
         H1 { font-family:"Verdana";font-weight:normal;font-size:18pt;color:red }
         H2 { font-family:"Verdana";font-weight:normal;font-size:14pt;color:maroon }
         pre {font-family:"Consolas","Lucida Console",Monospace;font-size:11pt;margin:0;padding:0.5em;line-height:14pt}
         .marker {font-weight: bold; color: black;text-decoration: none;}
         .version {color: gray;}
         .error {margin-bottom: 10px;}
         .expandable { text-decoration:underline; font-weight:bold; color:navy; cursor:hand; }
         @media screen and (max-width: 639px) {
          pre { width: 440px; overflow: auto; white-space: pre-wrap; word-wrap: break-word; }
         }
         @media screen and (max-width: 479px) {
          pre { width: 280px; }
         }
        </style>
    </head>

    <body bgcolor="white">

            <span><H1>Server Error in '/' Application.<hr width=100% size=1 color=silver></H1>

            <h2> <i>Could not load file or assembly 'DevExpress.CodeRush.Common, Version=10.1.0.0, Culture=neutral, PublicKeyToken=35c9f04b7764aa3d' or one of its dependencies. The system cannot find the file specified.</i> </h2></span>

            <font face="Arial, Helvetica, Geneva, SunSans-Regular, sans-serif ">

            <b> Description: </b>An unhandled exception occurred during the execution of the current web request. Please review the stack trace for more information about the error and where it originated in the code.

            <br><br>

            <b> Exception Details: </b>System.IO.FileNotFoundException: Could not load file or assembly 'DevExpress.CodeRush.Common, Version=10.1.0.0, Culture=neutral, PublicKeyToken=35c9f04b7764aa3d' or one of its dependencies. The system cannot find the file specified.<br><br>

            <b>Source Error:</b> <br><br>

            <table width=100% bgcolor="#ffffcc">
               <tr>
                  <td>
                      <code>

An unhandled exception was generated during the execution of the current web request. Information regarding the origin and location of the exception can be identified using the exception stack trace below.</code>

                  </td>
               </tr>
            </table>

            <br>

            <b>Assembly Load Trace:</b> The following information can be helpful to determine why the assembly 'DevExpress.CodeRush.Common, Version=10.1.0.0, Culture=neutral, PublicKeyToken=35c9f04b7764aa3d' could not be loaded.<br><br>

            <table width=100% bgcolor="#ffffcc">
               <tr>
                  <td>
                      <code><pre>

WRN: Assembly binding logging is turned OFF.
To enable assembly bind failure logging, set the registry value [HKLM\Software\Microsoft\Fusion!EnableLog] (DWORD) to 1.
Note: There is some performance penalty associated with assembly bind failure logging.
To turn this feature off, remove the registry value [HKLM\Software\Microsoft\Fusion!EnableLog].
</pre></code>

                  </td>
               </tr>
            </table>

            <br>

            <b>Stack Trace:</b> <br><br>

            <table width=100% bgcolor="#ffffcc">
               <tr>
                  <td>
                      <code><pre>

[FileNotFoundException: Could not load file or assembly &#39;DevExpress.CodeRush.Common, Version=10.1.0.0, Culture=neutral, PublicKeyToken=35c9f04b7764aa3d&#39; or one of its dependencies. The system cannot find the file specified.]
   System.ModuleHandle.ResolveType(RuntimeModule module, Int32 typeToken, IntPtr* typeInstArgs, Int32 typeInstCount, IntPtr* methodInstArgs, Int32 methodInstCount, ObjectHandleOnStack type) +0
   System.ModuleHandle.ResolveTypeHandleInternal(RuntimeModule module, Int32 typeToken, RuntimeTypeHandle[] typeInstantiationContext, RuntimeTypeHandle[] methodInstantiationContext) +371
   System.ModuleHandle.ResolveTypeHandle(Int32 typeToken, RuntimeTypeHandle[] typeInstantiationContext, RuntimeTypeHandle[] methodInstantiationContext) +19
   System.Reflection.RuntimeModule.ResolveType(Int32 metadataToken, Type[] genericTypeArguments, Type[] genericMethodArguments) +319
   System.Reflection.CustomAttribute.FilterCustomAttributeRecord(CustomAttributeRecord caRecord, MetadataImport scope, Assembly&amp; lastAptcaOkAssembly, RuntimeModule decoratedModule, MetadataToken decoratedToken, RuntimeType attributeFilterType, Boolean mustBeInheritable, Object[] attributes, IList derivedAttributes, RuntimeType&amp; attributeType, IRuntimeMethodInfo&amp; ctor, Boolean&amp; ctorHasParameters, Boolean&amp; isVarArg) +203
   System.Reflection.CustomAttribute.GetCustomAttributes(RuntimeModule decoratedModule, Int32 decoratedMetadataToken, Int32 pcaCount, RuntimeType attributeFilterType, Boolean mustBeInheritable, IList derivedAttributes, Boolean isDecoratedTargetSecurityTransparent) +1179
   System.Reflection.CustomAttribute.GetCustomAttributes(RuntimeAssembly assembly, RuntimeType caType) +146
   Owin.Loader.DefaultLoader.SearchForStartupAttribute(String friendlyName, IList`1 errors, Boolean&amp; conflict) +180
   Owin.Loader.DefaultLoader.LoadImplementation(String startupName, IList`1 errorDetails) +184
   Microsoft.Owin.Host.SystemWeb.OwinBuilder.GetAppStartup() +138
   Microsoft.Owin.Host.SystemWeb.OwinHttpModule.InitializeBlueprint() +38
   System.Threading.LazyInitializer.EnsureInitializedCore(T&amp; target, Boolean&amp; initialized, Object&amp; syncLock, Func`1 valueFactory) +241
   Microsoft.Owin.Host.SystemWeb.OwinHttpModule.Init(HttpApplication context) +129
   System.Web.HttpApplication.InitModulesCommon() +192
   System.Web.HttpApplication.InitInternal(HttpContext context, HttpApplicationState state, MethodInfo[] handlers) +1582
   System.Web.HttpApplicationFactory.GetNormalApplicationInstance(HttpContext context) +365
   System.Web.HttpApplicationFactory.GetApplicationInstance(HttpContext context) +200
   System.Web.HttpRuntime.ProcessRequestInternal(HttpWorkerRequest wr) +591
</pre></code>

                  </td>
               </tr>
            </table>

            <br>

            <hr width=100% size=1 color=silver>

            <b>Version Information:</b>&nbsp;Microsoft .NET Framework Version:4.0.30319; ASP.NET Version:4.0.30319.34009

            </font>

    </body>
</html>
<!-- 
[FileNotFoundException]: Could not load file or assembly &#39;DevExpress.CodeRush.Common, Version=10.1.0.0, Culture=neutral, PublicKeyToken=35c9f04b7764aa3d&#39; or one of its dependencies. The system cannot find the file specified.
   at System.ModuleHandle.ResolveType(RuntimeModule module, Int32 typeToken, IntPtr* typeInstArgs, Int32 typeInstCount, IntPtr* methodInstArgs, Int32 methodInstCount, ObjectHandleOnStack type)
   at System.ModuleHandle.ResolveTypeHandleInternal(RuntimeModule module, Int32 typeToken, RuntimeTypeHandle[] typeInstantiationContext, RuntimeTypeHandle[] methodInstantiationContext)
   at System.ModuleHandle.ResolveTypeHandle(Int32 typeToken, RuntimeTypeHandle[] typeInstantiationContext, RuntimeTypeHandle[] methodInstantiationContext)
   at System.Reflection.RuntimeModule.ResolveType(Int32 metadataToken, Type[] genericTypeArguments, Type[] genericMethodArguments)
   at System.Reflection.CustomAttribute.FilterCustomAttributeRecord(CustomAttributeRecord caRecord, MetadataImport scope, Assembly& lastAptcaOkAssembly, RuntimeModule decoratedModule, MetadataToken decoratedToken, RuntimeType attributeFilterType, Boolean mustBeInheritable, Object[] attributes, IList derivedAttributes, RuntimeType& attributeType, IRuntimeMethodInfo& ctor, Boolean& ctorHasParameters, Boolean& isVarArg)
   at System.Reflection.CustomAttribute.GetCustomAttributes(RuntimeModule decoratedModule, Int32 decoratedMetadataToken, Int32 pcaCount, RuntimeType attributeFilterType, Boolean mustBeInheritable, IList derivedAttributes, Boolean isDecoratedTargetSecurityTransparent)
   at System.Reflection.CustomAttribute.GetCustomAttributes(RuntimeAssembly assembly, RuntimeType caType)
   at Owin.Loader.DefaultLoader.SearchForStartupAttribute(String friendlyName, IList`1 errors, Boolean& conflict)
   at Owin.Loader.DefaultLoader.LoadImplementation(String startupName, IList`1 errorDetails)
   at Microsoft.Owin.Host.SystemWeb.OwinBuilder.GetAppStartup()
   at Microsoft.Owin.Host.SystemWeb.OwinHttpModule.InitializeBlueprint()
   at System.Threading.LazyInitializer.EnsureInitializedCore[T](T& target, Boolean& initialized, Object& syncLock, Func`1 valueFactory)
   at Microsoft.Owin.Host.SystemWeb.OwinHttpModule.Init(HttpApplication context)
   at System.Web.HttpApplication.InitModulesCommon()
   at System.Web.HttpApplication.InitInternal(HttpContext context, HttpApplicationState state, MethodInfo[] handlers)
   at System.Web.HttpApplicationFactory.GetNormalApplicationInstance(HttpContext context)
   at System.Web.HttpApplicationFactory.GetApplicationInstance(HttpContext context)
   at System.Web.HttpRuntime.ProcessRequestInternal(HttpWorkerRequest wr)
-->
  Expected: not null
  But was:  null
]]></message>
                      <stack-trace><![CDATA[at Orchard.Specs.Bindings.WebAppHosting.WhenIFillIn(Table table) in e:\expedit\projects\nkd\src\main\NKD.Orchard\src\Orchard.Specs\Bindings\WebAppHosting.cs:line 254
at Orchard.Specs.Bindings.OrchardSiteFactory.GivenIHaveInstalledOrchard(String virtualDirectory) in e:\expedit\projects\nkd\src\main\NKD.Orchard\src\Orchard.Specs\Bindings\OrchardSiteFactory.cs:line 38
at TechTalk.SpecFlow.Bindings.BindingInvoker.InvokeBinding(IBinding binding, IContextManager contextManager, Object[] arguments, ITestTracer testTracer, TimeSpan& duration)
at TechTalk.SpecFlow.Infrastructure.TestExecutionEngine.ExecuteStepMatch(BindingMatch match, Object[] arguments)
at TechTalk.SpecFlow.Infrastructure.TestExecutionEngine.ExecuteStep(StepInstance stepInstance)
at TechTalk.SpecFlow.Infrastructure.TestExecutionEngine.OnAfterLastStep()
]]></stack-trace>
                    </failure>
                  </test-case>
                  <test-case name="Orchard.Specs.MultipleTenantManagementFeature.ListingTenantsFromCommandLine" description="Listing tenants from command line" executed="True" success="False" time="31.841" asserts="1">
                    <failure>
                      <message><![CDATA[  Unable to locate <input> name SiteName in page html:

<!DOCTYPE html>
<html>
    <head>
        <title>Could not load file or assembly 'DevExpress.CodeRush.Common, Version=10.1.0.0, Culture=neutral, PublicKeyToken=35c9f04b7764aa3d' or one of its dependencies. The system cannot find the file specified.</title>
        <meta name="viewport" content="width=device-width" />
        <style>
         body {font-family:"Verdana";font-weight:normal;font-size: .7em;color:black;} 
         p {font-family:"Verdana";font-weight:normal;color:black;margin-top: -5px}
         b {font-family:"Verdana";font-weight:bold;color:black;margin-top: -5px}
         H1 { font-family:"Verdana";font-weight:normal;font-size:18pt;color:red }
         H2 { font-family:"Verdana";font-weight:normal;font-size:14pt;color:maroon }
         pre {font-family:"Consolas","Lucida Console",Monospace;font-size:11pt;margin:0;padding:0.5em;line-height:14pt}
         .marker {font-weight: bold; color: black;text-decoration: none;}
         .version {color: gray;}
         .error {margin-bottom: 10px;}
         .expandable { text-decoration:underline; font-weight:bold; color:navy; cursor:hand; }
         @media screen and (max-width: 639px) {
          pre { width: 440px; overflow: auto; white-space: pre-wrap; word-wrap: break-word; }
         }
         @media screen and (max-width: 479px) {
          pre { width: 280px; }
         }
        </style>
    </head>

    <body bgcolor="white">

            <span><H1>Server Error in '/' Application.<hr width=100% size=1 color=silver></H1>

            <h2> <i>Could not load file or assembly 'DevExpress.CodeRush.Common, Version=10.1.0.0, Culture=neutral, PublicKeyToken=35c9f04b7764aa3d' or one of its dependencies. The system cannot find the file specified.</i> </h2></span>

            <font face="Arial, Helvetica, Geneva, SunSans-Regular, sans-serif ">

            <b> Description: </b>An unhandled exception occurred during the execution of the current web request. Please review the stack trace for more information about the error and where it originated in the code.

            <br><br>

            <b> Exception Details: </b>System.IO.FileNotFoundException: Could not load file or assembly 'DevExpress.CodeRush.Common, Version=10.1.0.0, Culture=neutral, PublicKeyToken=35c9f04b7764aa3d' or one of its dependencies. The system cannot find the file specified.<br><br>

            <b>Source Error:</b> <br><br>

            <table width=100% bgcolor="#ffffcc">
               <tr>
                  <td>
                      <code>

An unhandled exception was generated during the execution of the current web request. Information regarding the origin and location of the exception can be identified using the exception stack trace below.</code>

                  </td>
               </tr>
            </table>

            <br>

            <b>Assembly Load Trace:</b> The following information can be helpful to determine why the assembly 'DevExpress.CodeRush.Common, Version=10.1.0.0, Culture=neutral, PublicKeyToken=35c9f04b7764aa3d' could not be loaded.<br><br>

            <table width=100% bgcolor="#ffffcc">
               <tr>
                  <td>
                      <code><pre>

WRN: Assembly binding logging is turned OFF.
To enable assembly bind failure logging, set the registry value [HKLM\Software\Microsoft\Fusion!EnableLog] (DWORD) to 1.
Note: There is some performance penalty associated with assembly bind failure logging.
To turn this feature off, remove the registry value [HKLM\Software\Microsoft\Fusion!EnableLog].
</pre></code>

                  </td>
               </tr>
            </table>

            <br>

            <b>Stack Trace:</b> <br><br>

            <table width=100% bgcolor="#ffffcc">
               <tr>
                  <td>
                      <code><pre>

[FileNotFoundException: Could not load file or assembly &#39;DevExpress.CodeRush.Common, Version=10.1.0.0, Culture=neutral, PublicKeyToken=35c9f04b7764aa3d&#39; or one of its dependencies. The system cannot find the file specified.]
   System.ModuleHandle.ResolveType(RuntimeModule module, Int32 typeToken, IntPtr* typeInstArgs, Int32 typeInstCount, IntPtr* methodInstArgs, Int32 methodInstCount, ObjectHandleOnStack type) +0
   System.ModuleHandle.ResolveTypeHandleInternal(RuntimeModule module, Int32 typeToken, RuntimeTypeHandle[] typeInstantiationContext, RuntimeTypeHandle[] methodInstantiationContext) +371
   System.ModuleHandle.ResolveTypeHandle(Int32 typeToken, RuntimeTypeHandle[] typeInstantiationContext, RuntimeTypeHandle[] methodInstantiationContext) +19
   System.Reflection.RuntimeModule.ResolveType(Int32 metadataToken, Type[] genericTypeArguments, Type[] genericMethodArguments) +319
   System.Reflection.CustomAttribute.FilterCustomAttributeRecord(CustomAttributeRecord caRecord, MetadataImport scope, Assembly&amp; lastAptcaOkAssembly, RuntimeModule decoratedModule, MetadataToken decoratedToken, RuntimeType attributeFilterType, Boolean mustBeInheritable, Object[] attributes, IList derivedAttributes, RuntimeType&amp; attributeType, IRuntimeMethodInfo&amp; ctor, Boolean&amp; ctorHasParameters, Boolean&amp; isVarArg) +203
   System.Reflection.CustomAttribute.GetCustomAttributes(RuntimeModule decoratedModule, Int32 decoratedMetadataToken, Int32 pcaCount, RuntimeType attributeFilterType, Boolean mustBeInheritable, IList derivedAttributes, Boolean isDecoratedTargetSecurityTransparent) +1179
   System.Reflection.CustomAttribute.GetCustomAttributes(RuntimeAssembly assembly, RuntimeType caType) +146
   Owin.Loader.DefaultLoader.SearchForStartupAttribute(String friendlyName, IList`1 errors, Boolean&amp; conflict) +180
   Owin.Loader.DefaultLoader.LoadImplementation(String startupName, IList`1 errorDetails) +184
   Microsoft.Owin.Host.SystemWeb.OwinBuilder.GetAppStartup() +138
   Microsoft.Owin.Host.SystemWeb.OwinHttpModule.InitializeBlueprint() +38
   System.Threading.LazyInitializer.EnsureInitializedCore(T&amp; target, Boolean&amp; initialized, Object&amp; syncLock, Func`1 valueFactory) +241
   Microsoft.Owin.Host.SystemWeb.OwinHttpModule.Init(HttpApplication context) +129
   System.Web.HttpApplication.InitModulesCommon() +192
   System.Web.HttpApplication.InitInternal(HttpContext context, HttpApplicationState state, MethodInfo[] handlers) +1582
   System.Web.HttpApplicationFactory.GetNormalApplicationInstance(HttpContext context) +365
   System.Web.HttpApplicationFactory.GetApplicationInstance(HttpContext context) +200
   System.Web.HttpRuntime.ProcessRequestInternal(HttpWorkerRequest wr) +591
</pre></code>

                  </td>
               </tr>
            </table>

            <br>

            <hr width=100% size=1 color=silver>

            <b>Version Information:</b>&nbsp;Microsoft .NET Framework Version:4.0.30319; ASP.NET Version:4.0.30319.34009

            </font>

    </body>
</html>
<!-- 
[FileNotFoundException]: Could not load file or assembly &#39;DevExpress.CodeRush.Common, Version=10.1.0.0, Culture=neutral, PublicKeyToken=35c9f04b7764aa3d&#39; or one of its dependencies. The system cannot find the file specified.
   at System.ModuleHandle.ResolveType(RuntimeModule module, Int32 typeToken, IntPtr* typeInstArgs, Int32 typeInstCount, IntPtr* methodInstArgs, Int32 methodInstCount, ObjectHandleOnStack type)
   at System.ModuleHandle.ResolveTypeHandleInternal(RuntimeModule module, Int32 typeToken, RuntimeTypeHandle[] typeInstantiationContext, RuntimeTypeHandle[] methodInstantiationContext)
   at System.ModuleHandle.ResolveTypeHandle(Int32 typeToken, RuntimeTypeHandle[] typeInstantiationContext, RuntimeTypeHandle[] methodInstantiationContext)
   at System.Reflection.RuntimeModule.ResolveType(Int32 metadataToken, Type[] genericTypeArguments, Type[] genericMethodArguments)
   at System.Reflection.CustomAttribute.FilterCustomAttributeRecord(CustomAttributeRecord caRecord, MetadataImport scope, Assembly& lastAptcaOkAssembly, RuntimeModule decoratedModule, MetadataToken decoratedToken, RuntimeType attributeFilterType, Boolean mustBeInheritable, Object[] attributes, IList derivedAttributes, RuntimeType& attributeType, IRuntimeMethodInfo& ctor, Boolean& ctorHasParameters, Boolean& isVarArg)
   at System.Reflection.CustomAttribute.GetCustomAttributes(RuntimeModule decoratedModule, Int32 decoratedMetadataToken, Int32 pcaCount, RuntimeType attributeFilterType, Boolean mustBeInheritable, IList derivedAttributes, Boolean isDecoratedTargetSecurityTransparent)
   at System.Reflection.CustomAttribute.GetCustomAttributes(RuntimeAssembly assembly, RuntimeType caType)
   at Owin.Loader.DefaultLoader.SearchForStartupAttribute(String friendlyName, IList`1 errors, Boolean& conflict)
   at Owin.Loader.DefaultLoader.LoadImplementation(String startupName, IList`1 errorDetails)
   at Microsoft.Owin.Host.SystemWeb.OwinBuilder.GetAppStartup()
   at Microsoft.Owin.Host.SystemWeb.OwinHttpModule.InitializeBlueprint()
   at System.Threading.LazyInitializer.EnsureInitializedCore[T](T& target, Boolean& initialized, Object& syncLock, Func`1 valueFactory)
   at Microsoft.Owin.Host.SystemWeb.OwinHttpModule.Init(HttpApplication context)
   at System.Web.HttpApplication.InitModulesCommon()
   at System.Web.HttpApplication.InitInternal(HttpContext context, HttpApplicationState state, MethodInfo[] handlers)
   at System.Web.HttpApplicationFactory.GetNormalApplicationInstance(HttpContext context)
   at System.Web.HttpApplicationFactory.GetApplicationInstance(HttpContext context)
   at System.Web.HttpRuntime.ProcessRequestInternal(HttpWorkerRequest wr)
-->
  Expected: not null
  But was:  null
]]></message>
                      <stack-trace><![CDATA[at Orchard.Specs.Bindings.WebAppHosting.WhenIFillIn(Table table) in e:\expedit\projects\nkd\src\main\NKD.Orchard\src\Orchard.Specs\Bindings\WebAppHosting.cs:line 254
at Orchard.Specs.Bindings.OrchardSiteFactory.GivenIHaveInstalledOrchard(String virtualDirectory) in e:\expedit\projects\nkd\src\main\NKD.Orchard\src\Orchard.Specs\Bindings\OrchardSiteFactory.cs:line 38
at TechTalk.SpecFlow.Bindings.BindingInvoker.InvokeBinding(IBinding binding, IContextManager contextManager, Object[] arguments, ITestTracer testTracer, TimeSpan& duration)
at TechTalk.SpecFlow.Infrastructure.TestExecutionEngine.ExecuteStepMatch(BindingMatch match, Object[] arguments)
at TechTalk.SpecFlow.Infrastructure.TestExecutionEngine.ExecuteStep(StepInstance stepInstance)
at TechTalk.SpecFlow.Infrastructure.TestExecutionEngine.OnAfterLastStep()
]]></stack-trace>
                    </failure>
                  </test-case>
                  <test-case name="Orchard.Specs.MultipleTenantManagementFeature.NewTenantFieldsAreRequired" description="New tenant fields are required" executed="True" success="False" time="26.230" asserts="1">
                    <failure>
                      <message><![CDATA[  Unable to locate <input> name SiteName in page html:

<!DOCTYPE html>
<html>
    <head>
        <title>Could not load file or assembly 'DevExpress.CodeRush.Common, Version=10.1.0.0, Culture=neutral, PublicKeyToken=35c9f04b7764aa3d' or one of its dependencies. The system cannot find the file specified.</title>
        <meta name="viewport" content="width=device-width" />
        <style>
         body {font-family:"Verdana";font-weight:normal;font-size: .7em;color:black;} 
         p {font-family:"Verdana";font-weight:normal;color:black;margin-top: -5px}
         b {font-family:"Verdana";font-weight:bold;color:black;margin-top: -5px}
         H1 { font-family:"Verdana";font-weight:normal;font-size:18pt;color:red }
         H2 { font-family:"Verdana";font-weight:normal;font-size:14pt;color:maroon }
         pre {font-family:"Consolas","Lucida Console",Monospace;font-size:11pt;margin:0;padding:0.5em;line-height:14pt}
         .marker {font-weight: bold; color: black;text-decoration: none;}
         .version {color: gray;}
         .error {margin-bottom: 10px;}
         .expandable { text-decoration:underline; font-weight:bold; color:navy; cursor:hand; }
         @media screen and (max-width: 639px) {
          pre { width: 440px; overflow: auto; white-space: pre-wrap; word-wrap: break-word; }
         }
         @media screen and (max-width: 479px) {
          pre { width: 280px; }
         }
        </style>
    </head>

    <body bgcolor="white">

            <span><H1>Server Error in '/' Application.<hr width=100% size=1 color=silver></H1>

            <h2> <i>Could not load file or assembly 'DevExpress.CodeRush.Common, Version=10.1.0.0, Culture=neutral, PublicKeyToken=35c9f04b7764aa3d' or one of its dependencies. The system cannot find the file specified.</i> </h2></span>

            <font face="Arial, Helvetica, Geneva, SunSans-Regular, sans-serif ">

            <b> Description: </b>An unhandled exception occurred during the execution of the current web request. Please review the stack trace for more information about the error and where it originated in the code.

            <br><br>

            <b> Exception Details: </b>System.IO.FileNotFoundException: Could not load file or assembly 'DevExpress.CodeRush.Common, Version=10.1.0.0, Culture=neutral, PublicKeyToken=35c9f04b7764aa3d' or one of its dependencies. The system cannot find the file specified.<br><br>

            <b>Source Error:</b> <br><br>

            <table width=100% bgcolor="#ffffcc">
               <tr>
                  <td>
                      <code>

An unhandled exception was generated during the execution of the current web request. Information regarding the origin and location of the exception can be identified using the exception stack trace below.</code>

                  </td>
               </tr>
            </table>

            <br>

            <b>Assembly Load Trace:</b> The following information can be helpful to determine why the assembly 'DevExpress.CodeRush.Common, Version=10.1.0.0, Culture=neutral, PublicKeyToken=35c9f04b7764aa3d' could not be loaded.<br><br>

            <table width=100% bgcolor="#ffffcc">
               <tr>
                  <td>
                      <code><pre>

WRN: Assembly binding logging is turned OFF.
To enable assembly bind failure logging, set the registry value [HKLM\Software\Microsoft\Fusion!EnableLog] (DWORD) to 1.
Note: There is some performance penalty associated with assembly bind failure logging.
To turn this feature off, remove the registry value [HKLM\Software\Microsoft\Fusion!EnableLog].
</pre></code>

                  </td>
               </tr>
            </table>

            <br>

            <b>Stack Trace:</b> <br><br>

            <table width=100% bgcolor="#ffffcc">
               <tr>
                  <td>
                      <code><pre>

[FileNotFoundException: Could not load file or assembly &#39;DevExpress.CodeRush.Common, Version=10.1.0.0, Culture=neutral, PublicKeyToken=35c9f04b7764aa3d&#39; or one of its dependencies. The system cannot find the file specified.]
   System.ModuleHandle.ResolveType(RuntimeModule module, Int32 typeToken, IntPtr* typeInstArgs, Int32 typeInstCount, IntPtr* methodInstArgs, Int32 methodInstCount, ObjectHandleOnStack type) +0
   System.ModuleHandle.ResolveTypeHandleInternal(RuntimeModule module, Int32 typeToken, RuntimeTypeHandle[] typeInstantiationContext, RuntimeTypeHandle[] methodInstantiationContext) +371
   System.ModuleHandle.ResolveTypeHandle(Int32 typeToken, RuntimeTypeHandle[] typeInstantiationContext, RuntimeTypeHandle[] methodInstantiationContext) +19
   System.Reflection.RuntimeModule.ResolveType(Int32 metadataToken, Type[] genericTypeArguments, Type[] genericMethodArguments) +319
   System.Reflection.CustomAttribute.FilterCustomAttributeRecord(CustomAttributeRecord caRecord, MetadataImport scope, Assembly&amp; lastAptcaOkAssembly, RuntimeModule decoratedModule, MetadataToken decoratedToken, RuntimeType attributeFilterType, Boolean mustBeInheritable, Object[] attributes, IList derivedAttributes, RuntimeType&amp; attributeType, IRuntimeMethodInfo&amp; ctor, Boolean&amp; ctorHasParameters, Boolean&amp; isVarArg) +203
   System.Reflection.CustomAttribute.GetCustomAttributes(RuntimeModule decoratedModule, Int32 decoratedMetadataToken, Int32 pcaCount, RuntimeType attributeFilterType, Boolean mustBeInheritable, IList derivedAttributes, Boolean isDecoratedTargetSecurityTransparent) +1179
   System.Reflection.CustomAttribute.GetCustomAttributes(RuntimeAssembly assembly, RuntimeType caType) +146
   Owin.Loader.DefaultLoader.SearchForStartupAttribute(String friendlyName, IList`1 errors, Boolean&amp; conflict) +180
   Owin.Loader.DefaultLoader.LoadImplementation(String startupName, IList`1 errorDetails) +184
   Microsoft.Owin.Host.SystemWeb.OwinBuilder.GetAppStartup() +138
   Microsoft.Owin.Host.SystemWeb.OwinHttpModule.InitializeBlueprint() +38
   System.Threading.LazyInitializer.EnsureInitializedCore(T&amp; target, Boolean&amp; initialized, Object&amp; syncLock, Func`1 valueFactory) +241
   Microsoft.Owin.Host.SystemWeb.OwinHttpModule.Init(HttpApplication context) +129
   System.Web.HttpApplication.InitModulesCommon() +192
   System.Web.HttpApplication.InitInternal(HttpContext context, HttpApplicationState state, MethodInfo[] handlers) +1582
   System.Web.HttpApplicationFactory.GetNormalApplicationInstance(HttpContext context) +365
   System.Web.HttpApplicationFactory.GetApplicationInstance(HttpContext context) +200
   System.Web.HttpRuntime.ProcessRequestInternal(HttpWorkerRequest wr) +591
</pre></code>

                  </td>
               </tr>
            </table>

            <br>

            <hr width=100% size=1 color=silver>

            <b>Version Information:</b>&nbsp;Microsoft .NET Framework Version:4.0.30319; ASP.NET Version:4.0.30319.34009

            </font>

    </body>
</html>
<!-- 
[FileNotFoundException]: Could not load file or assembly &#39;DevExpress.CodeRush.Common, Version=10.1.0.0, Culture=neutral, PublicKeyToken=35c9f04b7764aa3d&#39; or one of its dependencies. The system cannot find the file specified.
   at System.ModuleHandle.ResolveType(RuntimeModule module, Int32 typeToken, IntPtr* typeInstArgs, Int32 typeInstCount, IntPtr* methodInstArgs, Int32 methodInstCount, ObjectHandleOnStack type)
   at System.ModuleHandle.ResolveTypeHandleInternal(RuntimeModule module, Int32 typeToken, RuntimeTypeHandle[] typeInstantiationContext, RuntimeTypeHandle[] methodInstantiationContext)
   at System.ModuleHandle.ResolveTypeHandle(Int32 typeToken, RuntimeTypeHandle[] typeInstantiationContext, RuntimeTypeHandle[] methodInstantiationContext)
   at System.Reflection.RuntimeModule.ResolveType(Int32 metadataToken, Type[] genericTypeArguments, Type[] genericMethodArguments)
   at System.Reflection.CustomAttribute.FilterCustomAttributeRecord(CustomAttributeRecord caRecord, MetadataImport scope, Assembly& lastAptcaOkAssembly, RuntimeModule decoratedModule, MetadataToken decoratedToken, RuntimeType attributeFilterType, Boolean mustBeInheritable, Object[] attributes, IList derivedAttributes, RuntimeType& attributeType, IRuntimeMethodInfo& ctor, Boolean& ctorHasParameters, Boolean& isVarArg)
   at System.Reflection.CustomAttribute.GetCustomAttributes(RuntimeModule decoratedModule, Int32 decoratedMetadataToken, Int32 pcaCount, RuntimeType attributeFilterType, Boolean mustBeInheritable, IList derivedAttributes, Boolean isDecoratedTargetSecurityTransparent)
   at System.Reflection.CustomAttribute.GetCustomAttributes(RuntimeAssembly assembly, RuntimeType caType)
   at Owin.Loader.DefaultLoader.SearchForStartupAttribute(String friendlyName, IList`1 errors, Boolean& conflict)
   at Owin.Loader.DefaultLoader.LoadImplementation(String startupName, IList`1 errorDetails)
   at Microsoft.Owin.Host.SystemWeb.OwinBuilder.GetAppStartup()
   at Microsoft.Owin.Host.SystemWeb.OwinHttpModule.InitializeBlueprint()
   at System.Threading.LazyInitializer.EnsureInitializedCore[T](T& target, Boolean& initialized, Object& syncLock, Func`1 valueFactory)
   at Microsoft.Owin.Host.SystemWeb.OwinHttpModule.Init(HttpApplication context)
   at System.Web.HttpApplication.InitModulesCommon()
   at System.Web.HttpApplication.InitInternal(HttpContext context, HttpApplicationState state, MethodInfo[] handlers)
   at System.Web.HttpApplicationFactory.GetNormalApplicationInstance(HttpContext context)
   at System.Web.HttpApplicationFactory.GetApplicationInstance(HttpContext context)
   at System.Web.HttpRuntime.ProcessRequestInternal(HttpWorkerRequest wr)
-->
  Expected: not null
  But was:  null
]]></message>
                      <stack-trace><![CDATA[at Orchard.Specs.Bindings.WebAppHosting.WhenIFillIn(Table table) in e:\expedit\projects\nkd\src\main\NKD.Orchard\src\Orchard.Specs\Bindings\WebAppHosting.cs:line 254
at Orchard.Specs.Bindings.OrchardSiteFactory.GivenIHaveInstalledOrchard(String virtualDirectory) in e:\expedit\projects\nkd\src\main\NKD.Orchard\src\Orchard.Specs\Bindings\OrchardSiteFactory.cs:line 38
at TechTalk.SpecFlow.Bindings.BindingInvoker.InvokeBinding(IBinding binding, IContextManager contextManager, Object[] arguments, ITestTracer testTracer, TimeSpan& duration)
at TechTalk.SpecFlow.Infrastructure.TestExecutionEngine.ExecuteStepMatch(BindingMatch match, Object[] arguments)
at TechTalk.SpecFlow.Infrastructure.TestExecutionEngine.ExecuteStep(StepInstance stepInstance)
at TechTalk.SpecFlow.Infrastructure.TestExecutionEngine.OnAfterLastStep()
]]></stack-trace>
                    </failure>
                  </test-case>
                  <test-case name="Orchard.Specs.MultipleTenantManagementFeature.SeveralTenantsAreConfiguredAndGoToSetupScreen" description="Several tenants are configured and go to setup screen" executed="True" success="False" time="26.558" asserts="1">
                    <failure>
                      <message><![CDATA[  Unable to locate <input> name SiteName in page html:

<!DOCTYPE html>
<html>
    <head>
        <title>Could not load file or assembly 'DevExpress.CodeRush.Common, Version=10.1.0.0, Culture=neutral, PublicKeyToken=35c9f04b7764aa3d' or one of its dependencies. The system cannot find the file specified.</title>
        <meta name="viewport" content="width=device-width" />
        <style>
         body {font-family:"Verdana";font-weight:normal;font-size: .7em;color:black;} 
         p {font-family:"Verdana";font-weight:normal;color:black;margin-top: -5px}
         b {font-family:"Verdana";font-weight:bold;color:black;margin-top: -5px}
         H1 { font-family:"Verdana";font-weight:normal;font-size:18pt;color:red }
         H2 { font-family:"Verdana";font-weight:normal;font-size:14pt;color:maroon }
         pre {font-family:"Consolas","Lucida Console",Monospace;font-size:11pt;margin:0;padding:0.5em;line-height:14pt}
         .marker {font-weight: bold; color: black;text-decoration: none;}
         .version {color: gray;}
         .error {margin-bottom: 10px;}
         .expandable { text-decoration:underline; font-weight:bold; color:navy; cursor:hand; }
         @media screen and (max-width: 639px) {
          pre { width: 440px; overflow: auto; white-space: pre-wrap; word-wrap: break-word; }
         }
         @media screen and (max-width: 479px) {
          pre { width: 280px; }
         }
        </style>
    </head>

    <body bgcolor="white">

            <span><H1>Server Error in '/' Application.<hr width=100% size=1 color=silver></H1>

            <h2> <i>Could not load file or assembly 'DevExpress.CodeRush.Common, Version=10.1.0.0, Culture=neutral, PublicKeyToken=35c9f04b7764aa3d' or one of its dependencies. The system cannot find the file specified.</i> </h2></span>

            <font face="Arial, Helvetica, Geneva, SunSans-Regular, sans-serif ">

            <b> Description: </b>An unhandled exception occurred during the execution of the current web request. Please review the stack trace for more information about the error and where it originated in the code.

            <br><br>

            <b> Exception Details: </b>System.IO.FileNotFoundException: Could not load file or assembly 'DevExpress.CodeRush.Common, Version=10.1.0.0, Culture=neutral, PublicKeyToken=35c9f04b7764aa3d' or one of its dependencies. The system cannot find the file specified.<br><br>

            <b>Source Error:</b> <br><br>

            <table width=100% bgcolor="#ffffcc">
               <tr>
                  <td>
                      <code>

An unhandled exception was generated during the execution of the current web request. Information regarding the origin and location of the exception can be identified using the exception stack trace below.</code>

                  </td>
               </tr>
            </table>

            <br>

            <b>Assembly Load Trace:</b> The following information can be helpful to determine why the assembly 'DevExpress.CodeRush.Common, Version=10.1.0.0, Culture=neutral, PublicKeyToken=35c9f04b7764aa3d' could not be loaded.<br><br>

            <table width=100% bgcolor="#ffffcc">
               <tr>
                  <td>
                      <code><pre>

WRN: Assembly binding logging is turned OFF.
To enable assembly bind failure logging, set the registry value [HKLM\Software\Microsoft\Fusion!EnableLog] (DWORD) to 1.
Note: There is some performance penalty associated with assembly bind failure logging.
To turn this feature off, remove the registry value [HKLM\Software\Microsoft\Fusion!EnableLog].
</pre></code>

                  </td>
               </tr>
            </table>

            <br>

            <b>Stack Trace:</b> <br><br>

            <table width=100% bgcolor="#ffffcc">
               <tr>
                  <td>
                      <code><pre>

[FileNotFoundException: Could not load file or assembly &#39;DevExpress.CodeRush.Common, Version=10.1.0.0, Culture=neutral, PublicKeyToken=35c9f04b7764aa3d&#39; or one of its dependencies. The system cannot find the file specified.]
   System.ModuleHandle.ResolveType(RuntimeModule module, Int32 typeToken, IntPtr* typeInstArgs, Int32 typeInstCount, IntPtr* methodInstArgs, Int32 methodInstCount, ObjectHandleOnStack type) +0
   System.ModuleHandle.ResolveTypeHandleInternal(RuntimeModule module, Int32 typeToken, RuntimeTypeHandle[] typeInstantiationContext, RuntimeTypeHandle[] methodInstantiationContext) +371
   System.ModuleHandle.ResolveTypeHandle(Int32 typeToken, RuntimeTypeHandle[] typeInstantiationContext, RuntimeTypeHandle[] methodInstantiationContext) +19
   System.Reflection.RuntimeModule.ResolveType(Int32 metadataToken, Type[] genericTypeArguments, Type[] genericMethodArguments) +319
   System.Reflection.CustomAttribute.FilterCustomAttributeRecord(CustomAttributeRecord caRecord, MetadataImport scope, Assembly&amp; lastAptcaOkAssembly, RuntimeModule decoratedModule, MetadataToken decoratedToken, RuntimeType attributeFilterType, Boolean mustBeInheritable, Object[] attributes, IList derivedAttributes, RuntimeType&amp; attributeType, IRuntimeMethodInfo&amp; ctor, Boolean&amp; ctorHasParameters, Boolean&amp; isVarArg) +203
   System.Reflection.CustomAttribute.GetCustomAttributes(RuntimeModule decoratedModule, Int32 decoratedMetadataToken, Int32 pcaCount, RuntimeType attributeFilterType, Boolean mustBeInheritable, IList derivedAttributes, Boolean isDecoratedTargetSecurityTransparent) +1179
   System.Reflection.CustomAttribute.GetCustomAttributes(RuntimeAssembly assembly, RuntimeType caType) +146
   Owin.Loader.DefaultLoader.SearchForStartupAttribute(String friendlyName, IList`1 errors, Boolean&amp; conflict) +180
   Owin.Loader.DefaultLoader.LoadImplementation(String startupName, IList`1 errorDetails) +184
   Microsoft.Owin.Host.SystemWeb.OwinBuilder.GetAppStartup() +138
   Microsoft.Owin.Host.SystemWeb.OwinHttpModule.InitializeBlueprint() +38
   System.Threading.LazyInitializer.EnsureInitializedCore(T&amp; target, Boolean&amp; initialized, Object&amp; syncLock, Func`1 valueFactory) +241
   Microsoft.Owin.Host.SystemWeb.OwinHttpModule.Init(HttpApplication context) +129
   System.Web.HttpApplication.InitModulesCommon() +192
   System.Web.HttpApplication.InitInternal(HttpContext context, HttpApplicationState state, MethodInfo[] handlers) +1582
   System.Web.HttpApplicationFactory.GetNormalApplicationInstance(HttpContext context) +365
   System.Web.HttpApplicationFactory.GetApplicationInstance(HttpContext context) +200
   System.Web.HttpRuntime.ProcessRequestInternal(HttpWorkerRequest wr) +591
</pre></code>

                  </td>
               </tr>
            </table>

            <br>

            <hr width=100% size=1 color=silver>

            <b>Version Information:</b>&nbsp;Microsoft .NET Framework Version:4.0.30319; ASP.NET Version:4.0.30319.34009

            </font>

    </body>
</html>
<!-- 
[FileNotFoundException]: Could not load file or assembly &#39;DevExpress.CodeRush.Common, Version=10.1.0.0, Culture=neutral, PublicKeyToken=35c9f04b7764aa3d&#39; or one of its dependencies. The system cannot find the file specified.
   at System.ModuleHandle.ResolveType(RuntimeModule module, Int32 typeToken, IntPtr* typeInstArgs, Int32 typeInstCount, IntPtr* methodInstArgs, Int32 methodInstCount, ObjectHandleOnStack type)
   at System.ModuleHandle.ResolveTypeHandleInternal(RuntimeModule module, Int32 typeToken, RuntimeTypeHandle[] typeInstantiationContext, RuntimeTypeHandle[] methodInstantiationContext)
   at System.ModuleHandle.ResolveTypeHandle(Int32 typeToken, RuntimeTypeHandle[] typeInstantiationContext, RuntimeTypeHandle[] methodInstantiationContext)
   at System.Reflection.RuntimeModule.ResolveType(Int32 metadataToken, Type[] genericTypeArguments, Type[] genericMethodArguments)
   at System.Reflection.CustomAttribute.FilterCustomAttributeRecord(CustomAttributeRecord caRecord, MetadataImport scope, Assembly& lastAptcaOkAssembly, RuntimeModule decoratedModule, MetadataToken decoratedToken, RuntimeType attributeFilterType, Boolean mustBeInheritable, Object[] attributes, IList derivedAttributes, RuntimeType& attributeType, IRuntimeMethodInfo& ctor, Boolean& ctorHasParameters, Boolean& isVarArg)
   at System.Reflection.CustomAttribute.GetCustomAttributes(RuntimeModule decoratedModule, Int32 decoratedMetadataToken, Int32 pcaCount, RuntimeType attributeFilterType, Boolean mustBeInheritable, IList derivedAttributes, Boolean isDecoratedTargetSecurityTransparent)
   at System.Reflection.CustomAttribute.GetCustomAttributes(RuntimeAssembly assembly, RuntimeType caType)
   at Owin.Loader.DefaultLoader.SearchForStartupAttribute(String friendlyName, IList`1 errors, Boolean& conflict)
   at Owin.Loader.DefaultLoader.LoadImplementation(String startupName, IList`1 errorDetails)
   at Microsoft.Owin.Host.SystemWeb.OwinBuilder.GetAppStartup()
   at Microsoft.Owin.Host.SystemWeb.OwinHttpModule.InitializeBlueprint()
   at System.Threading.LazyInitializer.EnsureInitializedCore[T](T& target, Boolean& initialized, Object& syncLock, Func`1 valueFactory)
   at Microsoft.Owin.Host.SystemWeb.OwinHttpModule.Init(HttpApplication context)
   at System.Web.HttpApplication.InitModulesCommon()
   at System.Web.HttpApplication.InitInternal(HttpContext context, HttpApplicationState state, MethodInfo[] handlers)
   at System.Web.HttpApplicationFactory.GetNormalApplicationInstance(HttpContext context)
   at System.Web.HttpApplicationFactory.GetApplicationInstance(HttpContext context)
   at System.Web.HttpRuntime.ProcessRequestInternal(HttpWorkerRequest wr)
-->
  Expected: not null
  But was:  null
]]></message>
                      <stack-trace><![CDATA[at Orchard.Specs.Bindings.WebAppHosting.WhenIFillIn(Table table) in e:\expedit\projects\nkd\src\main\NKD.Orchard\src\Orchard.Specs\Bindings\WebAppHosting.cs:line 254
at Orchard.Specs.Bindings.OrchardSiteFactory.GivenIHaveInstalledOrchard(String virtualDirectory) in e:\expedit\projects\nkd\src\main\NKD.Orchard\src\Orchard.Specs\Bindings\OrchardSiteFactory.cs:line 38
at TechTalk.SpecFlow.Bindings.BindingInvoker.InvokeBinding(IBinding binding, IContextManager contextManager, Object[] arguments, ITestTracer testTracer, TimeSpan& duration)
at TechTalk.SpecFlow.Infrastructure.TestExecutionEngine.ExecuteStepMatch(BindingMatch match, Object[] arguments)
at TechTalk.SpecFlow.Infrastructure.TestExecutionEngine.ExecuteStep(StepInstance stepInstance)
at TechTalk.SpecFlow.Infrastructure.TestExecutionEngine.OnAfterLastStep()
]]></stack-trace>
                    </failure>
                  </test-case>
                </results>
              </test-suite>
              <test-suite name="NumericFieldFeature" description="Numeric Field" executed="True" success="False" time="21.599" asserts="0">
                <results>
                  <test-case name="Orchard.Specs.NumericFieldFeature.CreatingAndUsingNumericFields" description="Creating and using numeric fields" executed="True" success="False" time="21.598" asserts="1">
                    <failure>
                      <message><![CDATA[  Unable to locate <input> name SiteName in page html:

<!DOCTYPE html>
<html>
    <head>
        <title>Could not load file or assembly 'DevExpress.CodeRush.Common, Version=10.1.0.0, Culture=neutral, PublicKeyToken=35c9f04b7764aa3d' or one of its dependencies. The system cannot find the file specified.</title>
        <meta name="viewport" content="width=device-width" />
        <style>
         body {font-family:"Verdana";font-weight:normal;font-size: .7em;color:black;} 
         p {font-family:"Verdana";font-weight:normal;color:black;margin-top: -5px}
         b {font-family:"Verdana";font-weight:bold;color:black;margin-top: -5px}
         H1 { font-family:"Verdana";font-weight:normal;font-size:18pt;color:red }
         H2 { font-family:"Verdana";font-weight:normal;font-size:14pt;color:maroon }
         pre {font-family:"Consolas","Lucida Console",Monospace;font-size:11pt;margin:0;padding:0.5em;line-height:14pt}
         .marker {font-weight: bold; color: black;text-decoration: none;}
         .version {color: gray;}
         .error {margin-bottom: 10px;}
         .expandable { text-decoration:underline; font-weight:bold; color:navy; cursor:hand; }
         @media screen and (max-width: 639px) {
          pre { width: 440px; overflow: auto; white-space: pre-wrap; word-wrap: break-word; }
         }
         @media screen and (max-width: 479px) {
          pre { width: 280px; }
         }
        </style>
    </head>

    <body bgcolor="white">

            <span><H1>Server Error in '/' Application.<hr width=100% size=1 color=silver></H1>

            <h2> <i>Could not load file or assembly 'DevExpress.CodeRush.Common, Version=10.1.0.0, Culture=neutral, PublicKeyToken=35c9f04b7764aa3d' or one of its dependencies. The system cannot find the file specified.</i> </h2></span>

            <font face="Arial, Helvetica, Geneva, SunSans-Regular, sans-serif ">

            <b> Description: </b>An unhandled exception occurred during the execution of the current web request. Please review the stack trace for more information about the error and where it originated in the code.

            <br><br>

            <b> Exception Details: </b>System.IO.FileNotFoundException: Could not load file or assembly 'DevExpress.CodeRush.Common, Version=10.1.0.0, Culture=neutral, PublicKeyToken=35c9f04b7764aa3d' or one of its dependencies. The system cannot find the file specified.<br><br>

            <b>Source Error:</b> <br><br>

            <table width=100% bgcolor="#ffffcc">
               <tr>
                  <td>
                      <code>

An unhandled exception was generated during the execution of the current web request. Information regarding the origin and location of the exception can be identified using the exception stack trace below.</code>

                  </td>
               </tr>
            </table>

            <br>

            <b>Assembly Load Trace:</b> The following information can be helpful to determine why the assembly 'DevExpress.CodeRush.Common, Version=10.1.0.0, Culture=neutral, PublicKeyToken=35c9f04b7764aa3d' could not be loaded.<br><br>

            <table width=100% bgcolor="#ffffcc">
               <tr>
                  <td>
                      <code><pre>

WRN: Assembly binding logging is turned OFF.
To enable assembly bind failure logging, set the registry value [HKLM\Software\Microsoft\Fusion!EnableLog] (DWORD) to 1.
Note: There is some performance penalty associated with assembly bind failure logging.
To turn this feature off, remove the registry value [HKLM\Software\Microsoft\Fusion!EnableLog].
</pre></code>

                  </td>
               </tr>
            </table>

            <br>

            <b>Stack Trace:</b> <br><br>

            <table width=100% bgcolor="#ffffcc">
               <tr>
                  <td>
                      <code><pre>

[FileNotFoundException: Could not load file or assembly &#39;DevExpress.CodeRush.Common, Version=10.1.0.0, Culture=neutral, PublicKeyToken=35c9f04b7764aa3d&#39; or one of its dependencies. The system cannot find the file specified.]
   System.ModuleHandle.ResolveType(RuntimeModule module, Int32 typeToken, IntPtr* typeInstArgs, Int32 typeInstCount, IntPtr* methodInstArgs, Int32 methodInstCount, ObjectHandleOnStack type) +0
   System.ModuleHandle.ResolveTypeHandleInternal(RuntimeModule module, Int32 typeToken, RuntimeTypeHandle[] typeInstantiationContext, RuntimeTypeHandle[] methodInstantiationContext) +371
   System.ModuleHandle.ResolveTypeHandle(Int32 typeToken, RuntimeTypeHandle[] typeInstantiationContext, RuntimeTypeHandle[] methodInstantiationContext) +19
   System.Reflection.RuntimeModule.ResolveType(Int32 metadataToken, Type[] genericTypeArguments, Type[] genericMethodArguments) +319
   System.Reflection.CustomAttribute.FilterCustomAttributeRecord(CustomAttributeRecord caRecord, MetadataImport scope, Assembly&amp; lastAptcaOkAssembly, RuntimeModule decoratedModule, MetadataToken decoratedToken, RuntimeType attributeFilterType, Boolean mustBeInheritable, Object[] attributes, IList derivedAttributes, RuntimeType&amp; attributeType, IRuntimeMethodInfo&amp; ctor, Boolean&amp; ctorHasParameters, Boolean&amp; isVarArg) +203
   System.Reflection.CustomAttribute.GetCustomAttributes(RuntimeModule decoratedModule, Int32 decoratedMetadataToken, Int32 pcaCount, RuntimeType attributeFilterType, Boolean mustBeInheritable, IList derivedAttributes, Boolean isDecoratedTargetSecurityTransparent) +1179
   System.Reflection.CustomAttribute.GetCustomAttributes(RuntimeAssembly assembly, RuntimeType caType) +146
   Owin.Loader.DefaultLoader.SearchForStartupAttribute(String friendlyName, IList`1 errors, Boolean&amp; conflict) +180
   Owin.Loader.DefaultLoader.LoadImplementation(String startupName, IList`1 errorDetails) +184
   Microsoft.Owin.Host.SystemWeb.OwinBuilder.GetAppStartup() +138
   Microsoft.Owin.Host.SystemWeb.OwinHttpModule.InitializeBlueprint() +38
   System.Threading.LazyInitializer.EnsureInitializedCore(T&amp; target, Boolean&amp; initialized, Object&amp; syncLock, Func`1 valueFactory) +241
   Microsoft.Owin.Host.SystemWeb.OwinHttpModule.Init(HttpApplication context) +129
   System.Web.HttpApplication.InitModulesCommon() +192
   System.Web.HttpApplication.InitInternal(HttpContext context, HttpApplicationState state, MethodInfo[] handlers) +1582
   System.Web.HttpApplicationFactory.GetNormalApplicationInstance(HttpContext context) +365
   System.Web.HttpApplicationFactory.GetApplicationInstance(HttpContext context) +200
   System.Web.HttpRuntime.ProcessRequestInternal(HttpWorkerRequest wr) +591
</pre></code>

                  </td>
               </tr>
            </table>

            <br>

            <hr width=100% size=1 color=silver>

            <b>Version Information:</b>&nbsp;Microsoft .NET Framework Version:4.0.30319; ASP.NET Version:4.0.30319.34009

            </font>

    </body>
</html>
<!-- 
[FileNotFoundException]: Could not load file or assembly &#39;DevExpress.CodeRush.Common, Version=10.1.0.0, Culture=neutral, PublicKeyToken=35c9f04b7764aa3d&#39; or one of its dependencies. The system cannot find the file specified.
   at System.ModuleHandle.ResolveType(RuntimeModule module, Int32 typeToken, IntPtr* typeInstArgs, Int32 typeInstCount, IntPtr* methodInstArgs, Int32 methodInstCount, ObjectHandleOnStack type)
   at System.ModuleHandle.ResolveTypeHandleInternal(RuntimeModule module, Int32 typeToken, RuntimeTypeHandle[] typeInstantiationContext, RuntimeTypeHandle[] methodInstantiationContext)
   at System.ModuleHandle.ResolveTypeHandle(Int32 typeToken, RuntimeTypeHandle[] typeInstantiationContext, RuntimeTypeHandle[] methodInstantiationContext)
   at System.Reflection.RuntimeModule.ResolveType(Int32 metadataToken, Type[] genericTypeArguments, Type[] genericMethodArguments)
   at System.Reflection.CustomAttribute.FilterCustomAttributeRecord(CustomAttributeRecord caRecord, MetadataImport scope, Assembly& lastAptcaOkAssembly, RuntimeModule decoratedModule, MetadataToken decoratedToken, RuntimeType attributeFilterType, Boolean mustBeInheritable, Object[] attributes, IList derivedAttributes, RuntimeType& attributeType, IRuntimeMethodInfo& ctor, Boolean& ctorHasParameters, Boolean& isVarArg)
   at System.Reflection.CustomAttribute.GetCustomAttributes(RuntimeModule decoratedModule, Int32 decoratedMetadataToken, Int32 pcaCount, RuntimeType attributeFilterType, Boolean mustBeInheritable, IList derivedAttributes, Boolean isDecoratedTargetSecurityTransparent)
   at System.Reflection.CustomAttribute.GetCustomAttributes(RuntimeAssembly assembly, RuntimeType caType)
   at Owin.Loader.DefaultLoader.SearchForStartupAttribute(String friendlyName, IList`1 errors, Boolean& conflict)
   at Owin.Loader.DefaultLoader.LoadImplementation(String startupName, IList`1 errorDetails)
   at Microsoft.Owin.Host.SystemWeb.OwinBuilder.GetAppStartup()
   at Microsoft.Owin.Host.SystemWeb.OwinHttpModule.InitializeBlueprint()
   at System.Threading.LazyInitializer.EnsureInitializedCore[T](T& target, Boolean& initialized, Object& syncLock, Func`1 valueFactory)
   at Microsoft.Owin.Host.SystemWeb.OwinHttpModule.Init(HttpApplication context)
   at System.Web.HttpApplication.InitModulesCommon()
   at System.Web.HttpApplication.InitInternal(HttpContext context, HttpApplicationState state, MethodInfo[] handlers)
   at System.Web.HttpApplicationFactory.GetNormalApplicationInstance(HttpContext context)
   at System.Web.HttpApplicationFactory.GetApplicationInstance(HttpContext context)
   at System.Web.HttpRuntime.ProcessRequestInternal(HttpWorkerRequest wr)
-->
  Expected: not null
  But was:  null
]]></message>
                      <stack-trace><![CDATA[at Orchard.Specs.Bindings.WebAppHosting.WhenIFillIn(Table table) in e:\expedit\projects\nkd\src\main\NKD.Orchard\src\Orchard.Specs\Bindings\WebAppHosting.cs:line 254
at Orchard.Specs.Bindings.OrchardSiteFactory.GivenIHaveInstalledOrchard(String virtualDirectory) in e:\expedit\projects\nkd\src\main\NKD.Orchard\src\Orchard.Specs\Bindings\OrchardSiteFactory.cs:line 38
at TechTalk.SpecFlow.Bindings.BindingInvoker.InvokeBinding(IBinding binding, IContextManager contextManager, Object[] arguments, ITestTracer testTracer, TimeSpan& duration)
at TechTalk.SpecFlow.Infrastructure.TestExecutionEngine.ExecuteStepMatch(BindingMatch match, Object[] arguments)
at TechTalk.SpecFlow.Infrastructure.TestExecutionEngine.ExecuteStep(StepInstance stepInstance)
at TechTalk.SpecFlow.Infrastructure.TestExecutionEngine.OnAfterLastStep()
]]></stack-trace>
                    </failure>
                  </test-case>
                </results>
              </test-suite>
              <test-suite name="PagesFeature" description="Pages" executed="True" success="False" time="20.835" asserts="0">
                <results>
                  <test-case name="Orchard.Specs.PagesFeature.InTheAdminMenuThereIsALinkToCreateAPage" description="In the admin (menu) there is a link to create a Page" executed="True" success="False" time="20.834" asserts="1">
                    <failure>
                      <message><![CDATA[  Unable to locate <input> name SiteName in page html:

<!DOCTYPE html>
<html>
    <head>
        <title>Could not load file or assembly 'DevExpress.CodeRush.Common, Version=10.1.0.0, Culture=neutral, PublicKeyToken=35c9f04b7764aa3d' or one of its dependencies. The system cannot find the file specified.</title>
        <meta name="viewport" content="width=device-width" />
        <style>
         body {font-family:"Verdana";font-weight:normal;font-size: .7em;color:black;} 
         p {font-family:"Verdana";font-weight:normal;color:black;margin-top: -5px}
         b {font-family:"Verdana";font-weight:bold;color:black;margin-top: -5px}
         H1 { font-family:"Verdana";font-weight:normal;font-size:18pt;color:red }
         H2 { font-family:"Verdana";font-weight:normal;font-size:14pt;color:maroon }
         pre {font-family:"Consolas","Lucida Console",Monospace;font-size:11pt;margin:0;padding:0.5em;line-height:14pt}
         .marker {font-weight: bold; color: black;text-decoration: none;}
         .version {color: gray;}
         .error {margin-bottom: 10px;}
         .expandable { text-decoration:underline; font-weight:bold; color:navy; cursor:hand; }
         @media screen and (max-width: 639px) {
          pre { width: 440px; overflow: auto; white-space: pre-wrap; word-wrap: break-word; }
         }
         @media screen and (max-width: 479px) {
          pre { width: 280px; }
         }
        </style>
    </head>

    <body bgcolor="white">

            <span><H1>Server Error in '/' Application.<hr width=100% size=1 color=silver></H1>

            <h2> <i>Could not load file or assembly 'DevExpress.CodeRush.Common, Version=10.1.0.0, Culture=neutral, PublicKeyToken=35c9f04b7764aa3d' or one of its dependencies. The system cannot find the file specified.</i> </h2></span>

            <font face="Arial, Helvetica, Geneva, SunSans-Regular, sans-serif ">

            <b> Description: </b>An unhandled exception occurred during the execution of the current web request. Please review the stack trace for more information about the error and where it originated in the code.

            <br><br>

            <b> Exception Details: </b>System.IO.FileNotFoundException: Could not load file or assembly 'DevExpress.CodeRush.Common, Version=10.1.0.0, Culture=neutral, PublicKeyToken=35c9f04b7764aa3d' or one of its dependencies. The system cannot find the file specified.<br><br>

            <b>Source Error:</b> <br><br>

            <table width=100% bgcolor="#ffffcc">
               <tr>
                  <td>
                      <code>

An unhandled exception was generated during the execution of the current web request. Information regarding the origin and location of the exception can be identified using the exception stack trace below.</code>

                  </td>
               </tr>
            </table>

            <br>

            <b>Assembly Load Trace:</b> The following information can be helpful to determine why the assembly 'DevExpress.CodeRush.Common, Version=10.1.0.0, Culture=neutral, PublicKeyToken=35c9f04b7764aa3d' could not be loaded.<br><br>

            <table width=100% bgcolor="#ffffcc">
               <tr>
                  <td>
                      <code><pre>

WRN: Assembly binding logging is turned OFF.
To enable assembly bind failure logging, set the registry value [HKLM\Software\Microsoft\Fusion!EnableLog] (DWORD) to 1.
Note: There is some performance penalty associated with assembly bind failure logging.
To turn this feature off, remove the registry value [HKLM\Software\Microsoft\Fusion!EnableLog].
</pre></code>

                  </td>
               </tr>
            </table>

            <br>

            <b>Stack Trace:</b> <br><br>

            <table width=100% bgcolor="#ffffcc">
               <tr>
                  <td>
                      <code><pre>

[FileNotFoundException: Could not load file or assembly &#39;DevExpress.CodeRush.Common, Version=10.1.0.0, Culture=neutral, PublicKeyToken=35c9f04b7764aa3d&#39; or one of its dependencies. The system cannot find the file specified.]
   System.ModuleHandle.ResolveType(RuntimeModule module, Int32 typeToken, IntPtr* typeInstArgs, Int32 typeInstCount, IntPtr* methodInstArgs, Int32 methodInstCount, ObjectHandleOnStack type) +0
   System.ModuleHandle.ResolveTypeHandleInternal(RuntimeModule module, Int32 typeToken, RuntimeTypeHandle[] typeInstantiationContext, RuntimeTypeHandle[] methodInstantiationContext) +371
   System.ModuleHandle.ResolveTypeHandle(Int32 typeToken, RuntimeTypeHandle[] typeInstantiationContext, RuntimeTypeHandle[] methodInstantiationContext) +19
   System.Reflection.RuntimeModule.ResolveType(Int32 metadataToken, Type[] genericTypeArguments, Type[] genericMethodArguments) +319
   System.Reflection.CustomAttribute.FilterCustomAttributeRecord(CustomAttributeRecord caRecord, MetadataImport scope, Assembly&amp; lastAptcaOkAssembly, RuntimeModule decoratedModule, MetadataToken decoratedToken, RuntimeType attributeFilterType, Boolean mustBeInheritable, Object[] attributes, IList derivedAttributes, RuntimeType&amp; attributeType, IRuntimeMethodInfo&amp; ctor, Boolean&amp; ctorHasParameters, Boolean&amp; isVarArg) +203
   System.Reflection.CustomAttribute.GetCustomAttributes(RuntimeModule decoratedModule, Int32 decoratedMetadataToken, Int32 pcaCount, RuntimeType attributeFilterType, Boolean mustBeInheritable, IList derivedAttributes, Boolean isDecoratedTargetSecurityTransparent) +1179
   System.Reflection.CustomAttribute.GetCustomAttributes(RuntimeAssembly assembly, RuntimeType caType) +146
   Owin.Loader.DefaultLoader.SearchForStartupAttribute(String friendlyName, IList`1 errors, Boolean&amp; conflict) +180
   Owin.Loader.DefaultLoader.LoadImplementation(String startupName, IList`1 errorDetails) +184
   Microsoft.Owin.Host.SystemWeb.OwinBuilder.GetAppStartup() +138
   Microsoft.Owin.Host.SystemWeb.OwinHttpModule.InitializeBlueprint() +38
   System.Threading.LazyInitializer.EnsureInitializedCore(T&amp; target, Boolean&amp; initialized, Object&amp; syncLock, Func`1 valueFactory) +241
   Microsoft.Owin.Host.SystemWeb.OwinHttpModule.Init(HttpApplication context) +129
   System.Web.HttpApplication.InitModulesCommon() +192
   System.Web.HttpApplication.InitInternal(HttpContext context, HttpApplicationState state, MethodInfo[] handlers) +1582
   System.Web.HttpApplicationFactory.GetNormalApplicationInstance(HttpContext context) +365
   System.Web.HttpApplicationFactory.GetApplicationInstance(HttpContext context) +200
   System.Web.HttpRuntime.ProcessRequestInternal(HttpWorkerRequest wr) +591
</pre></code>

                  </td>
               </tr>
            </table>

            <br>

            <hr width=100% size=1 color=silver>

            <b>Version Information:</b>&nbsp;Microsoft .NET Framework Version:4.0.30319; ASP.NET Version:4.0.30319.34009

            </font>

    </body>
</html>
<!-- 
[FileNotFoundException]: Could not load file or assembly &#39;DevExpress.CodeRush.Common, Version=10.1.0.0, Culture=neutral, PublicKeyToken=35c9f04b7764aa3d&#39; or one of its dependencies. The system cannot find the file specified.
   at System.ModuleHandle.ResolveType(RuntimeModule module, Int32 typeToken, IntPtr* typeInstArgs, Int32 typeInstCount, IntPtr* methodInstArgs, Int32 methodInstCount, ObjectHandleOnStack type)
   at System.ModuleHandle.ResolveTypeHandleInternal(RuntimeModule module, Int32 typeToken, RuntimeTypeHandle[] typeInstantiationContext, RuntimeTypeHandle[] methodInstantiationContext)
   at System.ModuleHandle.ResolveTypeHandle(Int32 typeToken, RuntimeTypeHandle[] typeInstantiationContext, RuntimeTypeHandle[] methodInstantiationContext)
   at System.Reflection.RuntimeModule.ResolveType(Int32 metadataToken, Type[] genericTypeArguments, Type[] genericMethodArguments)
   at System.Reflection.CustomAttribute.FilterCustomAttributeRecord(CustomAttributeRecord caRecord, MetadataImport scope, Assembly& lastAptcaOkAssembly, RuntimeModule decoratedModule, MetadataToken decoratedToken, RuntimeType attributeFilterType, Boolean mustBeInheritable, Object[] attributes, IList derivedAttributes, RuntimeType& attributeType, IRuntimeMethodInfo& ctor, Boolean& ctorHasParameters, Boolean& isVarArg)
   at System.Reflection.CustomAttribute.GetCustomAttributes(RuntimeModule decoratedModule, Int32 decoratedMetadataToken, Int32 pcaCount, RuntimeType attributeFilterType, Boolean mustBeInheritable, IList derivedAttributes, Boolean isDecoratedTargetSecurityTransparent)
   at System.Reflection.CustomAttribute.GetCustomAttributes(RuntimeAssembly assembly, RuntimeType caType)
   at Owin.Loader.DefaultLoader.SearchForStartupAttribute(String friendlyName, IList`1 errors, Boolean& conflict)
   at Owin.Loader.DefaultLoader.LoadImplementation(String startupName, IList`1 errorDetails)
   at Microsoft.Owin.Host.SystemWeb.OwinBuilder.GetAppStartup()
   at Microsoft.Owin.Host.SystemWeb.OwinHttpModule.InitializeBlueprint()
   at System.Threading.LazyInitializer.EnsureInitializedCore[T](T& target, Boolean& initialized, Object& syncLock, Func`1 valueFactory)
   at Microsoft.Owin.Host.SystemWeb.OwinHttpModule.Init(HttpApplication context)
   at System.Web.HttpApplication.InitModulesCommon()
   at System.Web.HttpApplication.InitInternal(HttpContext context, HttpApplicationState state, MethodInfo[] handlers)
   at System.Web.HttpApplicationFactory.GetNormalApplicationInstance(HttpContext context)
   at System.Web.HttpApplicationFactory.GetApplicationInstance(HttpContext context)
   at System.Web.HttpRuntime.ProcessRequestInternal(HttpWorkerRequest wr)
-->
  Expected: not null
  But was:  null
]]></message>
                      <stack-trace><![CDATA[at Orchard.Specs.Bindings.WebAppHosting.WhenIFillIn(Table table) in e:\expedit\projects\nkd\src\main\NKD.Orchard\src\Orchard.Specs\Bindings\WebAppHosting.cs:line 254
at Orchard.Specs.Bindings.OrchardSiteFactory.GivenIHaveInstalledOrchard(String virtualDirectory) in e:\expedit\projects\nkd\src\main\NKD.Orchard\src\Orchard.Specs\Bindings\OrchardSiteFactory.cs:line 38
at TechTalk.SpecFlow.Bindings.BindingInvoker.InvokeBinding(IBinding binding, IContextManager contextManager, Object[] arguments, ITestTracer testTracer, TimeSpan& duration)
at TechTalk.SpecFlow.Infrastructure.TestExecutionEngine.ExecuteStepMatch(BindingMatch match, Object[] arguments)
at TechTalk.SpecFlow.Infrastructure.TestExecutionEngine.ExecuteStep(StepInstance stepInstance)
at TechTalk.SpecFlow.Infrastructure.TestExecutionEngine.OnAfterLastStep()
]]></stack-trace>
                    </failure>
                  </test-case>
                </results>
              </test-suite>
              <test-suite name="SetupFeature" description="Setup" executed="True" success="False" time="82.663" asserts="0">
                <results>
                  <test-case name="Orchard.Specs.SetupFeature.CallingSetupOnABrandNewInstall" description="Calling setup on a brand new install" executed="True" success="False" time="21.148" asserts="1">
                    <failure>
                      <message><![CDATA[  Unable to locate <input> name SiteName in page html:

<!DOCTYPE html>
<html>
    <head>
        <title>Could not load file or assembly 'DevExpress.CodeRush.Common, Version=10.1.0.0, Culture=neutral, PublicKeyToken=35c9f04b7764aa3d' or one of its dependencies. The system cannot find the file specified.</title>
        <meta name="viewport" content="width=device-width" />
        <style>
         body {font-family:"Verdana";font-weight:normal;font-size: .7em;color:black;} 
         p {font-family:"Verdana";font-weight:normal;color:black;margin-top: -5px}
         b {font-family:"Verdana";font-weight:bold;color:black;margin-top: -5px}
         H1 { font-family:"Verdana";font-weight:normal;font-size:18pt;color:red }
         H2 { font-family:"Verdana";font-weight:normal;font-size:14pt;color:maroon }
         pre {font-family:"Consolas","Lucida Console",Monospace;font-size:11pt;margin:0;padding:0.5em;line-height:14pt}
         .marker {font-weight: bold; color: black;text-decoration: none;}
         .version {color: gray;}
         .error {margin-bottom: 10px;}
         .expandable { text-decoration:underline; font-weight:bold; color:navy; cursor:hand; }
         @media screen and (max-width: 639px) {
          pre { width: 440px; overflow: auto; white-space: pre-wrap; word-wrap: break-word; }
         }
         @media screen and (max-width: 479px) {
          pre { width: 280px; }
         }
        </style>
    </head>

    <body bgcolor="white">

            <span><H1>Server Error in '/' Application.<hr width=100% size=1 color=silver></H1>

            <h2> <i>Could not load file or assembly 'DevExpress.CodeRush.Common, Version=10.1.0.0, Culture=neutral, PublicKeyToken=35c9f04b7764aa3d' or one of its dependencies. The system cannot find the file specified.</i> </h2></span>

            <font face="Arial, Helvetica, Geneva, SunSans-Regular, sans-serif ">

            <b> Description: </b>An unhandled exception occurred during the execution of the current web request. Please review the stack trace for more information about the error and where it originated in the code.

            <br><br>

            <b> Exception Details: </b>System.IO.FileNotFoundException: Could not load file or assembly 'DevExpress.CodeRush.Common, Version=10.1.0.0, Culture=neutral, PublicKeyToken=35c9f04b7764aa3d' or one of its dependencies. The system cannot find the file specified.<br><br>

            <b>Source Error:</b> <br><br>

            <table width=100% bgcolor="#ffffcc">
               <tr>
                  <td>
                      <code>

An unhandled exception was generated during the execution of the current web request. Information regarding the origin and location of the exception can be identified using the exception stack trace below.</code>

                  </td>
               </tr>
            </table>

            <br>

            <b>Assembly Load Trace:</b> The following information can be helpful to determine why the assembly 'DevExpress.CodeRush.Common, Version=10.1.0.0, Culture=neutral, PublicKeyToken=35c9f04b7764aa3d' could not be loaded.<br><br>

            <table width=100% bgcolor="#ffffcc">
               <tr>
                  <td>
                      <code><pre>

WRN: Assembly binding logging is turned OFF.
To enable assembly bind failure logging, set the registry value [HKLM\Software\Microsoft\Fusion!EnableLog] (DWORD) to 1.
Note: There is some performance penalty associated with assembly bind failure logging.
To turn this feature off, remove the registry value [HKLM\Software\Microsoft\Fusion!EnableLog].
</pre></code>

                  </td>
               </tr>
            </table>

            <br>

            <b>Stack Trace:</b> <br><br>

            <table width=100% bgcolor="#ffffcc">
               <tr>
                  <td>
                      <code><pre>

[FileNotFoundException: Could not load file or assembly &#39;DevExpress.CodeRush.Common, Version=10.1.0.0, Culture=neutral, PublicKeyToken=35c9f04b7764aa3d&#39; or one of its dependencies. The system cannot find the file specified.]
   System.ModuleHandle.ResolveType(RuntimeModule module, Int32 typeToken, IntPtr* typeInstArgs, Int32 typeInstCount, IntPtr* methodInstArgs, Int32 methodInstCount, ObjectHandleOnStack type) +0
   System.ModuleHandle.ResolveTypeHandleInternal(RuntimeModule module, Int32 typeToken, RuntimeTypeHandle[] typeInstantiationContext, RuntimeTypeHandle[] methodInstantiationContext) +371
   System.ModuleHandle.ResolveTypeHandle(Int32 typeToken, RuntimeTypeHandle[] typeInstantiationContext, RuntimeTypeHandle[] methodInstantiationContext) +19
   System.Reflection.RuntimeModule.ResolveType(Int32 metadataToken, Type[] genericTypeArguments, Type[] genericMethodArguments) +319
   System.Reflection.CustomAttribute.FilterCustomAttributeRecord(CustomAttributeRecord caRecord, MetadataImport scope, Assembly&amp; lastAptcaOkAssembly, RuntimeModule decoratedModule, MetadataToken decoratedToken, RuntimeType attributeFilterType, Boolean mustBeInheritable, Object[] attributes, IList derivedAttributes, RuntimeType&amp; attributeType, IRuntimeMethodInfo&amp; ctor, Boolean&amp; ctorHasParameters, Boolean&amp; isVarArg) +203
   System.Reflection.CustomAttribute.GetCustomAttributes(RuntimeModule decoratedModule, Int32 decoratedMetadataToken, Int32 pcaCount, RuntimeType attributeFilterType, Boolean mustBeInheritable, IList derivedAttributes, Boolean isDecoratedTargetSecurityTransparent) +1179
   System.Reflection.CustomAttribute.GetCustomAttributes(RuntimeAssembly assembly, RuntimeType caType) +146
   Owin.Loader.DefaultLoader.SearchForStartupAttribute(String friendlyName, IList`1 errors, Boolean&amp; conflict) +180
   Owin.Loader.DefaultLoader.LoadImplementation(String startupName, IList`1 errorDetails) +184
   Microsoft.Owin.Host.SystemWeb.OwinBuilder.GetAppStartup() +138
   Microsoft.Owin.Host.SystemWeb.OwinHttpModule.InitializeBlueprint() +38
   System.Threading.LazyInitializer.EnsureInitializedCore(T&amp; target, Boolean&amp; initialized, Object&amp; syncLock, Func`1 valueFactory) +241
   Microsoft.Owin.Host.SystemWeb.OwinHttpModule.Init(HttpApplication context) +129
   System.Web.HttpApplication.InitModulesCommon() +192
   System.Web.HttpApplication.InitInternal(HttpContext context, HttpApplicationState state, MethodInfo[] handlers) +1582
   System.Web.HttpApplicationFactory.GetNormalApplicationInstance(HttpContext context) +365
   System.Web.HttpApplicationFactory.GetApplicationInstance(HttpContext context) +200
   System.Web.HttpRuntime.ProcessRequestInternal(HttpWorkerRequest wr) +591
</pre></code>

                  </td>
               </tr>
            </table>

            <br>

            <hr width=100% size=1 color=silver>

            <b>Version Information:</b>&nbsp;Microsoft .NET Framework Version:4.0.30319; ASP.NET Version:4.0.30319.34009

            </font>

    </body>
</html>
<!-- 
[FileNotFoundException]: Could not load file or assembly &#39;DevExpress.CodeRush.Common, Version=10.1.0.0, Culture=neutral, PublicKeyToken=35c9f04b7764aa3d&#39; or one of its dependencies. The system cannot find the file specified.
   at System.ModuleHandle.ResolveType(RuntimeModule module, Int32 typeToken, IntPtr* typeInstArgs, Int32 typeInstCount, IntPtr* methodInstArgs, Int32 methodInstCount, ObjectHandleOnStack type)
   at System.ModuleHandle.ResolveTypeHandleInternal(RuntimeModule module, Int32 typeToken, RuntimeTypeHandle[] typeInstantiationContext, RuntimeTypeHandle[] methodInstantiationContext)
   at System.ModuleHandle.ResolveTypeHandle(Int32 typeToken, RuntimeTypeHandle[] typeInstantiationContext, RuntimeTypeHandle[] methodInstantiationContext)
   at System.Reflection.RuntimeModule.ResolveType(Int32 metadataToken, Type[] genericTypeArguments, Type[] genericMethodArguments)
   at System.Reflection.CustomAttribute.FilterCustomAttributeRecord(CustomAttributeRecord caRecord, MetadataImport scope, Assembly& lastAptcaOkAssembly, RuntimeModule decoratedModule, MetadataToken decoratedToken, RuntimeType attributeFilterType, Boolean mustBeInheritable, Object[] attributes, IList derivedAttributes, RuntimeType& attributeType, IRuntimeMethodInfo& ctor, Boolean& ctorHasParameters, Boolean& isVarArg)
   at System.Reflection.CustomAttribute.GetCustomAttributes(RuntimeModule decoratedModule, Int32 decoratedMetadataToken, Int32 pcaCount, RuntimeType attributeFilterType, Boolean mustBeInheritable, IList derivedAttributes, Boolean isDecoratedTargetSecurityTransparent)
   at System.Reflection.CustomAttribute.GetCustomAttributes(RuntimeAssembly assembly, RuntimeType caType)
   at Owin.Loader.DefaultLoader.SearchForStartupAttribute(String friendlyName, IList`1 errors, Boolean& conflict)
   at Owin.Loader.DefaultLoader.LoadImplementation(String startupName, IList`1 errorDetails)
   at Microsoft.Owin.Host.SystemWeb.OwinBuilder.GetAppStartup()
   at Microsoft.Owin.Host.SystemWeb.OwinHttpModule.InitializeBlueprint()
   at System.Threading.LazyInitializer.EnsureInitializedCore[T](T& target, Boolean& initialized, Object& syncLock, Func`1 valueFactory)
   at Microsoft.Owin.Host.SystemWeb.OwinHttpModule.Init(HttpApplication context)
   at System.Web.HttpApplication.InitModulesCommon()
   at System.Web.HttpApplication.InitInternal(HttpContext context, HttpApplicationState state, MethodInfo[] handlers)
   at System.Web.HttpApplicationFactory.GetNormalApplicationInstance(HttpContext context)
   at System.Web.HttpApplicationFactory.GetApplicationInstance(HttpContext context)
   at System.Web.HttpRuntime.ProcessRequestInternal(HttpWorkerRequest wr)
-->
  Expected: not null
  But was:  null
]]></message>
                      <stack-trace><![CDATA[at Orchard.Specs.Bindings.WebAppHosting.WhenIFillIn(Table table) in e:\expedit\projects\nkd\src\main\NKD.Orchard\src\Orchard.Specs\Bindings\WebAppHosting.cs:line 254
at TechTalk.SpecFlow.Bindings.BindingInvoker.InvokeBinding(IBinding binding, IContextManager contextManager, Object[] arguments, ITestTracer testTracer, TimeSpan& duration)
at TechTalk.SpecFlow.Infrastructure.TestExecutionEngine.ExecuteStepMatch(BindingMatch match, Object[] arguments)
at TechTalk.SpecFlow.Infrastructure.TestExecutionEngine.ExecuteStep(StepInstance stepInstance)
at TechTalk.SpecFlow.Infrastructure.TestExecutionEngine.OnAfterLastStep()
]]></stack-trace>
                    </failure>
                  </test-case>
                  <test-case name="Orchard.Specs.SetupFeature.RootRequestShowsSetupForm" description="Root request shows setup form" executed="True" success="False" time="20.630" asserts="1">
                    <failure>
                      <message><![CDATA[  Expected: String matching "Welcome to Orchard"
  But was:  "<!DOCTYPE html>
<html>
    <head>
        <title>Could not load file or assembly 'DevExpress.CodeRush.Common, Version=10.1.0.0, Culture=neutral, PublicKeyToken=35c9f04b7764aa3d' or one of its dependencies. The system cannot find the file specified.</title>
        <meta name="viewport" content="width=device-width" />
        <style>
         body {font-family:"Verdana";font-weight:normal;font-size: .7em;color:black;} 
         p {font-family:"Verdana";font-weight:normal;color:black;margin-top: -5px}
         b {font-family:"Verdana";font-weight:bold;color:black;margin-top: -5px}
         H1 { font-family:"Verdana";font-weight:normal;font-size:18pt;color:red }
         H2 { font-family:"Verdana";font-weight:normal;font-size:14pt;color:maroon }
         pre {font-family:"Consolas","Lucida Console",Monospace;font-size:11pt;margin:0;padding:0.5em;line-height:14pt}
         .marker {font-weight: bold; color: black;text-decoration: none;}
         .version {color: gray;}
         .error {margin-bottom: 10px;}
         .expandable { text-decoration:underline; font-weight:bold; color:navy; cursor:hand; }
         @media screen and (max-width: 639px) {
          pre { width: 440px; overflow: auto; white-space: pre-wrap; word-wrap: break-word; }
         }
         @media screen and (max-width: 479px) {
          pre { width: 280px; }
         }
        </style>
    </head>

    <body bgcolor="white">

            <span><H1>Server Error in '/' Application.<hr width=100% size=1 color=silver></H1>

            <h2> <i>Could not load file or assembly 'DevExpress.CodeRush.Common, Version=10.1.0.0, Culture=neutral, PublicKeyToken=35c9f04b7764aa3d' or one of its dependencies. The system cannot find the file specified.</i> </h2></span>

            <font face="Arial, Helvetica, Geneva, SunSans-Regular, sans-serif ">

            <b> Description: </b>An unhandled exception occurred during the execution of the current web request. Please review the stack trace for more information about the error and where it originated in the code.

            <br><br>

            <b> Exception Details: </b>System.IO.FileNotFoundException: Could not load file or assembly 'DevExpress.CodeRush.Common, Version=10.1.0.0, Culture=neutral, PublicKeyToken=35c9f04b7764aa3d' or one of its dependencies. The system cannot find the file specified.<br><br>

            <b>Source Error:</b> <br><br>

            <table width=100% bgcolor="#ffffcc">
               <tr>
                  <td>
                      <code>

An unhandled exception was generated during the execution of the current web request. Information regarding the origin and location of the exception can be identified using the exception stack trace below.</code>

                  </td>
               </tr>
            </table>

            <br>

            <b>Assembly Load Trace:</b> The following information can be helpful to determine why the assembly 'DevExpress.CodeRush.Common, Version=10.1.0.0, Culture=neutral, PublicKeyToken=35c9f04b7764aa3d' could not be loaded.<br><br>

            <table width=100% bgcolor="#ffffcc">
               <tr>
                  <td>
                      <code><pre>

WRN: Assembly binding logging is turned OFF.
To enable assembly bind failure logging, set the registry value [HKLM\Software\Microsoft\Fusion!EnableLog] (DWORD) to 1.
Note: There is some performance penalty associated with assembly bind failure logging.
To turn this feature off, remove the registry value [HKLM\Software\Microsoft\Fusion!EnableLog].
</pre></code>

                  </td>
               </tr>
            </table>

            <br>

            <b>Stack Trace:</b> <br><br>

            <table width=100% bgcolor="#ffffcc">
               <tr>
                  <td>
                      <code><pre>

[FileNotFoundException: Could not load file or assembly &#39;DevExpress.CodeRush.Common, Version=10.1.0.0, Culture=neutral, PublicKeyToken=35c9f04b7764aa3d&#39; or one of its dependencies. The system cannot find the file specified.]
   System.ModuleHandle.ResolveType(RuntimeModule module, Int32 typeToken, IntPtr* typeInstArgs, Int32 typeInstCount, IntPtr* methodInstArgs, Int32 methodInstCount, ObjectHandleOnStack type) +0
   System.ModuleHandle.ResolveTypeHandleInternal(RuntimeModule module, Int32 typeToken, RuntimeTypeHandle[] typeInstantiationContext, RuntimeTypeHandle[] methodInstantiationContext) +371
   System.ModuleHandle.ResolveTypeHandle(Int32 typeToken, RuntimeTypeHandle[] typeInstantiationContext, RuntimeTypeHandle[] methodInstantiationContext) +19
   System.Reflection.RuntimeModule.ResolveType(Int32 metadataToken, Type[] genericTypeArguments, Type[] genericMethodArguments) +319
   System.Reflection.CustomAttribute.FilterCustomAttributeRecord(CustomAttributeRecord caRecord, MetadataImport scope, Assembly&amp; lastAptcaOkAssembly, RuntimeModule decoratedModule, MetadataToken decoratedToken, RuntimeType attributeFilterType, Boolean mustBeInheritable, Object[] attributes, IList derivedAttributes, RuntimeType&amp; attributeType, IRuntimeMethodInfo&amp; ctor, Boolean&amp; ctorHasParameters, Boolean&amp; isVarArg) +203
   System.Reflection.CustomAttribute.GetCustomAttributes(RuntimeModule decoratedModule, Int32 decoratedMetadataToken, Int32 pcaCount, RuntimeType attributeFilterType, Boolean mustBeInheritable, IList derivedAttributes, Boolean isDecoratedTargetSecurityTransparent) +1179
   System.Reflection.CustomAttribute.GetCustomAttributes(RuntimeAssembly assembly, RuntimeType caType) +146
   Owin.Loader.DefaultLoader.SearchForStartupAttribute(String friendlyName, IList`1 errors, Boolean&amp; conflict) +180
   Owin.Loader.DefaultLoader.LoadImplementation(String startupName, IList`1 errorDetails) +184
   Microsoft.Owin.Host.SystemWeb.OwinBuilder.GetAppStartup() +138
   Microsoft.Owin.Host.SystemWeb.OwinHttpModule.InitializeBlueprint() +38
   System.Threading.LazyInitializer.EnsureInitializedCore(T&amp; target, Boolean&amp; initialized, Object&amp; syncLock, Func`1 valueFactory) +241
   Microsoft.Owin.Host.SystemWeb.OwinHttpModule.Init(HttpApplication context) +129
   System.Web.HttpApplication.InitModulesCommon() +192
   System.Web.HttpApplication.InitInternal(HttpContext context, HttpApplicationState state, MethodInfo[] handlers) +1582
   System.Web.HttpApplicationFactory.GetNormalApplicationInstance(HttpContext context) +365
   System.Web.HttpApplicationFactory.GetApplicationInstance(HttpContext context) +200
   System.Web.HttpRuntime.ProcessRequestInternal(HttpWorkerRequest wr) +591
</pre></code>

                  </td>
               </tr>
            </table>

            <br>

            <hr width=100% size=1 color=silver>

            <b>Version Information:</b>&nbsp;Microsoft .NET Framework Version:4.0.30319; ASP.NET Version:4.0.30319.34009

            </font>

    </body>
</html>
<!-- 
[FileNotFoundException]: Could not load file or assembly &#39;DevExpress.CodeRush.Common, Version=10.1.0.0, Culture=neutral, PublicKeyToken=35c9f04b7764aa3d&#39; or one of its dependencies. The system cannot find the file specified.
   at System.ModuleHandle.ResolveType(RuntimeModule module, Int32 typeToken, IntPtr* typeInstArgs, Int32 typeInstCount, IntPtr* methodInstArgs, Int32 methodInstCount, ObjectHandleOnStack type)
   at System.ModuleHandle.ResolveTypeHandleInternal(RuntimeModule module, Int32 typeToken, RuntimeTypeHandle[] typeInstantiationContext, RuntimeTypeHandle[] methodInstantiationContext)
   at System.ModuleHandle.ResolveTypeHandle(Int32 typeToken, RuntimeTypeHandle[] typeInstantiationContext, RuntimeTypeHandle[] methodInstantiationContext)
   at System.Reflection.RuntimeModule.ResolveType(Int32 metadataToken, Type[] genericTypeArguments, Type[] genericMethodArguments)
   at System.Reflection.CustomAttribute.FilterCustomAttributeRecord(CustomAttributeRecord caRecord, MetadataImport scope, Assembly& lastAptcaOkAssembly, RuntimeModule decoratedModule, MetadataToken decoratedToken, RuntimeType attributeFilterType, Boolean mustBeInheritable, Object[] attributes, IList derivedAttributes, RuntimeType& attributeType, IRuntimeMethodInfo& ctor, Boolean& ctorHasParameters, Boolean& isVarArg)
   at System.Reflection.CustomAttribute.GetCustomAttributes(RuntimeModule decoratedModule, Int32 decoratedMetadataToken, Int32 pcaCount, RuntimeType attributeFilterType, Boolean mustBeInheritable, IList derivedAttributes, Boolean isDecoratedTargetSecurityTransparent)
   at System.Reflection.CustomAttribute.GetCustomAttributes(RuntimeAssembly assembly, RuntimeType caType)
   at Owin.Loader.DefaultLoader.SearchForStartupAttribute(String friendlyName, IList`1 errors, Boolean& conflict)
   at Owin.Loader.DefaultLoader.LoadImplementation(String startupName, IList`1 errorDetails)
   at Microsoft.Owin.Host.SystemWeb.OwinBuilder.GetAppStartup()
   at Microsoft.Owin.Host.SystemWeb.OwinHttpModule.InitializeBlueprint()
   at System.Threading.LazyInitializer.EnsureInitializedCore[T](T& target, Boolean& initialized, Object& syncLock, Func`1 valueFactory)
   at Microsoft.Owin.Host.SystemWeb.OwinHttpModule.Init(HttpApplication context)
   at System.Web.HttpApplication.InitModulesCommon()
   at System.Web.HttpApplication.InitInternal(HttpContext context, HttpApplicationState state, MethodInfo[] handlers)
   at System.Web.HttpApplicationFactory.GetNormalApplicationInstance(HttpContext context)
   at System.Web.HttpApplicationFactory.GetApplicationInstance(HttpContext context)
   at System.Web.HttpRuntime.ProcessRequestInternal(HttpWorkerRequest wr)
-->"
]]></message>
                      <stack-trace><![CDATA[at TechTalk.SpecFlow.Bindings.BindingInvoker.InvokeBinding(IBinding binding, IContextManager contextManager, Object[] arguments, ITestTracer testTracer, TimeSpan& duration)
at TechTalk.SpecFlow.Infrastructure.TestExecutionEngine.ExecuteStepMatch(BindingMatch match, Object[] arguments)
at TechTalk.SpecFlow.Infrastructure.TestExecutionEngine.ExecuteStep(StepInstance stepInstance)
at TechTalk.SpecFlow.Infrastructure.TestExecutionEngine.OnAfterLastStep()
]]></stack-trace>
                    </failure>
                  </test-case>
                  <test-case name="Orchard.Specs.SetupFeature.SetupFolderAlsoShowsSetupForm" description="Setup folder also shows setup form" executed="True" success="False" time="20.821" asserts="1">
                    <failure>
                      <message><![CDATA[  Expected: String matching "Welcome to Orchard"
  But was:  "<!DOCTYPE html>
<html>
    <head>
        <title>Could not load file or assembly 'DevExpress.CodeRush.Common, Version=10.1.0.0, Culture=neutral, PublicKeyToken=35c9f04b7764aa3d' or one of its dependencies. The system cannot find the file specified.</title>
        <meta name="viewport" content="width=device-width" />
        <style>
         body {font-family:"Verdana";font-weight:normal;font-size: .7em;color:black;} 
         p {font-family:"Verdana";font-weight:normal;color:black;margin-top: -5px}
         b {font-family:"Verdana";font-weight:bold;color:black;margin-top: -5px}
         H1 { font-family:"Verdana";font-weight:normal;font-size:18pt;color:red }
         H2 { font-family:"Verdana";font-weight:normal;font-size:14pt;color:maroon }
         pre {font-family:"Consolas","Lucida Console",Monospace;font-size:11pt;margin:0;padding:0.5em;line-height:14pt}
         .marker {font-weight: bold; color: black;text-decoration: none;}
         .version {color: gray;}
         .error {margin-bottom: 10px;}
         .expandable { text-decoration:underline; font-weight:bold; color:navy; cursor:hand; }
         @media screen and (max-width: 639px) {
          pre { width: 440px; overflow: auto; white-space: pre-wrap; word-wrap: break-word; }
         }
         @media screen and (max-width: 479px) {
          pre { width: 280px; }
         }
        </style>
    </head>

    <body bgcolor="white">

            <span><H1>Server Error in '/' Application.<hr width=100% size=1 color=silver></H1>

            <h2> <i>Could not load file or assembly 'DevExpress.CodeRush.Common, Version=10.1.0.0, Culture=neutral, PublicKeyToken=35c9f04b7764aa3d' or one of its dependencies. The system cannot find the file specified.</i> </h2></span>

            <font face="Arial, Helvetica, Geneva, SunSans-Regular, sans-serif ">

            <b> Description: </b>An unhandled exception occurred during the execution of the current web request. Please review the stack trace for more information about the error and where it originated in the code.

            <br><br>

            <b> Exception Details: </b>System.IO.FileNotFoundException: Could not load file or assembly 'DevExpress.CodeRush.Common, Version=10.1.0.0, Culture=neutral, PublicKeyToken=35c9f04b7764aa3d' or one of its dependencies. The system cannot find the file specified.<br><br>

            <b>Source Error:</b> <br><br>

            <table width=100% bgcolor="#ffffcc">
               <tr>
                  <td>
                      <code>

An unhandled exception was generated during the execution of the current web request. Information regarding the origin and location of the exception can be identified using the exception stack trace below.</code>

                  </td>
               </tr>
            </table>

            <br>

            <b>Assembly Load Trace:</b> The following information can be helpful to determine why the assembly 'DevExpress.CodeRush.Common, Version=10.1.0.0, Culture=neutral, PublicKeyToken=35c9f04b7764aa3d' could not be loaded.<br><br>

            <table width=100% bgcolor="#ffffcc">
               <tr>
                  <td>
                      <code><pre>

WRN: Assembly binding logging is turned OFF.
To enable assembly bind failure logging, set the registry value [HKLM\Software\Microsoft\Fusion!EnableLog] (DWORD) to 1.
Note: There is some performance penalty associated with assembly bind failure logging.
To turn this feature off, remove the registry value [HKLM\Software\Microsoft\Fusion!EnableLog].
</pre></code>

                  </td>
               </tr>
            </table>

            <br>

            <b>Stack Trace:</b> <br><br>

            <table width=100% bgcolor="#ffffcc">
               <tr>
                  <td>
                      <code><pre>

[FileNotFoundException: Could not load file or assembly &#39;DevExpress.CodeRush.Common, Version=10.1.0.0, Culture=neutral, PublicKeyToken=35c9f04b7764aa3d&#39; or one of its dependencies. The system cannot find the file specified.]
   System.ModuleHandle.ResolveType(RuntimeModule module, Int32 typeToken, IntPtr* typeInstArgs, Int32 typeInstCount, IntPtr* methodInstArgs, Int32 methodInstCount, ObjectHandleOnStack type) +0
   System.ModuleHandle.ResolveTypeHandleInternal(RuntimeModule module, Int32 typeToken, RuntimeTypeHandle[] typeInstantiationContext, RuntimeTypeHandle[] methodInstantiationContext) +371
   System.ModuleHandle.ResolveTypeHandle(Int32 typeToken, RuntimeTypeHandle[] typeInstantiationContext, RuntimeTypeHandle[] methodInstantiationContext) +19
   System.Reflection.RuntimeModule.ResolveType(Int32 metadataToken, Type[] genericTypeArguments, Type[] genericMethodArguments) +319
   System.Reflection.CustomAttribute.FilterCustomAttributeRecord(CustomAttributeRecord caRecord, MetadataImport scope, Assembly&amp; lastAptcaOkAssembly, RuntimeModule decoratedModule, MetadataToken decoratedToken, RuntimeType attributeFilterType, Boolean mustBeInheritable, Object[] attributes, IList derivedAttributes, RuntimeType&amp; attributeType, IRuntimeMethodInfo&amp; ctor, Boolean&amp; ctorHasParameters, Boolean&amp; isVarArg) +203
   System.Reflection.CustomAttribute.GetCustomAttributes(RuntimeModule decoratedModule, Int32 decoratedMetadataToken, Int32 pcaCount, RuntimeType attributeFilterType, Boolean mustBeInheritable, IList derivedAttributes, Boolean isDecoratedTargetSecurityTransparent) +1179
   System.Reflection.CustomAttribute.GetCustomAttributes(RuntimeAssembly assembly, RuntimeType caType) +146
   Owin.Loader.DefaultLoader.SearchForStartupAttribute(String friendlyName, IList`1 errors, Boolean&amp; conflict) +180
   Owin.Loader.DefaultLoader.LoadImplementation(String startupName, IList`1 errorDetails) +184
   Microsoft.Owin.Host.SystemWeb.OwinBuilder.GetAppStartup() +138
   Microsoft.Owin.Host.SystemWeb.OwinHttpModule.InitializeBlueprint() +38
   System.Threading.LazyInitializer.EnsureInitializedCore(T&amp; target, Boolean&amp; initialized, Object&amp; syncLock, Func`1 valueFactory) +241
   Microsoft.Owin.Host.SystemWeb.OwinHttpModule.Init(HttpApplication context) +129
   System.Web.HttpApplication.InitModulesCommon() +192
   System.Web.HttpApplication.InitInternal(HttpContext context, HttpApplicationState state, MethodInfo[] handlers) +1582
   System.Web.HttpApplicationFactory.GetNormalApplicationInstance(HttpContext context) +365
   System.Web.HttpApplicationFactory.GetApplicationInstance(HttpContext context) +200
   System.Web.HttpRuntime.ProcessRequestInternal(HttpWorkerRequest wr) +591
</pre></code>

                  </td>
               </tr>
            </table>

            <br>

            <hr width=100% size=1 color=silver>

            <b>Version Information:</b>&nbsp;Microsoft .NET Framework Version:4.0.30319; ASP.NET Version:4.0.30319.34009

            </font>

    </body>
</html>
<!-- 
[FileNotFoundException]: Could not load file or assembly &#39;DevExpress.CodeRush.Common, Version=10.1.0.0, Culture=neutral, PublicKeyToken=35c9f04b7764aa3d&#39; or one of its dependencies. The system cannot find the file specified.
   at System.ModuleHandle.ResolveType(RuntimeModule module, Int32 typeToken, IntPtr* typeInstArgs, Int32 typeInstCount, IntPtr* methodInstArgs, Int32 methodInstCount, ObjectHandleOnStack type)
   at System.ModuleHandle.ResolveTypeHandleInternal(RuntimeModule module, Int32 typeToken, RuntimeTypeHandle[] typeInstantiationContext, RuntimeTypeHandle[] methodInstantiationContext)
   at System.ModuleHandle.ResolveTypeHandle(Int32 typeToken, RuntimeTypeHandle[] typeInstantiationContext, RuntimeTypeHandle[] methodInstantiationContext)
   at System.Reflection.RuntimeModule.ResolveType(Int32 metadataToken, Type[] genericTypeArguments, Type[] genericMethodArguments)
   at System.Reflection.CustomAttribute.FilterCustomAttributeRecord(CustomAttributeRecord caRecord, MetadataImport scope, Assembly& lastAptcaOkAssembly, RuntimeModule decoratedModule, MetadataToken decoratedToken, RuntimeType attributeFilterType, Boolean mustBeInheritable, Object[] attributes, IList derivedAttributes, RuntimeType& attributeType, IRuntimeMethodInfo& ctor, Boolean& ctorHasParameters, Boolean& isVarArg)
   at System.Reflection.CustomAttribute.GetCustomAttributes(RuntimeModule decoratedModule, Int32 decoratedMetadataToken, Int32 pcaCount, RuntimeType attributeFilterType, Boolean mustBeInheritable, IList derivedAttributes, Boolean isDecoratedTargetSecurityTransparent)
   at System.Reflection.CustomAttribute.GetCustomAttributes(RuntimeAssembly assembly, RuntimeType caType)
   at Owin.Loader.DefaultLoader.SearchForStartupAttribute(String friendlyName, IList`1 errors, Boolean& conflict)
   at Owin.Loader.DefaultLoader.LoadImplementation(String startupName, IList`1 errorDetails)
   at Microsoft.Owin.Host.SystemWeb.OwinBuilder.GetAppStartup()
   at Microsoft.Owin.Host.SystemWeb.OwinHttpModule.InitializeBlueprint()
   at System.Threading.LazyInitializer.EnsureInitializedCore[T](T& target, Boolean& initialized, Object& syncLock, Func`1 valueFactory)
   at Microsoft.Owin.Host.SystemWeb.OwinHttpModule.Init(HttpApplication context)
   at System.Web.HttpApplication.InitModulesCommon()
   at System.Web.HttpApplication.InitInternal(HttpContext context, HttpApplicationState state, MethodInfo[] handlers)
   at System.Web.HttpApplicationFactory.GetNormalApplicationInstance(HttpContext context)
   at System.Web.HttpApplicationFactory.GetApplicationInstance(HttpContext context)
   at System.Web.HttpRuntime.ProcessRequestInternal(HttpWorkerRequest wr)
-->"
]]></message>
                      <stack-trace><![CDATA[at TechTalk.SpecFlow.Bindings.BindingInvoker.InvokeBinding(IBinding binding, IContextManager contextManager, Object[] arguments, ITestTracer testTracer, TimeSpan& duration)
at TechTalk.SpecFlow.Infrastructure.TestExecutionEngine.ExecuteStepMatch(BindingMatch match, Object[] arguments)
at TechTalk.SpecFlow.Infrastructure.TestExecutionEngine.ExecuteStep(StepInstance stepInstance)
at TechTalk.SpecFlow.Infrastructure.TestExecutionEngine.OnAfterLastStep()
]]></stack-trace>
                    </failure>
                  </test-case>
                  <test-case name="Orchard.Specs.SetupFeature.SomeOfTheInitialFormValuesAreRequired" description="Some of the initial form values are required" executed="True" success="False" time="20.058" asserts="0">
                    <failure>
                      <message><![CDATA[System.NullReferenceException : Object reference not set to an instance of an object.]]></message>
                      <stack-trace><![CDATA[at Orchard.Specs.Bindings.Form.LocateAround(HtmlNode cornerstone) in e:\expedit\projects\nkd\src\main\NKD.Orchard\src\Orchard.Specs\Bindings\WebAppHosting.cs:line 386
at Orchard.Specs.Bindings.WebAppHosting.WhenIHit(String submitText) in e:\expedit\projects\nkd\src\main\NKD.Orchard\src\Orchard.Specs\Bindings\WebAppHosting.cs:line 309
at TechTalk.SpecFlow.Bindings.BindingInvoker.InvokeBinding(IBinding binding, IContextManager contextManager, Object[] arguments, ITestTracer testTracer, TimeSpan& duration)
at TechTalk.SpecFlow.Infrastructure.TestExecutionEngine.ExecuteStepMatch(BindingMatch match, Object[] arguments)
at TechTalk.SpecFlow.Infrastructure.TestExecutionEngine.ExecuteStep(StepInstance stepInstance)
at TechTalk.SpecFlow.Infrastructure.TestExecutionEngine.OnAfterLastStep()
]]></stack-trace>
                    </failure>
                  </test-case>
                </results>
              </test-suite>
              <test-suite name="TagsFeature" description="Tags" executed="True" success="False" time="42.293" asserts="0">
                <results>
                  <test-case name="Orchard.Specs.TagsFeature.ICanAddATagToANewPage" description="I can add a tag to a new Page" executed="True" success="False" time="22.969" asserts="1">
                    <failure>
                      <message><![CDATA[  Unable to locate <input> name SiteName in page html:

<!DOCTYPE html>
<html>
    <head>
        <title>Could not load file or assembly 'DevExpress.CodeRush.Common, Version=10.1.0.0, Culture=neutral, PublicKeyToken=35c9f04b7764aa3d' or one of its dependencies. The system cannot find the file specified.</title>
        <meta name="viewport" content="width=device-width" />
        <style>
         body {font-family:"Verdana";font-weight:normal;font-size: .7em;color:black;} 
         p {font-family:"Verdana";font-weight:normal;color:black;margin-top: -5px}
         b {font-family:"Verdana";font-weight:bold;color:black;margin-top: -5px}
         H1 { font-family:"Verdana";font-weight:normal;font-size:18pt;color:red }
         H2 { font-family:"Verdana";font-weight:normal;font-size:14pt;color:maroon }
         pre {font-family:"Consolas","Lucida Console",Monospace;font-size:11pt;margin:0;padding:0.5em;line-height:14pt}
         .marker {font-weight: bold; color: black;text-decoration: none;}
         .version {color: gray;}
         .error {margin-bottom: 10px;}
         .expandable { text-decoration:underline; font-weight:bold; color:navy; cursor:hand; }
         @media screen and (max-width: 639px) {
          pre { width: 440px; overflow: auto; white-space: pre-wrap; word-wrap: break-word; }
         }
         @media screen and (max-width: 479px) {
          pre { width: 280px; }
         }
        </style>
    </head>

    <body bgcolor="white">

            <span><H1>Server Error in '/' Application.<hr width=100% size=1 color=silver></H1>

            <h2> <i>Could not load file or assembly 'DevExpress.CodeRush.Common, Version=10.1.0.0, Culture=neutral, PublicKeyToken=35c9f04b7764aa3d' or one of its dependencies. The system cannot find the file specified.</i> </h2></span>

            <font face="Arial, Helvetica, Geneva, SunSans-Regular, sans-serif ">

            <b> Description: </b>An unhandled exception occurred during the execution of the current web request. Please review the stack trace for more information about the error and where it originated in the code.

            <br><br>

            <b> Exception Details: </b>System.IO.FileNotFoundException: Could not load file or assembly 'DevExpress.CodeRush.Common, Version=10.1.0.0, Culture=neutral, PublicKeyToken=35c9f04b7764aa3d' or one of its dependencies. The system cannot find the file specified.<br><br>

            <b>Source Error:</b> <br><br>

            <table width=100% bgcolor="#ffffcc">
               <tr>
                  <td>
                      <code>

An unhandled exception was generated during the execution of the current web request. Information regarding the origin and location of the exception can be identified using the exception stack trace below.</code>

                  </td>
               </tr>
            </table>

            <br>

            <b>Assembly Load Trace:</b> The following information can be helpful to determine why the assembly 'DevExpress.CodeRush.Common, Version=10.1.0.0, Culture=neutral, PublicKeyToken=35c9f04b7764aa3d' could not be loaded.<br><br>

            <table width=100% bgcolor="#ffffcc">
               <tr>
                  <td>
                      <code><pre>

WRN: Assembly binding logging is turned OFF.
To enable assembly bind failure logging, set the registry value [HKLM\Software\Microsoft\Fusion!EnableLog] (DWORD) to 1.
Note: There is some performance penalty associated with assembly bind failure logging.
To turn this feature off, remove the registry value [HKLM\Software\Microsoft\Fusion!EnableLog].
</pre></code>

                  </td>
               </tr>
            </table>

            <br>

            <b>Stack Trace:</b> <br><br>

            <table width=100% bgcolor="#ffffcc">
               <tr>
                  <td>
                      <code><pre>

[FileNotFoundException: Could not load file or assembly &#39;DevExpress.CodeRush.Common, Version=10.1.0.0, Culture=neutral, PublicKeyToken=35c9f04b7764aa3d&#39; or one of its dependencies. The system cannot find the file specified.]
   System.ModuleHandle.ResolveType(RuntimeModule module, Int32 typeToken, IntPtr* typeInstArgs, Int32 typeInstCount, IntPtr* methodInstArgs, Int32 methodInstCount, ObjectHandleOnStack type) +0
   System.ModuleHandle.ResolveTypeHandleInternal(RuntimeModule module, Int32 typeToken, RuntimeTypeHandle[] typeInstantiationContext, RuntimeTypeHandle[] methodInstantiationContext) +371
   System.ModuleHandle.ResolveTypeHandle(Int32 typeToken, RuntimeTypeHandle[] typeInstantiationContext, RuntimeTypeHandle[] methodInstantiationContext) +19
   System.Reflection.RuntimeModule.ResolveType(Int32 metadataToken, Type[] genericTypeArguments, Type[] genericMethodArguments) +319
   System.Reflection.CustomAttribute.FilterCustomAttributeRecord(CustomAttributeRecord caRecord, MetadataImport scope, Assembly&amp; lastAptcaOkAssembly, RuntimeModule decoratedModule, MetadataToken decoratedToken, RuntimeType attributeFilterType, Boolean mustBeInheritable, Object[] attributes, IList derivedAttributes, RuntimeType&amp; attributeType, IRuntimeMethodInfo&amp; ctor, Boolean&amp; ctorHasParameters, Boolean&amp; isVarArg) +203
   System.Reflection.CustomAttribute.GetCustomAttributes(RuntimeModule decoratedModule, Int32 decoratedMetadataToken, Int32 pcaCount, RuntimeType attributeFilterType, Boolean mustBeInheritable, IList derivedAttributes, Boolean isDecoratedTargetSecurityTransparent) +1179
   System.Reflection.CustomAttribute.GetCustomAttributes(RuntimeAssembly assembly, RuntimeType caType) +146
   Owin.Loader.DefaultLoader.SearchForStartupAttribute(String friendlyName, IList`1 errors, Boolean&amp; conflict) +180
   Owin.Loader.DefaultLoader.LoadImplementation(String startupName, IList`1 errorDetails) +184
   Microsoft.Owin.Host.SystemWeb.OwinBuilder.GetAppStartup() +138
   Microsoft.Owin.Host.SystemWeb.OwinHttpModule.InitializeBlueprint() +38
   System.Threading.LazyInitializer.EnsureInitializedCore(T&amp; target, Boolean&amp; initialized, Object&amp; syncLock, Func`1 valueFactory) +241
   Microsoft.Owin.Host.SystemWeb.OwinHttpModule.Init(HttpApplication context) +129
   System.Web.HttpApplication.InitModulesCommon() +192
   System.Web.HttpApplication.InitInternal(HttpContext context, HttpApplicationState state, MethodInfo[] handlers) +1582
   System.Web.HttpApplicationFactory.GetNormalApplicationInstance(HttpContext context) +365
   System.Web.HttpApplicationFactory.GetApplicationInstance(HttpContext context) +200
   System.Web.HttpRuntime.ProcessRequestInternal(HttpWorkerRequest wr) +591
</pre></code>

                  </td>
               </tr>
            </table>

            <br>

            <hr width=100% size=1 color=silver>

            <b>Version Information:</b>&nbsp;Microsoft .NET Framework Version:4.0.30319; ASP.NET Version:4.0.30319.34009

            </font>

    </body>
</html>
<!-- 
[FileNotFoundException]: Could not load file or assembly &#39;DevExpress.CodeRush.Common, Version=10.1.0.0, Culture=neutral, PublicKeyToken=35c9f04b7764aa3d&#39; or one of its dependencies. The system cannot find the file specified.
   at System.ModuleHandle.ResolveType(RuntimeModule module, Int32 typeToken, IntPtr* typeInstArgs, Int32 typeInstCount, IntPtr* methodInstArgs, Int32 methodInstCount, ObjectHandleOnStack type)
   at System.ModuleHandle.ResolveTypeHandleInternal(RuntimeModule module, Int32 typeToken, RuntimeTypeHandle[] typeInstantiationContext, RuntimeTypeHandle[] methodInstantiationContext)
   at System.ModuleHandle.ResolveTypeHandle(Int32 typeToken, RuntimeTypeHandle[] typeInstantiationContext, RuntimeTypeHandle[] methodInstantiationContext)
   at System.Reflection.RuntimeModule.ResolveType(Int32 metadataToken, Type[] genericTypeArguments, Type[] genericMethodArguments)
   at System.Reflection.CustomAttribute.FilterCustomAttributeRecord(CustomAttributeRecord caRecord, MetadataImport scope, Assembly& lastAptcaOkAssembly, RuntimeModule decoratedModule, MetadataToken decoratedToken, RuntimeType attributeFilterType, Boolean mustBeInheritable, Object[] attributes, IList derivedAttributes, RuntimeType& attributeType, IRuntimeMethodInfo& ctor, Boolean& ctorHasParameters, Boolean& isVarArg)
   at System.Reflection.CustomAttribute.GetCustomAttributes(RuntimeModule decoratedModule, Int32 decoratedMetadataToken, Int32 pcaCount, RuntimeType attributeFilterType, Boolean mustBeInheritable, IList derivedAttributes, Boolean isDecoratedTargetSecurityTransparent)
   at System.Reflection.CustomAttribute.GetCustomAttributes(RuntimeAssembly assembly, RuntimeType caType)
   at Owin.Loader.DefaultLoader.SearchForStartupAttribute(String friendlyName, IList`1 errors, Boolean& conflict)
   at Owin.Loader.DefaultLoader.LoadImplementation(String startupName, IList`1 errorDetails)
   at Microsoft.Owin.Host.SystemWeb.OwinBuilder.GetAppStartup()
   at Microsoft.Owin.Host.SystemWeb.OwinHttpModule.InitializeBlueprint()
   at System.Threading.LazyInitializer.EnsureInitializedCore[T](T& target, Boolean& initialized, Object& syncLock, Func`1 valueFactory)
   at Microsoft.Owin.Host.SystemWeb.OwinHttpModule.Init(HttpApplication context)
   at System.Web.HttpApplication.InitModulesCommon()
   at System.Web.HttpApplication.InitInternal(HttpContext context, HttpApplicationState state, MethodInfo[] handlers)
   at System.Web.HttpApplicationFactory.GetNormalApplicationInstance(HttpContext context)
   at System.Web.HttpApplicationFactory.GetApplicationInstance(HttpContext context)
   at System.Web.HttpRuntime.ProcessRequestInternal(HttpWorkerRequest wr)
-->
  Expected: not null
  But was:  null
]]></message>
                      <stack-trace><![CDATA[at Orchard.Specs.Bindings.WebAppHosting.WhenIFillIn(Table table) in e:\expedit\projects\nkd\src\main\NKD.Orchard\src\Orchard.Specs\Bindings\WebAppHosting.cs:line 254
at Orchard.Specs.Bindings.OrchardSiteFactory.GivenIHaveInstalledOrchard(String virtualDirectory) in e:\expedit\projects\nkd\src\main\NKD.Orchard\src\Orchard.Specs\Bindings\OrchardSiteFactory.cs:line 38
at TechTalk.SpecFlow.Bindings.BindingInvoker.InvokeBinding(IBinding binding, IContextManager contextManager, Object[] arguments, ITestTracer testTracer, TimeSpan& duration)
at TechTalk.SpecFlow.Infrastructure.TestExecutionEngine.ExecuteStepMatch(BindingMatch match, Object[] arguments)
at TechTalk.SpecFlow.Infrastructure.TestExecutionEngine.ExecuteStep(StepInstance stepInstance)
at TechTalk.SpecFlow.Infrastructure.TestExecutionEngine.OnAfterLastStep()
]]></stack-trace>
                    </failure>
                  </test-case>
                  <test-case name="Orchard.Specs.TagsFeature.ICanTAddATagWithDisallowedCharsToANewPage" description="I can't add a tag with disallowed chars to a new Page" executed="True" success="False" time="19.319" asserts="1">
                    <failure>
                      <message><![CDATA[  Unable to locate <input> name SiteName in page html:

<!DOCTYPE html>
<html>
    <head>
        <title>Could not load file or assembly 'DevExpress.CodeRush.Common, Version=10.1.0.0, Culture=neutral, PublicKeyToken=35c9f04b7764aa3d' or one of its dependencies. The system cannot find the file specified.</title>
        <meta name="viewport" content="width=device-width" />
        <style>
         body {font-family:"Verdana";font-weight:normal;font-size: .7em;color:black;} 
         p {font-family:"Verdana";font-weight:normal;color:black;margin-top: -5px}
         b {font-family:"Verdana";font-weight:bold;color:black;margin-top: -5px}
         H1 { font-family:"Verdana";font-weight:normal;font-size:18pt;color:red }
         H2 { font-family:"Verdana";font-weight:normal;font-size:14pt;color:maroon }
         pre {font-family:"Consolas","Lucida Console",Monospace;font-size:11pt;margin:0;padding:0.5em;line-height:14pt}
         .marker {font-weight: bold; color: black;text-decoration: none;}
         .version {color: gray;}
         .error {margin-bottom: 10px;}
         .expandable { text-decoration:underline; font-weight:bold; color:navy; cursor:hand; }
         @media screen and (max-width: 639px) {
          pre { width: 440px; overflow: auto; white-space: pre-wrap; word-wrap: break-word; }
         }
         @media screen and (max-width: 479px) {
          pre { width: 280px; }
         }
        </style>
    </head>

    <body bgcolor="white">

            <span><H1>Server Error in '/' Application.<hr width=100% size=1 color=silver></H1>

            <h2> <i>Could not load file or assembly 'DevExpress.CodeRush.Common, Version=10.1.0.0, Culture=neutral, PublicKeyToken=35c9f04b7764aa3d' or one of its dependencies. The system cannot find the file specified.</i> </h2></span>

            <font face="Arial, Helvetica, Geneva, SunSans-Regular, sans-serif ">

            <b> Description: </b>An unhandled exception occurred during the execution of the current web request. Please review the stack trace for more information about the error and where it originated in the code.

            <br><br>

            <b> Exception Details: </b>System.IO.FileNotFoundException: Could not load file or assembly 'DevExpress.CodeRush.Common, Version=10.1.0.0, Culture=neutral, PublicKeyToken=35c9f04b7764aa3d' or one of its dependencies. The system cannot find the file specified.<br><br>

            <b>Source Error:</b> <br><br>

            <table width=100% bgcolor="#ffffcc">
               <tr>
                  <td>
                      <code>

An unhandled exception was generated during the execution of the current web request. Information regarding the origin and location of the exception can be identified using the exception stack trace below.</code>

                  </td>
               </tr>
            </table>

            <br>

            <b>Assembly Load Trace:</b> The following information can be helpful to determine why the assembly 'DevExpress.CodeRush.Common, Version=10.1.0.0, Culture=neutral, PublicKeyToken=35c9f04b7764aa3d' could not be loaded.<br><br>

            <table width=100% bgcolor="#ffffcc">
               <tr>
                  <td>
                      <code><pre>

WRN: Assembly binding logging is turned OFF.
To enable assembly bind failure logging, set the registry value [HKLM\Software\Microsoft\Fusion!EnableLog] (DWORD) to 1.
Note: There is some performance penalty associated with assembly bind failure logging.
To turn this feature off, remove the registry value [HKLM\Software\Microsoft\Fusion!EnableLog].
</pre></code>

                  </td>
               </tr>
            </table>

            <br>

            <b>Stack Trace:</b> <br><br>

            <table width=100% bgcolor="#ffffcc">
               <tr>
                  <td>
                      <code><pre>

[FileNotFoundException: Could not load file or assembly &#39;DevExpress.CodeRush.Common, Version=10.1.0.0, Culture=neutral, PublicKeyToken=35c9f04b7764aa3d&#39; or one of its dependencies. The system cannot find the file specified.]
   System.ModuleHandle.ResolveType(RuntimeModule module, Int32 typeToken, IntPtr* typeInstArgs, Int32 typeInstCount, IntPtr* methodInstArgs, Int32 methodInstCount, ObjectHandleOnStack type) +0
   System.ModuleHandle.ResolveTypeHandleInternal(RuntimeModule module, Int32 typeToken, RuntimeTypeHandle[] typeInstantiationContext, RuntimeTypeHandle[] methodInstantiationContext) +371
   System.ModuleHandle.ResolveTypeHandle(Int32 typeToken, RuntimeTypeHandle[] typeInstantiationContext, RuntimeTypeHandle[] methodInstantiationContext) +19
   System.Reflection.RuntimeModule.ResolveType(Int32 metadataToken, Type[] genericTypeArguments, Type[] genericMethodArguments) +319
   System.Reflection.CustomAttribute.FilterCustomAttributeRecord(CustomAttributeRecord caRecord, MetadataImport scope, Assembly&amp; lastAptcaOkAssembly, RuntimeModule decoratedModule, MetadataToken decoratedToken, RuntimeType attributeFilterType, Boolean mustBeInheritable, Object[] attributes, IList derivedAttributes, RuntimeType&amp; attributeType, IRuntimeMethodInfo&amp; ctor, Boolean&amp; ctorHasParameters, Boolean&amp; isVarArg) +203
   System.Reflection.CustomAttribute.GetCustomAttributes(RuntimeModule decoratedModule, Int32 decoratedMetadataToken, Int32 pcaCount, RuntimeType attributeFilterType, Boolean mustBeInheritable, IList derivedAttributes, Boolean isDecoratedTargetSecurityTransparent) +1179
   System.Reflection.CustomAttribute.GetCustomAttributes(RuntimeAssembly assembly, RuntimeType caType) +146
   Owin.Loader.DefaultLoader.SearchForStartupAttribute(String friendlyName, IList`1 errors, Boolean&amp; conflict) +180
   Owin.Loader.DefaultLoader.LoadImplementation(String startupName, IList`1 errorDetails) +184
   Microsoft.Owin.Host.SystemWeb.OwinBuilder.GetAppStartup() +138
   Microsoft.Owin.Host.SystemWeb.OwinHttpModule.InitializeBlueprint() +38
   System.Threading.LazyInitializer.EnsureInitializedCore(T&amp; target, Boolean&amp; initialized, Object&amp; syncLock, Func`1 valueFactory) +241
   Microsoft.Owin.Host.SystemWeb.OwinHttpModule.Init(HttpApplication context) +129
   System.Web.HttpApplication.InitModulesCommon() +192
   System.Web.HttpApplication.InitInternal(HttpContext context, HttpApplicationState state, MethodInfo[] handlers) +1582
   System.Web.HttpApplicationFactory.GetNormalApplicationInstance(HttpContext context) +365
   System.Web.HttpApplicationFactory.GetApplicationInstance(HttpContext context) +200
   System.Web.HttpRuntime.ProcessRequestInternal(HttpWorkerRequest wr) +591
</pre></code>

                  </td>
               </tr>
            </table>

            <br>

            <hr width=100% size=1 color=silver>

            <b>Version Information:</b>&nbsp;Microsoft .NET Framework Version:4.0.30319; ASP.NET Version:4.0.30319.34009

            </font>

    </body>
</html>
<!-- 
[FileNotFoundException]: Could not load file or assembly &#39;DevExpress.CodeRush.Common, Version=10.1.0.0, Culture=neutral, PublicKeyToken=35c9f04b7764aa3d&#39; or one of its dependencies. The system cannot find the file specified.
   at System.ModuleHandle.ResolveType(RuntimeModule module, Int32 typeToken, IntPtr* typeInstArgs, Int32 typeInstCount, IntPtr* methodInstArgs, Int32 methodInstCount, ObjectHandleOnStack type)
   at System.ModuleHandle.ResolveTypeHandleInternal(RuntimeModule module, Int32 typeToken, RuntimeTypeHandle[] typeInstantiationContext, RuntimeTypeHandle[] methodInstantiationContext)
   at System.ModuleHandle.ResolveTypeHandle(Int32 typeToken, RuntimeTypeHandle[] typeInstantiationContext, RuntimeTypeHandle[] methodInstantiationContext)
   at System.Reflection.RuntimeModule.ResolveType(Int32 metadataToken, Type[] genericTypeArguments, Type[] genericMethodArguments)
   at System.Reflection.CustomAttribute.FilterCustomAttributeRecord(CustomAttributeRecord caRecord, MetadataImport scope, Assembly& lastAptcaOkAssembly, RuntimeModule decoratedModule, MetadataToken decoratedToken, RuntimeType attributeFilterType, Boolean mustBeInheritable, Object[] attributes, IList derivedAttributes, RuntimeType& attributeType, IRuntimeMethodInfo& ctor, Boolean& ctorHasParameters, Boolean& isVarArg)
   at System.Reflection.CustomAttribute.GetCustomAttributes(RuntimeModule decoratedModule, Int32 decoratedMetadataToken, Int32 pcaCount, RuntimeType attributeFilterType, Boolean mustBeInheritable, IList derivedAttributes, Boolean isDecoratedTargetSecurityTransparent)
   at System.Reflection.CustomAttribute.GetCustomAttributes(RuntimeAssembly assembly, RuntimeType caType)
   at Owin.Loader.DefaultLoader.SearchForStartupAttribute(String friendlyName, IList`1 errors, Boolean& conflict)
   at Owin.Loader.DefaultLoader.LoadImplementation(String startupName, IList`1 errorDetails)
   at Microsoft.Owin.Host.SystemWeb.OwinBuilder.GetAppStartup()
   at Microsoft.Owin.Host.SystemWeb.OwinHttpModule.InitializeBlueprint()
   at System.Threading.LazyInitializer.EnsureInitializedCore[T](T& target, Boolean& initialized, Object& syncLock, Func`1 valueFactory)
   at Microsoft.Owin.Host.SystemWeb.OwinHttpModule.Init(HttpApplication context)
   at System.Web.HttpApplication.InitModulesCommon()
   at System.Web.HttpApplication.InitInternal(HttpContext context, HttpApplicationState state, MethodInfo[] handlers)
   at System.Web.HttpApplicationFactory.GetNormalApplicationInstance(HttpContext context)
   at System.Web.HttpApplicationFactory.GetApplicationInstance(HttpContext context)
   at System.Web.HttpRuntime.ProcessRequestInternal(HttpWorkerRequest wr)
-->
  Expected: not null
  But was:  null
]]></message>
                      <stack-trace><![CDATA[at Orchard.Specs.Bindings.WebAppHosting.WhenIFillIn(Table table) in e:\expedit\projects\nkd\src\main\NKD.Orchard\src\Orchard.Specs\Bindings\WebAppHosting.cs:line 254
at Orchard.Specs.Bindings.OrchardSiteFactory.GivenIHaveInstalledOrchard(String virtualDirectory) in e:\expedit\projects\nkd\src\main\NKD.Orchard\src\Orchard.Specs\Bindings\OrchardSiteFactory.cs:line 38
at TechTalk.SpecFlow.Bindings.BindingInvoker.InvokeBinding(IBinding binding, IContextManager contextManager, Object[] arguments, ITestTracer testTracer, TimeSpan& duration)
at TechTalk.SpecFlow.Infrastructure.TestExecutionEngine.ExecuteStepMatch(BindingMatch match, Object[] arguments)
at TechTalk.SpecFlow.Infrastructure.TestExecutionEngine.ExecuteStep(StepInstance stepInstance)
at TechTalk.SpecFlow.Infrastructure.TestExecutionEngine.OnAfterLastStep()
]]></stack-trace>
                    </failure>
                  </test-case>
                </results>
              </test-suite>
              <test-suite name="TheAdminSideOfTheAppFeature" description="The Admin side of the app" executed="True" success="False" time="20.452" asserts="0">
                <results>
                  <test-case name="Orchard.Specs.TheAdminSideOfTheAppFeature.TheCurrentVersionOfOrchardIsDisplayedInTheAdmin" description="The current version of Orchard is displayed in the admin" executed="True" success="False" time="20.450" asserts="1">
                    <failure>
                      <message><![CDATA[  Unable to locate <input> name SiteName in page html:

<!DOCTYPE html>
<html>
    <head>
        <title>Could not load file or assembly 'DevExpress.CodeRush.Common, Version=10.1.0.0, Culture=neutral, PublicKeyToken=35c9f04b7764aa3d' or one of its dependencies. The system cannot find the file specified.</title>
        <meta name="viewport" content="width=device-width" />
        <style>
         body {font-family:"Verdana";font-weight:normal;font-size: .7em;color:black;} 
         p {font-family:"Verdana";font-weight:normal;color:black;margin-top: -5px}
         b {font-family:"Verdana";font-weight:bold;color:black;margin-top: -5px}
         H1 { font-family:"Verdana";font-weight:normal;font-size:18pt;color:red }
         H2 { font-family:"Verdana";font-weight:normal;font-size:14pt;color:maroon }
         pre {font-family:"Consolas","Lucida Console",Monospace;font-size:11pt;margin:0;padding:0.5em;line-height:14pt}
         .marker {font-weight: bold; color: black;text-decoration: none;}
         .version {color: gray;}
         .error {margin-bottom: 10px;}
         .expandable { text-decoration:underline; font-weight:bold; color:navy; cursor:hand; }
         @media screen and (max-width: 639px) {
          pre { width: 440px; overflow: auto; white-space: pre-wrap; word-wrap: break-word; }
         }
         @media screen and (max-width: 479px) {
          pre { width: 280px; }
         }
        </style>
    </head>

    <body bgcolor="white">

            <span><H1>Server Error in '/' Application.<hr width=100% size=1 color=silver></H1>

            <h2> <i>Could not load file or assembly 'DevExpress.CodeRush.Common, Version=10.1.0.0, Culture=neutral, PublicKeyToken=35c9f04b7764aa3d' or one of its dependencies. The system cannot find the file specified.</i> </h2></span>

            <font face="Arial, Helvetica, Geneva, SunSans-Regular, sans-serif ">

            <b> Description: </b>An unhandled exception occurred during the execution of the current web request. Please review the stack trace for more information about the error and where it originated in the code.

            <br><br>

            <b> Exception Details: </b>System.IO.FileNotFoundException: Could not load file or assembly 'DevExpress.CodeRush.Common, Version=10.1.0.0, Culture=neutral, PublicKeyToken=35c9f04b7764aa3d' or one of its dependencies. The system cannot find the file specified.<br><br>

            <b>Source Error:</b> <br><br>

            <table width=100% bgcolor="#ffffcc">
               <tr>
                  <td>
                      <code>

An unhandled exception was generated during the execution of the current web request. Information regarding the origin and location of the exception can be identified using the exception stack trace below.</code>

                  </td>
               </tr>
            </table>

            <br>

            <b>Assembly Load Trace:</b> The following information can be helpful to determine why the assembly 'DevExpress.CodeRush.Common, Version=10.1.0.0, Culture=neutral, PublicKeyToken=35c9f04b7764aa3d' could not be loaded.<br><br>

            <table width=100% bgcolor="#ffffcc">
               <tr>
                  <td>
                      <code><pre>

WRN: Assembly binding logging is turned OFF.
To enable assembly bind failure logging, set the registry value [HKLM\Software\Microsoft\Fusion!EnableLog] (DWORD) to 1.
Note: There is some performance penalty associated with assembly bind failure logging.
To turn this feature off, remove the registry value [HKLM\Software\Microsoft\Fusion!EnableLog].
</pre></code>

                  </td>
               </tr>
            </table>

            <br>

            <b>Stack Trace:</b> <br><br>

            <table width=100% bgcolor="#ffffcc">
               <tr>
                  <td>
                      <code><pre>

[FileNotFoundException: Could not load file or assembly &#39;DevExpress.CodeRush.Common, Version=10.1.0.0, Culture=neutral, PublicKeyToken=35c9f04b7764aa3d&#39; or one of its dependencies. The system cannot find the file specified.]
   System.ModuleHandle.ResolveType(RuntimeModule module, Int32 typeToken, IntPtr* typeInstArgs, Int32 typeInstCount, IntPtr* methodInstArgs, Int32 methodInstCount, ObjectHandleOnStack type) +0
   System.ModuleHandle.ResolveTypeHandleInternal(RuntimeModule module, Int32 typeToken, RuntimeTypeHandle[] typeInstantiationContext, RuntimeTypeHandle[] methodInstantiationContext) +371
   System.ModuleHandle.ResolveTypeHandle(Int32 typeToken, RuntimeTypeHandle[] typeInstantiationContext, RuntimeTypeHandle[] methodInstantiationContext) +19
   System.Reflection.RuntimeModule.ResolveType(Int32 metadataToken, Type[] genericTypeArguments, Type[] genericMethodArguments) +319
   System.Reflection.CustomAttribute.FilterCustomAttributeRecord(CustomAttributeRecord caRecord, MetadataImport scope, Assembly&amp; lastAptcaOkAssembly, RuntimeModule decoratedModule, MetadataToken decoratedToken, RuntimeType attributeFilterType, Boolean mustBeInheritable, Object[] attributes, IList derivedAttributes, RuntimeType&amp; attributeType, IRuntimeMethodInfo&amp; ctor, Boolean&amp; ctorHasParameters, Boolean&amp; isVarArg) +203
   System.Reflection.CustomAttribute.GetCustomAttributes(RuntimeModule decoratedModule, Int32 decoratedMetadataToken, Int32 pcaCount, RuntimeType attributeFilterType, Boolean mustBeInheritable, IList derivedAttributes, Boolean isDecoratedTargetSecurityTransparent) +1179
   System.Reflection.CustomAttribute.GetCustomAttributes(RuntimeAssembly assembly, RuntimeType caType) +146
   Owin.Loader.DefaultLoader.SearchForStartupAttribute(String friendlyName, IList`1 errors, Boolean&amp; conflict) +180
   Owin.Loader.DefaultLoader.LoadImplementation(String startupName, IList`1 errorDetails) +184
   Microsoft.Owin.Host.SystemWeb.OwinBuilder.GetAppStartup() +138
   Microsoft.Owin.Host.SystemWeb.OwinHttpModule.InitializeBlueprint() +38
   System.Threading.LazyInitializer.EnsureInitializedCore(T&amp; target, Boolean&amp; initialized, Object&amp; syncLock, Func`1 valueFactory) +241
   Microsoft.Owin.Host.SystemWeb.OwinHttpModule.Init(HttpApplication context) +129
   System.Web.HttpApplication.InitModulesCommon() +192
   System.Web.HttpApplication.InitInternal(HttpContext context, HttpApplicationState state, MethodInfo[] handlers) +1582
   System.Web.HttpApplicationFactory.GetNormalApplicationInstance(HttpContext context) +365
   System.Web.HttpApplicationFactory.GetApplicationInstance(HttpContext context) +200
   System.Web.HttpRuntime.ProcessRequestInternal(HttpWorkerRequest wr) +591
</pre></code>

                  </td>
               </tr>
            </table>

            <br>

            <hr width=100% size=1 color=silver>

            <b>Version Information:</b>&nbsp;Microsoft .NET Framework Version:4.0.30319; ASP.NET Version:4.0.30319.34009

            </font>

    </body>
</html>
<!-- 
[FileNotFoundException]: Could not load file or assembly &#39;DevExpress.CodeRush.Common, Version=10.1.0.0, Culture=neutral, PublicKeyToken=35c9f04b7764aa3d&#39; or one of its dependencies. The system cannot find the file specified.
   at System.ModuleHandle.ResolveType(RuntimeModule module, Int32 typeToken, IntPtr* typeInstArgs, Int32 typeInstCount, IntPtr* methodInstArgs, Int32 methodInstCount, ObjectHandleOnStack type)
   at System.ModuleHandle.ResolveTypeHandleInternal(RuntimeModule module, Int32 typeToken, RuntimeTypeHandle[] typeInstantiationContext, RuntimeTypeHandle[] methodInstantiationContext)
   at System.ModuleHandle.ResolveTypeHandle(Int32 typeToken, RuntimeTypeHandle[] typeInstantiationContext, RuntimeTypeHandle[] methodInstantiationContext)
   at System.Reflection.RuntimeModule.ResolveType(Int32 metadataToken, Type[] genericTypeArguments, Type[] genericMethodArguments)
   at System.Reflection.CustomAttribute.FilterCustomAttributeRecord(CustomAttributeRecord caRecord, MetadataImport scope, Assembly& lastAptcaOkAssembly, RuntimeModule decoratedModule, MetadataToken decoratedToken, RuntimeType attributeFilterType, Boolean mustBeInheritable, Object[] attributes, IList derivedAttributes, RuntimeType& attributeType, IRuntimeMethodInfo& ctor, Boolean& ctorHasParameters, Boolean& isVarArg)
   at System.Reflection.CustomAttribute.GetCustomAttributes(RuntimeModule decoratedModule, Int32 decoratedMetadataToken, Int32 pcaCount, RuntimeType attributeFilterType, Boolean mustBeInheritable, IList derivedAttributes, Boolean isDecoratedTargetSecurityTransparent)
   at System.Reflection.CustomAttribute.GetCustomAttributes(RuntimeAssembly assembly, RuntimeType caType)
   at Owin.Loader.DefaultLoader.SearchForStartupAttribute(String friendlyName, IList`1 errors, Boolean& conflict)
   at Owin.Loader.DefaultLoader.LoadImplementation(String startupName, IList`1 errorDetails)
   at Microsoft.Owin.Host.SystemWeb.OwinBuilder.GetAppStartup()
   at Microsoft.Owin.Host.SystemWeb.OwinHttpModule.InitializeBlueprint()
   at System.Threading.LazyInitializer.EnsureInitializedCore[T](T& target, Boolean& initialized, Object& syncLock, Func`1 valueFactory)
   at Microsoft.Owin.Host.SystemWeb.OwinHttpModule.Init(HttpApplication context)
   at System.Web.HttpApplication.InitModulesCommon()
   at System.Web.HttpApplication.InitInternal(HttpContext context, HttpApplicationState state, MethodInfo[] handlers)
   at System.Web.HttpApplicationFactory.GetNormalApplicationInstance(HttpContext context)
   at System.Web.HttpApplicationFactory.GetApplicationInstance(HttpContext context)
   at System.Web.HttpRuntime.ProcessRequestInternal(HttpWorkerRequest wr)
-->
  Expected: not null
  But was:  null
]]></message>
                      <stack-trace><![CDATA[at Orchard.Specs.Bindings.WebAppHosting.WhenIFillIn(Table table) in e:\expedit\projects\nkd\src\main\NKD.Orchard\src\Orchard.Specs\Bindings\WebAppHosting.cs:line 254
at Orchard.Specs.Bindings.OrchardSiteFactory.GivenIHaveInstalledOrchard(String virtualDirectory) in e:\expedit\projects\nkd\src\main\NKD.Orchard\src\Orchard.Specs\Bindings\OrchardSiteFactory.cs:line 38
at TechTalk.SpecFlow.Bindings.BindingInvoker.InvokeBinding(IBinding binding, IContextManager contextManager, Object[] arguments, ITestTracer testTracer, TimeSpan& duration)
at TechTalk.SpecFlow.Infrastructure.TestExecutionEngine.ExecuteStepMatch(BindingMatch match, Object[] arguments)
at TechTalk.SpecFlow.Infrastructure.TestExecutionEngine.ExecuteStep(StepInstance stepInstance)
at TechTalk.SpecFlow.Infrastructure.TestExecutionEngine.OnAfterLastStep()
]]></stack-trace>
                    </failure>
                  </test-case>
                </results>
              </test-suite>
              <test-suite name="TheCompilationOfModulesInstalledInASiteFeature" description="The compilation of modules installed in a site" executed="True" success="False" time="115.702" asserts="0">
                <results>
                  <test-case name="Orchard.Specs.TheCompilationOfModulesInstalledInASiteFeature.DynamicCompilationCanBeDisabled" description="Dynamic compilation can be disabled" executed="True" success="False" time="21.408" asserts="1">
                    <failure>
                      <message><![CDATA[  Unable to locate <input> name SiteName in page html:

<!DOCTYPE html>
<html>
    <head>
        <title>Could not load file or assembly 'DevExpress.CodeRush.Common, Version=10.1.0.0, Culture=neutral, PublicKeyToken=35c9f04b7764aa3d' or one of its dependencies. The system cannot find the file specified.</title>
        <meta name="viewport" content="width=device-width" />
        <style>
         body {font-family:"Verdana";font-weight:normal;font-size: .7em;color:black;} 
         p {font-family:"Verdana";font-weight:normal;color:black;margin-top: -5px}
         b {font-family:"Verdana";font-weight:bold;color:black;margin-top: -5px}
         H1 { font-family:"Verdana";font-weight:normal;font-size:18pt;color:red }
         H2 { font-family:"Verdana";font-weight:normal;font-size:14pt;color:maroon }
         pre {font-family:"Consolas","Lucida Console",Monospace;font-size:11pt;margin:0;padding:0.5em;line-height:14pt}
         .marker {font-weight: bold; color: black;text-decoration: none;}
         .version {color: gray;}
         .error {margin-bottom: 10px;}
         .expandable { text-decoration:underline; font-weight:bold; color:navy; cursor:hand; }
         @media screen and (max-width: 639px) {
          pre { width: 440px; overflow: auto; white-space: pre-wrap; word-wrap: break-word; }
         }
         @media screen and (max-width: 479px) {
          pre { width: 280px; }
         }
        </style>
    </head>

    <body bgcolor="white">

            <span><H1>Server Error in '/' Application.<hr width=100% size=1 color=silver></H1>

            <h2> <i>Could not load file or assembly 'DevExpress.CodeRush.Common, Version=10.1.0.0, Culture=neutral, PublicKeyToken=35c9f04b7764aa3d' or one of its dependencies. The system cannot find the file specified.</i> </h2></span>

            <font face="Arial, Helvetica, Geneva, SunSans-Regular, sans-serif ">

            <b> Description: </b>An unhandled exception occurred during the execution of the current web request. Please review the stack trace for more information about the error and where it originated in the code.

            <br><br>

            <b> Exception Details: </b>System.IO.FileNotFoundException: Could not load file or assembly 'DevExpress.CodeRush.Common, Version=10.1.0.0, Culture=neutral, PublicKeyToken=35c9f04b7764aa3d' or one of its dependencies. The system cannot find the file specified.<br><br>

            <b>Source Error:</b> <br><br>

            <table width=100% bgcolor="#ffffcc">
               <tr>
                  <td>
                      <code>

An unhandled exception was generated during the execution of the current web request. Information regarding the origin and location of the exception can be identified using the exception stack trace below.</code>

                  </td>
               </tr>
            </table>

            <br>

            <b>Assembly Load Trace:</b> The following information can be helpful to determine why the assembly 'DevExpress.CodeRush.Common, Version=10.1.0.0, Culture=neutral, PublicKeyToken=35c9f04b7764aa3d' could not be loaded.<br><br>

            <table width=100% bgcolor="#ffffcc">
               <tr>
                  <td>
                      <code><pre>

WRN: Assembly binding logging is turned OFF.
To enable assembly bind failure logging, set the registry value [HKLM\Software\Microsoft\Fusion!EnableLog] (DWORD) to 1.
Note: There is some performance penalty associated with assembly bind failure logging.
To turn this feature off, remove the registry value [HKLM\Software\Microsoft\Fusion!EnableLog].
</pre></code>

                  </td>
               </tr>
            </table>

            <br>

            <b>Stack Trace:</b> <br><br>

            <table width=100% bgcolor="#ffffcc">
               <tr>
                  <td>
                      <code><pre>

[FileNotFoundException: Could not load file or assembly &#39;DevExpress.CodeRush.Common, Version=10.1.0.0, Culture=neutral, PublicKeyToken=35c9f04b7764aa3d&#39; or one of its dependencies. The system cannot find the file specified.]
   System.ModuleHandle.ResolveType(RuntimeModule module, Int32 typeToken, IntPtr* typeInstArgs, Int32 typeInstCount, IntPtr* methodInstArgs, Int32 methodInstCount, ObjectHandleOnStack type) +0
   System.ModuleHandle.ResolveTypeHandleInternal(RuntimeModule module, Int32 typeToken, RuntimeTypeHandle[] typeInstantiationContext, RuntimeTypeHandle[] methodInstantiationContext) +371
   System.ModuleHandle.ResolveTypeHandle(Int32 typeToken, RuntimeTypeHandle[] typeInstantiationContext, RuntimeTypeHandle[] methodInstantiationContext) +19
   System.Reflection.RuntimeModule.ResolveType(Int32 metadataToken, Type[] genericTypeArguments, Type[] genericMethodArguments) +319
   System.Reflection.CustomAttribute.FilterCustomAttributeRecord(CustomAttributeRecord caRecord, MetadataImport scope, Assembly&amp; lastAptcaOkAssembly, RuntimeModule decoratedModule, MetadataToken decoratedToken, RuntimeType attributeFilterType, Boolean mustBeInheritable, Object[] attributes, IList derivedAttributes, RuntimeType&amp; attributeType, IRuntimeMethodInfo&amp; ctor, Boolean&amp; ctorHasParameters, Boolean&amp; isVarArg) +203
   System.Reflection.CustomAttribute.GetCustomAttributes(RuntimeModule decoratedModule, Int32 decoratedMetadataToken, Int32 pcaCount, RuntimeType attributeFilterType, Boolean mustBeInheritable, IList derivedAttributes, Boolean isDecoratedTargetSecurityTransparent) +1179
   System.Reflection.CustomAttribute.GetCustomAttributes(RuntimeAssembly assembly, RuntimeType caType) +146
   Owin.Loader.DefaultLoader.SearchForStartupAttribute(String friendlyName, IList`1 errors, Boolean&amp; conflict) +180
   Owin.Loader.DefaultLoader.LoadImplementation(String startupName, IList`1 errorDetails) +184
   Microsoft.Owin.Host.SystemWeb.OwinBuilder.GetAppStartup() +138
   Microsoft.Owin.Host.SystemWeb.OwinHttpModule.InitializeBlueprint() +38
   System.Threading.LazyInitializer.EnsureInitializedCore(T&amp; target, Boolean&amp; initialized, Object&amp; syncLock, Func`1 valueFactory) +241
   Microsoft.Owin.Host.SystemWeb.OwinHttpModule.Init(HttpApplication context) +129
   System.Web.HttpApplication.InitModulesCommon() +192
   System.Web.HttpApplication.InitInternal(HttpContext context, HttpApplicationState state, MethodInfo[] handlers) +1582
   System.Web.HttpApplicationFactory.GetNormalApplicationInstance(HttpContext context) +365
   System.Web.HttpApplicationFactory.GetApplicationInstance(HttpContext context) +200
   System.Web.HttpRuntime.ProcessRequestInternal(HttpWorkerRequest wr) +591
</pre></code>

                  </td>
               </tr>
            </table>

            <br>

            <hr width=100% size=1 color=silver>

            <b>Version Information:</b>&nbsp;Microsoft .NET Framework Version:4.0.30319; ASP.NET Version:4.0.30319.34009

            </font>

    </body>
</html>
<!-- 
[FileNotFoundException]: Could not load file or assembly &#39;DevExpress.CodeRush.Common, Version=10.1.0.0, Culture=neutral, PublicKeyToken=35c9f04b7764aa3d&#39; or one of its dependencies. The system cannot find the file specified.
   at System.ModuleHandle.ResolveType(RuntimeModule module, Int32 typeToken, IntPtr* typeInstArgs, Int32 typeInstCount, IntPtr* methodInstArgs, Int32 methodInstCount, ObjectHandleOnStack type)
   at System.ModuleHandle.ResolveTypeHandleInternal(RuntimeModule module, Int32 typeToken, RuntimeTypeHandle[] typeInstantiationContext, RuntimeTypeHandle[] methodInstantiationContext)
   at System.ModuleHandle.ResolveTypeHandle(Int32 typeToken, RuntimeTypeHandle[] typeInstantiationContext, RuntimeTypeHandle[] methodInstantiationContext)
   at System.Reflection.RuntimeModule.ResolveType(Int32 metadataToken, Type[] genericTypeArguments, Type[] genericMethodArguments)
   at System.Reflection.CustomAttribute.FilterCustomAttributeRecord(CustomAttributeRecord caRecord, MetadataImport scope, Assembly& lastAptcaOkAssembly, RuntimeModule decoratedModule, MetadataToken decoratedToken, RuntimeType attributeFilterType, Boolean mustBeInheritable, Object[] attributes, IList derivedAttributes, RuntimeType& attributeType, IRuntimeMethodInfo& ctor, Boolean& ctorHasParameters, Boolean& isVarArg)
   at System.Reflection.CustomAttribute.GetCustomAttributes(RuntimeModule decoratedModule, Int32 decoratedMetadataToken, Int32 pcaCount, RuntimeType attributeFilterType, Boolean mustBeInheritable, IList derivedAttributes, Boolean isDecoratedTargetSecurityTransparent)
   at System.Reflection.CustomAttribute.GetCustomAttributes(RuntimeAssembly assembly, RuntimeType caType)
   at Owin.Loader.DefaultLoader.SearchForStartupAttribute(String friendlyName, IList`1 errors, Boolean& conflict)
   at Owin.Loader.DefaultLoader.LoadImplementation(String startupName, IList`1 errorDetails)
   at Microsoft.Owin.Host.SystemWeb.OwinBuilder.GetAppStartup()
   at Microsoft.Owin.Host.SystemWeb.OwinHttpModule.InitializeBlueprint()
   at System.Threading.LazyInitializer.EnsureInitializedCore[T](T& target, Boolean& initialized, Object& syncLock, Func`1 valueFactory)
   at Microsoft.Owin.Host.SystemWeb.OwinHttpModule.Init(HttpApplication context)
   at System.Web.HttpApplication.InitModulesCommon()
   at System.Web.HttpApplication.InitInternal(HttpContext context, HttpApplicationState state, MethodInfo[] handlers)
   at System.Web.HttpApplicationFactory.GetNormalApplicationInstance(HttpContext context)
   at System.Web.HttpApplicationFactory.GetApplicationInstance(HttpContext context)
   at System.Web.HttpRuntime.ProcessRequestInternal(HttpWorkerRequest wr)
-->
  Expected: not null
  But was:  null
]]></message>
                      <stack-trace><![CDATA[at Orchard.Specs.Bindings.WebAppHosting.WhenIFillIn(Table table) in e:\expedit\projects\nkd\src\main\NKD.Orchard\src\Orchard.Specs\Bindings\WebAppHosting.cs:line 254
at Orchard.Specs.Bindings.OrchardSiteFactory.GivenIHaveInstalledOrchard(String virtualDirectory) in e:\expedit\projects\nkd\src\main\NKD.Orchard\src\Orchard.Specs\Bindings\OrchardSiteFactory.cs:line 38
at TechTalk.SpecFlow.Bindings.BindingInvoker.InvokeBinding(IBinding binding, IContextManager contextManager, Object[] arguments, ITestTracer testTracer, TimeSpan& duration)
at TechTalk.SpecFlow.Infrastructure.TestExecutionEngine.ExecuteStepMatch(BindingMatch match, Object[] arguments)
at TechTalk.SpecFlow.Infrastructure.TestExecutionEngine.ExecuteStep(StepInstance stepInstance)
at TechTalk.SpecFlow.Infrastructure.TestExecutionEngine.OnAfterLastStep()
]]></stack-trace>
                    </failure>
                  </test-case>
                  <test-case name="Orchard.Specs.TheCompilationOfModulesInstalledInASiteFeature.DynamicCompilationCanBeForcedByDisablingThePrecompiledModuleLoader" description="Dynamic compilation can be forced by disabling the precompiled module loader" executed="True" success="False" time="40.491" asserts="1">
                    <failure>
                      <message><![CDATA[  Unable to locate <input> name SiteName in page html:

<!DOCTYPE html>
<html>
    <head>
        <title>Could not load file or assembly 'DevExpress.CodeRush.Common, Version=10.1.0.0, Culture=neutral, PublicKeyToken=35c9f04b7764aa3d' or one of its dependencies. The system cannot find the file specified.</title>
        <meta name="viewport" content="width=device-width" />
        <style>
         body {font-family:"Verdana";font-weight:normal;font-size: .7em;color:black;} 
         p {font-family:"Verdana";font-weight:normal;color:black;margin-top: -5px}
         b {font-family:"Verdana";font-weight:bold;color:black;margin-top: -5px}
         H1 { font-family:"Verdana";font-weight:normal;font-size:18pt;color:red }
         H2 { font-family:"Verdana";font-weight:normal;font-size:14pt;color:maroon }
         pre {font-family:"Consolas","Lucida Console",Monospace;font-size:11pt;margin:0;padding:0.5em;line-height:14pt}
         .marker {font-weight: bold; color: black;text-decoration: none;}
         .version {color: gray;}
         .error {margin-bottom: 10px;}
         .expandable { text-decoration:underline; font-weight:bold; color:navy; cursor:hand; }
         @media screen and (max-width: 639px) {
          pre { width: 440px; overflow: auto; white-space: pre-wrap; word-wrap: break-word; }
         }
         @media screen and (max-width: 479px) {
          pre { width: 280px; }
         }
        </style>
    </head>

    <body bgcolor="white">

            <span><H1>Server Error in '/' Application.<hr width=100% size=1 color=silver></H1>

            <h2> <i>Could not load file or assembly 'DevExpress.CodeRush.Common, Version=10.1.0.0, Culture=neutral, PublicKeyToken=35c9f04b7764aa3d' or one of its dependencies. The system cannot find the file specified.</i> </h2></span>

            <font face="Arial, Helvetica, Geneva, SunSans-Regular, sans-serif ">

            <b> Description: </b>An unhandled exception occurred during the execution of the current web request. Please review the stack trace for more information about the error and where it originated in the code.

            <br><br>

            <b> Exception Details: </b>System.IO.FileNotFoundException: Could not load file or assembly 'DevExpress.CodeRush.Common, Version=10.1.0.0, Culture=neutral, PublicKeyToken=35c9f04b7764aa3d' or one of its dependencies. The system cannot find the file specified.<br><br>

            <b>Source Error:</b> <br><br>

            <table width=100% bgcolor="#ffffcc">
               <tr>
                  <td>
                      <code>

An unhandled exception was generated during the execution of the current web request. Information regarding the origin and location of the exception can be identified using the exception stack trace below.</code>

                  </td>
               </tr>
            </table>

            <br>

            <b>Assembly Load Trace:</b> The following information can be helpful to determine why the assembly 'DevExpress.CodeRush.Common, Version=10.1.0.0, Culture=neutral, PublicKeyToken=35c9f04b7764aa3d' could not be loaded.<br><br>

            <table width=100% bgcolor="#ffffcc">
               <tr>
                  <td>
                      <code><pre>

WRN: Assembly binding logging is turned OFF.
To enable assembly bind failure logging, set the registry value [HKLM\Software\Microsoft\Fusion!EnableLog] (DWORD) to 1.
Note: There is some performance penalty associated with assembly bind failure logging.
To turn this feature off, remove the registry value [HKLM\Software\Microsoft\Fusion!EnableLog].
</pre></code>

                  </td>
               </tr>
            </table>

            <br>

            <b>Stack Trace:</b> <br><br>

            <table width=100% bgcolor="#ffffcc">
               <tr>
                  <td>
                      <code><pre>

[FileNotFoundException: Could not load file or assembly &#39;DevExpress.CodeRush.Common, Version=10.1.0.0, Culture=neutral, PublicKeyToken=35c9f04b7764aa3d&#39; or one of its dependencies. The system cannot find the file specified.]
   System.ModuleHandle.ResolveType(RuntimeModule module, Int32 typeToken, IntPtr* typeInstArgs, Int32 typeInstCount, IntPtr* methodInstArgs, Int32 methodInstCount, ObjectHandleOnStack type) +0
   System.ModuleHandle.ResolveTypeHandleInternal(RuntimeModule module, Int32 typeToken, RuntimeTypeHandle[] typeInstantiationContext, RuntimeTypeHandle[] methodInstantiationContext) +371
   System.ModuleHandle.ResolveTypeHandle(Int32 typeToken, RuntimeTypeHandle[] typeInstantiationContext, RuntimeTypeHandle[] methodInstantiationContext) +19
   System.Reflection.RuntimeModule.ResolveType(Int32 metadataToken, Type[] genericTypeArguments, Type[] genericMethodArguments) +319
   System.Reflection.CustomAttribute.FilterCustomAttributeRecord(CustomAttributeRecord caRecord, MetadataImport scope, Assembly&amp; lastAptcaOkAssembly, RuntimeModule decoratedModule, MetadataToken decoratedToken, RuntimeType attributeFilterType, Boolean mustBeInheritable, Object[] attributes, IList derivedAttributes, RuntimeType&amp; attributeType, IRuntimeMethodInfo&amp; ctor, Boolean&amp; ctorHasParameters, Boolean&amp; isVarArg) +203
   System.Reflection.CustomAttribute.GetCustomAttributes(RuntimeModule decoratedModule, Int32 decoratedMetadataToken, Int32 pcaCount, RuntimeType attributeFilterType, Boolean mustBeInheritable, IList derivedAttributes, Boolean isDecoratedTargetSecurityTransparent) +1179
   System.Reflection.CustomAttribute.GetCustomAttributes(RuntimeAssembly assembly, RuntimeType caType) +146
   Owin.Loader.DefaultLoader.SearchForStartupAttribute(String friendlyName, IList`1 errors, Boolean&amp; conflict) +180
   Owin.Loader.DefaultLoader.LoadImplementation(String startupName, IList`1 errorDetails) +184
   Microsoft.Owin.Host.SystemWeb.OwinBuilder.GetAppStartup() +138
   Microsoft.Owin.Host.SystemWeb.OwinHttpModule.InitializeBlueprint() +38
   System.Threading.LazyInitializer.EnsureInitializedCore(T&amp; target, Boolean&amp; initialized, Object&amp; syncLock, Func`1 valueFactory) +241
   Microsoft.Owin.Host.SystemWeb.OwinHttpModule.Init(HttpApplication context) +129
   System.Web.HttpApplication.InitModulesCommon() +192
   System.Web.HttpApplication.InitInternal(HttpContext context, HttpApplicationState state, MethodInfo[] handlers) +1582
   System.Web.HttpApplicationFactory.GetNormalApplicationInstance(HttpContext context) +365
   System.Web.HttpApplicationFactory.GetApplicationInstance(HttpContext context) +200
   System.Web.HttpRuntime.ProcessRequestInternal(HttpWorkerRequest wr) +591
</pre></code>

                  </td>
               </tr>
            </table>

            <br>

            <hr width=100% size=1 color=silver>

            <b>Version Information:</b>&nbsp;Microsoft .NET Framework Version:4.0.30319; ASP.NET Version:4.0.30319.34009

            </font>

    </body>
</html>
<!-- 
[FileNotFoundException]: Could not load file or assembly &#39;DevExpress.CodeRush.Common, Version=10.1.0.0, Culture=neutral, PublicKeyToken=35c9f04b7764aa3d&#39; or one of its dependencies. The system cannot find the file specified.
   at System.ModuleHandle.ResolveType(RuntimeModule module, Int32 typeToken, IntPtr* typeInstArgs, Int32 typeInstCount, IntPtr* methodInstArgs, Int32 methodInstCount, ObjectHandleOnStack type)
   at System.ModuleHandle.ResolveTypeHandleInternal(RuntimeModule module, Int32 typeToken, RuntimeTypeHandle[] typeInstantiationContext, RuntimeTypeHandle[] methodInstantiationContext)
   at System.ModuleHandle.ResolveTypeHandle(Int32 typeToken, RuntimeTypeHandle[] typeInstantiationContext, RuntimeTypeHandle[] methodInstantiationContext)
   at System.Reflection.RuntimeModule.ResolveType(Int32 metadataToken, Type[] genericTypeArguments, Type[] genericMethodArguments)
   at System.Reflection.CustomAttribute.FilterCustomAttributeRecord(CustomAttributeRecord caRecord, MetadataImport scope, Assembly& lastAptcaOkAssembly, RuntimeModule decoratedModule, MetadataToken decoratedToken, RuntimeType attributeFilterType, Boolean mustBeInheritable, Object[] attributes, IList derivedAttributes, RuntimeType& attributeType, IRuntimeMethodInfo& ctor, Boolean& ctorHasParameters, Boolean& isVarArg)
   at System.Reflection.CustomAttribute.GetCustomAttributes(RuntimeModule decoratedModule, Int32 decoratedMetadataToken, Int32 pcaCount, RuntimeType attributeFilterType, Boolean mustBeInheritable, IList derivedAttributes, Boolean isDecoratedTargetSecurityTransparent)
   at System.Reflection.CustomAttribute.GetCustomAttributes(RuntimeAssembly assembly, RuntimeType caType)
   at Owin.Loader.DefaultLoader.SearchForStartupAttribute(String friendlyName, IList`1 errors, Boolean& conflict)
   at Owin.Loader.DefaultLoader.LoadImplementation(String startupName, IList`1 errorDetails)
   at Microsoft.Owin.Host.SystemWeb.OwinBuilder.GetAppStartup()
   at Microsoft.Owin.Host.SystemWeb.OwinHttpModule.InitializeBlueprint()
   at System.Threading.LazyInitializer.EnsureInitializedCore[T](T& target, Boolean& initialized, Object& syncLock, Func`1 valueFactory)
   at Microsoft.Owin.Host.SystemWeb.OwinHttpModule.Init(HttpApplication context)
   at System.Web.HttpApplication.InitModulesCommon()
   at System.Web.HttpApplication.InitInternal(HttpContext context, HttpApplicationState state, MethodInfo[] handlers)
   at System.Web.HttpApplicationFactory.GetNormalApplicationInstance(HttpContext context)
   at System.Web.HttpApplicationFactory.GetApplicationInstance(HttpContext context)
   at System.Web.HttpRuntime.ProcessRequestInternal(HttpWorkerRequest wr)
-->
  Expected: not null
  But was:  null
]]></message>
                      <stack-trace><![CDATA[at Orchard.Specs.Bindings.WebAppHosting.WhenIFillIn(Table table) in e:\expedit\projects\nkd\src\main\NKD.Orchard\src\Orchard.Specs\Bindings\WebAppHosting.cs:line 254
at Orchard.Specs.Bindings.OrchardSiteFactory.GivenIHaveInstalledOrchard(String virtualDirectory) in e:\expedit\projects\nkd\src\main\NKD.Orchard\src\Orchard.Specs\Bindings\OrchardSiteFactory.cs:line 38
at TechTalk.SpecFlow.Bindings.BindingInvoker.InvokeBinding(IBinding binding, IContextManager contextManager, Object[] arguments, ITestTracer testTracer, TimeSpan& duration)
at TechTalk.SpecFlow.Infrastructure.TestExecutionEngine.ExecuteStepMatch(BindingMatch match, Object[] arguments)
at TechTalk.SpecFlow.Infrastructure.TestExecutionEngine.ExecuteStep(StepInstance stepInstance)
at TechTalk.SpecFlow.Infrastructure.TestExecutionEngine.OnAfterLastStep()
]]></stack-trace>
                    </failure>
                  </test-case>
                  <test-case name="Orchard.Specs.TheCompilationOfModulesInstalledInASiteFeature.DynamicCompilationWillKickInIfModulesAreDeployedAsSourceFilesOnly" description="Dynamic compilation will kick in if modules are deployed as source files only" executed="True" success="False" time="53.797" asserts="1">
                    <failure>
                      <message><![CDATA[  Unable to locate <input> name SiteName in page html:

<!DOCTYPE html>
<html>
    <head>
        <title>Could not load file or assembly 'DevExpress.CodeRush.Common, Version=10.1.0.0, Culture=neutral, PublicKeyToken=35c9f04b7764aa3d' or one of its dependencies. The system cannot find the file specified.</title>
        <meta name="viewport" content="width=device-width" />
        <style>
         body {font-family:"Verdana";font-weight:normal;font-size: .7em;color:black;} 
         p {font-family:"Verdana";font-weight:normal;color:black;margin-top: -5px}
         b {font-family:"Verdana";font-weight:bold;color:black;margin-top: -5px}
         H1 { font-family:"Verdana";font-weight:normal;font-size:18pt;color:red }
         H2 { font-family:"Verdana";font-weight:normal;font-size:14pt;color:maroon }
         pre {font-family:"Consolas","Lucida Console",Monospace;font-size:11pt;margin:0;padding:0.5em;line-height:14pt}
         .marker {font-weight: bold; color: black;text-decoration: none;}
         .version {color: gray;}
         .error {margin-bottom: 10px;}
         .expandable { text-decoration:underline; font-weight:bold; color:navy; cursor:hand; }
         @media screen and (max-width: 639px) {
          pre { width: 440px; overflow: auto; white-space: pre-wrap; word-wrap: break-word; }
         }
         @media screen and (max-width: 479px) {
          pre { width: 280px; }
         }
        </style>
    </head>

    <body bgcolor="white">

            <span><H1>Server Error in '/' Application.<hr width=100% size=1 color=silver></H1>

            <h2> <i>Could not load file or assembly 'DevExpress.CodeRush.Common, Version=10.1.0.0, Culture=neutral, PublicKeyToken=35c9f04b7764aa3d' or one of its dependencies. The system cannot find the file specified.</i> </h2></span>

            <font face="Arial, Helvetica, Geneva, SunSans-Regular, sans-serif ">

            <b> Description: </b>An unhandled exception occurred during the execution of the current web request. Please review the stack trace for more information about the error and where it originated in the code.

            <br><br>

            <b> Exception Details: </b>System.IO.FileNotFoundException: Could not load file or assembly 'DevExpress.CodeRush.Common, Version=10.1.0.0, Culture=neutral, PublicKeyToken=35c9f04b7764aa3d' or one of its dependencies. The system cannot find the file specified.<br><br>

            <b>Source Error:</b> <br><br>

            <table width=100% bgcolor="#ffffcc">
               <tr>
                  <td>
                      <code>

An unhandled exception was generated during the execution of the current web request. Information regarding the origin and location of the exception can be identified using the exception stack trace below.</code>

                  </td>
               </tr>
            </table>

            <br>

            <b>Assembly Load Trace:</b> The following information can be helpful to determine why the assembly 'DevExpress.CodeRush.Common, Version=10.1.0.0, Culture=neutral, PublicKeyToken=35c9f04b7764aa3d' could not be loaded.<br><br>

            <table width=100% bgcolor="#ffffcc">
               <tr>
                  <td>
                      <code><pre>

WRN: Assembly binding logging is turned OFF.
To enable assembly bind failure logging, set the registry value [HKLM\Software\Microsoft\Fusion!EnableLog] (DWORD) to 1.
Note: There is some performance penalty associated with assembly bind failure logging.
To turn this feature off, remove the registry value [HKLM\Software\Microsoft\Fusion!EnableLog].
</pre></code>

                  </td>
               </tr>
            </table>

            <br>

            <b>Stack Trace:</b> <br><br>

            <table width=100% bgcolor="#ffffcc">
               <tr>
                  <td>
                      <code><pre>

[FileNotFoundException: Could not load file or assembly &#39;DevExpress.CodeRush.Common, Version=10.1.0.0, Culture=neutral, PublicKeyToken=35c9f04b7764aa3d&#39; or one of its dependencies. The system cannot find the file specified.]
   System.ModuleHandle.ResolveType(RuntimeModule module, Int32 typeToken, IntPtr* typeInstArgs, Int32 typeInstCount, IntPtr* methodInstArgs, Int32 methodInstCount, ObjectHandleOnStack type) +0
   System.ModuleHandle.ResolveTypeHandleInternal(RuntimeModule module, Int32 typeToken, RuntimeTypeHandle[] typeInstantiationContext, RuntimeTypeHandle[] methodInstantiationContext) +371
   System.ModuleHandle.ResolveTypeHandle(Int32 typeToken, RuntimeTypeHandle[] typeInstantiationContext, RuntimeTypeHandle[] methodInstantiationContext) +19
   System.Reflection.RuntimeModule.ResolveType(Int32 metadataToken, Type[] genericTypeArguments, Type[] genericMethodArguments) +319
   System.Reflection.CustomAttribute.FilterCustomAttributeRecord(CustomAttributeRecord caRecord, MetadataImport scope, Assembly&amp; lastAptcaOkAssembly, RuntimeModule decoratedModule, MetadataToken decoratedToken, RuntimeType attributeFilterType, Boolean mustBeInheritable, Object[] attributes, IList derivedAttributes, RuntimeType&amp; attributeType, IRuntimeMethodInfo&amp; ctor, Boolean&amp; ctorHasParameters, Boolean&amp; isVarArg) +203
   System.Reflection.CustomAttribute.GetCustomAttributes(RuntimeModule decoratedModule, Int32 decoratedMetadataToken, Int32 pcaCount, RuntimeType attributeFilterType, Boolean mustBeInheritable, IList derivedAttributes, Boolean isDecoratedTargetSecurityTransparent) +1179
   System.Reflection.CustomAttribute.GetCustomAttributes(RuntimeAssembly assembly, RuntimeType caType) +146
   Owin.Loader.DefaultLoader.SearchForStartupAttribute(String friendlyName, IList`1 errors, Boolean&amp; conflict) +180
   Owin.Loader.DefaultLoader.LoadImplementation(String startupName, IList`1 errorDetails) +184
   Microsoft.Owin.Host.SystemWeb.OwinBuilder.GetAppStartup() +138
   Microsoft.Owin.Host.SystemWeb.OwinHttpModule.InitializeBlueprint() +38
   System.Threading.LazyInitializer.EnsureInitializedCore(T&amp; target, Boolean&amp; initialized, Object&amp; syncLock, Func`1 valueFactory) +241
   Microsoft.Owin.Host.SystemWeb.OwinHttpModule.Init(HttpApplication context) +129
   System.Web.HttpApplication.InitModulesCommon() +192
   System.Web.HttpApplication.InitInternal(HttpContext context, HttpApplicationState state, MethodInfo[] handlers) +1582
   System.Web.HttpApplicationFactory.GetNormalApplicationInstance(HttpContext context) +365
   System.Web.HttpApplicationFactory.GetApplicationInstance(HttpContext context) +200
   System.Web.HttpRuntime.ProcessRequestInternal(HttpWorkerRequest wr) +591
</pre></code>

                  </td>
               </tr>
            </table>

            <br>

            <hr width=100% size=1 color=silver>

            <b>Version Information:</b>&nbsp;Microsoft .NET Framework Version:4.0.30319; ASP.NET Version:4.0.30319.34009

            </font>

    </body>
</html>
<!-- 
[FileNotFoundException]: Could not load file or assembly &#39;DevExpress.CodeRush.Common, Version=10.1.0.0, Culture=neutral, PublicKeyToken=35c9f04b7764aa3d&#39; or one of its dependencies. The system cannot find the file specified.
   at System.ModuleHandle.ResolveType(RuntimeModule module, Int32 typeToken, IntPtr* typeInstArgs, Int32 typeInstCount, IntPtr* methodInstArgs, Int32 methodInstCount, ObjectHandleOnStack type)
   at System.ModuleHandle.ResolveTypeHandleInternal(RuntimeModule module, Int32 typeToken, RuntimeTypeHandle[] typeInstantiationContext, RuntimeTypeHandle[] methodInstantiationContext)
   at System.ModuleHandle.ResolveTypeHandle(Int32 typeToken, RuntimeTypeHandle[] typeInstantiationContext, RuntimeTypeHandle[] methodInstantiationContext)
   at System.Reflection.RuntimeModule.ResolveType(Int32 metadataToken, Type[] genericTypeArguments, Type[] genericMethodArguments)
   at System.Reflection.CustomAttribute.FilterCustomAttributeRecord(CustomAttributeRecord caRecord, MetadataImport scope, Assembly& lastAptcaOkAssembly, RuntimeModule decoratedModule, MetadataToken decoratedToken, RuntimeType attributeFilterType, Boolean mustBeInheritable, Object[] attributes, IList derivedAttributes, RuntimeType& attributeType, IRuntimeMethodInfo& ctor, Boolean& ctorHasParameters, Boolean& isVarArg)
   at System.Reflection.CustomAttribute.GetCustomAttributes(RuntimeModule decoratedModule, Int32 decoratedMetadataToken, Int32 pcaCount, RuntimeType attributeFilterType, Boolean mustBeInheritable, IList derivedAttributes, Boolean isDecoratedTargetSecurityTransparent)
   at System.Reflection.CustomAttribute.GetCustomAttributes(RuntimeAssembly assembly, RuntimeType caType)
   at Owin.Loader.DefaultLoader.SearchForStartupAttribute(String friendlyName, IList`1 errors, Boolean& conflict)
   at Owin.Loader.DefaultLoader.LoadImplementation(String startupName, IList`1 errorDetails)
   at Microsoft.Owin.Host.SystemWeb.OwinBuilder.GetAppStartup()
   at Microsoft.Owin.Host.SystemWeb.OwinHttpModule.InitializeBlueprint()
   at System.Threading.LazyInitializer.EnsureInitializedCore[T](T& target, Boolean& initialized, Object& syncLock, Func`1 valueFactory)
   at Microsoft.Owin.Host.SystemWeb.OwinHttpModule.Init(HttpApplication context)
   at System.Web.HttpApplication.InitModulesCommon()
   at System.Web.HttpApplication.InitInternal(HttpContext context, HttpApplicationState state, MethodInfo[] handlers)
   at System.Web.HttpApplicationFactory.GetNormalApplicationInstance(HttpContext context)
   at System.Web.HttpApplicationFactory.GetApplicationInstance(HttpContext context)
   at System.Web.HttpRuntime.ProcessRequestInternal(HttpWorkerRequest wr)
-->
  Expected: not null
  But was:  null
]]></message>
                      <stack-trace><![CDATA[at Orchard.Specs.Bindings.WebAppHosting.WhenIFillIn(Table table) in e:\expedit\projects\nkd\src\main\NKD.Orchard\src\Orchard.Specs\Bindings\WebAppHosting.cs:line 254
at Orchard.Specs.Bindings.OrchardSiteFactory.GivenIHaveInstalledOrchard(String virtualDirectory) in e:\expedit\projects\nkd\src\main\NKD.Orchard\src\Orchard.Specs\Bindings\OrchardSiteFactory.cs:line 38
at TechTalk.SpecFlow.Bindings.BindingInvoker.InvokeBinding(IBinding binding, IContextManager contextManager, Object[] arguments, ITestTracer testTracer, TimeSpan& duration)
at TechTalk.SpecFlow.Infrastructure.TestExecutionEngine.ExecuteStepMatch(BindingMatch match, Object[] arguments)
at TechTalk.SpecFlow.Infrastructure.TestExecutionEngine.ExecuteStep(StepInstance stepInstance)
at TechTalk.SpecFlow.Infrastructure.TestExecutionEngine.OnAfterLastStep()
]]></stack-trace>
                    </failure>
                  </test-case>
                </results>
              </test-suite>
              <test-suite name="UsersFeature" description="Users" executed="True" success="False" time="230.550" asserts="0">
                <results>
                  <test-case name="Orchard.Specs.UsersFeature.ICanCreateANewUser" description="I can create a new user" executed="True" success="False" time="30.929" asserts="1">
                    <categories>
                      <category name="management" />
                    </categories>
                    <failure>
                      <message><![CDATA[  Unable to locate <input> name SiteName in page html:

<!DOCTYPE html>
<html>
    <head>
        <title>Could not load file or assembly 'DevExpress.CodeRush.Common, Version=10.1.0.0, Culture=neutral, PublicKeyToken=35c9f04b7764aa3d' or one of its dependencies. The system cannot find the file specified.</title>
        <meta name="viewport" content="width=device-width" />
        <style>
         body {font-family:"Verdana";font-weight:normal;font-size: .7em;color:black;} 
         p {font-family:"Verdana";font-weight:normal;color:black;margin-top: -5px}
         b {font-family:"Verdana";font-weight:bold;color:black;margin-top: -5px}
         H1 { font-family:"Verdana";font-weight:normal;font-size:18pt;color:red }
         H2 { font-family:"Verdana";font-weight:normal;font-size:14pt;color:maroon }
         pre {font-family:"Consolas","Lucida Console",Monospace;font-size:11pt;margin:0;padding:0.5em;line-height:14pt}
         .marker {font-weight: bold; color: black;text-decoration: none;}
         .version {color: gray;}
         .error {margin-bottom: 10px;}
         .expandable { text-decoration:underline; font-weight:bold; color:navy; cursor:hand; }
         @media screen and (max-width: 639px) {
          pre { width: 440px; overflow: auto; white-space: pre-wrap; word-wrap: break-word; }
         }
         @media screen and (max-width: 479px) {
          pre { width: 280px; }
         }
        </style>
    </head>

    <body bgcolor="white">

            <span><H1>Server Error in '/' Application.<hr width=100% size=1 color=silver></H1>

            <h2> <i>Could not load file or assembly 'DevExpress.CodeRush.Common, Version=10.1.0.0, Culture=neutral, PublicKeyToken=35c9f04b7764aa3d' or one of its dependencies. The system cannot find the file specified.</i> </h2></span>

            <font face="Arial, Helvetica, Geneva, SunSans-Regular, sans-serif ">

            <b> Description: </b>An unhandled exception occurred during the execution of the current web request. Please review the stack trace for more information about the error and where it originated in the code.

            <br><br>

            <b> Exception Details: </b>System.IO.FileNotFoundException: Could not load file or assembly 'DevExpress.CodeRush.Common, Version=10.1.0.0, Culture=neutral, PublicKeyToken=35c9f04b7764aa3d' or one of its dependencies. The system cannot find the file specified.<br><br>

            <b>Source Error:</b> <br><br>

            <table width=100% bgcolor="#ffffcc">
               <tr>
                  <td>
                      <code>

An unhandled exception was generated during the execution of the current web request. Information regarding the origin and location of the exception can be identified using the exception stack trace below.</code>

                  </td>
               </tr>
            </table>

            <br>

            <b>Assembly Load Trace:</b> The following information can be helpful to determine why the assembly 'DevExpress.CodeRush.Common, Version=10.1.0.0, Culture=neutral, PublicKeyToken=35c9f04b7764aa3d' could not be loaded.<br><br>

            <table width=100% bgcolor="#ffffcc">
               <tr>
                  <td>
                      <code><pre>

WRN: Assembly binding logging is turned OFF.
To enable assembly bind failure logging, set the registry value [HKLM\Software\Microsoft\Fusion!EnableLog] (DWORD) to 1.
Note: There is some performance penalty associated with assembly bind failure logging.
To turn this feature off, remove the registry value [HKLM\Software\Microsoft\Fusion!EnableLog].
</pre></code>

                  </td>
               </tr>
            </table>

            <br>

            <b>Stack Trace:</b> <br><br>

            <table width=100% bgcolor="#ffffcc">
               <tr>
                  <td>
                      <code><pre>

[FileNotFoundException: Could not load file or assembly &#39;DevExpress.CodeRush.Common, Version=10.1.0.0, Culture=neutral, PublicKeyToken=35c9f04b7764aa3d&#39; or one of its dependencies. The system cannot find the file specified.]
   System.ModuleHandle.ResolveType(RuntimeModule module, Int32 typeToken, IntPtr* typeInstArgs, Int32 typeInstCount, IntPtr* methodInstArgs, Int32 methodInstCount, ObjectHandleOnStack type) +0
   System.ModuleHandle.ResolveTypeHandleInternal(RuntimeModule module, Int32 typeToken, RuntimeTypeHandle[] typeInstantiationContext, RuntimeTypeHandle[] methodInstantiationContext) +371
   System.ModuleHandle.ResolveTypeHandle(Int32 typeToken, RuntimeTypeHandle[] typeInstantiationContext, RuntimeTypeHandle[] methodInstantiationContext) +19
   System.Reflection.RuntimeModule.ResolveType(Int32 metadataToken, Type[] genericTypeArguments, Type[] genericMethodArguments) +319
   System.Reflection.CustomAttribute.FilterCustomAttributeRecord(CustomAttributeRecord caRecord, MetadataImport scope, Assembly&amp; lastAptcaOkAssembly, RuntimeModule decoratedModule, MetadataToken decoratedToken, RuntimeType attributeFilterType, Boolean mustBeInheritable, Object[] attributes, IList derivedAttributes, RuntimeType&amp; attributeType, IRuntimeMethodInfo&amp; ctor, Boolean&amp; ctorHasParameters, Boolean&amp; isVarArg) +203
   System.Reflection.CustomAttribute.GetCustomAttributes(RuntimeModule decoratedModule, Int32 decoratedMetadataToken, Int32 pcaCount, RuntimeType attributeFilterType, Boolean mustBeInheritable, IList derivedAttributes, Boolean isDecoratedTargetSecurityTransparent) +1179
   System.Reflection.CustomAttribute.GetCustomAttributes(RuntimeAssembly assembly, RuntimeType caType) +146
   Owin.Loader.DefaultLoader.SearchForStartupAttribute(String friendlyName, IList`1 errors, Boolean&amp; conflict) +180
   Owin.Loader.DefaultLoader.LoadImplementation(String startupName, IList`1 errorDetails) +184
   Microsoft.Owin.Host.SystemWeb.OwinBuilder.GetAppStartup() +138
   Microsoft.Owin.Host.SystemWeb.OwinHttpModule.InitializeBlueprint() +38
   System.Threading.LazyInitializer.EnsureInitializedCore(T&amp; target, Boolean&amp; initialized, Object&amp; syncLock, Func`1 valueFactory) +241
   Microsoft.Owin.Host.SystemWeb.OwinHttpModule.Init(HttpApplication context) +129
   System.Web.HttpApplication.InitModulesCommon() +192
   System.Web.HttpApplication.InitInternal(HttpContext context, HttpApplicationState state, MethodInfo[] handlers) +1582
   System.Web.HttpApplicationFactory.GetNormalApplicationInstance(HttpContext context) +365
   System.Web.HttpApplicationFactory.GetApplicationInstance(HttpContext context) +200
   System.Web.HttpRuntime.ProcessRequestInternal(HttpWorkerRequest wr) +591
</pre></code>

                  </td>
               </tr>
            </table>

            <br>

            <hr width=100% size=1 color=silver>

            <b>Version Information:</b>&nbsp;Microsoft .NET Framework Version:4.0.30319; ASP.NET Version:4.0.30319.34009

            </font>

    </body>
</html>
<!-- 
[FileNotFoundException]: Could not load file or assembly &#39;DevExpress.CodeRush.Common, Version=10.1.0.0, Culture=neutral, PublicKeyToken=35c9f04b7764aa3d&#39; or one of its dependencies. The system cannot find the file specified.
   at System.ModuleHandle.ResolveType(RuntimeModule module, Int32 typeToken, IntPtr* typeInstArgs, Int32 typeInstCount, IntPtr* methodInstArgs, Int32 methodInstCount, ObjectHandleOnStack type)
   at System.ModuleHandle.ResolveTypeHandleInternal(RuntimeModule module, Int32 typeToken, RuntimeTypeHandle[] typeInstantiationContext, RuntimeTypeHandle[] methodInstantiationContext)
   at System.ModuleHandle.ResolveTypeHandle(Int32 typeToken, RuntimeTypeHandle[] typeInstantiationContext, RuntimeTypeHandle[] methodInstantiationContext)
   at System.Reflection.RuntimeModule.ResolveType(Int32 metadataToken, Type[] genericTypeArguments, Type[] genericMethodArguments)
   at System.Reflection.CustomAttribute.FilterCustomAttributeRecord(CustomAttributeRecord caRecord, MetadataImport scope, Assembly& lastAptcaOkAssembly, RuntimeModule decoratedModule, MetadataToken decoratedToken, RuntimeType attributeFilterType, Boolean mustBeInheritable, Object[] attributes, IList derivedAttributes, RuntimeType& attributeType, IRuntimeMethodInfo& ctor, Boolean& ctorHasParameters, Boolean& isVarArg)
   at System.Reflection.CustomAttribute.GetCustomAttributes(RuntimeModule decoratedModule, Int32 decoratedMetadataToken, Int32 pcaCount, RuntimeType attributeFilterType, Boolean mustBeInheritable, IList derivedAttributes, Boolean isDecoratedTargetSecurityTransparent)
   at System.Reflection.CustomAttribute.GetCustomAttributes(RuntimeAssembly assembly, RuntimeType caType)
   at Owin.Loader.DefaultLoader.SearchForStartupAttribute(String friendlyName, IList`1 errors, Boolean& conflict)
   at Owin.Loader.DefaultLoader.LoadImplementation(String startupName, IList`1 errorDetails)
   at Microsoft.Owin.Host.SystemWeb.OwinBuilder.GetAppStartup()
   at Microsoft.Owin.Host.SystemWeb.OwinHttpModule.InitializeBlueprint()
   at System.Threading.LazyInitializer.EnsureInitializedCore[T](T& target, Boolean& initialized, Object& syncLock, Func`1 valueFactory)
   at Microsoft.Owin.Host.SystemWeb.OwinHttpModule.Init(HttpApplication context)
   at System.Web.HttpApplication.InitModulesCommon()
   at System.Web.HttpApplication.InitInternal(HttpContext context, HttpApplicationState state, MethodInfo[] handlers)
   at System.Web.HttpApplicationFactory.GetNormalApplicationInstance(HttpContext context)
   at System.Web.HttpApplicationFactory.GetApplicationInstance(HttpContext context)
   at System.Web.HttpRuntime.ProcessRequestInternal(HttpWorkerRequest wr)
-->
  Expected: not null
  But was:  null
]]></message>
                      <stack-trace><![CDATA[at Orchard.Specs.Bindings.WebAppHosting.WhenIFillIn(Table table) in e:\expedit\projects\nkd\src\main\NKD.Orchard\src\Orchard.Specs\Bindings\WebAppHosting.cs:line 254
at Orchard.Specs.Bindings.OrchardSiteFactory.GivenIHaveInstalledOrchard(String virtualDirectory) in e:\expedit\projects\nkd\src\main\NKD.Orchard\src\Orchard.Specs\Bindings\OrchardSiteFactory.cs:line 38
at TechTalk.SpecFlow.Bindings.BindingInvoker.InvokeBinding(IBinding binding, IContextManager contextManager, Object[] arguments, ITestTracer testTracer, TimeSpan& duration)
at TechTalk.SpecFlow.Infrastructure.TestExecutionEngine.ExecuteStepMatch(BindingMatch match, Object[] arguments)
at TechTalk.SpecFlow.Infrastructure.TestExecutionEngine.ExecuteStep(StepInstance stepInstance)
at TechTalk.SpecFlow.Infrastructure.TestExecutionEngine.OnAfterLastStep()
]]></stack-trace>
                    </failure>
                  </test-case>
                  <test-case name="Orchard.Specs.UsersFeature.ICanEditAnExistingUser" description="I can edit an existing user" executed="True" success="False" time="33.872" asserts="1">
                    <categories>
                      <category name="management" />
                    </categories>
                    <failure>
                      <message><![CDATA[  Unable to locate <input> name SiteName in page html:

<!DOCTYPE html>
<html>
    <head>
        <title>Could not load file or assembly 'DevExpress.CodeRush.Common, Version=10.1.0.0, Culture=neutral, PublicKeyToken=35c9f04b7764aa3d' or one of its dependencies. The system cannot find the file specified.</title>
        <meta name="viewport" content="width=device-width" />
        <style>
         body {font-family:"Verdana";font-weight:normal;font-size: .7em;color:black;} 
         p {font-family:"Verdana";font-weight:normal;color:black;margin-top: -5px}
         b {font-family:"Verdana";font-weight:bold;color:black;margin-top: -5px}
         H1 { font-family:"Verdana";font-weight:normal;font-size:18pt;color:red }
         H2 { font-family:"Verdana";font-weight:normal;font-size:14pt;color:maroon }
         pre {font-family:"Consolas","Lucida Console",Monospace;font-size:11pt;margin:0;padding:0.5em;line-height:14pt}
         .marker {font-weight: bold; color: black;text-decoration: none;}
         .version {color: gray;}
         .error {margin-bottom: 10px;}
         .expandable { text-decoration:underline; font-weight:bold; color:navy; cursor:hand; }
         @media screen and (max-width: 639px) {
          pre { width: 440px; overflow: auto; white-space: pre-wrap; word-wrap: break-word; }
         }
         @media screen and (max-width: 479px) {
          pre { width: 280px; }
         }
        </style>
    </head>

    <body bgcolor="white">

            <span><H1>Server Error in '/' Application.<hr width=100% size=1 color=silver></H1>

            <h2> <i>Could not load file or assembly 'DevExpress.CodeRush.Common, Version=10.1.0.0, Culture=neutral, PublicKeyToken=35c9f04b7764aa3d' or one of its dependencies. The system cannot find the file specified.</i> </h2></span>

            <font face="Arial, Helvetica, Geneva, SunSans-Regular, sans-serif ">

            <b> Description: </b>An unhandled exception occurred during the execution of the current web request. Please review the stack trace for more information about the error and where it originated in the code.

            <br><br>

            <b> Exception Details: </b>System.IO.FileNotFoundException: Could not load file or assembly 'DevExpress.CodeRush.Common, Version=10.1.0.0, Culture=neutral, PublicKeyToken=35c9f04b7764aa3d' or one of its dependencies. The system cannot find the file specified.<br><br>

            <b>Source Error:</b> <br><br>

            <table width=100% bgcolor="#ffffcc">
               <tr>
                  <td>
                      <code>

An unhandled exception was generated during the execution of the current web request. Information regarding the origin and location of the exception can be identified using the exception stack trace below.</code>

                  </td>
               </tr>
            </table>

            <br>

            <b>Assembly Load Trace:</b> The following information can be helpful to determine why the assembly 'DevExpress.CodeRush.Common, Version=10.1.0.0, Culture=neutral, PublicKeyToken=35c9f04b7764aa3d' could not be loaded.<br><br>

            <table width=100% bgcolor="#ffffcc">
               <tr>
                  <td>
                      <code><pre>

WRN: Assembly binding logging is turned OFF.
To enable assembly bind failure logging, set the registry value [HKLM\Software\Microsoft\Fusion!EnableLog] (DWORD) to 1.
Note: There is some performance penalty associated with assembly bind failure logging.
To turn this feature off, remove the registry value [HKLM\Software\Microsoft\Fusion!EnableLog].
</pre></code>

                  </td>
               </tr>
            </table>

            <br>

            <b>Stack Trace:</b> <br><br>

            <table width=100% bgcolor="#ffffcc">
               <tr>
                  <td>
                      <code><pre>

[FileNotFoundException: Could not load file or assembly &#39;DevExpress.CodeRush.Common, Version=10.1.0.0, Culture=neutral, PublicKeyToken=35c9f04b7764aa3d&#39; or one of its dependencies. The system cannot find the file specified.]
   System.ModuleHandle.ResolveType(RuntimeModule module, Int32 typeToken, IntPtr* typeInstArgs, Int32 typeInstCount, IntPtr* methodInstArgs, Int32 methodInstCount, ObjectHandleOnStack type) +0
   System.ModuleHandle.ResolveTypeHandleInternal(RuntimeModule module, Int32 typeToken, RuntimeTypeHandle[] typeInstantiationContext, RuntimeTypeHandle[] methodInstantiationContext) +371
   System.ModuleHandle.ResolveTypeHandle(Int32 typeToken, RuntimeTypeHandle[] typeInstantiationContext, RuntimeTypeHandle[] methodInstantiationContext) +19
   System.Reflection.RuntimeModule.ResolveType(Int32 metadataToken, Type[] genericTypeArguments, Type[] genericMethodArguments) +319
   System.Reflection.CustomAttribute.FilterCustomAttributeRecord(CustomAttributeRecord caRecord, MetadataImport scope, Assembly&amp; lastAptcaOkAssembly, RuntimeModule decoratedModule, MetadataToken decoratedToken, RuntimeType attributeFilterType, Boolean mustBeInheritable, Object[] attributes, IList derivedAttributes, RuntimeType&amp; attributeType, IRuntimeMethodInfo&amp; ctor, Boolean&amp; ctorHasParameters, Boolean&amp; isVarArg) +203
   System.Reflection.CustomAttribute.GetCustomAttributes(RuntimeModule decoratedModule, Int32 decoratedMetadataToken, Int32 pcaCount, RuntimeType attributeFilterType, Boolean mustBeInheritable, IList derivedAttributes, Boolean isDecoratedTargetSecurityTransparent) +1179
   System.Reflection.CustomAttribute.GetCustomAttributes(RuntimeAssembly assembly, RuntimeType caType) +146
   Owin.Loader.DefaultLoader.SearchForStartupAttribute(String friendlyName, IList`1 errors, Boolean&amp; conflict) +180
   Owin.Loader.DefaultLoader.LoadImplementation(String startupName, IList`1 errorDetails) +184
   Microsoft.Owin.Host.SystemWeb.OwinBuilder.GetAppStartup() +138
   Microsoft.Owin.Host.SystemWeb.OwinHttpModule.InitializeBlueprint() +38
   System.Threading.LazyInitializer.EnsureInitializedCore(T&amp; target, Boolean&amp; initialized, Object&amp; syncLock, Func`1 valueFactory) +241
   Microsoft.Owin.Host.SystemWeb.OwinHttpModule.Init(HttpApplication context) +129
   System.Web.HttpApplication.InitModulesCommon() +192
   System.Web.HttpApplication.InitInternal(HttpContext context, HttpApplicationState state, MethodInfo[] handlers) +1582
   System.Web.HttpApplicationFactory.GetNormalApplicationInstance(HttpContext context) +365
   System.Web.HttpApplicationFactory.GetApplicationInstance(HttpContext context) +200
   System.Web.HttpRuntime.ProcessRequestInternal(HttpWorkerRequest wr) +591
</pre></code>

                  </td>
               </tr>
            </table>

            <br>

            <hr width=100% size=1 color=silver>

            <b>Version Information:</b>&nbsp;Microsoft .NET Framework Version:4.0.30319; ASP.NET Version:4.0.30319.34009

            </font>

    </body>
</html>
<!-- 
[FileNotFoundException]: Could not load file or assembly &#39;DevExpress.CodeRush.Common, Version=10.1.0.0, Culture=neutral, PublicKeyToken=35c9f04b7764aa3d&#39; or one of its dependencies. The system cannot find the file specified.
   at System.ModuleHandle.ResolveType(RuntimeModule module, Int32 typeToken, IntPtr* typeInstArgs, Int32 typeInstCount, IntPtr* methodInstArgs, Int32 methodInstCount, ObjectHandleOnStack type)
   at System.ModuleHandle.ResolveTypeHandleInternal(RuntimeModule module, Int32 typeToken, RuntimeTypeHandle[] typeInstantiationContext, RuntimeTypeHandle[] methodInstantiationContext)
   at System.ModuleHandle.ResolveTypeHandle(Int32 typeToken, RuntimeTypeHandle[] typeInstantiationContext, RuntimeTypeHandle[] methodInstantiationContext)
   at System.Reflection.RuntimeModule.ResolveType(Int32 metadataToken, Type[] genericTypeArguments, Type[] genericMethodArguments)
   at System.Reflection.CustomAttribute.FilterCustomAttributeRecord(CustomAttributeRecord caRecord, MetadataImport scope, Assembly& lastAptcaOkAssembly, RuntimeModule decoratedModule, MetadataToken decoratedToken, RuntimeType attributeFilterType, Boolean mustBeInheritable, Object[] attributes, IList derivedAttributes, RuntimeType& attributeType, IRuntimeMethodInfo& ctor, Boolean& ctorHasParameters, Boolean& isVarArg)
   at System.Reflection.CustomAttribute.GetCustomAttributes(RuntimeModule decoratedModule, Int32 decoratedMetadataToken, Int32 pcaCount, RuntimeType attributeFilterType, Boolean mustBeInheritable, IList derivedAttributes, Boolean isDecoratedTargetSecurityTransparent)
   at System.Reflection.CustomAttribute.GetCustomAttributes(RuntimeAssembly assembly, RuntimeType caType)
   at Owin.Loader.DefaultLoader.SearchForStartupAttribute(String friendlyName, IList`1 errors, Boolean& conflict)
   at Owin.Loader.DefaultLoader.LoadImplementation(String startupName, IList`1 errorDetails)
   at Microsoft.Owin.Host.SystemWeb.OwinBuilder.GetAppStartup()
   at Microsoft.Owin.Host.SystemWeb.OwinHttpModule.InitializeBlueprint()
   at System.Threading.LazyInitializer.EnsureInitializedCore[T](T& target, Boolean& initialized, Object& syncLock, Func`1 valueFactory)
   at Microsoft.Owin.Host.SystemWeb.OwinHttpModule.Init(HttpApplication context)
   at System.Web.HttpApplication.InitModulesCommon()
   at System.Web.HttpApplication.InitInternal(HttpContext context, HttpApplicationState state, MethodInfo[] handlers)
   at System.Web.HttpApplicationFactory.GetNormalApplicationInstance(HttpContext context)
   at System.Web.HttpApplicationFactory.GetApplicationInstance(HttpContext context)
   at System.Web.HttpRuntime.ProcessRequestInternal(HttpWorkerRequest wr)
-->
  Expected: not null
  But was:  null
]]></message>
                      <stack-trace><![CDATA[at Orchard.Specs.Bindings.WebAppHosting.WhenIFillIn(Table table) in e:\expedit\projects\nkd\src\main\NKD.Orchard\src\Orchard.Specs\Bindings\WebAppHosting.cs:line 254
at Orchard.Specs.Bindings.OrchardSiteFactory.GivenIHaveInstalledOrchard(String virtualDirectory) in e:\expedit\projects\nkd\src\main\NKD.Orchard\src\Orchard.Specs\Bindings\OrchardSiteFactory.cs:line 38
at TechTalk.SpecFlow.Bindings.BindingInvoker.InvokeBinding(IBinding binding, IContextManager contextManager, Object[] arguments, ITestTracer testTracer, TimeSpan& duration)
at TechTalk.SpecFlow.Infrastructure.TestExecutionEngine.ExecuteStepMatch(BindingMatch match, Object[] arguments)
at TechTalk.SpecFlow.Infrastructure.TestExecutionEngine.ExecuteStep(StepInstance stepInstance)
at TechTalk.SpecFlow.Infrastructure.TestExecutionEngine.OnAfterLastStep()
]]></stack-trace>
                    </failure>
                  </test-case>
                  <test-case name="Orchard.Specs.UsersFeature.IShouldBeAbleToAddUsersWithValidEmailAddresses" description="I should be able to add users with valid email addresses" executed="True" success="False" time="28.952" asserts="1">
                    <categories>
                      <category name="email" />
                    </categories>
                    <failure>
                      <message><![CDATA[  Unable to locate <input> name SiteName in page html:

<!DOCTYPE html>
<html>
    <head>
        <title>Could not load file or assembly 'DevExpress.CodeRush.Common, Version=10.1.0.0, Culture=neutral, PublicKeyToken=35c9f04b7764aa3d' or one of its dependencies. The system cannot find the file specified.</title>
        <meta name="viewport" content="width=device-width" />
        <style>
         body {font-family:"Verdana";font-weight:normal;font-size: .7em;color:black;} 
         p {font-family:"Verdana";font-weight:normal;color:black;margin-top: -5px}
         b {font-family:"Verdana";font-weight:bold;color:black;margin-top: -5px}
         H1 { font-family:"Verdana";font-weight:normal;font-size:18pt;color:red }
         H2 { font-family:"Verdana";font-weight:normal;font-size:14pt;color:maroon }
         pre {font-family:"Consolas","Lucida Console",Monospace;font-size:11pt;margin:0;padding:0.5em;line-height:14pt}
         .marker {font-weight: bold; color: black;text-decoration: none;}
         .version {color: gray;}
         .error {margin-bottom: 10px;}
         .expandable { text-decoration:underline; font-weight:bold; color:navy; cursor:hand; }
         @media screen and (max-width: 639px) {
          pre { width: 440px; overflow: auto; white-space: pre-wrap; word-wrap: break-word; }
         }
         @media screen and (max-width: 479px) {
          pre { width: 280px; }
         }
        </style>
    </head>

    <body bgcolor="white">

            <span><H1>Server Error in '/' Application.<hr width=100% size=1 color=silver></H1>

            <h2> <i>Could not load file or assembly 'DevExpress.CodeRush.Common, Version=10.1.0.0, Culture=neutral, PublicKeyToken=35c9f04b7764aa3d' or one of its dependencies. The system cannot find the file specified.</i> </h2></span>

            <font face="Arial, Helvetica, Geneva, SunSans-Regular, sans-serif ">

            <b> Description: </b>An unhandled exception occurred during the execution of the current web request. Please review the stack trace for more information about the error and where it originated in the code.

            <br><br>

            <b> Exception Details: </b>System.IO.FileNotFoundException: Could not load file or assembly 'DevExpress.CodeRush.Common, Version=10.1.0.0, Culture=neutral, PublicKeyToken=35c9f04b7764aa3d' or one of its dependencies. The system cannot find the file specified.<br><br>

            <b>Source Error:</b> <br><br>

            <table width=100% bgcolor="#ffffcc">
               <tr>
                  <td>
                      <code>

An unhandled exception was generated during the execution of the current web request. Information regarding the origin and location of the exception can be identified using the exception stack trace below.</code>

                  </td>
               </tr>
            </table>

            <br>

            <b>Assembly Load Trace:</b> The following information can be helpful to determine why the assembly 'DevExpress.CodeRush.Common, Version=10.1.0.0, Culture=neutral, PublicKeyToken=35c9f04b7764aa3d' could not be loaded.<br><br>

            <table width=100% bgcolor="#ffffcc">
               <tr>
                  <td>
                      <code><pre>

WRN: Assembly binding logging is turned OFF.
To enable assembly bind failure logging, set the registry value [HKLM\Software\Microsoft\Fusion!EnableLog] (DWORD) to 1.
Note: There is some performance penalty associated with assembly bind failure logging.
To turn this feature off, remove the registry value [HKLM\Software\Microsoft\Fusion!EnableLog].
</pre></code>

                  </td>
               </tr>
            </table>

            <br>

            <b>Stack Trace:</b> <br><br>

            <table width=100% bgcolor="#ffffcc">
               <tr>
                  <td>
                      <code><pre>

[FileNotFoundException: Could not load file or assembly &#39;DevExpress.CodeRush.Common, Version=10.1.0.0, Culture=neutral, PublicKeyToken=35c9f04b7764aa3d&#39; or one of its dependencies. The system cannot find the file specified.]
   System.ModuleHandle.ResolveType(RuntimeModule module, Int32 typeToken, IntPtr* typeInstArgs, Int32 typeInstCount, IntPtr* methodInstArgs, Int32 methodInstCount, ObjectHandleOnStack type) +0
   System.ModuleHandle.ResolveTypeHandleInternal(RuntimeModule module, Int32 typeToken, RuntimeTypeHandle[] typeInstantiationContext, RuntimeTypeHandle[] methodInstantiationContext) +371
   System.ModuleHandle.ResolveTypeHandle(Int32 typeToken, RuntimeTypeHandle[] typeInstantiationContext, RuntimeTypeHandle[] methodInstantiationContext) +19
   System.Reflection.RuntimeModule.ResolveType(Int32 metadataToken, Type[] genericTypeArguments, Type[] genericMethodArguments) +319
   System.Reflection.CustomAttribute.FilterCustomAttributeRecord(CustomAttributeRecord caRecord, MetadataImport scope, Assembly&amp; lastAptcaOkAssembly, RuntimeModule decoratedModule, MetadataToken decoratedToken, RuntimeType attributeFilterType, Boolean mustBeInheritable, Object[] attributes, IList derivedAttributes, RuntimeType&amp; attributeType, IRuntimeMethodInfo&amp; ctor, Boolean&amp; ctorHasParameters, Boolean&amp; isVarArg) +203
   System.Reflection.CustomAttribute.GetCustomAttributes(RuntimeModule decoratedModule, Int32 decoratedMetadataToken, Int32 pcaCount, RuntimeType attributeFilterType, Boolean mustBeInheritable, IList derivedAttributes, Boolean isDecoratedTargetSecurityTransparent) +1179
   System.Reflection.CustomAttribute.GetCustomAttributes(RuntimeAssembly assembly, RuntimeType caType) +146
   Owin.Loader.DefaultLoader.SearchForStartupAttribute(String friendlyName, IList`1 errors, Boolean&amp; conflict) +180
   Owin.Loader.DefaultLoader.LoadImplementation(String startupName, IList`1 errorDetails) +184
   Microsoft.Owin.Host.SystemWeb.OwinBuilder.GetAppStartup() +138
   Microsoft.Owin.Host.SystemWeb.OwinHttpModule.InitializeBlueprint() +38
   System.Threading.LazyInitializer.EnsureInitializedCore(T&amp; target, Boolean&amp; initialized, Object&amp; syncLock, Func`1 valueFactory) +241
   Microsoft.Owin.Host.SystemWeb.OwinHttpModule.Init(HttpApplication context) +129
   System.Web.HttpApplication.InitModulesCommon() +192
   System.Web.HttpApplication.InitInternal(HttpContext context, HttpApplicationState state, MethodInfo[] handlers) +1582
   System.Web.HttpApplicationFactory.GetNormalApplicationInstance(HttpContext context) +365
   System.Web.HttpApplicationFactory.GetApplicationInstance(HttpContext context) +200
   System.Web.HttpRuntime.ProcessRequestInternal(HttpWorkerRequest wr) +591
</pre></code>

                  </td>
               </tr>
            </table>

            <br>

            <hr width=100% size=1 color=silver>

            <b>Version Information:</b>&nbsp;Microsoft .NET Framework Version:4.0.30319; ASP.NET Version:4.0.30319.34009

            </font>

    </body>
</html>
<!-- 
[FileNotFoundException]: Could not load file or assembly &#39;DevExpress.CodeRush.Common, Version=10.1.0.0, Culture=neutral, PublicKeyToken=35c9f04b7764aa3d&#39; or one of its dependencies. The system cannot find the file specified.
   at System.ModuleHandle.ResolveType(RuntimeModule module, Int32 typeToken, IntPtr* typeInstArgs, Int32 typeInstCount, IntPtr* methodInstArgs, Int32 methodInstCount, ObjectHandleOnStack type)
   at System.ModuleHandle.ResolveTypeHandleInternal(RuntimeModule module, Int32 typeToken, RuntimeTypeHandle[] typeInstantiationContext, RuntimeTypeHandle[] methodInstantiationContext)
   at System.ModuleHandle.ResolveTypeHandle(Int32 typeToken, RuntimeTypeHandle[] typeInstantiationContext, RuntimeTypeHandle[] methodInstantiationContext)
   at System.Reflection.RuntimeModule.ResolveType(Int32 metadataToken, Type[] genericTypeArguments, Type[] genericMethodArguments)
   at System.Reflection.CustomAttribute.FilterCustomAttributeRecord(CustomAttributeRecord caRecord, MetadataImport scope, Assembly& lastAptcaOkAssembly, RuntimeModule decoratedModule, MetadataToken decoratedToken, RuntimeType attributeFilterType, Boolean mustBeInheritable, Object[] attributes, IList derivedAttributes, RuntimeType& attributeType, IRuntimeMethodInfo& ctor, Boolean& ctorHasParameters, Boolean& isVarArg)
   at System.Reflection.CustomAttribute.GetCustomAttributes(RuntimeModule decoratedModule, Int32 decoratedMetadataToken, Int32 pcaCount, RuntimeType attributeFilterType, Boolean mustBeInheritable, IList derivedAttributes, Boolean isDecoratedTargetSecurityTransparent)
   at System.Reflection.CustomAttribute.GetCustomAttributes(RuntimeAssembly assembly, RuntimeType caType)
   at Owin.Loader.DefaultLoader.SearchForStartupAttribute(String friendlyName, IList`1 errors, Boolean& conflict)
   at Owin.Loader.DefaultLoader.LoadImplementation(String startupName, IList`1 errorDetails)
   at Microsoft.Owin.Host.SystemWeb.OwinBuilder.GetAppStartup()
   at Microsoft.Owin.Host.SystemWeb.OwinHttpModule.InitializeBlueprint()
   at System.Threading.LazyInitializer.EnsureInitializedCore[T](T& target, Boolean& initialized, Object& syncLock, Func`1 valueFactory)
   at Microsoft.Owin.Host.SystemWeb.OwinHttpModule.Init(HttpApplication context)
   at System.Web.HttpApplication.InitModulesCommon()
   at System.Web.HttpApplication.InitInternal(HttpContext context, HttpApplicationState state, MethodInfo[] handlers)
   at System.Web.HttpApplicationFactory.GetNormalApplicationInstance(HttpContext context)
   at System.Web.HttpApplicationFactory.GetApplicationInstance(HttpContext context)
   at System.Web.HttpRuntime.ProcessRequestInternal(HttpWorkerRequest wr)
-->
  Expected: not null
  But was:  null
]]></message>
                      <stack-trace><![CDATA[at Orchard.Specs.Bindings.WebAppHosting.WhenIFillIn(Table table) in e:\expedit\projects\nkd\src\main\NKD.Orchard\src\Orchard.Specs\Bindings\WebAppHosting.cs:line 254
at Orchard.Specs.Bindings.OrchardSiteFactory.GivenIHaveInstalledOrchard(String virtualDirectory) in e:\expedit\projects\nkd\src\main\NKD.Orchard\src\Orchard.Specs\Bindings\OrchardSiteFactory.cs:line 38
at TechTalk.SpecFlow.Bindings.BindingInvoker.InvokeBinding(IBinding binding, IContextManager contextManager, Object[] arguments, ITestTracer testTracer, TimeSpan& duration)
at TechTalk.SpecFlow.Infrastructure.TestExecutionEngine.ExecuteStepMatch(BindingMatch match, Object[] arguments)
at TechTalk.SpecFlow.Infrastructure.TestExecutionEngine.ExecuteStep(StepInstance stepInstance)
at TechTalk.SpecFlow.Infrastructure.TestExecutionEngine.OnAfterLastStep()
]]></stack-trace>
                    </failure>
                  </test-case>
                  <test-case name="Orchard.Specs.UsersFeature.IShouldBeAbleToFilterUsersByStatus" description="I should be able to filter users by status" executed="True" success="False" time="24.739" asserts="1">
                    <categories>
                      <category name="filtering" />
                    </categories>
                    <failure>
                      <message><![CDATA[  Unable to locate <input> name SiteName in page html:

<!DOCTYPE html>
<html>
    <head>
        <title>Could not load file or assembly 'DevExpress.CodeRush.Common, Version=10.1.0.0, Culture=neutral, PublicKeyToken=35c9f04b7764aa3d' or one of its dependencies. The system cannot find the file specified.</title>
        <meta name="viewport" content="width=device-width" />
        <style>
         body {font-family:"Verdana";font-weight:normal;font-size: .7em;color:black;} 
         p {font-family:"Verdana";font-weight:normal;color:black;margin-top: -5px}
         b {font-family:"Verdana";font-weight:bold;color:black;margin-top: -5px}
         H1 { font-family:"Verdana";font-weight:normal;font-size:18pt;color:red }
         H2 { font-family:"Verdana";font-weight:normal;font-size:14pt;color:maroon }
         pre {font-family:"Consolas","Lucida Console",Monospace;font-size:11pt;margin:0;padding:0.5em;line-height:14pt}
         .marker {font-weight: bold; color: black;text-decoration: none;}
         .version {color: gray;}
         .error {margin-bottom: 10px;}
         .expandable { text-decoration:underline; font-weight:bold; color:navy; cursor:hand; }
         @media screen and (max-width: 639px) {
          pre { width: 440px; overflow: auto; white-space: pre-wrap; word-wrap: break-word; }
         }
         @media screen and (max-width: 479px) {
          pre { width: 280px; }
         }
        </style>
    </head>

    <body bgcolor="white">

            <span><H1>Server Error in '/' Application.<hr width=100% size=1 color=silver></H1>

            <h2> <i>Could not load file or assembly 'DevExpress.CodeRush.Common, Version=10.1.0.0, Culture=neutral, PublicKeyToken=35c9f04b7764aa3d' or one of its dependencies. The system cannot find the file specified.</i> </h2></span>

            <font face="Arial, Helvetica, Geneva, SunSans-Regular, sans-serif ">

            <b> Description: </b>An unhandled exception occurred during the execution of the current web request. Please review the stack trace for more information about the error and where it originated in the code.

            <br><br>

            <b> Exception Details: </b>System.IO.FileNotFoundException: Could not load file or assembly 'DevExpress.CodeRush.Common, Version=10.1.0.0, Culture=neutral, PublicKeyToken=35c9f04b7764aa3d' or one of its dependencies. The system cannot find the file specified.<br><br>

            <b>Source Error:</b> <br><br>

            <table width=100% bgcolor="#ffffcc">
               <tr>
                  <td>
                      <code>

An unhandled exception was generated during the execution of the current web request. Information regarding the origin and location of the exception can be identified using the exception stack trace below.</code>

                  </td>
               </tr>
            </table>

            <br>

            <b>Assembly Load Trace:</b> The following information can be helpful to determine why the assembly 'DevExpress.CodeRush.Common, Version=10.1.0.0, Culture=neutral, PublicKeyToken=35c9f04b7764aa3d' could not be loaded.<br><br>

            <table width=100% bgcolor="#ffffcc">
               <tr>
                  <td>
                      <code><pre>

WRN: Assembly binding logging is turned OFF.
To enable assembly bind failure logging, set the registry value [HKLM\Software\Microsoft\Fusion!EnableLog] (DWORD) to 1.
Note: There is some performance penalty associated with assembly bind failure logging.
To turn this feature off, remove the registry value [HKLM\Software\Microsoft\Fusion!EnableLog].
</pre></code>

                  </td>
               </tr>
            </table>

            <br>

            <b>Stack Trace:</b> <br><br>

            <table width=100% bgcolor="#ffffcc">
               <tr>
                  <td>
                      <code><pre>

[FileNotFoundException: Could not load file or assembly &#39;DevExpress.CodeRush.Common, Version=10.1.0.0, Culture=neutral, PublicKeyToken=35c9f04b7764aa3d&#39; or one of its dependencies. The system cannot find the file specified.]
   System.ModuleHandle.ResolveType(RuntimeModule module, Int32 typeToken, IntPtr* typeInstArgs, Int32 typeInstCount, IntPtr* methodInstArgs, Int32 methodInstCount, ObjectHandleOnStack type) +0
   System.ModuleHandle.ResolveTypeHandleInternal(RuntimeModule module, Int32 typeToken, RuntimeTypeHandle[] typeInstantiationContext, RuntimeTypeHandle[] methodInstantiationContext) +371
   System.ModuleHandle.ResolveTypeHandle(Int32 typeToken, RuntimeTypeHandle[] typeInstantiationContext, RuntimeTypeHandle[] methodInstantiationContext) +19
   System.Reflection.RuntimeModule.ResolveType(Int32 metadataToken, Type[] genericTypeArguments, Type[] genericMethodArguments) +319
   System.Reflection.CustomAttribute.FilterCustomAttributeRecord(CustomAttributeRecord caRecord, MetadataImport scope, Assembly&amp; lastAptcaOkAssembly, RuntimeModule decoratedModule, MetadataToken decoratedToken, RuntimeType attributeFilterType, Boolean mustBeInheritable, Object[] attributes, IList derivedAttributes, RuntimeType&amp; attributeType, IRuntimeMethodInfo&amp; ctor, Boolean&amp; ctorHasParameters, Boolean&amp; isVarArg) +203
   System.Reflection.CustomAttribute.GetCustomAttributes(RuntimeModule decoratedModule, Int32 decoratedMetadataToken, Int32 pcaCount, RuntimeType attributeFilterType, Boolean mustBeInheritable, IList derivedAttributes, Boolean isDecoratedTargetSecurityTransparent) +1179
   System.Reflection.CustomAttribute.GetCustomAttributes(RuntimeAssembly assembly, RuntimeType caType) +146
   Owin.Loader.DefaultLoader.SearchForStartupAttribute(String friendlyName, IList`1 errors, Boolean&amp; conflict) +180
   Owin.Loader.DefaultLoader.LoadImplementation(String startupName, IList`1 errorDetails) +184
   Microsoft.Owin.Host.SystemWeb.OwinBuilder.GetAppStartup() +138
   Microsoft.Owin.Host.SystemWeb.OwinHttpModule.InitializeBlueprint() +38
   System.Threading.LazyInitializer.EnsureInitializedCore(T&amp; target, Boolean&amp; initialized, Object&amp; syncLock, Func`1 valueFactory) +241
   Microsoft.Owin.Host.SystemWeb.OwinHttpModule.Init(HttpApplication context) +129
   System.Web.HttpApplication.InitModulesCommon() +192
   System.Web.HttpApplication.InitInternal(HttpContext context, HttpApplicationState state, MethodInfo[] handlers) +1582
   System.Web.HttpApplicationFactory.GetNormalApplicationInstance(HttpContext context) +365
   System.Web.HttpApplicationFactory.GetApplicationInstance(HttpContext context) +200
   System.Web.HttpRuntime.ProcessRequestInternal(HttpWorkerRequest wr) +591
</pre></code>

                  </td>
               </tr>
            </table>

            <br>

            <hr width=100% size=1 color=silver>

            <b>Version Information:</b>&nbsp;Microsoft .NET Framework Version:4.0.30319; ASP.NET Version:4.0.30319.34009

            </font>

    </body>
</html>
<!-- 
[FileNotFoundException]: Could not load file or assembly &#39;DevExpress.CodeRush.Common, Version=10.1.0.0, Culture=neutral, PublicKeyToken=35c9f04b7764aa3d&#39; or one of its dependencies. The system cannot find the file specified.
   at System.ModuleHandle.ResolveType(RuntimeModule module, Int32 typeToken, IntPtr* typeInstArgs, Int32 typeInstCount, IntPtr* methodInstArgs, Int32 methodInstCount, ObjectHandleOnStack type)
   at System.ModuleHandle.ResolveTypeHandleInternal(RuntimeModule module, Int32 typeToken, RuntimeTypeHandle[] typeInstantiationContext, RuntimeTypeHandle[] methodInstantiationContext)
   at System.ModuleHandle.ResolveTypeHandle(Int32 typeToken, RuntimeTypeHandle[] typeInstantiationContext, RuntimeTypeHandle[] methodInstantiationContext)
   at System.Reflection.RuntimeModule.ResolveType(Int32 metadataToken, Type[] genericTypeArguments, Type[] genericMethodArguments)
   at System.Reflection.CustomAttribute.FilterCustomAttributeRecord(CustomAttributeRecord caRecord, MetadataImport scope, Assembly& lastAptcaOkAssembly, RuntimeModule decoratedModule, MetadataToken decoratedToken, RuntimeType attributeFilterType, Boolean mustBeInheritable, Object[] attributes, IList derivedAttributes, RuntimeType& attributeType, IRuntimeMethodInfo& ctor, Boolean& ctorHasParameters, Boolean& isVarArg)
   at System.Reflection.CustomAttribute.GetCustomAttributes(RuntimeModule decoratedModule, Int32 decoratedMetadataToken, Int32 pcaCount, RuntimeType attributeFilterType, Boolean mustBeInheritable, IList derivedAttributes, Boolean isDecoratedTargetSecurityTransparent)
   at System.Reflection.CustomAttribute.GetCustomAttributes(RuntimeAssembly assembly, RuntimeType caType)
   at Owin.Loader.DefaultLoader.SearchForStartupAttribute(String friendlyName, IList`1 errors, Boolean& conflict)
   at Owin.Loader.DefaultLoader.LoadImplementation(String startupName, IList`1 errorDetails)
   at Microsoft.Owin.Host.SystemWeb.OwinBuilder.GetAppStartup()
   at Microsoft.Owin.Host.SystemWeb.OwinHttpModule.InitializeBlueprint()
   at System.Threading.LazyInitializer.EnsureInitializedCore[T](T& target, Boolean& initialized, Object& syncLock, Func`1 valueFactory)
   at Microsoft.Owin.Host.SystemWeb.OwinHttpModule.Init(HttpApplication context)
   at System.Web.HttpApplication.InitModulesCommon()
   at System.Web.HttpApplication.InitInternal(HttpContext context, HttpApplicationState state, MethodInfo[] handlers)
   at System.Web.HttpApplicationFactory.GetNormalApplicationInstance(HttpContext context)
   at System.Web.HttpApplicationFactory.GetApplicationInstance(HttpContext context)
   at System.Web.HttpRuntime.ProcessRequestInternal(HttpWorkerRequest wr)
-->
  Expected: not null
  But was:  null
]]></message>
                      <stack-trace><![CDATA[at Orchard.Specs.Bindings.WebAppHosting.WhenIFillIn(Table table) in e:\expedit\projects\nkd\src\main\NKD.Orchard\src\Orchard.Specs\Bindings\WebAppHosting.cs:line 254
at Orchard.Specs.Bindings.OrchardSiteFactory.GivenIHaveInstalledOrchard(String virtualDirectory) in e:\expedit\projects\nkd\src\main\NKD.Orchard\src\Orchard.Specs\Bindings\OrchardSiteFactory.cs:line 38
at TechTalk.SpecFlow.Bindings.BindingInvoker.InvokeBinding(IBinding binding, IContextManager contextManager, Object[] arguments, ITestTracer testTracer, TimeSpan& duration)
at TechTalk.SpecFlow.Infrastructure.TestExecutionEngine.ExecuteStepMatch(BindingMatch match, Object[] arguments)
at TechTalk.SpecFlow.Infrastructure.TestExecutionEngine.ExecuteStep(StepInstance stepInstance)
at TechTalk.SpecFlow.Infrastructure.TestExecutionEngine.OnAfterLastStep()
]]></stack-trace>
                    </failure>
                  </test-case>
                  <test-case name="Orchard.Specs.UsersFeature.IShouldBeAbleToRemoveAnExistingUser" description="I should be able to remove an existing user" executed="False">
                    <categories>
                      <category name="management" />
                    </categories>
                    <reason>
                      <message><![CDATA[]]></message>
                    </reason>
                  </test-case>
                  <test-case name="Orchard.Specs.UsersFeature.IShouldNotBeAbleToAddUsersWithInvalidEmailAddresses" description="I should not be able to add users with invalid email addresses" executed="True" success="False" time="27.256" asserts="1">
                    <categories>
                      <category name="email" />
                    </categories>
                    <failure>
                      <message><![CDATA[  Unable to locate <input> name SiteName in page html:

<!DOCTYPE html>
<html>
    <head>
        <title>Could not load file or assembly 'DevExpress.CodeRush.Common, Version=10.1.0.0, Culture=neutral, PublicKeyToken=35c9f04b7764aa3d' or one of its dependencies. The system cannot find the file specified.</title>
        <meta name="viewport" content="width=device-width" />
        <style>
         body {font-family:"Verdana";font-weight:normal;font-size: .7em;color:black;} 
         p {font-family:"Verdana";font-weight:normal;color:black;margin-top: -5px}
         b {font-family:"Verdana";font-weight:bold;color:black;margin-top: -5px}
         H1 { font-family:"Verdana";font-weight:normal;font-size:18pt;color:red }
         H2 { font-family:"Verdana";font-weight:normal;font-size:14pt;color:maroon }
         pre {font-family:"Consolas","Lucida Console",Monospace;font-size:11pt;margin:0;padding:0.5em;line-height:14pt}
         .marker {font-weight: bold; color: black;text-decoration: none;}
         .version {color: gray;}
         .error {margin-bottom: 10px;}
         .expandable { text-decoration:underline; font-weight:bold; color:navy; cursor:hand; }
         @media screen and (max-width: 639px) {
          pre { width: 440px; overflow: auto; white-space: pre-wrap; word-wrap: break-word; }
         }
         @media screen and (max-width: 479px) {
          pre { width: 280px; }
         }
        </style>
    </head>

    <body bgcolor="white">

            <span><H1>Server Error in '/' Application.<hr width=100% size=1 color=silver></H1>

            <h2> <i>Could not load file or assembly 'DevExpress.CodeRush.Common, Version=10.1.0.0, Culture=neutral, PublicKeyToken=35c9f04b7764aa3d' or one of its dependencies. The system cannot find the file specified.</i> </h2></span>

            <font face="Arial, Helvetica, Geneva, SunSans-Regular, sans-serif ">

            <b> Description: </b>An unhandled exception occurred during the execution of the current web request. Please review the stack trace for more information about the error and where it originated in the code.

            <br><br>

            <b> Exception Details: </b>System.IO.FileNotFoundException: Could not load file or assembly 'DevExpress.CodeRush.Common, Version=10.1.0.0, Culture=neutral, PublicKeyToken=35c9f04b7764aa3d' or one of its dependencies. The system cannot find the file specified.<br><br>

            <b>Source Error:</b> <br><br>

            <table width=100% bgcolor="#ffffcc">
               <tr>
                  <td>
                      <code>

An unhandled exception was generated during the execution of the current web request. Information regarding the origin and location of the exception can be identified using the exception stack trace below.</code>

                  </td>
               </tr>
            </table>

            <br>

            <b>Assembly Load Trace:</b> The following information can be helpful to determine why the assembly 'DevExpress.CodeRush.Common, Version=10.1.0.0, Culture=neutral, PublicKeyToken=35c9f04b7764aa3d' could not be loaded.<br><br>

            <table width=100% bgcolor="#ffffcc">
               <tr>
                  <td>
                      <code><pre>

WRN: Assembly binding logging is turned OFF.
To enable assembly bind failure logging, set the registry value [HKLM\Software\Microsoft\Fusion!EnableLog] (DWORD) to 1.
Note: There is some performance penalty associated with assembly bind failure logging.
To turn this feature off, remove the registry value [HKLM\Software\Microsoft\Fusion!EnableLog].
</pre></code>

                  </td>
               </tr>
            </table>

            <br>

            <b>Stack Trace:</b> <br><br>

            <table width=100% bgcolor="#ffffcc">
               <tr>
                  <td>
                      <code><pre>

[FileNotFoundException: Could not load file or assembly &#39;DevExpress.CodeRush.Common, Version=10.1.0.0, Culture=neutral, PublicKeyToken=35c9f04b7764aa3d&#39; or one of its dependencies. The system cannot find the file specified.]
   System.ModuleHandle.ResolveType(RuntimeModule module, Int32 typeToken, IntPtr* typeInstArgs, Int32 typeInstCount, IntPtr* methodInstArgs, Int32 methodInstCount, ObjectHandleOnStack type) +0
   System.ModuleHandle.ResolveTypeHandleInternal(RuntimeModule module, Int32 typeToken, RuntimeTypeHandle[] typeInstantiationContext, RuntimeTypeHandle[] methodInstantiationContext) +371
   System.ModuleHandle.ResolveTypeHandle(Int32 typeToken, RuntimeTypeHandle[] typeInstantiationContext, RuntimeTypeHandle[] methodInstantiationContext) +19
   System.Reflection.RuntimeModule.ResolveType(Int32 metadataToken, Type[] genericTypeArguments, Type[] genericMethodArguments) +319
   System.Reflection.CustomAttribute.FilterCustomAttributeRecord(CustomAttributeRecord caRecord, MetadataImport scope, Assembly&amp; lastAptcaOkAssembly, RuntimeModule decoratedModule, MetadataToken decoratedToken, RuntimeType attributeFilterType, Boolean mustBeInheritable, Object[] attributes, IList derivedAttributes, RuntimeType&amp; attributeType, IRuntimeMethodInfo&amp; ctor, Boolean&amp; ctorHasParameters, Boolean&amp; isVarArg) +203
   System.Reflection.CustomAttribute.GetCustomAttributes(RuntimeModule decoratedModule, Int32 decoratedMetadataToken, Int32 pcaCount, RuntimeType attributeFilterType, Boolean mustBeInheritable, IList derivedAttributes, Boolean isDecoratedTargetSecurityTransparent) +1179
   System.Reflection.CustomAttribute.GetCustomAttributes(RuntimeAssembly assembly, RuntimeType caType) +146
   Owin.Loader.DefaultLoader.SearchForStartupAttribute(String friendlyName, IList`1 errors, Boolean&amp; conflict) +180
   Owin.Loader.DefaultLoader.LoadImplementation(String startupName, IList`1 errorDetails) +184
   Microsoft.Owin.Host.SystemWeb.OwinBuilder.GetAppStartup() +138
   Microsoft.Owin.Host.SystemWeb.OwinHttpModule.InitializeBlueprint() +38
   System.Threading.LazyInitializer.EnsureInitializedCore(T&amp; target, Boolean&amp; initialized, Object&amp; syncLock, Func`1 valueFactory) +241
   Microsoft.Owin.Host.SystemWeb.OwinHttpModule.Init(HttpApplication context) +129
   System.Web.HttpApplication.InitModulesCommon() +192
   System.Web.HttpApplication.InitInternal(HttpContext context, HttpApplicationState state, MethodInfo[] handlers) +1582
   System.Web.HttpApplicationFactory.GetNormalApplicationInstance(HttpContext context) +365
   System.Web.HttpApplicationFactory.GetApplicationInstance(HttpContext context) +200
   System.Web.HttpRuntime.ProcessRequestInternal(HttpWorkerRequest wr) +591
</pre></code>

                  </td>
               </tr>
            </table>

            <br>

            <hr width=100% size=1 color=silver>

            <b>Version Information:</b>&nbsp;Microsoft .NET Framework Version:4.0.30319; ASP.NET Version:4.0.30319.34009

            </font>

    </body>
</html>
<!-- 
[FileNotFoundException]: Could not load file or assembly &#39;DevExpress.CodeRush.Common, Version=10.1.0.0, Culture=neutral, PublicKeyToken=35c9f04b7764aa3d&#39; or one of its dependencies. The system cannot find the file specified.
   at System.ModuleHandle.ResolveType(RuntimeModule module, Int32 typeToken, IntPtr* typeInstArgs, Int32 typeInstCount, IntPtr* methodInstArgs, Int32 methodInstCount, ObjectHandleOnStack type)
   at System.ModuleHandle.ResolveTypeHandleInternal(RuntimeModule module, Int32 typeToken, RuntimeTypeHandle[] typeInstantiationContext, RuntimeTypeHandle[] methodInstantiationContext)
   at System.ModuleHandle.ResolveTypeHandle(Int32 typeToken, RuntimeTypeHandle[] typeInstantiationContext, RuntimeTypeHandle[] methodInstantiationContext)
   at System.Reflection.RuntimeModule.ResolveType(Int32 metadataToken, Type[] genericTypeArguments, Type[] genericMethodArguments)
   at System.Reflection.CustomAttribute.FilterCustomAttributeRecord(CustomAttributeRecord caRecord, MetadataImport scope, Assembly& lastAptcaOkAssembly, RuntimeModule decoratedModule, MetadataToken decoratedToken, RuntimeType attributeFilterType, Boolean mustBeInheritable, Object[] attributes, IList derivedAttributes, RuntimeType& attributeType, IRuntimeMethodInfo& ctor, Boolean& ctorHasParameters, Boolean& isVarArg)
   at System.Reflection.CustomAttribute.GetCustomAttributes(RuntimeModule decoratedModule, Int32 decoratedMetadataToken, Int32 pcaCount, RuntimeType attributeFilterType, Boolean mustBeInheritable, IList derivedAttributes, Boolean isDecoratedTargetSecurityTransparent)
   at System.Reflection.CustomAttribute.GetCustomAttributes(RuntimeAssembly assembly, RuntimeType caType)
   at Owin.Loader.DefaultLoader.SearchForStartupAttribute(String friendlyName, IList`1 errors, Boolean& conflict)
   at Owin.Loader.DefaultLoader.LoadImplementation(String startupName, IList`1 errorDetails)
   at Microsoft.Owin.Host.SystemWeb.OwinBuilder.GetAppStartup()
   at Microsoft.Owin.Host.SystemWeb.OwinHttpModule.InitializeBlueprint()
   at System.Threading.LazyInitializer.EnsureInitializedCore[T](T& target, Boolean& initialized, Object& syncLock, Func`1 valueFactory)
   at Microsoft.Owin.Host.SystemWeb.OwinHttpModule.Init(HttpApplication context)
   at System.Web.HttpApplication.InitModulesCommon()
   at System.Web.HttpApplication.InitInternal(HttpContext context, HttpApplicationState state, MethodInfo[] handlers)
   at System.Web.HttpApplicationFactory.GetNormalApplicationInstance(HttpContext context)
   at System.Web.HttpApplicationFactory.GetApplicationInstance(HttpContext context)
   at System.Web.HttpRuntime.ProcessRequestInternal(HttpWorkerRequest wr)
-->
  Expected: not null
  But was:  null
]]></message>
                      <stack-trace><![CDATA[at Orchard.Specs.Bindings.WebAppHosting.WhenIFillIn(Table table) in e:\expedit\projects\nkd\src\main\NKD.Orchard\src\Orchard.Specs\Bindings\WebAppHosting.cs:line 254
at Orchard.Specs.Bindings.OrchardSiteFactory.GivenIHaveInstalledOrchard(String virtualDirectory) in e:\expedit\projects\nkd\src\main\NKD.Orchard\src\Orchard.Specs\Bindings\OrchardSiteFactory.cs:line 38
at TechTalk.SpecFlow.Bindings.BindingInvoker.InvokeBinding(IBinding binding, IContextManager contextManager, Object[] arguments, ITestTracer testTracer, TimeSpan& duration)
at TechTalk.SpecFlow.Infrastructure.TestExecutionEngine.ExecuteStepMatch(BindingMatch match, Object[] arguments)
at TechTalk.SpecFlow.Infrastructure.TestExecutionEngine.ExecuteStep(StepInstance stepInstance)
at TechTalk.SpecFlow.Infrastructure.TestExecutionEngine.OnAfterLastStep()
]]></stack-trace>
                    </failure>
                  </test-case>
                  <test-case name="Orchard.Specs.UsersFeature.IShouldNotBeAbleToFilterUsersByName" description="I should not be able to filter users by name" executed="True" success="False" time="23.618" asserts="1">
                    <categories>
                      <category name="filtering" />
                    </categories>
                    <failure>
                      <message><![CDATA[  Unable to locate <input> name SiteName in page html:

<!DOCTYPE html>
<html>
    <head>
        <title>Could not load file or assembly 'DevExpress.CodeRush.Common, Version=10.1.0.0, Culture=neutral, PublicKeyToken=35c9f04b7764aa3d' or one of its dependencies. The system cannot find the file specified.</title>
        <meta name="viewport" content="width=device-width" />
        <style>
         body {font-family:"Verdana";font-weight:normal;font-size: .7em;color:black;} 
         p {font-family:"Verdana";font-weight:normal;color:black;margin-top: -5px}
         b {font-family:"Verdana";font-weight:bold;color:black;margin-top: -5px}
         H1 { font-family:"Verdana";font-weight:normal;font-size:18pt;color:red }
         H2 { font-family:"Verdana";font-weight:normal;font-size:14pt;color:maroon }
         pre {font-family:"Consolas","Lucida Console",Monospace;font-size:11pt;margin:0;padding:0.5em;line-height:14pt}
         .marker {font-weight: bold; color: black;text-decoration: none;}
         .version {color: gray;}
         .error {margin-bottom: 10px;}
         .expandable { text-decoration:underline; font-weight:bold; color:navy; cursor:hand; }
         @media screen and (max-width: 639px) {
          pre { width: 440px; overflow: auto; white-space: pre-wrap; word-wrap: break-word; }
         }
         @media screen and (max-width: 479px) {
          pre { width: 280px; }
         }
        </style>
    </head>

    <body bgcolor="white">

            <span><H1>Server Error in '/' Application.<hr width=100% size=1 color=silver></H1>

            <h2> <i>Could not load file or assembly 'DevExpress.CodeRush.Common, Version=10.1.0.0, Culture=neutral, PublicKeyToken=35c9f04b7764aa3d' or one of its dependencies. The system cannot find the file specified.</i> </h2></span>

            <font face="Arial, Helvetica, Geneva, SunSans-Regular, sans-serif ">

            <b> Description: </b>An unhandled exception occurred during the execution of the current web request. Please review the stack trace for more information about the error and where it originated in the code.

            <br><br>

            <b> Exception Details: </b>System.IO.FileNotFoundException: Could not load file or assembly 'DevExpress.CodeRush.Common, Version=10.1.0.0, Culture=neutral, PublicKeyToken=35c9f04b7764aa3d' or one of its dependencies. The system cannot find the file specified.<br><br>

            <b>Source Error:</b> <br><br>

            <table width=100% bgcolor="#ffffcc">
               <tr>
                  <td>
                      <code>

An unhandled exception was generated during the execution of the current web request. Information regarding the origin and location of the exception can be identified using the exception stack trace below.</code>

                  </td>
               </tr>
            </table>

            <br>

            <b>Assembly Load Trace:</b> The following information can be helpful to determine why the assembly 'DevExpress.CodeRush.Common, Version=10.1.0.0, Culture=neutral, PublicKeyToken=35c9f04b7764aa3d' could not be loaded.<br><br>

            <table width=100% bgcolor="#ffffcc">
               <tr>
                  <td>
                      <code><pre>

WRN: Assembly binding logging is turned OFF.
To enable assembly bind failure logging, set the registry value [HKLM\Software\Microsoft\Fusion!EnableLog] (DWORD) to 1.
Note: There is some performance penalty associated with assembly bind failure logging.
To turn this feature off, remove the registry value [HKLM\Software\Microsoft\Fusion!EnableLog].
</pre></code>

                  </td>
               </tr>
            </table>

            <br>

            <b>Stack Trace:</b> <br><br>

            <table width=100% bgcolor="#ffffcc">
               <tr>
                  <td>
                      <code><pre>

[FileNotFoundException: Could not load file or assembly &#39;DevExpress.CodeRush.Common, Version=10.1.0.0, Culture=neutral, PublicKeyToken=35c9f04b7764aa3d&#39; or one of its dependencies. The system cannot find the file specified.]
   System.ModuleHandle.ResolveType(RuntimeModule module, Int32 typeToken, IntPtr* typeInstArgs, Int32 typeInstCount, IntPtr* methodInstArgs, Int32 methodInstCount, ObjectHandleOnStack type) +0
   System.ModuleHandle.ResolveTypeHandleInternal(RuntimeModule module, Int32 typeToken, RuntimeTypeHandle[] typeInstantiationContext, RuntimeTypeHandle[] methodInstantiationContext) +371
   System.ModuleHandle.ResolveTypeHandle(Int32 typeToken, RuntimeTypeHandle[] typeInstantiationContext, RuntimeTypeHandle[] methodInstantiationContext) +19
   System.Reflection.RuntimeModule.ResolveType(Int32 metadataToken, Type[] genericTypeArguments, Type[] genericMethodArguments) +319
   System.Reflection.CustomAttribute.FilterCustomAttributeRecord(CustomAttributeRecord caRecord, MetadataImport scope, Assembly&amp; lastAptcaOkAssembly, RuntimeModule decoratedModule, MetadataToken decoratedToken, RuntimeType attributeFilterType, Boolean mustBeInheritable, Object[] attributes, IList derivedAttributes, RuntimeType&amp; attributeType, IRuntimeMethodInfo&amp; ctor, Boolean&amp; ctorHasParameters, Boolean&amp; isVarArg) +203
   System.Reflection.CustomAttribute.GetCustomAttributes(RuntimeModule decoratedModule, Int32 decoratedMetadataToken, Int32 pcaCount, RuntimeType attributeFilterType, Boolean mustBeInheritable, IList derivedAttributes, Boolean isDecoratedTargetSecurityTransparent) +1179
   System.Reflection.CustomAttribute.GetCustomAttributes(RuntimeAssembly assembly, RuntimeType caType) +146
   Owin.Loader.DefaultLoader.SearchForStartupAttribute(String friendlyName, IList`1 errors, Boolean&amp; conflict) +180
   Owin.Loader.DefaultLoader.LoadImplementation(String startupName, IList`1 errorDetails) +184
   Microsoft.Owin.Host.SystemWeb.OwinBuilder.GetAppStartup() +138
   Microsoft.Owin.Host.SystemWeb.OwinHttpModule.InitializeBlueprint() +38
   System.Threading.LazyInitializer.EnsureInitializedCore(T&amp; target, Boolean&amp; initialized, Object&amp; syncLock, Func`1 valueFactory) +241
   Microsoft.Owin.Host.SystemWeb.OwinHttpModule.Init(HttpApplication context) +129
   System.Web.HttpApplication.InitModulesCommon() +192
   System.Web.HttpApplication.InitInternal(HttpContext context, HttpApplicationState state, MethodInfo[] handlers) +1582
   System.Web.HttpApplicationFactory.GetNormalApplicationInstance(HttpContext context) +365
   System.Web.HttpApplicationFactory.GetApplicationInstance(HttpContext context) +200
   System.Web.HttpRuntime.ProcessRequestInternal(HttpWorkerRequest wr) +591
</pre></code>

                  </td>
               </tr>
            </table>

            <br>

            <hr width=100% size=1 color=silver>

            <b>Version Information:</b>&nbsp;Microsoft .NET Framework Version:4.0.30319; ASP.NET Version:4.0.30319.34009

            </font>

    </body>
</html>
<!-- 
[FileNotFoundException]: Could not load file or assembly &#39;DevExpress.CodeRush.Common, Version=10.1.0.0, Culture=neutral, PublicKeyToken=35c9f04b7764aa3d&#39; or one of its dependencies. The system cannot find the file specified.
   at System.ModuleHandle.ResolveType(RuntimeModule module, Int32 typeToken, IntPtr* typeInstArgs, Int32 typeInstCount, IntPtr* methodInstArgs, Int32 methodInstCount, ObjectHandleOnStack type)
   at System.ModuleHandle.ResolveTypeHandleInternal(RuntimeModule module, Int32 typeToken, RuntimeTypeHandle[] typeInstantiationContext, RuntimeTypeHandle[] methodInstantiationContext)
   at System.ModuleHandle.ResolveTypeHandle(Int32 typeToken, RuntimeTypeHandle[] typeInstantiationContext, RuntimeTypeHandle[] methodInstantiationContext)
   at System.Reflection.RuntimeModule.ResolveType(Int32 metadataToken, Type[] genericTypeArguments, Type[] genericMethodArguments)
   at System.Reflection.CustomAttribute.FilterCustomAttributeRecord(CustomAttributeRecord caRecord, MetadataImport scope, Assembly& lastAptcaOkAssembly, RuntimeModule decoratedModule, MetadataToken decoratedToken, RuntimeType attributeFilterType, Boolean mustBeInheritable, Object[] attributes, IList derivedAttributes, RuntimeType& attributeType, IRuntimeMethodInfo& ctor, Boolean& ctorHasParameters, Boolean& isVarArg)
   at System.Reflection.CustomAttribute.GetCustomAttributes(RuntimeModule decoratedModule, Int32 decoratedMetadataToken, Int32 pcaCount, RuntimeType attributeFilterType, Boolean mustBeInheritable, IList derivedAttributes, Boolean isDecoratedTargetSecurityTransparent)
   at System.Reflection.CustomAttribute.GetCustomAttributes(RuntimeAssembly assembly, RuntimeType caType)
   at Owin.Loader.DefaultLoader.SearchForStartupAttribute(String friendlyName, IList`1 errors, Boolean& conflict)
   at Owin.Loader.DefaultLoader.LoadImplementation(String startupName, IList`1 errorDetails)
   at Microsoft.Owin.Host.SystemWeb.OwinBuilder.GetAppStartup()
   at Microsoft.Owin.Host.SystemWeb.OwinHttpModule.InitializeBlueprint()
   at System.Threading.LazyInitializer.EnsureInitializedCore[T](T& target, Boolean& initialized, Object& syncLock, Func`1 valueFactory)
   at Microsoft.Owin.Host.SystemWeb.OwinHttpModule.Init(HttpApplication context)
   at System.Web.HttpApplication.InitModulesCommon()
   at System.Web.HttpApplication.InitInternal(HttpContext context, HttpApplicationState state, MethodInfo[] handlers)
   at System.Web.HttpApplicationFactory.GetNormalApplicationInstance(HttpContext context)
   at System.Web.HttpApplicationFactory.GetApplicationInstance(HttpContext context)
   at System.Web.HttpRuntime.ProcessRequestInternal(HttpWorkerRequest wr)
-->
  Expected: not null
  But was:  null
]]></message>
                      <stack-trace><![CDATA[at Orchard.Specs.Bindings.WebAppHosting.WhenIFillIn(Table table) in e:\expedit\projects\nkd\src\main\NKD.Orchard\src\Orchard.Specs\Bindings\WebAppHosting.cs:line 254
at Orchard.Specs.Bindings.OrchardSiteFactory.GivenIHaveInstalledOrchard(String virtualDirectory) in e:\expedit\projects\nkd\src\main\NKD.Orchard\src\Orchard.Specs\Bindings\OrchardSiteFactory.cs:line 38
at TechTalk.SpecFlow.Bindings.BindingInvoker.InvokeBinding(IBinding binding, IContextManager contextManager, Object[] arguments, ITestTracer testTracer, TimeSpan& duration)
at TechTalk.SpecFlow.Infrastructure.TestExecutionEngine.ExecuteStepMatch(BindingMatch match, Object[] arguments)
at TechTalk.SpecFlow.Infrastructure.TestExecutionEngine.ExecuteStep(StepInstance stepInstance)
at TechTalk.SpecFlow.Infrastructure.TestExecutionEngine.OnAfterLastStep()
]]></stack-trace>
                    </failure>
                  </test-case>
                  <test-case name="Orchard.Specs.UsersFeature.IShouldNotBeAbleToReuseAnExistingUsernameOrEmail" description="I should not be able to reuse an existing username or email" executed="True" success="False" time="29.005" asserts="1">
                    <categories>
                      <category name="management" />
                    </categories>
                    <failure>
                      <message><![CDATA[  Unable to locate <input> name SiteName in page html:

<!DOCTYPE html>
<html>
    <head>
        <title>Could not load file or assembly 'DevExpress.CodeRush.Common, Version=10.1.0.0, Culture=neutral, PublicKeyToken=35c9f04b7764aa3d' or one of its dependencies. The system cannot find the file specified.</title>
        <meta name="viewport" content="width=device-width" />
        <style>
         body {font-family:"Verdana";font-weight:normal;font-size: .7em;color:black;} 
         p {font-family:"Verdana";font-weight:normal;color:black;margin-top: -5px}
         b {font-family:"Verdana";font-weight:bold;color:black;margin-top: -5px}
         H1 { font-family:"Verdana";font-weight:normal;font-size:18pt;color:red }
         H2 { font-family:"Verdana";font-weight:normal;font-size:14pt;color:maroon }
         pre {font-family:"Consolas","Lucida Console",Monospace;font-size:11pt;margin:0;padding:0.5em;line-height:14pt}
         .marker {font-weight: bold; color: black;text-decoration: none;}
         .version {color: gray;}
         .error {margin-bottom: 10px;}
         .expandable { text-decoration:underline; font-weight:bold; color:navy; cursor:hand; }
         @media screen and (max-width: 639px) {
          pre { width: 440px; overflow: auto; white-space: pre-wrap; word-wrap: break-word; }
         }
         @media screen and (max-width: 479px) {
          pre { width: 280px; }
         }
        </style>
    </head>

    <body bgcolor="white">

            <span><H1>Server Error in '/' Application.<hr width=100% size=1 color=silver></H1>

            <h2> <i>Could not load file or assembly 'DevExpress.CodeRush.Common, Version=10.1.0.0, Culture=neutral, PublicKeyToken=35c9f04b7764aa3d' or one of its dependencies. The system cannot find the file specified.</i> </h2></span>

            <font face="Arial, Helvetica, Geneva, SunSans-Regular, sans-serif ">

            <b> Description: </b>An unhandled exception occurred during the execution of the current web request. Please review the stack trace for more information about the error and where it originated in the code.

            <br><br>

            <b> Exception Details: </b>System.IO.FileNotFoundException: Could not load file or assembly 'DevExpress.CodeRush.Common, Version=10.1.0.0, Culture=neutral, PublicKeyToken=35c9f04b7764aa3d' or one of its dependencies. The system cannot find the file specified.<br><br>

            <b>Source Error:</b> <br><br>

            <table width=100% bgcolor="#ffffcc">
               <tr>
                  <td>
                      <code>

An unhandled exception was generated during the execution of the current web request. Information regarding the origin and location of the exception can be identified using the exception stack trace below.</code>

                  </td>
               </tr>
            </table>

            <br>

            <b>Assembly Load Trace:</b> The following information can be helpful to determine why the assembly 'DevExpress.CodeRush.Common, Version=10.1.0.0, Culture=neutral, PublicKeyToken=35c9f04b7764aa3d' could not be loaded.<br><br>

            <table width=100% bgcolor="#ffffcc">
               <tr>
                  <td>
                      <code><pre>

WRN: Assembly binding logging is turned OFF.
To enable assembly bind failure logging, set the registry value [HKLM\Software\Microsoft\Fusion!EnableLog] (DWORD) to 1.
Note: There is some performance penalty associated with assembly bind failure logging.
To turn this feature off, remove the registry value [HKLM\Software\Microsoft\Fusion!EnableLog].
</pre></code>

                  </td>
               </tr>
            </table>

            <br>

            <b>Stack Trace:</b> <br><br>

            <table width=100% bgcolor="#ffffcc">
               <tr>
                  <td>
                      <code><pre>

[FileNotFoundException: Could not load file or assembly &#39;DevExpress.CodeRush.Common, Version=10.1.0.0, Culture=neutral, PublicKeyToken=35c9f04b7764aa3d&#39; or one of its dependencies. The system cannot find the file specified.]
   System.ModuleHandle.ResolveType(RuntimeModule module, Int32 typeToken, IntPtr* typeInstArgs, Int32 typeInstCount, IntPtr* methodInstArgs, Int32 methodInstCount, ObjectHandleOnStack type) +0
   System.ModuleHandle.ResolveTypeHandleInternal(RuntimeModule module, Int32 typeToken, RuntimeTypeHandle[] typeInstantiationContext, RuntimeTypeHandle[] methodInstantiationContext) +371
   System.ModuleHandle.ResolveTypeHandle(Int32 typeToken, RuntimeTypeHandle[] typeInstantiationContext, RuntimeTypeHandle[] methodInstantiationContext) +19
   System.Reflection.RuntimeModule.ResolveType(Int32 metadataToken, Type[] genericTypeArguments, Type[] genericMethodArguments) +319
   System.Reflection.CustomAttribute.FilterCustomAttributeRecord(CustomAttributeRecord caRecord, MetadataImport scope, Assembly&amp; lastAptcaOkAssembly, RuntimeModule decoratedModule, MetadataToken decoratedToken, RuntimeType attributeFilterType, Boolean mustBeInheritable, Object[] attributes, IList derivedAttributes, RuntimeType&amp; attributeType, IRuntimeMethodInfo&amp; ctor, Boolean&amp; ctorHasParameters, Boolean&amp; isVarArg) +203
   System.Reflection.CustomAttribute.GetCustomAttributes(RuntimeModule decoratedModule, Int32 decoratedMetadataToken, Int32 pcaCount, RuntimeType attributeFilterType, Boolean mustBeInheritable, IList derivedAttributes, Boolean isDecoratedTargetSecurityTransparent) +1179
   System.Reflection.CustomAttribute.GetCustomAttributes(RuntimeAssembly assembly, RuntimeType caType) +146
   Owin.Loader.DefaultLoader.SearchForStartupAttribute(String friendlyName, IList`1 errors, Boolean&amp; conflict) +180
   Owin.Loader.DefaultLoader.LoadImplementation(String startupName, IList`1 errorDetails) +184
   Microsoft.Owin.Host.SystemWeb.OwinBuilder.GetAppStartup() +138
   Microsoft.Owin.Host.SystemWeb.OwinHttpModule.InitializeBlueprint() +38
   System.Threading.LazyInitializer.EnsureInitializedCore(T&amp; target, Boolean&amp; initialized, Object&amp; syncLock, Func`1 valueFactory) +241
   Microsoft.Owin.Host.SystemWeb.OwinHttpModule.Init(HttpApplication context) +129
   System.Web.HttpApplication.InitModulesCommon() +192
   System.Web.HttpApplication.InitInternal(HttpContext context, HttpApplicationState state, MethodInfo[] handlers) +1582
   System.Web.HttpApplicationFactory.GetNormalApplicationInstance(HttpContext context) +365
   System.Web.HttpApplicationFactory.GetApplicationInstance(HttpContext context) +200
   System.Web.HttpRuntime.ProcessRequestInternal(HttpWorkerRequest wr) +591
</pre></code>

                  </td>
               </tr>
            </table>

            <br>

            <hr width=100% size=1 color=silver>

            <b>Version Information:</b>&nbsp;Microsoft .NET Framework Version:4.0.30319; ASP.NET Version:4.0.30319.34009

            </font>

    </body>
</html>
<!-- 
[FileNotFoundException]: Could not load file or assembly &#39;DevExpress.CodeRush.Common, Version=10.1.0.0, Culture=neutral, PublicKeyToken=35c9f04b7764aa3d&#39; or one of its dependencies. The system cannot find the file specified.
   at System.ModuleHandle.ResolveType(RuntimeModule module, Int32 typeToken, IntPtr* typeInstArgs, Int32 typeInstCount, IntPtr* methodInstArgs, Int32 methodInstCount, ObjectHandleOnStack type)
   at System.ModuleHandle.ResolveTypeHandleInternal(RuntimeModule module, Int32 typeToken, RuntimeTypeHandle[] typeInstantiationContext, RuntimeTypeHandle[] methodInstantiationContext)
   at System.ModuleHandle.ResolveTypeHandle(Int32 typeToken, RuntimeTypeHandle[] typeInstantiationContext, RuntimeTypeHandle[] methodInstantiationContext)
   at System.Reflection.RuntimeModule.ResolveType(Int32 metadataToken, Type[] genericTypeArguments, Type[] genericMethodArguments)
   at System.Reflection.CustomAttribute.FilterCustomAttributeRecord(CustomAttributeRecord caRecord, MetadataImport scope, Assembly& lastAptcaOkAssembly, RuntimeModule decoratedModule, MetadataToken decoratedToken, RuntimeType attributeFilterType, Boolean mustBeInheritable, Object[] attributes, IList derivedAttributes, RuntimeType& attributeType, IRuntimeMethodInfo& ctor, Boolean& ctorHasParameters, Boolean& isVarArg)
   at System.Reflection.CustomAttribute.GetCustomAttributes(RuntimeModule decoratedModule, Int32 decoratedMetadataToken, Int32 pcaCount, RuntimeType attributeFilterType, Boolean mustBeInheritable, IList derivedAttributes, Boolean isDecoratedTargetSecurityTransparent)
   at System.Reflection.CustomAttribute.GetCustomAttributes(RuntimeAssembly assembly, RuntimeType caType)
   at Owin.Loader.DefaultLoader.SearchForStartupAttribute(String friendlyName, IList`1 errors, Boolean& conflict)
   at Owin.Loader.DefaultLoader.LoadImplementation(String startupName, IList`1 errorDetails)
   at Microsoft.Owin.Host.SystemWeb.OwinBuilder.GetAppStartup()
   at Microsoft.Owin.Host.SystemWeb.OwinHttpModule.InitializeBlueprint()
   at System.Threading.LazyInitializer.EnsureInitializedCore[T](T& target, Boolean& initialized, Object& syncLock, Func`1 valueFactory)
   at Microsoft.Owin.Host.SystemWeb.OwinHttpModule.Init(HttpApplication context)
   at System.Web.HttpApplication.InitModulesCommon()
   at System.Web.HttpApplication.InitInternal(HttpContext context, HttpApplicationState state, MethodInfo[] handlers)
   at System.Web.HttpApplicationFactory.GetNormalApplicationInstance(HttpContext context)
   at System.Web.HttpApplicationFactory.GetApplicationInstance(HttpContext context)
   at System.Web.HttpRuntime.ProcessRequestInternal(HttpWorkerRequest wr)
-->
  Expected: not null
  But was:  null
]]></message>
                      <stack-trace><![CDATA[at Orchard.Specs.Bindings.WebAppHosting.WhenIFillIn(Table table) in e:\expedit\projects\nkd\src\main\NKD.Orchard\src\Orchard.Specs\Bindings\WebAppHosting.cs:line 254
at Orchard.Specs.Bindings.OrchardSiteFactory.GivenIHaveInstalledOrchard(String virtualDirectory) in e:\expedit\projects\nkd\src\main\NKD.Orchard\src\Orchard.Specs\Bindings\OrchardSiteFactory.cs:line 38
at TechTalk.SpecFlow.Bindings.BindingInvoker.InvokeBinding(IBinding binding, IContextManager contextManager, Object[] arguments, ITestTracer testTracer, TimeSpan& duration)
at TechTalk.SpecFlow.Infrastructure.TestExecutionEngine.ExecuteStepMatch(BindingMatch match, Object[] arguments)
at TechTalk.SpecFlow.Infrastructure.TestExecutionEngine.ExecuteStep(StepInstance stepInstance)
at TechTalk.SpecFlow.Infrastructure.TestExecutionEngine.OnAfterLastStep()
]]></stack-trace>
                    </failure>
                  </test-case>
                  <test-case name="Orchard.Specs.UsersFeature.ThereIsOnlyOneUserByDefault" description="There is only one user by default" executed="True" success="False" time="32.145" asserts="1">
                    <categories>
                      <category name="management" />
                    </categories>
                    <failure>
                      <message><![CDATA[  Unable to locate <input> name SiteName in page html:

<!DOCTYPE html>
<html>
    <head>
        <title>Could not load file or assembly 'DevExpress.CodeRush.Common, Version=10.1.0.0, Culture=neutral, PublicKeyToken=35c9f04b7764aa3d' or one of its dependencies. The system cannot find the file specified.</title>
        <meta name="viewport" content="width=device-width" />
        <style>
         body {font-family:"Verdana";font-weight:normal;font-size: .7em;color:black;} 
         p {font-family:"Verdana";font-weight:normal;color:black;margin-top: -5px}
         b {font-family:"Verdana";font-weight:bold;color:black;margin-top: -5px}
         H1 { font-family:"Verdana";font-weight:normal;font-size:18pt;color:red }
         H2 { font-family:"Verdana";font-weight:normal;font-size:14pt;color:maroon }
         pre {font-family:"Consolas","Lucida Console",Monospace;font-size:11pt;margin:0;padding:0.5em;line-height:14pt}
         .marker {font-weight: bold; color: black;text-decoration: none;}
         .version {color: gray;}
         .error {margin-bottom: 10px;}
         .expandable { text-decoration:underline; font-weight:bold; color:navy; cursor:hand; }
         @media screen and (max-width: 639px) {
          pre { width: 440px; overflow: auto; white-space: pre-wrap; word-wrap: break-word; }
         }
         @media screen and (max-width: 479px) {
          pre { width: 280px; }
         }
        </style>
    </head>

    <body bgcolor="white">

            <span><H1>Server Error in '/' Application.<hr width=100% size=1 color=silver></H1>

            <h2> <i>Could not load file or assembly 'DevExpress.CodeRush.Common, Version=10.1.0.0, Culture=neutral, PublicKeyToken=35c9f04b7764aa3d' or one of its dependencies. The system cannot find the file specified.</i> </h2></span>

            <font face="Arial, Helvetica, Geneva, SunSans-Regular, sans-serif ">

            <b> Description: </b>An unhandled exception occurred during the execution of the current web request. Please review the stack trace for more information about the error and where it originated in the code.

            <br><br>

            <b> Exception Details: </b>System.IO.FileNotFoundException: Could not load file or assembly 'DevExpress.CodeRush.Common, Version=10.1.0.0, Culture=neutral, PublicKeyToken=35c9f04b7764aa3d' or one of its dependencies. The system cannot find the file specified.<br><br>

            <b>Source Error:</b> <br><br>

            <table width=100% bgcolor="#ffffcc">
               <tr>
                  <td>
                      <code>

An unhandled exception was generated during the execution of the current web request. Information regarding the origin and location of the exception can be identified using the exception stack trace below.</code>

                  </td>
               </tr>
            </table>

            <br>

            <b>Assembly Load Trace:</b> The following information can be helpful to determine why the assembly 'DevExpress.CodeRush.Common, Version=10.1.0.0, Culture=neutral, PublicKeyToken=35c9f04b7764aa3d' could not be loaded.<br><br>

            <table width=100% bgcolor="#ffffcc">
               <tr>
                  <td>
                      <code><pre>

WRN: Assembly binding logging is turned OFF.
To enable assembly bind failure logging, set the registry value [HKLM\Software\Microsoft\Fusion!EnableLog] (DWORD) to 1.
Note: There is some performance penalty associated with assembly bind failure logging.
To turn this feature off, remove the registry value [HKLM\Software\Microsoft\Fusion!EnableLog].
</pre></code>

                  </td>
               </tr>
            </table>

            <br>

            <b>Stack Trace:</b> <br><br>

            <table width=100% bgcolor="#ffffcc">
               <tr>
                  <td>
                      <code><pre>

[FileNotFoundException: Could not load file or assembly &#39;DevExpress.CodeRush.Common, Version=10.1.0.0, Culture=neutral, PublicKeyToken=35c9f04b7764aa3d&#39; or one of its dependencies. The system cannot find the file specified.]
   System.ModuleHandle.ResolveType(RuntimeModule module, Int32 typeToken, IntPtr* typeInstArgs, Int32 typeInstCount, IntPtr* methodInstArgs, Int32 methodInstCount, ObjectHandleOnStack type) +0
   System.ModuleHandle.ResolveTypeHandleInternal(RuntimeModule module, Int32 typeToken, RuntimeTypeHandle[] typeInstantiationContext, RuntimeTypeHandle[] methodInstantiationContext) +371
   System.ModuleHandle.ResolveTypeHandle(Int32 typeToken, RuntimeTypeHandle[] typeInstantiationContext, RuntimeTypeHandle[] methodInstantiationContext) +19
   System.Reflection.RuntimeModule.ResolveType(Int32 metadataToken, Type[] genericTypeArguments, Type[] genericMethodArguments) +319
   System.Reflection.CustomAttribute.FilterCustomAttributeRecord(CustomAttributeRecord caRecord, MetadataImport scope, Assembly&amp; lastAptcaOkAssembly, RuntimeModule decoratedModule, MetadataToken decoratedToken, RuntimeType attributeFilterType, Boolean mustBeInheritable, Object[] attributes, IList derivedAttributes, RuntimeType&amp; attributeType, IRuntimeMethodInfo&amp; ctor, Boolean&amp; ctorHasParameters, Boolean&amp; isVarArg) +203
   System.Reflection.CustomAttribute.GetCustomAttributes(RuntimeModule decoratedModule, Int32 decoratedMetadataToken, Int32 pcaCount, RuntimeType attributeFilterType, Boolean mustBeInheritable, IList derivedAttributes, Boolean isDecoratedTargetSecurityTransparent) +1179
   System.Reflection.CustomAttribute.GetCustomAttributes(RuntimeAssembly assembly, RuntimeType caType) +146
   Owin.Loader.DefaultLoader.SearchForStartupAttribute(String friendlyName, IList`1 errors, Boolean&amp; conflict) +180
   Owin.Loader.DefaultLoader.LoadImplementation(String startupName, IList`1 errorDetails) +184
   Microsoft.Owin.Host.SystemWeb.OwinBuilder.GetAppStartup() +138
   Microsoft.Owin.Host.SystemWeb.OwinHttpModule.InitializeBlueprint() +38
   System.Threading.LazyInitializer.EnsureInitializedCore(T&amp; target, Boolean&amp; initialized, Object&amp; syncLock, Func`1 valueFactory) +241
   Microsoft.Owin.Host.SystemWeb.OwinHttpModule.Init(HttpApplication context) +129
   System.Web.HttpApplication.InitModulesCommon() +192
   System.Web.HttpApplication.InitInternal(HttpContext context, HttpApplicationState state, MethodInfo[] handlers) +1582
   System.Web.HttpApplicationFactory.GetNormalApplicationInstance(HttpContext context) +365
   System.Web.HttpApplicationFactory.GetApplicationInstance(HttpContext context) +200
   System.Web.HttpRuntime.ProcessRequestInternal(HttpWorkerRequest wr) +591
</pre></code>

                  </td>
               </tr>
            </table>

            <br>

            <hr width=100% size=1 color=silver>

            <b>Version Information:</b>&nbsp;Microsoft .NET Framework Version:4.0.30319; ASP.NET Version:4.0.30319.34009

            </font>

    </body>
</html>
<!-- 
[FileNotFoundException]: Could not load file or assembly &#39;DevExpress.CodeRush.Common, Version=10.1.0.0, Culture=neutral, PublicKeyToken=35c9f04b7764aa3d&#39; or one of its dependencies. The system cannot find the file specified.
   at System.ModuleHandle.ResolveType(RuntimeModule module, Int32 typeToken, IntPtr* typeInstArgs, Int32 typeInstCount, IntPtr* methodInstArgs, Int32 methodInstCount, ObjectHandleOnStack type)
   at System.ModuleHandle.ResolveTypeHandleInternal(RuntimeModule module, Int32 typeToken, RuntimeTypeHandle[] typeInstantiationContext, RuntimeTypeHandle[] methodInstantiationContext)
   at System.ModuleHandle.ResolveTypeHandle(Int32 typeToken, RuntimeTypeHandle[] typeInstantiationContext, RuntimeTypeHandle[] methodInstantiationContext)
   at System.Reflection.RuntimeModule.ResolveType(Int32 metadataToken, Type[] genericTypeArguments, Type[] genericMethodArguments)
   at System.Reflection.CustomAttribute.FilterCustomAttributeRecord(CustomAttributeRecord caRecord, MetadataImport scope, Assembly& lastAptcaOkAssembly, RuntimeModule decoratedModule, MetadataToken decoratedToken, RuntimeType attributeFilterType, Boolean mustBeInheritable, Object[] attributes, IList derivedAttributes, RuntimeType& attributeType, IRuntimeMethodInfo& ctor, Boolean& ctorHasParameters, Boolean& isVarArg)
   at System.Reflection.CustomAttribute.GetCustomAttributes(RuntimeModule decoratedModule, Int32 decoratedMetadataToken, Int32 pcaCount, RuntimeType attributeFilterType, Boolean mustBeInheritable, IList derivedAttributes, Boolean isDecoratedTargetSecurityTransparent)
   at System.Reflection.CustomAttribute.GetCustomAttributes(RuntimeAssembly assembly, RuntimeType caType)
   at Owin.Loader.DefaultLoader.SearchForStartupAttribute(String friendlyName, IList`1 errors, Boolean& conflict)
   at Owin.Loader.DefaultLoader.LoadImplementation(String startupName, IList`1 errorDetails)
   at Microsoft.Owin.Host.SystemWeb.OwinBuilder.GetAppStartup()
   at Microsoft.Owin.Host.SystemWeb.OwinHttpModule.InitializeBlueprint()
   at System.Threading.LazyInitializer.EnsureInitializedCore[T](T& target, Boolean& initialized, Object& syncLock, Func`1 valueFactory)
   at Microsoft.Owin.Host.SystemWeb.OwinHttpModule.Init(HttpApplication context)
   at System.Web.HttpApplication.InitModulesCommon()
   at System.Web.HttpApplication.InitInternal(HttpContext context, HttpApplicationState state, MethodInfo[] handlers)
   at System.Web.HttpApplicationFactory.GetNormalApplicationInstance(HttpContext context)
   at System.Web.HttpApplicationFactory.GetApplicationInstance(HttpContext context)
   at System.Web.HttpRuntime.ProcessRequestInternal(HttpWorkerRequest wr)
-->
  Expected: not null
  But was:  null
]]></message>
                      <stack-trace><![CDATA[at Orchard.Specs.Bindings.WebAppHosting.WhenIFillIn(Table table) in e:\expedit\projects\nkd\src\main\NKD.Orchard\src\Orchard.Specs\Bindings\WebAppHosting.cs:line 254
at Orchard.Specs.Bindings.OrchardSiteFactory.GivenIHaveInstalledOrchard(String virtualDirectory) in e:\expedit\projects\nkd\src\main\NKD.Orchard\src\Orchard.Specs\Bindings\OrchardSiteFactory.cs:line 38
at TechTalk.SpecFlow.Bindings.BindingInvoker.InvokeBinding(IBinding binding, IContextManager contextManager, Object[] arguments, ITestTracer testTracer, TimeSpan& duration)
at TechTalk.SpecFlow.Infrastructure.TestExecutionEngine.ExecuteStepMatch(BindingMatch match, Object[] arguments)
at TechTalk.SpecFlow.Infrastructure.TestExecutionEngine.ExecuteStep(StepInstance stepInstance)
at TechTalk.SpecFlow.Infrastructure.TestExecutionEngine.OnAfterLastStep()
]]></stack-trace>
                    </failure>
                  </test-case>
                </results>
              </test-suite>
              <test-suite name="UsingSpecFlowFeature" description="Using SpecFlow" executed="True" success="True" time="0.032" asserts="0">
                <results>
                  <test-case name="Orchard.Specs.UsingSpecFlowFeature.SpecFlowGeneratesAndRunsViaNunit" description="Spec flow generates and runs via nunit" executed="True" success="True" time="0.030" asserts="4" />
                </results>
              </test-suite>
              <test-suite name="WebHostingFeature" description="Web Hosting" executed="True" success="False" time="263.140" asserts="0">
                <results>
                  <test-case name="Orchard.Specs.WebHostingFeature.BeingRedirected" description="Being redirected" executed="True" success="False" time="30.716" asserts="0">
                    <failure>
                      <message><![CDATA[Expected to be redirected but no Location header returned]]></message>
                      <stack-trace><![CDATA[at Orchard.Specs.Bindings.WebAppHosting.WhenIAmRedirected() in e:\expedit\projects\nkd\src\main\NKD.Orchard\src\Orchard.Specs\Bindings\WebAppHosting.cs:line 346
at TechTalk.SpecFlow.Bindings.BindingInvoker.InvokeBinding(IBinding binding, IContextManager contextManager, Object[] arguments, ITestTracer testTracer, TimeSpan& duration)
at TechTalk.SpecFlow.Infrastructure.TestExecutionEngine.ExecuteStepMatch(BindingMatch match, Object[] arguments)
at TechTalk.SpecFlow.Infrastructure.TestExecutionEngine.ExecuteStep(StepInstance stepInstance)
at TechTalk.SpecFlow.Infrastructure.TestExecutionEngine.OnAfterLastStep()
]]></stack-trace>
                    </failure>
                  </test-case>
                  <test-case name="Orchard.Specs.WebHostingFeature.CookiesFollowAlongYourRequest" description="Cookies follow along your request" executed="True" success="False" time="30.820" asserts="1">
                    <failure>
                      <message><![CDATA[  Expected: String matching "foo:bar"
  But was:  "<!DOCTYPE html>
<html>
    <head>
        <title>Could not load file or assembly 'DevExpress.CodeRush.Common, Version=10.1.0.0, Culture=neutral, PublicKeyToken=35c9f04b7764aa3d' or one of its dependencies. The system cannot find the file specified.</title>
        <meta name="viewport" content="width=device-width" />
        <style>
         body {font-family:"Verdana";font-weight:normal;font-size: .7em;color:black;} 
         p {font-family:"Verdana";font-weight:normal;color:black;margin-top: -5px}
         b {font-family:"Verdana";font-weight:bold;color:black;margin-top: -5px}
         H1 { font-family:"Verdana";font-weight:normal;font-size:18pt;color:red }
         H2 { font-family:"Verdana";font-weight:normal;font-size:14pt;color:maroon }
         pre {font-family:"Consolas","Lucida Console",Monospace;font-size:11pt;margin:0;padding:0.5em;line-height:14pt}
         .marker {font-weight: bold; color: black;text-decoration: none;}
         .version {color: gray;}
         .error {margin-bottom: 10px;}
         .expandable { text-decoration:underline; font-weight:bold; color:navy; cursor:hand; }
         @media screen and (max-width: 639px) {
          pre { width: 440px; overflow: auto; white-space: pre-wrap; word-wrap: break-word; }
         }
         @media screen and (max-width: 479px) {
          pre { width: 280px; }
         }
        </style>
    </head>

    <body bgcolor="white">

            <span><H1>Server Error in '/' Application.<hr width=100% size=1 color=silver></H1>

            <h2> <i>Could not load file or assembly 'DevExpress.CodeRush.Common, Version=10.1.0.0, Culture=neutral, PublicKeyToken=35c9f04b7764aa3d' or one of its dependencies. The system cannot find the file specified.</i> </h2></span>

            <font face="Arial, Helvetica, Geneva, SunSans-Regular, sans-serif ">

            <b> Description: </b>An unhandled exception occurred during the execution of the current web request. Please review the stack trace for more information about the error and where it originated in the code.

            <br><br>

            <b> Exception Details: </b>System.IO.FileNotFoundException: Could not load file or assembly 'DevExpress.CodeRush.Common, Version=10.1.0.0, Culture=neutral, PublicKeyToken=35c9f04b7764aa3d' or one of its dependencies. The system cannot find the file specified.<br><br>

            <b>Source Error:</b> <br><br>

            <table width=100% bgcolor="#ffffcc">
               <tr>
                  <td>
                      <code>

An unhandled exception was generated during the execution of the current web request. Information regarding the origin and location of the exception can be identified using the exception stack trace below.</code>

                  </td>
               </tr>
            </table>

            <br>

            <b>Assembly Load Trace:</b> The following information can be helpful to determine why the assembly 'DevExpress.CodeRush.Common, Version=10.1.0.0, Culture=neutral, PublicKeyToken=35c9f04b7764aa3d' could not be loaded.<br><br>

            <table width=100% bgcolor="#ffffcc">
               <tr>
                  <td>
                      <code><pre>

WRN: Assembly binding logging is turned OFF.
To enable assembly bind failure logging, set the registry value [HKLM\Software\Microsoft\Fusion!EnableLog] (DWORD) to 1.
Note: There is some performance penalty associated with assembly bind failure logging.
To turn this feature off, remove the registry value [HKLM\Software\Microsoft\Fusion!EnableLog].
</pre></code>

                  </td>
               </tr>
            </table>

            <br>

            <b>Stack Trace:</b> <br><br>

            <table width=100% bgcolor="#ffffcc">
               <tr>
                  <td>
                      <code><pre>

[FileNotFoundException: Could not load file or assembly &#39;DevExpress.CodeRush.Common, Version=10.1.0.0, Culture=neutral, PublicKeyToken=35c9f04b7764aa3d&#39; or one of its dependencies. The system cannot find the file specified.]
   System.ModuleHandle.ResolveType(RuntimeModule module, Int32 typeToken, IntPtr* typeInstArgs, Int32 typeInstCount, IntPtr* methodInstArgs, Int32 methodInstCount, ObjectHandleOnStack type) +0
   System.ModuleHandle.ResolveTypeHandleInternal(RuntimeModule module, Int32 typeToken, RuntimeTypeHandle[] typeInstantiationContext, RuntimeTypeHandle[] methodInstantiationContext) +371
   System.ModuleHandle.ResolveTypeHandle(Int32 typeToken, RuntimeTypeHandle[] typeInstantiationContext, RuntimeTypeHandle[] methodInstantiationContext) +19
   System.Reflection.RuntimeModule.ResolveType(Int32 metadataToken, Type[] genericTypeArguments, Type[] genericMethodArguments) +319
   System.Reflection.CustomAttribute.FilterCustomAttributeRecord(CustomAttributeRecord caRecord, MetadataImport scope, Assembly&amp; lastAptcaOkAssembly, RuntimeModule decoratedModule, MetadataToken decoratedToken, RuntimeType attributeFilterType, Boolean mustBeInheritable, Object[] attributes, IList derivedAttributes, RuntimeType&amp; attributeType, IRuntimeMethodInfo&amp; ctor, Boolean&amp; ctorHasParameters, Boolean&amp; isVarArg) +203
   System.Reflection.CustomAttribute.GetCustomAttributes(RuntimeModule decoratedModule, Int32 decoratedMetadataToken, Int32 pcaCount, RuntimeType attributeFilterType, Boolean mustBeInheritable, IList derivedAttributes, Boolean isDecoratedTargetSecurityTransparent) +1179
   System.Reflection.CustomAttribute.GetCustomAttributes(RuntimeAssembly assembly, RuntimeType caType) +146
   Owin.Loader.DefaultLoader.SearchForStartupAttribute(String friendlyName, IList`1 errors, Boolean&amp; conflict) +180
   Owin.Loader.DefaultLoader.LoadImplementation(String startupName, IList`1 errorDetails) +184
   Microsoft.Owin.Host.SystemWeb.OwinBuilder.GetAppStartup() +138
   Microsoft.Owin.Host.SystemWeb.OwinHttpModule.InitializeBlueprint() +38
   System.Threading.LazyInitializer.EnsureInitializedCore(T&amp; target, Boolean&amp; initialized, Object&amp; syncLock, Func`1 valueFactory) +241
   Microsoft.Owin.Host.SystemWeb.OwinHttpModule.Init(HttpApplication context) +129
   System.Web.HttpApplication.InitModulesCommon() +192
   System.Web.HttpApplication.InitInternal(HttpContext context, HttpApplicationState state, MethodInfo[] handlers) +1582
   System.Web.HttpApplicationFactory.GetNormalApplicationInstance(HttpContext context) +365
   System.Web.HttpApplicationFactory.GetApplicationInstance(HttpContext context) +200
   System.Web.HttpRuntime.ProcessRequestInternal(HttpWorkerRequest wr) +591
</pre></code>

                  </td>
               </tr>
            </table>

            <br>

            <hr width=100% size=1 color=silver>

            <b>Version Information:</b>&nbsp;Microsoft .NET Framework Version:4.0.30319; ASP.NET Version:4.0.30319.34009

            </font>

    </body>
</html>
<!-- 
[FileNotFoundException]: Could not load file or assembly &#39;DevExpress.CodeRush.Common, Version=10.1.0.0, Culture=neutral, PublicKeyToken=35c9f04b7764aa3d&#39; or one of its dependencies. The system cannot find the file specified.
   at System.ModuleHandle.ResolveType(RuntimeModule module, Int32 typeToken, IntPtr* typeInstArgs, Int32 typeInstCount, IntPtr* methodInstArgs, Int32 methodInstCount, ObjectHandleOnStack type)
   at System.ModuleHandle.ResolveTypeHandleInternal(RuntimeModule module, Int32 typeToken, RuntimeTypeHandle[] typeInstantiationContext, RuntimeTypeHandle[] methodInstantiationContext)
   at System.ModuleHandle.ResolveTypeHandle(Int32 typeToken, RuntimeTypeHandle[] typeInstantiationContext, RuntimeTypeHandle[] methodInstantiationContext)
   at System.Reflection.RuntimeModule.ResolveType(Int32 metadataToken, Type[] genericTypeArguments, Type[] genericMethodArguments)
   at System.Reflection.CustomAttribute.FilterCustomAttributeRecord(CustomAttributeRecord caRecord, MetadataImport scope, Assembly& lastAptcaOkAssembly, RuntimeModule decoratedModule, MetadataToken decoratedToken, RuntimeType attributeFilterType, Boolean mustBeInheritable, Object[] attributes, IList derivedAttributes, RuntimeType& attributeType, IRuntimeMethodInfo& ctor, Boolean& ctorHasParameters, Boolean& isVarArg)
   at System.Reflection.CustomAttribute.GetCustomAttributes(RuntimeModule decoratedModule, Int32 decoratedMetadataToken, Int32 pcaCount, RuntimeType attributeFilterType, Boolean mustBeInheritable, IList derivedAttributes, Boolean isDecoratedTargetSecurityTransparent)
   at System.Reflection.CustomAttribute.GetCustomAttributes(RuntimeAssembly assembly, RuntimeType caType)
   at Owin.Loader.DefaultLoader.SearchForStartupAttribute(String friendlyName, IList`1 errors, Boolean& conflict)
   at Owin.Loader.DefaultLoader.LoadImplementation(String startupName, IList`1 errorDetails)
   at Microsoft.Owin.Host.SystemWeb.OwinBuilder.GetAppStartup()
   at Microsoft.Owin.Host.SystemWeb.OwinHttpModule.InitializeBlueprint()
   at System.Threading.LazyInitializer.EnsureInitializedCore[T](T& target, Boolean& initialized, Object& syncLock, Func`1 valueFactory)
   at Microsoft.Owin.Host.SystemWeb.OwinHttpModule.Init(HttpApplication context)
   at System.Web.HttpApplication.InitModulesCommon()
   at System.Web.HttpApplication.InitInternal(HttpContext context, HttpApplicationState state, MethodInfo[] handlers)
   at System.Web.HttpApplicationFactory.GetNormalApplicationInstance(HttpContext context)
   at System.Web.HttpApplicationFactory.GetApplicationInstance(HttpContext context)
   at System.Web.HttpRuntime.ProcessRequestInternal(HttpWorkerRequest wr)
-->"
]]></message>
                      <stack-trace><![CDATA[at TechTalk.SpecFlow.Bindings.BindingInvoker.InvokeBinding(IBinding binding, IContextManager contextManager, Object[] arguments, ITestTracer testTracer, TimeSpan& duration)
at TechTalk.SpecFlow.Infrastructure.TestExecutionEngine.ExecuteStepMatch(BindingMatch match, Object[] arguments)
at TechTalk.SpecFlow.Infrastructure.TestExecutionEngine.ExecuteStep(StepInstance stepInstance)
at TechTalk.SpecFlow.Infrastructure.TestExecutionEngine.OnAfterLastStep()
]]></stack-trace>
                    </failure>
                  </test-case>
                  <test-case name="Orchard.Specs.WebHostingFeature.FollowingALink" description="Following a link" executed="True" success="False" time="30.573" asserts="0">
                    <failure>
                      <message><![CDATA[System.ArgumentNullException : Value cannot be null.
Parameter name: source]]></message>
                      <stack-trace><![CDATA[at System.Linq.Enumerable.SingleOrDefault[TSource](IEnumerable`1 source, Func`2 predicate)
at Orchard.Specs.Bindings.WebAppHosting.WhenIFollow(String linkText) in e:\expedit\projects\nkd\src\main\NKD.Orchard\src\Orchard.Specs\Bindings\WebAppHosting.cs:line 200
at TechTalk.SpecFlow.Bindings.BindingInvoker.InvokeBinding(IBinding binding, IContextManager contextManager, Object[] arguments, ITestTracer testTracer, TimeSpan& duration)
at TechTalk.SpecFlow.Infrastructure.TestExecutionEngine.ExecuteStepMatch(BindingMatch match, Object[] arguments)
at TechTalk.SpecFlow.Infrastructure.TestExecutionEngine.ExecuteStep(StepInstance stepInstance)
at TechTalk.SpecFlow.Infrastructure.TestExecutionEngine.OnAfterLastStep()
]]></stack-trace>
                    </failure>
                  </test-case>
                  <test-case name="Orchard.Specs.WebHostingFeature.NotFoundModulesFile" description="Not found modules file" executed="True" success="False" time="30.370" asserts="1">
                    <failure>
                      <message><![CDATA[  Expected: 404
  But was:  500
]]></message>
                      <stack-trace><![CDATA[at Orchard.Specs.Bindings.WebAppHosting.ThenTheStatusShouldBe(Int32 statusCode, String statusDescription) in e:\expedit\projects\nkd\src\main\NKD.Orchard\src\Orchard.Specs\Bindings\WebAppHosting.cs:line 352
at TechTalk.SpecFlow.Bindings.BindingInvoker.InvokeBinding(IBinding binding, IContextManager contextManager, Object[] arguments, ITestTracer testTracer, TimeSpan& duration)
at TechTalk.SpecFlow.Infrastructure.TestExecutionEngine.ExecuteStepMatch(BindingMatch match, Object[] arguments)
at TechTalk.SpecFlow.Infrastructure.TestExecutionEngine.ExecuteStep(StepInstance stepInstance)
at TechTalk.SpecFlow.Infrastructure.TestExecutionEngine.OnAfterLastStep()
]]></stack-trace>
                    </failure>
                  </test-case>
                  <test-case name="Orchard.Specs.WebHostingFeature.NotFoundThemesFile" description="Not found themes file" executed="True" success="False" time="29.407" asserts="1">
                    <failure>
                      <message><![CDATA[  Expected: 404
  But was:  500
]]></message>
                      <stack-trace><![CDATA[at Orchard.Specs.Bindings.WebAppHosting.ThenTheStatusShouldBe(Int32 statusCode, String statusDescription) in e:\expedit\projects\nkd\src\main\NKD.Orchard\src\Orchard.Specs\Bindings\WebAppHosting.cs:line 352
at TechTalk.SpecFlow.Bindings.BindingInvoker.InvokeBinding(IBinding binding, IContextManager contextManager, Object[] arguments, ITestTracer testTracer, TimeSpan& duration)
at TechTalk.SpecFlow.Infrastructure.TestExecutionEngine.ExecuteStepMatch(BindingMatch match, Object[] arguments)
at TechTalk.SpecFlow.Infrastructure.TestExecutionEngine.ExecuteStep(StepInstance stepInstance)
at TechTalk.SpecFlow.Infrastructure.TestExecutionEngine.OnAfterLastStep()
]]></stack-trace>
                    </failure>
                  </test-case>
                  <test-case name="Orchard.Specs.WebHostingFeature.ReturningARoutedRequest" description="Returning a routed request" executed="True" success="False" time="28.300" asserts="1">
                    <failure>
                      <message><![CDATA[  Expected: 200
  But was:  500
]]></message>
                      <stack-trace><![CDATA[at Orchard.Specs.Bindings.WebAppHosting.ThenTheStatusShouldBe(Int32 statusCode, String statusDescription) in e:\expedit\projects\nkd\src\main\NKD.Orchard\src\Orchard.Specs\Bindings\WebAppHosting.cs:line 352
at TechTalk.SpecFlow.Bindings.BindingInvoker.InvokeBinding(IBinding binding, IContextManager contextManager, Object[] arguments, ITestTracer testTracer, TimeSpan& duration)
at TechTalk.SpecFlow.Infrastructure.TestExecutionEngine.ExecuteStepMatch(BindingMatch match, Object[] arguments)
at TechTalk.SpecFlow.Infrastructure.TestExecutionEngine.ExecuteStep(StepInstance stepInstance)
at TechTalk.SpecFlow.Infrastructure.TestExecutionEngine.OnAfterLastStep()
]]></stack-trace>
                    </failure>
                  </test-case>
                  <test-case name="Orchard.Specs.WebHostingFeature.ReturningStaticFiles" description="Returning static files" executed="True" success="False" time="28.791" asserts="1">
                    <failure>
                      <message><![CDATA[  Expected: String matching "Hello world!"
  But was:  "<!DOCTYPE html>
<html>
    <head>
        <title>Could not load file or assembly 'DevExpress.CodeRush.Common, Version=10.1.0.0, Culture=neutral, PublicKeyToken=35c9f04b7764aa3d' or one of its dependencies. The system cannot find the file specified.</title>
        <meta name="viewport" content="width=device-width" />
        <style>
         body {font-family:"Verdana";font-weight:normal;font-size: .7em;color:black;} 
         p {font-family:"Verdana";font-weight:normal;color:black;margin-top: -5px}
         b {font-family:"Verdana";font-weight:bold;color:black;margin-top: -5px}
         H1 { font-family:"Verdana";font-weight:normal;font-size:18pt;color:red }
         H2 { font-family:"Verdana";font-weight:normal;font-size:14pt;color:maroon }
         pre {font-family:"Consolas","Lucida Console",Monospace;font-size:11pt;margin:0;padding:0.5em;line-height:14pt}
         .marker {font-weight: bold; color: black;text-decoration: none;}
         .version {color: gray;}
         .error {margin-bottom: 10px;}
         .expandable { text-decoration:underline; font-weight:bold; color:navy; cursor:hand; }
         @media screen and (max-width: 639px) {
          pre { width: 440px; overflow: auto; white-space: pre-wrap; word-wrap: break-word; }
         }
         @media screen and (max-width: 479px) {
          pre { width: 280px; }
         }
        </style>
    </head>

    <body bgcolor="white">

            <span><H1>Server Error in '/' Application.<hr width=100% size=1 color=silver></H1>

            <h2> <i>Could not load file or assembly 'DevExpress.CodeRush.Common, Version=10.1.0.0, Culture=neutral, PublicKeyToken=35c9f04b7764aa3d' or one of its dependencies. The system cannot find the file specified.</i> </h2></span>

            <font face="Arial, Helvetica, Geneva, SunSans-Regular, sans-serif ">

            <b> Description: </b>An unhandled exception occurred during the execution of the current web request. Please review the stack trace for more information about the error and where it originated in the code.

            <br><br>

            <b> Exception Details: </b>System.IO.FileNotFoundException: Could not load file or assembly 'DevExpress.CodeRush.Common, Version=10.1.0.0, Culture=neutral, PublicKeyToken=35c9f04b7764aa3d' or one of its dependencies. The system cannot find the file specified.<br><br>

            <b>Source Error:</b> <br><br>

            <table width=100% bgcolor="#ffffcc">
               <tr>
                  <td>
                      <code>

An unhandled exception was generated during the execution of the current web request. Information regarding the origin and location of the exception can be identified using the exception stack trace below.</code>

                  </td>
               </tr>
            </table>

            <br>

            <b>Assembly Load Trace:</b> The following information can be helpful to determine why the assembly 'DevExpress.CodeRush.Common, Version=10.1.0.0, Culture=neutral, PublicKeyToken=35c9f04b7764aa3d' could not be loaded.<br><br>

            <table width=100% bgcolor="#ffffcc">
               <tr>
                  <td>
                      <code><pre>

WRN: Assembly binding logging is turned OFF.
To enable assembly bind failure logging, set the registry value [HKLM\Software\Microsoft\Fusion!EnableLog] (DWORD) to 1.
Note: There is some performance penalty associated with assembly bind failure logging.
To turn this feature off, remove the registry value [HKLM\Software\Microsoft\Fusion!EnableLog].
</pre></code>

                  </td>
               </tr>
            </table>

            <br>

            <b>Stack Trace:</b> <br><br>

            <table width=100% bgcolor="#ffffcc">
               <tr>
                  <td>
                      <code><pre>

[FileNotFoundException: Could not load file or assembly &#39;DevExpress.CodeRush.Common, Version=10.1.0.0, Culture=neutral, PublicKeyToken=35c9f04b7764aa3d&#39; or one of its dependencies. The system cannot find the file specified.]
   System.ModuleHandle.ResolveType(RuntimeModule module, Int32 typeToken, IntPtr* typeInstArgs, Int32 typeInstCount, IntPtr* methodInstArgs, Int32 methodInstCount, ObjectHandleOnStack type) +0
   System.ModuleHandle.ResolveTypeHandleInternal(RuntimeModule module, Int32 typeToken, RuntimeTypeHandle[] typeInstantiationContext, RuntimeTypeHandle[] methodInstantiationContext) +371
   System.ModuleHandle.ResolveTypeHandle(Int32 typeToken, RuntimeTypeHandle[] typeInstantiationContext, RuntimeTypeHandle[] methodInstantiationContext) +19
   System.Reflection.RuntimeModule.ResolveType(Int32 metadataToken, Type[] genericTypeArguments, Type[] genericMethodArguments) +319
   System.Reflection.CustomAttribute.FilterCustomAttributeRecord(CustomAttributeRecord caRecord, MetadataImport scope, Assembly&amp; lastAptcaOkAssembly, RuntimeModule decoratedModule, MetadataToken decoratedToken, RuntimeType attributeFilterType, Boolean mustBeInheritable, Object[] attributes, IList derivedAttributes, RuntimeType&amp; attributeType, IRuntimeMethodInfo&amp; ctor, Boolean&amp; ctorHasParameters, Boolean&amp; isVarArg) +203
   System.Reflection.CustomAttribute.GetCustomAttributes(RuntimeModule decoratedModule, Int32 decoratedMetadataToken, Int32 pcaCount, RuntimeType attributeFilterType, Boolean mustBeInheritable, IList derivedAttributes, Boolean isDecoratedTargetSecurityTransparent) +1179
   System.Reflection.CustomAttribute.GetCustomAttributes(RuntimeAssembly assembly, RuntimeType caType) +146
   Owin.Loader.DefaultLoader.SearchForStartupAttribute(String friendlyName, IList`1 errors, Boolean&amp; conflict) +180
   Owin.Loader.DefaultLoader.LoadImplementation(String startupName, IList`1 errorDetails) +184
   Microsoft.Owin.Host.SystemWeb.OwinBuilder.GetAppStartup() +138
   Microsoft.Owin.Host.SystemWeb.OwinHttpModule.InitializeBlueprint() +38
   System.Threading.LazyInitializer.EnsureInitializedCore(T&amp; target, Boolean&amp; initialized, Object&amp; syncLock, Func`1 valueFactory) +241
   Microsoft.Owin.Host.SystemWeb.OwinHttpModule.Init(HttpApplication context) +129
   System.Web.HttpApplication.InitModulesCommon() +192
   System.Web.HttpApplication.InitInternal(HttpContext context, HttpApplicationState state, MethodInfo[] handlers) +1582
   System.Web.HttpApplicationFactory.GetNormalApplicationInstance(HttpContext context) +365
   System.Web.HttpApplicationFactory.GetApplicationInstance(HttpContext context) +200
   System.Web.HttpRuntime.ProcessRequestInternal(HttpWorkerRequest wr) +591
</pre></code>

                  </td>
               </tr>
            </table>

            <br>

            <hr width=100% size=1 color=silver>

            <b>Version Information:</b>&nbsp;Microsoft .NET Framework Version:4.0.30319; ASP.NET Version:4.0.30319.34009

            </font>

    </body>
</html>
<!-- 
[FileNotFoundException]: Could not load file or assembly &#39;DevExpress.CodeRush.Common, Version=10.1.0.0, Culture=neutral, PublicKeyToken=35c9f04b7764aa3d&#39; or one of its dependencies. The system cannot find the file specified.
   at System.ModuleHandle.ResolveType(RuntimeModule module, Int32 typeToken, IntPtr* typeInstArgs, Int32 typeInstCount, IntPtr* methodInstArgs, Int32 methodInstCount, ObjectHandleOnStack type)
   at System.ModuleHandle.ResolveTypeHandleInternal(RuntimeModule module, Int32 typeToken, RuntimeTypeHandle[] typeInstantiationContext, RuntimeTypeHandle[] methodInstantiationContext)
   at System.ModuleHandle.ResolveTypeHandle(Int32 typeToken, RuntimeTypeHandle[] typeInstantiationContext, RuntimeTypeHandle[] methodInstantiationContext)
   at System.Reflection.RuntimeModule.ResolveType(Int32 metadataToken, Type[] genericTypeArguments, Type[] genericMethodArguments)
   at System.Reflection.CustomAttribute.FilterCustomAttributeRecord(CustomAttributeRecord caRecord, MetadataImport scope, Assembly& lastAptcaOkAssembly, RuntimeModule decoratedModule, MetadataToken decoratedToken, RuntimeType attributeFilterType, Boolean mustBeInheritable, Object[] attributes, IList derivedAttributes, RuntimeType& attributeType, IRuntimeMethodInfo& ctor, Boolean& ctorHasParameters, Boolean& isVarArg)
   at System.Reflection.CustomAttribute.GetCustomAttributes(RuntimeModule decoratedModule, Int32 decoratedMetadataToken, Int32 pcaCount, RuntimeType attributeFilterType, Boolean mustBeInheritable, IList derivedAttributes, Boolean isDecoratedTargetSecurityTransparent)
   at System.Reflection.CustomAttribute.GetCustomAttributes(RuntimeAssembly assembly, RuntimeType caType)
   at Owin.Loader.DefaultLoader.SearchForStartupAttribute(String friendlyName, IList`1 errors, Boolean& conflict)
   at Owin.Loader.DefaultLoader.LoadImplementation(String startupName, IList`1 errorDetails)
   at Microsoft.Owin.Host.SystemWeb.OwinBuilder.GetAppStartup()
   at Microsoft.Owin.Host.SystemWeb.OwinHttpModule.InitializeBlueprint()
   at System.Threading.LazyInitializer.EnsureInitializedCore[T](T& target, Boolean& initialized, Object& syncLock, Func`1 valueFactory)
   at Microsoft.Owin.Host.SystemWeb.OwinHttpModule.Init(HttpApplication context)
   at System.Web.HttpApplication.InitModulesCommon()
   at System.Web.HttpApplication.InitInternal(HttpContext context, HttpApplicationState state, MethodInfo[] handlers)
   at System.Web.HttpApplicationFactory.GetNormalApplicationInstance(HttpContext context)
   at System.Web.HttpApplicationFactory.GetApplicationInstance(HttpContext context)
   at System.Web.HttpRuntime.ProcessRequestInternal(HttpWorkerRequest wr)
-->"
]]></message>
                      <stack-trace><![CDATA[at TechTalk.SpecFlow.Bindings.BindingInvoker.InvokeBinding(IBinding binding, IContextManager contextManager, Object[] arguments, ITestTracer testTracer, TimeSpan& duration)
at TechTalk.SpecFlow.Infrastructure.TestExecutionEngine.ExecuteStepMatch(BindingMatch match, Object[] arguments)
at TechTalk.SpecFlow.Infrastructure.TestExecutionEngine.ExecuteStep(StepInstance stepInstance)
at TechTalk.SpecFlow.Infrastructure.TestExecutionEngine.OnAfterLastStep()
]]></stack-trace>
                    </failure>
                  </test-case>
                  <test-case name="Orchard.Specs.WebHostingFeature.ReturningWebFormsPage" description="Returning web forms page" executed="True" success="False" time="26.488" asserts="1">
                    <failure>
                      <message><![CDATA[  Expected: String matching "Hello again"
  But was:  "<!DOCTYPE html>
<html>
    <head>
        <title>Could not load file or assembly 'DevExpress.CodeRush.Common, Version=10.1.0.0, Culture=neutral, PublicKeyToken=35c9f04b7764aa3d' or one of its dependencies. The system cannot find the file specified.</title>
        <meta name="viewport" content="width=device-width" />
        <style>
         body {font-family:"Verdana";font-weight:normal;font-size: .7em;color:black;} 
         p {font-family:"Verdana";font-weight:normal;color:black;margin-top: -5px}
         b {font-family:"Verdana";font-weight:bold;color:black;margin-top: -5px}
         H1 { font-family:"Verdana";font-weight:normal;font-size:18pt;color:red }
         H2 { font-family:"Verdana";font-weight:normal;font-size:14pt;color:maroon }
         pre {font-family:"Consolas","Lucida Console",Monospace;font-size:11pt;margin:0;padding:0.5em;line-height:14pt}
         .marker {font-weight: bold; color: black;text-decoration: none;}
         .version {color: gray;}
         .error {margin-bottom: 10px;}
         .expandable { text-decoration:underline; font-weight:bold; color:navy; cursor:hand; }
         @media screen and (max-width: 639px) {
          pre { width: 440px; overflow: auto; white-space: pre-wrap; word-wrap: break-word; }
         }
         @media screen and (max-width: 479px) {
          pre { width: 280px; }
         }
        </style>
    </head>

    <body bgcolor="white">

            <span><H1>Server Error in '/' Application.<hr width=100% size=1 color=silver></H1>

            <h2> <i>Could not load file or assembly 'DevExpress.CodeRush.Common, Version=10.1.0.0, Culture=neutral, PublicKeyToken=35c9f04b7764aa3d' or one of its dependencies. The system cannot find the file specified.</i> </h2></span>

            <font face="Arial, Helvetica, Geneva, SunSans-Regular, sans-serif ">

            <b> Description: </b>An unhandled exception occurred during the execution of the current web request. Please review the stack trace for more information about the error and where it originated in the code.

            <br><br>

            <b> Exception Details: </b>System.IO.FileNotFoundException: Could not load file or assembly 'DevExpress.CodeRush.Common, Version=10.1.0.0, Culture=neutral, PublicKeyToken=35c9f04b7764aa3d' or one of its dependencies. The system cannot find the file specified.<br><br>

            <b>Source Error:</b> <br><br>

            <table width=100% bgcolor="#ffffcc">
               <tr>
                  <td>
                      <code>

An unhandled exception was generated during the execution of the current web request. Information regarding the origin and location of the exception can be identified using the exception stack trace below.</code>

                  </td>
               </tr>
            </table>

            <br>

            <b>Assembly Load Trace:</b> The following information can be helpful to determine why the assembly 'DevExpress.CodeRush.Common, Version=10.1.0.0, Culture=neutral, PublicKeyToken=35c9f04b7764aa3d' could not be loaded.<br><br>

            <table width=100% bgcolor="#ffffcc">
               <tr>
                  <td>
                      <code><pre>

WRN: Assembly binding logging is turned OFF.
To enable assembly bind failure logging, set the registry value [HKLM\Software\Microsoft\Fusion!EnableLog] (DWORD) to 1.
Note: There is some performance penalty associated with assembly bind failure logging.
To turn this feature off, remove the registry value [HKLM\Software\Microsoft\Fusion!EnableLog].
</pre></code>

                  </td>
               </tr>
            </table>

            <br>

            <b>Stack Trace:</b> <br><br>

            <table width=100% bgcolor="#ffffcc">
               <tr>
                  <td>
                      <code><pre>

[FileNotFoundException: Could not load file or assembly &#39;DevExpress.CodeRush.Common, Version=10.1.0.0, Culture=neutral, PublicKeyToken=35c9f04b7764aa3d&#39; or one of its dependencies. The system cannot find the file specified.]
   System.ModuleHandle.ResolveType(RuntimeModule module, Int32 typeToken, IntPtr* typeInstArgs, Int32 typeInstCount, IntPtr* methodInstArgs, Int32 methodInstCount, ObjectHandleOnStack type) +0
   System.ModuleHandle.ResolveTypeHandleInternal(RuntimeModule module, Int32 typeToken, RuntimeTypeHandle[] typeInstantiationContext, RuntimeTypeHandle[] methodInstantiationContext) +371
   System.ModuleHandle.ResolveTypeHandle(Int32 typeToken, RuntimeTypeHandle[] typeInstantiationContext, RuntimeTypeHandle[] methodInstantiationContext) +19
   System.Reflection.RuntimeModule.ResolveType(Int32 metadataToken, Type[] genericTypeArguments, Type[] genericMethodArguments) +319
   System.Reflection.CustomAttribute.FilterCustomAttributeRecord(CustomAttributeRecord caRecord, MetadataImport scope, Assembly&amp; lastAptcaOkAssembly, RuntimeModule decoratedModule, MetadataToken decoratedToken, RuntimeType attributeFilterType, Boolean mustBeInheritable, Object[] attributes, IList derivedAttributes, RuntimeType&amp; attributeType, IRuntimeMethodInfo&amp; ctor, Boolean&amp; ctorHasParameters, Boolean&amp; isVarArg) +203
   System.Reflection.CustomAttribute.GetCustomAttributes(RuntimeModule decoratedModule, Int32 decoratedMetadataToken, Int32 pcaCount, RuntimeType attributeFilterType, Boolean mustBeInheritable, IList derivedAttributes, Boolean isDecoratedTargetSecurityTransparent) +1179
   System.Reflection.CustomAttribute.GetCustomAttributes(RuntimeAssembly assembly, RuntimeType caType) +146
   Owin.Loader.DefaultLoader.SearchForStartupAttribute(String friendlyName, IList`1 errors, Boolean&amp; conflict) +180
   Owin.Loader.DefaultLoader.LoadImplementation(String startupName, IList`1 errorDetails) +184
   Microsoft.Owin.Host.SystemWeb.OwinBuilder.GetAppStartup() +138
   Microsoft.Owin.Host.SystemWeb.OwinHttpModule.InitializeBlueprint() +38
   System.Threading.LazyInitializer.EnsureInitializedCore(T&amp; target, Boolean&amp; initialized, Object&amp; syncLock, Func`1 valueFactory) +241
   Microsoft.Owin.Host.SystemWeb.OwinHttpModule.Init(HttpApplication context) +129
   System.Web.HttpApplication.InitModulesCommon() +192
   System.Web.HttpApplication.InitInternal(HttpContext context, HttpApplicationState state, MethodInfo[] handlers) +1582
   System.Web.HttpApplicationFactory.GetNormalApplicationInstance(HttpContext context) +365
   System.Web.HttpApplicationFactory.GetApplicationInstance(HttpContext context) +200
   System.Web.HttpRuntime.ProcessRequestInternal(HttpWorkerRequest wr) +591
</pre></code>

                  </td>
               </tr>
            </table>

            <br>

            <hr width=100% size=1 color=silver>

            <b>Version Information:</b>&nbsp;Microsoft .NET Framework Version:4.0.30319; ASP.NET Version:4.0.30319.34009

            </font>

    </body>
</html>
<!-- 
[FileNotFoundException]: Could not load file or assembly &#39;DevExpress.CodeRush.Common, Version=10.1.0.0, Culture=neutral, PublicKeyToken=35c9f04b7764aa3d&#39; or one of its dependencies. The system cannot find the file specified.
   at System.ModuleHandle.ResolveType(RuntimeModule module, Int32 typeToken, IntPtr* typeInstArgs, Int32 typeInstCount, IntPtr* methodInstArgs, Int32 methodInstCount, ObjectHandleOnStack type)
   at System.ModuleHandle.ResolveTypeHandleInternal(RuntimeModule module, Int32 typeToken, RuntimeTypeHandle[] typeInstantiationContext, RuntimeTypeHandle[] methodInstantiationContext)
   at System.ModuleHandle.ResolveTypeHandle(Int32 typeToken, RuntimeTypeHandle[] typeInstantiationContext, RuntimeTypeHandle[] methodInstantiationContext)
   at System.Reflection.RuntimeModule.ResolveType(Int32 metadataToken, Type[] genericTypeArguments, Type[] genericMethodArguments)
   at System.Reflection.CustomAttribute.FilterCustomAttributeRecord(CustomAttributeRecord caRecord, MetadataImport scope, Assembly& lastAptcaOkAssembly, RuntimeModule decoratedModule, MetadataToken decoratedToken, RuntimeType attributeFilterType, Boolean mustBeInheritable, Object[] attributes, IList derivedAttributes, RuntimeType& attributeType, IRuntimeMethodInfo& ctor, Boolean& ctorHasParameters, Boolean& isVarArg)
   at System.Reflection.CustomAttribute.GetCustomAttributes(RuntimeModule decoratedModule, Int32 decoratedMetadataToken, Int32 pcaCount, RuntimeType attributeFilterType, Boolean mustBeInheritable, IList derivedAttributes, Boolean isDecoratedTargetSecurityTransparent)
   at System.Reflection.CustomAttribute.GetCustomAttributes(RuntimeAssembly assembly, RuntimeType caType)
   at Owin.Loader.DefaultLoader.SearchForStartupAttribute(String friendlyName, IList`1 errors, Boolean& conflict)
   at Owin.Loader.DefaultLoader.LoadImplementation(String startupName, IList`1 errorDetails)
   at Microsoft.Owin.Host.SystemWeb.OwinBuilder.GetAppStartup()
   at Microsoft.Owin.Host.SystemWeb.OwinHttpModule.InitializeBlueprint()
   at System.Threading.LazyInitializer.EnsureInitializedCore[T](T& target, Boolean& initialized, Object& syncLock, Func`1 valueFactory)
   at Microsoft.Owin.Host.SystemWeb.OwinHttpModule.Init(HttpApplication context)
   at System.Web.HttpApplication.InitModulesCommon()
   at System.Web.HttpApplication.InitInternal(HttpContext context, HttpApplicationState state, MethodInfo[] handlers)
   at System.Web.HttpApplicationFactory.GetNormalApplicationInstance(HttpContext context)
   at System.Web.HttpApplicationFactory.GetApplicationInstance(HttpContext context)
   at System.Web.HttpRuntime.ProcessRequestInternal(HttpWorkerRequest wr)
-->"
]]></message>
                      <stack-trace><![CDATA[at TechTalk.SpecFlow.Bindings.BindingInvoker.InvokeBinding(IBinding binding, IContextManager contextManager, Object[] arguments, ITestTracer testTracer, TimeSpan& duration)
at TechTalk.SpecFlow.Infrastructure.TestExecutionEngine.ExecuteStepMatch(BindingMatch match, Object[] arguments)
at TechTalk.SpecFlow.Infrastructure.TestExecutionEngine.ExecuteStep(StepInstance stepInstance)
at TechTalk.SpecFlow.Infrastructure.TestExecutionEngine.OnAfterLastStep()
]]></stack-trace>
                    </failure>
                  </test-case>
                  <test-case name="Orchard.Specs.WebHostingFeature.SubmittingAFormWithInputDefaultAndHiddenFields" description="Submitting a form with input, default, and hidden fields" executed="True" success="False" time="27.631" asserts="1">
                    <failure>
                      <message><![CDATA[  Unable to locate <input> name input1 in page html:

<!DOCTYPE html>
<html>
    <head>
        <title>Could not load file or assembly 'DevExpress.CodeRush.Common, Version=10.1.0.0, Culture=neutral, PublicKeyToken=35c9f04b7764aa3d' or one of its dependencies. The system cannot find the file specified.</title>
        <meta name="viewport" content="width=device-width" />
        <style>
         body {font-family:"Verdana";font-weight:normal;font-size: .7em;color:black;} 
         p {font-family:"Verdana";font-weight:normal;color:black;margin-top: -5px}
         b {font-family:"Verdana";font-weight:bold;color:black;margin-top: -5px}
         H1 { font-family:"Verdana";font-weight:normal;font-size:18pt;color:red }
         H2 { font-family:"Verdana";font-weight:normal;font-size:14pt;color:maroon }
         pre {font-family:"Consolas","Lucida Console",Monospace;font-size:11pt;margin:0;padding:0.5em;line-height:14pt}
         .marker {font-weight: bold; color: black;text-decoration: none;}
         .version {color: gray;}
         .error {margin-bottom: 10px;}
         .expandable { text-decoration:underline; font-weight:bold; color:navy; cursor:hand; }
         @media screen and (max-width: 639px) {
          pre { width: 440px; overflow: auto; white-space: pre-wrap; word-wrap: break-word; }
         }
         @media screen and (max-width: 479px) {
          pre { width: 280px; }
         }
        </style>
    </head>

    <body bgcolor="white">

            <span><H1>Server Error in '/' Application.<hr width=100% size=1 color=silver></H1>

            <h2> <i>Could not load file or assembly 'DevExpress.CodeRush.Common, Version=10.1.0.0, Culture=neutral, PublicKeyToken=35c9f04b7764aa3d' or one of its dependencies. The system cannot find the file specified.</i> </h2></span>

            <font face="Arial, Helvetica, Geneva, SunSans-Regular, sans-serif ">

            <b> Description: </b>An unhandled exception occurred during the execution of the current web request. Please review the stack trace for more information about the error and where it originated in the code.

            <br><br>

            <b> Exception Details: </b>System.IO.FileNotFoundException: Could not load file or assembly 'DevExpress.CodeRush.Common, Version=10.1.0.0, Culture=neutral, PublicKeyToken=35c9f04b7764aa3d' or one of its dependencies. The system cannot find the file specified.<br><br>

            <b>Source Error:</b> <br><br>

            <table width=100% bgcolor="#ffffcc">
               <tr>
                  <td>
                      <code>

An unhandled exception was generated during the execution of the current web request. Information regarding the origin and location of the exception can be identified using the exception stack trace below.</code>

                  </td>
               </tr>
            </table>

            <br>

            <b>Assembly Load Trace:</b> The following information can be helpful to determine why the assembly 'DevExpress.CodeRush.Common, Version=10.1.0.0, Culture=neutral, PublicKeyToken=35c9f04b7764aa3d' could not be loaded.<br><br>

            <table width=100% bgcolor="#ffffcc">
               <tr>
                  <td>
                      <code><pre>

WRN: Assembly binding logging is turned OFF.
To enable assembly bind failure logging, set the registry value [HKLM\Software\Microsoft\Fusion!EnableLog] (DWORD) to 1.
Note: There is some performance penalty associated with assembly bind failure logging.
To turn this feature off, remove the registry value [HKLM\Software\Microsoft\Fusion!EnableLog].
</pre></code>

                  </td>
               </tr>
            </table>

            <br>

            <b>Stack Trace:</b> <br><br>

            <table width=100% bgcolor="#ffffcc">
               <tr>
                  <td>
                      <code><pre>

[FileNotFoundException: Could not load file or assembly &#39;DevExpress.CodeRush.Common, Version=10.1.0.0, Culture=neutral, PublicKeyToken=35c9f04b7764aa3d&#39; or one of its dependencies. The system cannot find the file specified.]
   System.ModuleHandle.ResolveType(RuntimeModule module, Int32 typeToken, IntPtr* typeInstArgs, Int32 typeInstCount, IntPtr* methodInstArgs, Int32 methodInstCount, ObjectHandleOnStack type) +0
   System.ModuleHandle.ResolveTypeHandleInternal(RuntimeModule module, Int32 typeToken, RuntimeTypeHandle[] typeInstantiationContext, RuntimeTypeHandle[] methodInstantiationContext) +371
   System.ModuleHandle.ResolveTypeHandle(Int32 typeToken, RuntimeTypeHandle[] typeInstantiationContext, RuntimeTypeHandle[] methodInstantiationContext) +19
   System.Reflection.RuntimeModule.ResolveType(Int32 metadataToken, Type[] genericTypeArguments, Type[] genericMethodArguments) +319
   System.Reflection.CustomAttribute.FilterCustomAttributeRecord(CustomAttributeRecord caRecord, MetadataImport scope, Assembly&amp; lastAptcaOkAssembly, RuntimeModule decoratedModule, MetadataToken decoratedToken, RuntimeType attributeFilterType, Boolean mustBeInheritable, Object[] attributes, IList derivedAttributes, RuntimeType&amp; attributeType, IRuntimeMethodInfo&amp; ctor, Boolean&amp; ctorHasParameters, Boolean&amp; isVarArg) +203
   System.Reflection.CustomAttribute.GetCustomAttributes(RuntimeModule decoratedModule, Int32 decoratedMetadataToken, Int32 pcaCount, RuntimeType attributeFilterType, Boolean mustBeInheritable, IList derivedAttributes, Boolean isDecoratedTargetSecurityTransparent) +1179
   System.Reflection.CustomAttribute.GetCustomAttributes(RuntimeAssembly assembly, RuntimeType caType) +146
   Owin.Loader.DefaultLoader.SearchForStartupAttribute(String friendlyName, IList`1 errors, Boolean&amp; conflict) +180
   Owin.Loader.DefaultLoader.LoadImplementation(String startupName, IList`1 errorDetails) +184
   Microsoft.Owin.Host.SystemWeb.OwinBuilder.GetAppStartup() +138
   Microsoft.Owin.Host.SystemWeb.OwinHttpModule.InitializeBlueprint() +38
   System.Threading.LazyInitializer.EnsureInitializedCore(T&amp; target, Boolean&amp; initialized, Object&amp; syncLock, Func`1 valueFactory) +241
   Microsoft.Owin.Host.SystemWeb.OwinHttpModule.Init(HttpApplication context) +129
   System.Web.HttpApplication.InitModulesCommon() +192
   System.Web.HttpApplication.InitInternal(HttpContext context, HttpApplicationState state, MethodInfo[] handlers) +1582
   System.Web.HttpApplicationFactory.GetNormalApplicationInstance(HttpContext context) +365
   System.Web.HttpApplicationFactory.GetApplicationInstance(HttpContext context) +200
   System.Web.HttpRuntime.ProcessRequestInternal(HttpWorkerRequest wr) +591
</pre></code>

                  </td>
               </tr>
            </table>

            <br>

            <hr width=100% size=1 color=silver>

            <b>Version Information:</b>&nbsp;Microsoft .NET Framework Version:4.0.30319; ASP.NET Version:4.0.30319.34009

            </font>

    </body>
</html>
<!-- 
[FileNotFoundException]: Could not load file or assembly &#39;DevExpress.CodeRush.Common, Version=10.1.0.0, Culture=neutral, PublicKeyToken=35c9f04b7764aa3d&#39; or one of its dependencies. The system cannot find the file specified.
   at System.ModuleHandle.ResolveType(RuntimeModule module, Int32 typeToken, IntPtr* typeInstArgs, Int32 typeInstCount, IntPtr* methodInstArgs, Int32 methodInstCount, ObjectHandleOnStack type)
   at System.ModuleHandle.ResolveTypeHandleInternal(RuntimeModule module, Int32 typeToken, RuntimeTypeHandle[] typeInstantiationContext, RuntimeTypeHandle[] methodInstantiationContext)
   at System.ModuleHandle.ResolveTypeHandle(Int32 typeToken, RuntimeTypeHandle[] typeInstantiationContext, RuntimeTypeHandle[] methodInstantiationContext)
   at System.Reflection.RuntimeModule.ResolveType(Int32 metadataToken, Type[] genericTypeArguments, Type[] genericMethodArguments)
   at System.Reflection.CustomAttribute.FilterCustomAttributeRecord(CustomAttributeRecord caRecord, MetadataImport scope, Assembly& lastAptcaOkAssembly, RuntimeModule decoratedModule, MetadataToken decoratedToken, RuntimeType attributeFilterType, Boolean mustBeInheritable, Object[] attributes, IList derivedAttributes, RuntimeType& attributeType, IRuntimeMethodInfo& ctor, Boolean& ctorHasParameters, Boolean& isVarArg)
   at System.Reflection.CustomAttribute.GetCustomAttributes(RuntimeModule decoratedModule, Int32 decoratedMetadataToken, Int32 pcaCount, RuntimeType attributeFilterType, Boolean mustBeInheritable, IList derivedAttributes, Boolean isDecoratedTargetSecurityTransparent)
   at System.Reflection.CustomAttribute.GetCustomAttributes(RuntimeAssembly assembly, RuntimeType caType)
   at Owin.Loader.DefaultLoader.SearchForStartupAttribute(String friendlyName, IList`1 errors, Boolean& conflict)
   at Owin.Loader.DefaultLoader.LoadImplementation(String startupName, IList`1 errorDetails)
   at Microsoft.Owin.Host.SystemWeb.OwinBuilder.GetAppStartup()
   at Microsoft.Owin.Host.SystemWeb.OwinHttpModule.InitializeBlueprint()
   at System.Threading.LazyInitializer.EnsureInitializedCore[T](T& target, Boolean& initialized, Object& syncLock, Func`1 valueFactory)
   at Microsoft.Owin.Host.SystemWeb.OwinHttpModule.Init(HttpApplication context)
   at System.Web.HttpApplication.InitModulesCommon()
   at System.Web.HttpApplication.InitInternal(HttpContext context, HttpApplicationState state, MethodInfo[] handlers)
   at System.Web.HttpApplicationFactory.GetNormalApplicationInstance(HttpContext context)
   at System.Web.HttpApplicationFactory.GetApplicationInstance(HttpContext context)
   at System.Web.HttpRuntime.ProcessRequestInternal(HttpWorkerRequest wr)
-->
  Expected: not null
  But was:  null
]]></message>
                      <stack-trace><![CDATA[at Orchard.Specs.Bindings.WebAppHosting.WhenIFillIn(Table table) in e:\expedit\projects\nkd\src\main\NKD.Orchard\src\Orchard.Specs\Bindings\WebAppHosting.cs:line 254
at TechTalk.SpecFlow.Bindings.BindingInvoker.InvokeBinding(IBinding binding, IContextManager contextManager, Object[] arguments, ITestTracer testTracer, TimeSpan& duration)
at TechTalk.SpecFlow.Infrastructure.TestExecutionEngine.ExecuteStepMatch(BindingMatch match, Object[] arguments)
at TechTalk.SpecFlow.Infrastructure.TestExecutionEngine.ExecuteStep(StepInstance stepInstance)
at TechTalk.SpecFlow.Infrastructure.TestExecutionEngine.OnAfterLastStep()
]]></stack-trace>
                    </failure>
                  </test-case>
                </results>
              </test-suite>
              <test-suite name="WidgetsFeature" description="Widgets" executed="True" success="False" time="119.321" asserts="0">
                <results>
                  <test-case name="Orchard.Specs.WidgetsFeature.ICanAddANewLayerAndThatLayerIsActiveWhenIMRedirectedToTheWidgetManagementPage" description="I can add a new layer and that layer is active when I'm redirected to the widget management page" executed="True" success="False" time="29.643" asserts="1">
                    <failure>
                      <message><![CDATA[  Unable to locate <input> name SiteName in page html:

<!DOCTYPE html>
<html>
    <head>
        <title>Could not load file or assembly 'DevExpress.CodeRush.Common, Version=10.1.0.0, Culture=neutral, PublicKeyToken=35c9f04b7764aa3d' or one of its dependencies. The system cannot find the file specified.</title>
        <meta name="viewport" content="width=device-width" />
        <style>
         body {font-family:"Verdana";font-weight:normal;font-size: .7em;color:black;} 
         p {font-family:"Verdana";font-weight:normal;color:black;margin-top: -5px}
         b {font-family:"Verdana";font-weight:bold;color:black;margin-top: -5px}
         H1 { font-family:"Verdana";font-weight:normal;font-size:18pt;color:red }
         H2 { font-family:"Verdana";font-weight:normal;font-size:14pt;color:maroon }
         pre {font-family:"Consolas","Lucida Console",Monospace;font-size:11pt;margin:0;padding:0.5em;line-height:14pt}
         .marker {font-weight: bold; color: black;text-decoration: none;}
         .version {color: gray;}
         .error {margin-bottom: 10px;}
         .expandable { text-decoration:underline; font-weight:bold; color:navy; cursor:hand; }
         @media screen and (max-width: 639px) {
          pre { width: 440px; overflow: auto; white-space: pre-wrap; word-wrap: break-word; }
         }
         @media screen and (max-width: 479px) {
          pre { width: 280px; }
         }
        </style>
    </head>

    <body bgcolor="white">

            <span><H1>Server Error in '/' Application.<hr width=100% size=1 color=silver></H1>

            <h2> <i>Could not load file or assembly 'DevExpress.CodeRush.Common, Version=10.1.0.0, Culture=neutral, PublicKeyToken=35c9f04b7764aa3d' or one of its dependencies. The system cannot find the file specified.</i> </h2></span>

            <font face="Arial, Helvetica, Geneva, SunSans-Regular, sans-serif ">

            <b> Description: </b>An unhandled exception occurred during the execution of the current web request. Please review the stack trace for more information about the error and where it originated in the code.

            <br><br>

            <b> Exception Details: </b>System.IO.FileNotFoundException: Could not load file or assembly 'DevExpress.CodeRush.Common, Version=10.1.0.0, Culture=neutral, PublicKeyToken=35c9f04b7764aa3d' or one of its dependencies. The system cannot find the file specified.<br><br>

            <b>Source Error:</b> <br><br>

            <table width=100% bgcolor="#ffffcc">
               <tr>
                  <td>
                      <code>

An unhandled exception was generated during the execution of the current web request. Information regarding the origin and location of the exception can be identified using the exception stack trace below.</code>

                  </td>
               </tr>
            </table>

            <br>

            <b>Assembly Load Trace:</b> The following information can be helpful to determine why the assembly 'DevExpress.CodeRush.Common, Version=10.1.0.0, Culture=neutral, PublicKeyToken=35c9f04b7764aa3d' could not be loaded.<br><br>

            <table width=100% bgcolor="#ffffcc">
               <tr>
                  <td>
                      <code><pre>

WRN: Assembly binding logging is turned OFF.
To enable assembly bind failure logging, set the registry value [HKLM\Software\Microsoft\Fusion!EnableLog] (DWORD) to 1.
Note: There is some performance penalty associated with assembly bind failure logging.
To turn this feature off, remove the registry value [HKLM\Software\Microsoft\Fusion!EnableLog].
</pre></code>

                  </td>
               </tr>
            </table>

            <br>

            <b>Stack Trace:</b> <br><br>

            <table width=100% bgcolor="#ffffcc">
               <tr>
                  <td>
                      <code><pre>

[FileNotFoundException: Could not load file or assembly &#39;DevExpress.CodeRush.Common, Version=10.1.0.0, Culture=neutral, PublicKeyToken=35c9f04b7764aa3d&#39; or one of its dependencies. The system cannot find the file specified.]
   System.ModuleHandle.ResolveType(RuntimeModule module, Int32 typeToken, IntPtr* typeInstArgs, Int32 typeInstCount, IntPtr* methodInstArgs, Int32 methodInstCount, ObjectHandleOnStack type) +0
   System.ModuleHandle.ResolveTypeHandleInternal(RuntimeModule module, Int32 typeToken, RuntimeTypeHandle[] typeInstantiationContext, RuntimeTypeHandle[] methodInstantiationContext) +371
   System.ModuleHandle.ResolveTypeHandle(Int32 typeToken, RuntimeTypeHandle[] typeInstantiationContext, RuntimeTypeHandle[] methodInstantiationContext) +19
   System.Reflection.RuntimeModule.ResolveType(Int32 metadataToken, Type[] genericTypeArguments, Type[] genericMethodArguments) +319
   System.Reflection.CustomAttribute.FilterCustomAttributeRecord(CustomAttributeRecord caRecord, MetadataImport scope, Assembly&amp; lastAptcaOkAssembly, RuntimeModule decoratedModule, MetadataToken decoratedToken, RuntimeType attributeFilterType, Boolean mustBeInheritable, Object[] attributes, IList derivedAttributes, RuntimeType&amp; attributeType, IRuntimeMethodInfo&amp; ctor, Boolean&amp; ctorHasParameters, Boolean&amp; isVarArg) +203
   System.Reflection.CustomAttribute.GetCustomAttributes(RuntimeModule decoratedModule, Int32 decoratedMetadataToken, Int32 pcaCount, RuntimeType attributeFilterType, Boolean mustBeInheritable, IList derivedAttributes, Boolean isDecoratedTargetSecurityTransparent) +1179
   System.Reflection.CustomAttribute.GetCustomAttributes(RuntimeAssembly assembly, RuntimeType caType) +146
   Owin.Loader.DefaultLoader.SearchForStartupAttribute(String friendlyName, IList`1 errors, Boolean&amp; conflict) +180
   Owin.Loader.DefaultLoader.LoadImplementation(String startupName, IList`1 errorDetails) +184
   Microsoft.Owin.Host.SystemWeb.OwinBuilder.GetAppStartup() +138
   Microsoft.Owin.Host.SystemWeb.OwinHttpModule.InitializeBlueprint() +38
   System.Threading.LazyInitializer.EnsureInitializedCore(T&amp; target, Boolean&amp; initialized, Object&amp; syncLock, Func`1 valueFactory) +241
   Microsoft.Owin.Host.SystemWeb.OwinHttpModule.Init(HttpApplication context) +129
   System.Web.HttpApplication.InitModulesCommon() +192
   System.Web.HttpApplication.InitInternal(HttpContext context, HttpApplicationState state, MethodInfo[] handlers) +1582
   System.Web.HttpApplicationFactory.GetNormalApplicationInstance(HttpContext context) +365
   System.Web.HttpApplicationFactory.GetApplicationInstance(HttpContext context) +200
   System.Web.HttpRuntime.ProcessRequestInternal(HttpWorkerRequest wr) +591
</pre></code>

                  </td>
               </tr>
            </table>

            <br>

            <hr width=100% size=1 color=silver>

            <b>Version Information:</b>&nbsp;Microsoft .NET Framework Version:4.0.30319; ASP.NET Version:4.0.30319.34009

            </font>

    </body>
</html>
<!-- 
[FileNotFoundException]: Could not load file or assembly &#39;DevExpress.CodeRush.Common, Version=10.1.0.0, Culture=neutral, PublicKeyToken=35c9f04b7764aa3d&#39; or one of its dependencies. The system cannot find the file specified.
   at System.ModuleHandle.ResolveType(RuntimeModule module, Int32 typeToken, IntPtr* typeInstArgs, Int32 typeInstCount, IntPtr* methodInstArgs, Int32 methodInstCount, ObjectHandleOnStack type)
   at System.ModuleHandle.ResolveTypeHandleInternal(RuntimeModule module, Int32 typeToken, RuntimeTypeHandle[] typeInstantiationContext, RuntimeTypeHandle[] methodInstantiationContext)
   at System.ModuleHandle.ResolveTypeHandle(Int32 typeToken, RuntimeTypeHandle[] typeInstantiationContext, RuntimeTypeHandle[] methodInstantiationContext)
   at System.Reflection.RuntimeModule.ResolveType(Int32 metadataToken, Type[] genericTypeArguments, Type[] genericMethodArguments)
   at System.Reflection.CustomAttribute.FilterCustomAttributeRecord(CustomAttributeRecord caRecord, MetadataImport scope, Assembly& lastAptcaOkAssembly, RuntimeModule decoratedModule, MetadataToken decoratedToken, RuntimeType attributeFilterType, Boolean mustBeInheritable, Object[] attributes, IList derivedAttributes, RuntimeType& attributeType, IRuntimeMethodInfo& ctor, Boolean& ctorHasParameters, Boolean& isVarArg)
   at System.Reflection.CustomAttribute.GetCustomAttributes(RuntimeModule decoratedModule, Int32 decoratedMetadataToken, Int32 pcaCount, RuntimeType attributeFilterType, Boolean mustBeInheritable, IList derivedAttributes, Boolean isDecoratedTargetSecurityTransparent)
   at System.Reflection.CustomAttribute.GetCustomAttributes(RuntimeAssembly assembly, RuntimeType caType)
   at Owin.Loader.DefaultLoader.SearchForStartupAttribute(String friendlyName, IList`1 errors, Boolean& conflict)
   at Owin.Loader.DefaultLoader.LoadImplementation(String startupName, IList`1 errorDetails)
   at Microsoft.Owin.Host.SystemWeb.OwinBuilder.GetAppStartup()
   at Microsoft.Owin.Host.SystemWeb.OwinHttpModule.InitializeBlueprint()
   at System.Threading.LazyInitializer.EnsureInitializedCore[T](T& target, Boolean& initialized, Object& syncLock, Func`1 valueFactory)
   at Microsoft.Owin.Host.SystemWeb.OwinHttpModule.Init(HttpApplication context)
   at System.Web.HttpApplication.InitModulesCommon()
   at System.Web.HttpApplication.InitInternal(HttpContext context, HttpApplicationState state, MethodInfo[] handlers)
   at System.Web.HttpApplicationFactory.GetNormalApplicationInstance(HttpContext context)
   at System.Web.HttpApplicationFactory.GetApplicationInstance(HttpContext context)
   at System.Web.HttpRuntime.ProcessRequestInternal(HttpWorkerRequest wr)
-->
  Expected: not null
  But was:  null
]]></message>
                      <stack-trace><![CDATA[at Orchard.Specs.Bindings.WebAppHosting.WhenIFillIn(Table table) in e:\expedit\projects\nkd\src\main\NKD.Orchard\src\Orchard.Specs\Bindings\WebAppHosting.cs:line 254
at Orchard.Specs.Bindings.OrchardSiteFactory.GivenIHaveInstalledOrchard(String virtualDirectory) in e:\expedit\projects\nkd\src\main\NKD.Orchard\src\Orchard.Specs\Bindings\OrchardSiteFactory.cs:line 38
at TechTalk.SpecFlow.Bindings.BindingInvoker.InvokeBinding(IBinding binding, IContextManager contextManager, Object[] arguments, ITestTracer testTracer, TimeSpan& duration)
at TechTalk.SpecFlow.Infrastructure.TestExecutionEngine.ExecuteStepMatch(BindingMatch match, Object[] arguments)
at TechTalk.SpecFlow.Infrastructure.TestExecutionEngine.ExecuteStep(StepInstance stepInstance)
at TechTalk.SpecFlow.Infrastructure.TestExecutionEngine.OnAfterLastStep()
]]></stack-trace>
                    </failure>
                  </test-case>
                  <test-case name="Orchard.Specs.WidgetsFeature.ICanAddAWidgetToASpecificZoneInASpecificLayer" description="I can add a widget to a specific zone in a specific layer" executed="True" success="False" time="31.742" asserts="1">
                    <failure>
                      <message><![CDATA[  Unable to locate <input> name SiteName in page html:

<!DOCTYPE html>
<html>
    <head>
        <title>Could not load file or assembly 'DevExpress.CodeRush.Common, Version=10.1.0.0, Culture=neutral, PublicKeyToken=35c9f04b7764aa3d' or one of its dependencies. The system cannot find the file specified.</title>
        <meta name="viewport" content="width=device-width" />
        <style>
         body {font-family:"Verdana";font-weight:normal;font-size: .7em;color:black;} 
         p {font-family:"Verdana";font-weight:normal;color:black;margin-top: -5px}
         b {font-family:"Verdana";font-weight:bold;color:black;margin-top: -5px}
         H1 { font-family:"Verdana";font-weight:normal;font-size:18pt;color:red }
         H2 { font-family:"Verdana";font-weight:normal;font-size:14pt;color:maroon }
         pre {font-family:"Consolas","Lucida Console",Monospace;font-size:11pt;margin:0;padding:0.5em;line-height:14pt}
         .marker {font-weight: bold; color: black;text-decoration: none;}
         .version {color: gray;}
         .error {margin-bottom: 10px;}
         .expandable { text-decoration:underline; font-weight:bold; color:navy; cursor:hand; }
         @media screen and (max-width: 639px) {
          pre { width: 440px; overflow: auto; white-space: pre-wrap; word-wrap: break-word; }
         }
         @media screen and (max-width: 479px) {
          pre { width: 280px; }
         }
        </style>
    </head>

    <body bgcolor="white">

            <span><H1>Server Error in '/' Application.<hr width=100% size=1 color=silver></H1>

            <h2> <i>Could not load file or assembly 'DevExpress.CodeRush.Common, Version=10.1.0.0, Culture=neutral, PublicKeyToken=35c9f04b7764aa3d' or one of its dependencies. The system cannot find the file specified.</i> </h2></span>

            <font face="Arial, Helvetica, Geneva, SunSans-Regular, sans-serif ">

            <b> Description: </b>An unhandled exception occurred during the execution of the current web request. Please review the stack trace for more information about the error and where it originated in the code.

            <br><br>

            <b> Exception Details: </b>System.IO.FileNotFoundException: Could not load file or assembly 'DevExpress.CodeRush.Common, Version=10.1.0.0, Culture=neutral, PublicKeyToken=35c9f04b7764aa3d' or one of its dependencies. The system cannot find the file specified.<br><br>

            <b>Source Error:</b> <br><br>

            <table width=100% bgcolor="#ffffcc">
               <tr>
                  <td>
                      <code>

An unhandled exception was generated during the execution of the current web request. Information regarding the origin and location of the exception can be identified using the exception stack trace below.</code>

                  </td>
               </tr>
            </table>

            <br>

            <b>Assembly Load Trace:</b> The following information can be helpful to determine why the assembly 'DevExpress.CodeRush.Common, Version=10.1.0.0, Culture=neutral, PublicKeyToken=35c9f04b7764aa3d' could not be loaded.<br><br>

            <table width=100% bgcolor="#ffffcc">
               <tr>
                  <td>
                      <code><pre>

WRN: Assembly binding logging is turned OFF.
To enable assembly bind failure logging, set the registry value [HKLM\Software\Microsoft\Fusion!EnableLog] (DWORD) to 1.
Note: There is some performance penalty associated with assembly bind failure logging.
To turn this feature off, remove the registry value [HKLM\Software\Microsoft\Fusion!EnableLog].
</pre></code>

                  </td>
               </tr>
            </table>

            <br>

            <b>Stack Trace:</b> <br><br>

            <table width=100% bgcolor="#ffffcc">
               <tr>
                  <td>
                      <code><pre>

[FileNotFoundException: Could not load file or assembly &#39;DevExpress.CodeRush.Common, Version=10.1.0.0, Culture=neutral, PublicKeyToken=35c9f04b7764aa3d&#39; or one of its dependencies. The system cannot find the file specified.]
   System.ModuleHandle.ResolveType(RuntimeModule module, Int32 typeToken, IntPtr* typeInstArgs, Int32 typeInstCount, IntPtr* methodInstArgs, Int32 methodInstCount, ObjectHandleOnStack type) +0
   System.ModuleHandle.ResolveTypeHandleInternal(RuntimeModule module, Int32 typeToken, RuntimeTypeHandle[] typeInstantiationContext, RuntimeTypeHandle[] methodInstantiationContext) +371
   System.ModuleHandle.ResolveTypeHandle(Int32 typeToken, RuntimeTypeHandle[] typeInstantiationContext, RuntimeTypeHandle[] methodInstantiationContext) +19
   System.Reflection.RuntimeModule.ResolveType(Int32 metadataToken, Type[] genericTypeArguments, Type[] genericMethodArguments) +319
   System.Reflection.CustomAttribute.FilterCustomAttributeRecord(CustomAttributeRecord caRecord, MetadataImport scope, Assembly&amp; lastAptcaOkAssembly, RuntimeModule decoratedModule, MetadataToken decoratedToken, RuntimeType attributeFilterType, Boolean mustBeInheritable, Object[] attributes, IList derivedAttributes, RuntimeType&amp; attributeType, IRuntimeMethodInfo&amp; ctor, Boolean&amp; ctorHasParameters, Boolean&amp; isVarArg) +203
   System.Reflection.CustomAttribute.GetCustomAttributes(RuntimeModule decoratedModule, Int32 decoratedMetadataToken, Int32 pcaCount, RuntimeType attributeFilterType, Boolean mustBeInheritable, IList derivedAttributes, Boolean isDecoratedTargetSecurityTransparent) +1179
   System.Reflection.CustomAttribute.GetCustomAttributes(RuntimeAssembly assembly, RuntimeType caType) +146
   Owin.Loader.DefaultLoader.SearchForStartupAttribute(String friendlyName, IList`1 errors, Boolean&amp; conflict) +180
   Owin.Loader.DefaultLoader.LoadImplementation(String startupName, IList`1 errorDetails) +184
   Microsoft.Owin.Host.SystemWeb.OwinBuilder.GetAppStartup() +138
   Microsoft.Owin.Host.SystemWeb.OwinHttpModule.InitializeBlueprint() +38
   System.Threading.LazyInitializer.EnsureInitializedCore(T&amp; target, Boolean&amp; initialized, Object&amp; syncLock, Func`1 valueFactory) +241
   Microsoft.Owin.Host.SystemWeb.OwinHttpModule.Init(HttpApplication context) +129
   System.Web.HttpApplication.InitModulesCommon() +192
   System.Web.HttpApplication.InitInternal(HttpContext context, HttpApplicationState state, MethodInfo[] handlers) +1582
   System.Web.HttpApplicationFactory.GetNormalApplicationInstance(HttpContext context) +365
   System.Web.HttpApplicationFactory.GetApplicationInstance(HttpContext context) +200
   System.Web.HttpRuntime.ProcessRequestInternal(HttpWorkerRequest wr) +591
</pre></code>

                  </td>
               </tr>
            </table>

            <br>

            <hr width=100% size=1 color=silver>

            <b>Version Information:</b>&nbsp;Microsoft .NET Framework Version:4.0.30319; ASP.NET Version:4.0.30319.34009

            </font>

    </body>
</html>
<!-- 
[FileNotFoundException]: Could not load file or assembly &#39;DevExpress.CodeRush.Common, Version=10.1.0.0, Culture=neutral, PublicKeyToken=35c9f04b7764aa3d&#39; or one of its dependencies. The system cannot find the file specified.
   at System.ModuleHandle.ResolveType(RuntimeModule module, Int32 typeToken, IntPtr* typeInstArgs, Int32 typeInstCount, IntPtr* methodInstArgs, Int32 methodInstCount, ObjectHandleOnStack type)
   at System.ModuleHandle.ResolveTypeHandleInternal(RuntimeModule module, Int32 typeToken, RuntimeTypeHandle[] typeInstantiationContext, RuntimeTypeHandle[] methodInstantiationContext)
   at System.ModuleHandle.ResolveTypeHandle(Int32 typeToken, RuntimeTypeHandle[] typeInstantiationContext, RuntimeTypeHandle[] methodInstantiationContext)
   at System.Reflection.RuntimeModule.ResolveType(Int32 metadataToken, Type[] genericTypeArguments, Type[] genericMethodArguments)
   at System.Reflection.CustomAttribute.FilterCustomAttributeRecord(CustomAttributeRecord caRecord, MetadataImport scope, Assembly& lastAptcaOkAssembly, RuntimeModule decoratedModule, MetadataToken decoratedToken, RuntimeType attributeFilterType, Boolean mustBeInheritable, Object[] attributes, IList derivedAttributes, RuntimeType& attributeType, IRuntimeMethodInfo& ctor, Boolean& ctorHasParameters, Boolean& isVarArg)
   at System.Reflection.CustomAttribute.GetCustomAttributes(RuntimeModule decoratedModule, Int32 decoratedMetadataToken, Int32 pcaCount, RuntimeType attributeFilterType, Boolean mustBeInheritable, IList derivedAttributes, Boolean isDecoratedTargetSecurityTransparent)
   at System.Reflection.CustomAttribute.GetCustomAttributes(RuntimeAssembly assembly, RuntimeType caType)
   at Owin.Loader.DefaultLoader.SearchForStartupAttribute(String friendlyName, IList`1 errors, Boolean& conflict)
   at Owin.Loader.DefaultLoader.LoadImplementation(String startupName, IList`1 errorDetails)
   at Microsoft.Owin.Host.SystemWeb.OwinBuilder.GetAppStartup()
   at Microsoft.Owin.Host.SystemWeb.OwinHttpModule.InitializeBlueprint()
   at System.Threading.LazyInitializer.EnsureInitializedCore[T](T& target, Boolean& initialized, Object& syncLock, Func`1 valueFactory)
   at Microsoft.Owin.Host.SystemWeb.OwinHttpModule.Init(HttpApplication context)
   at System.Web.HttpApplication.InitModulesCommon()
   at System.Web.HttpApplication.InitInternal(HttpContext context, HttpApplicationState state, MethodInfo[] handlers)
   at System.Web.HttpApplicationFactory.GetNormalApplicationInstance(HttpContext context)
   at System.Web.HttpApplicationFactory.GetApplicationInstance(HttpContext context)
   at System.Web.HttpRuntime.ProcessRequestInternal(HttpWorkerRequest wr)
-->
  Expected: not null
  But was:  null
]]></message>
                      <stack-trace><![CDATA[at Orchard.Specs.Bindings.WebAppHosting.WhenIFillIn(Table table) in e:\expedit\projects\nkd\src\main\NKD.Orchard\src\Orchard.Specs\Bindings\WebAppHosting.cs:line 254
at Orchard.Specs.Bindings.OrchardSiteFactory.GivenIHaveInstalledOrchard(String virtualDirectory) in e:\expedit\projects\nkd\src\main\NKD.Orchard\src\Orchard.Specs\Bindings\OrchardSiteFactory.cs:line 38
at TechTalk.SpecFlow.Bindings.BindingInvoker.InvokeBinding(IBinding binding, IContextManager contextManager, Object[] arguments, ITestTracer testTracer, TimeSpan& duration)
at TechTalk.SpecFlow.Infrastructure.TestExecutionEngine.ExecuteStepMatch(BindingMatch match, Object[] arguments)
at TechTalk.SpecFlow.Infrastructure.TestExecutionEngine.ExecuteStep(StepInstance stepInstance)
at TechTalk.SpecFlow.Infrastructure.TestExecutionEngine.OnAfterLastStep()
]]></stack-trace>
                    </failure>
                  </test-case>
                  <test-case name="Orchard.Specs.WidgetsFeature.ICanDeleteALayer" description="I can delete a layer" executed="True" success="False" time="28.992" asserts="1">
                    <failure>
                      <message><![CDATA[  Unable to locate <input> name SiteName in page html:

<!DOCTYPE html>
<html>
    <head>
        <title>Could not load file or assembly 'DevExpress.CodeRush.Common, Version=10.1.0.0, Culture=neutral, PublicKeyToken=35c9f04b7764aa3d' or one of its dependencies. The system cannot find the file specified.</title>
        <meta name="viewport" content="width=device-width" />
        <style>
         body {font-family:"Verdana";font-weight:normal;font-size: .7em;color:black;} 
         p {font-family:"Verdana";font-weight:normal;color:black;margin-top: -5px}
         b {font-family:"Verdana";font-weight:bold;color:black;margin-top: -5px}
         H1 { font-family:"Verdana";font-weight:normal;font-size:18pt;color:red }
         H2 { font-family:"Verdana";font-weight:normal;font-size:14pt;color:maroon }
         pre {font-family:"Consolas","Lucida Console",Monospace;font-size:11pt;margin:0;padding:0.5em;line-height:14pt}
         .marker {font-weight: bold; color: black;text-decoration: none;}
         .version {color: gray;}
         .error {margin-bottom: 10px;}
         .expandable { text-decoration:underline; font-weight:bold; color:navy; cursor:hand; }
         @media screen and (max-width: 639px) {
          pre { width: 440px; overflow: auto; white-space: pre-wrap; word-wrap: break-word; }
         }
         @media screen and (max-width: 479px) {
          pre { width: 280px; }
         }
        </style>
    </head>

    <body bgcolor="white">

            <span><H1>Server Error in '/' Application.<hr width=100% size=1 color=silver></H1>

            <h2> <i>Could not load file or assembly 'DevExpress.CodeRush.Common, Version=10.1.0.0, Culture=neutral, PublicKeyToken=35c9f04b7764aa3d' or one of its dependencies. The system cannot find the file specified.</i> </h2></span>

            <font face="Arial, Helvetica, Geneva, SunSans-Regular, sans-serif ">

            <b> Description: </b>An unhandled exception occurred during the execution of the current web request. Please review the stack trace for more information about the error and where it originated in the code.

            <br><br>

            <b> Exception Details: </b>System.IO.FileNotFoundException: Could not load file or assembly 'DevExpress.CodeRush.Common, Version=10.1.0.0, Culture=neutral, PublicKeyToken=35c9f04b7764aa3d' or one of its dependencies. The system cannot find the file specified.<br><br>

            <b>Source Error:</b> <br><br>

            <table width=100% bgcolor="#ffffcc">
               <tr>
                  <td>
                      <code>

An unhandled exception was generated during the execution of the current web request. Information regarding the origin and location of the exception can be identified using the exception stack trace below.</code>

                  </td>
               </tr>
            </table>

            <br>

            <b>Assembly Load Trace:</b> The following information can be helpful to determine why the assembly 'DevExpress.CodeRush.Common, Version=10.1.0.0, Culture=neutral, PublicKeyToken=35c9f04b7764aa3d' could not be loaded.<br><br>

            <table width=100% bgcolor="#ffffcc">
               <tr>
                  <td>
                      <code><pre>

WRN: Assembly binding logging is turned OFF.
To enable assembly bind failure logging, set the registry value [HKLM\Software\Microsoft\Fusion!EnableLog] (DWORD) to 1.
Note: There is some performance penalty associated with assembly bind failure logging.
To turn this feature off, remove the registry value [HKLM\Software\Microsoft\Fusion!EnableLog].
</pre></code>

                  </td>
               </tr>
            </table>

            <br>

            <b>Stack Trace:</b> <br><br>

            <table width=100% bgcolor="#ffffcc">
               <tr>
                  <td>
                      <code><pre>

[FileNotFoundException: Could not load file or assembly &#39;DevExpress.CodeRush.Common, Version=10.1.0.0, Culture=neutral, PublicKeyToken=35c9f04b7764aa3d&#39; or one of its dependencies. The system cannot find the file specified.]
   System.ModuleHandle.ResolveType(RuntimeModule module, Int32 typeToken, IntPtr* typeInstArgs, Int32 typeInstCount, IntPtr* methodInstArgs, Int32 methodInstCount, ObjectHandleOnStack type) +0
   System.ModuleHandle.ResolveTypeHandleInternal(RuntimeModule module, Int32 typeToken, RuntimeTypeHandle[] typeInstantiationContext, RuntimeTypeHandle[] methodInstantiationContext) +371
   System.ModuleHandle.ResolveTypeHandle(Int32 typeToken, RuntimeTypeHandle[] typeInstantiationContext, RuntimeTypeHandle[] methodInstantiationContext) +19
   System.Reflection.RuntimeModule.ResolveType(Int32 metadataToken, Type[] genericTypeArguments, Type[] genericMethodArguments) +319
   System.Reflection.CustomAttribute.FilterCustomAttributeRecord(CustomAttributeRecord caRecord, MetadataImport scope, Assembly&amp; lastAptcaOkAssembly, RuntimeModule decoratedModule, MetadataToken decoratedToken, RuntimeType attributeFilterType, Boolean mustBeInheritable, Object[] attributes, IList derivedAttributes, RuntimeType&amp; attributeType, IRuntimeMethodInfo&amp; ctor, Boolean&amp; ctorHasParameters, Boolean&amp; isVarArg) +203
   System.Reflection.CustomAttribute.GetCustomAttributes(RuntimeModule decoratedModule, Int32 decoratedMetadataToken, Int32 pcaCount, RuntimeType attributeFilterType, Boolean mustBeInheritable, IList derivedAttributes, Boolean isDecoratedTargetSecurityTransparent) +1179
   System.Reflection.CustomAttribute.GetCustomAttributes(RuntimeAssembly assembly, RuntimeType caType) +146
   Owin.Loader.DefaultLoader.SearchForStartupAttribute(String friendlyName, IList`1 errors, Boolean&amp; conflict) +180
   Owin.Loader.DefaultLoader.LoadImplementation(String startupName, IList`1 errorDetails) +184
   Microsoft.Owin.Host.SystemWeb.OwinBuilder.GetAppStartup() +138
   Microsoft.Owin.Host.SystemWeb.OwinHttpModule.InitializeBlueprint() +38
   System.Threading.LazyInitializer.EnsureInitializedCore(T&amp; target, Boolean&amp; initialized, Object&amp; syncLock, Func`1 valueFactory) +241
   Microsoft.Owin.Host.SystemWeb.OwinHttpModule.Init(HttpApplication context) +129
   System.Web.HttpApplication.InitModulesCommon() +192
   System.Web.HttpApplication.InitInternal(HttpContext context, HttpApplicationState state, MethodInfo[] handlers) +1582
   System.Web.HttpApplicationFactory.GetNormalApplicationInstance(HttpContext context) +365
   System.Web.HttpApplicationFactory.GetApplicationInstance(HttpContext context) +200
   System.Web.HttpRuntime.ProcessRequestInternal(HttpWorkerRequest wr) +591
</pre></code>

                  </td>
               </tr>
            </table>

            <br>

            <hr width=100% size=1 color=silver>

            <b>Version Information:</b>&nbsp;Microsoft .NET Framework Version:4.0.30319; ASP.NET Version:4.0.30319.34009

            </font>

    </body>
</html>
<!-- 
[FileNotFoundException]: Could not load file or assembly &#39;DevExpress.CodeRush.Common, Version=10.1.0.0, Culture=neutral, PublicKeyToken=35c9f04b7764aa3d&#39; or one of its dependencies. The system cannot find the file specified.
   at System.ModuleHandle.ResolveType(RuntimeModule module, Int32 typeToken, IntPtr* typeInstArgs, Int32 typeInstCount, IntPtr* methodInstArgs, Int32 methodInstCount, ObjectHandleOnStack type)
   at System.ModuleHandle.ResolveTypeHandleInternal(RuntimeModule module, Int32 typeToken, RuntimeTypeHandle[] typeInstantiationContext, RuntimeTypeHandle[] methodInstantiationContext)
   at System.ModuleHandle.ResolveTypeHandle(Int32 typeToken, RuntimeTypeHandle[] typeInstantiationContext, RuntimeTypeHandle[] methodInstantiationContext)
   at System.Reflection.RuntimeModule.ResolveType(Int32 metadataToken, Type[] genericTypeArguments, Type[] genericMethodArguments)
   at System.Reflection.CustomAttribute.FilterCustomAttributeRecord(CustomAttributeRecord caRecord, MetadataImport scope, Assembly& lastAptcaOkAssembly, RuntimeModule decoratedModule, MetadataToken decoratedToken, RuntimeType attributeFilterType, Boolean mustBeInheritable, Object[] attributes, IList derivedAttributes, RuntimeType& attributeType, IRuntimeMethodInfo& ctor, Boolean& ctorHasParameters, Boolean& isVarArg)
   at System.Reflection.CustomAttribute.GetCustomAttributes(RuntimeModule decoratedModule, Int32 decoratedMetadataToken, Int32 pcaCount, RuntimeType attributeFilterType, Boolean mustBeInheritable, IList derivedAttributes, Boolean isDecoratedTargetSecurityTransparent)
   at System.Reflection.CustomAttribute.GetCustomAttributes(RuntimeAssembly assembly, RuntimeType caType)
   at Owin.Loader.DefaultLoader.SearchForStartupAttribute(String friendlyName, IList`1 errors, Boolean& conflict)
   at Owin.Loader.DefaultLoader.LoadImplementation(String startupName, IList`1 errorDetails)
   at Microsoft.Owin.Host.SystemWeb.OwinBuilder.GetAppStartup()
   at Microsoft.Owin.Host.SystemWeb.OwinHttpModule.InitializeBlueprint()
   at System.Threading.LazyInitializer.EnsureInitializedCore[T](T& target, Boolean& initialized, Object& syncLock, Func`1 valueFactory)
   at Microsoft.Owin.Host.SystemWeb.OwinHttpModule.Init(HttpApplication context)
   at System.Web.HttpApplication.InitModulesCommon()
   at System.Web.HttpApplication.InitInternal(HttpContext context, HttpApplicationState state, MethodInfo[] handlers)
   at System.Web.HttpApplicationFactory.GetNormalApplicationInstance(HttpContext context)
   at System.Web.HttpApplicationFactory.GetApplicationInstance(HttpContext context)
   at System.Web.HttpRuntime.ProcessRequestInternal(HttpWorkerRequest wr)
-->
  Expected: not null
  But was:  null
]]></message>
                      <stack-trace><![CDATA[at Orchard.Specs.Bindings.WebAppHosting.WhenIFillIn(Table table) in e:\expedit\projects\nkd\src\main\NKD.Orchard\src\Orchard.Specs\Bindings\WebAppHosting.cs:line 254
at Orchard.Specs.Bindings.OrchardSiteFactory.GivenIHaveInstalledOrchard(String virtualDirectory) in e:\expedit\projects\nkd\src\main\NKD.Orchard\src\Orchard.Specs\Bindings\OrchardSiteFactory.cs:line 38
at TechTalk.SpecFlow.Bindings.BindingInvoker.InvokeBinding(IBinding binding, IContextManager contextManager, Object[] arguments, ITestTracer testTracer, TimeSpan& duration)
at TechTalk.SpecFlow.Infrastructure.TestExecutionEngine.ExecuteStepMatch(BindingMatch match, Object[] arguments)
at TechTalk.SpecFlow.Infrastructure.TestExecutionEngine.ExecuteStep(StepInstance stepInstance)
at TechTalk.SpecFlow.Infrastructure.TestExecutionEngine.OnAfterLastStep()
]]></stack-trace>
                    </failure>
                  </test-case>
                  <test-case name="Orchard.Specs.WidgetsFeature.ICanEditADefaultLayer" description="I can edit a default layer" executed="True" success="False" time="28.929" asserts="1">
                    <failure>
                      <message><![CDATA[  Unable to locate <input> name SiteName in page html:

<!DOCTYPE html>
<html>
    <head>
        <title>Could not load file or assembly 'DevExpress.CodeRush.Common, Version=10.1.0.0, Culture=neutral, PublicKeyToken=35c9f04b7764aa3d' or one of its dependencies. The system cannot find the file specified.</title>
        <meta name="viewport" content="width=device-width" />
        <style>
         body {font-family:"Verdana";font-weight:normal;font-size: .7em;color:black;} 
         p {font-family:"Verdana";font-weight:normal;color:black;margin-top: -5px}
         b {font-family:"Verdana";font-weight:bold;color:black;margin-top: -5px}
         H1 { font-family:"Verdana";font-weight:normal;font-size:18pt;color:red }
         H2 { font-family:"Verdana";font-weight:normal;font-size:14pt;color:maroon }
         pre {font-family:"Consolas","Lucida Console",Monospace;font-size:11pt;margin:0;padding:0.5em;line-height:14pt}
         .marker {font-weight: bold; color: black;text-decoration: none;}
         .version {color: gray;}
         .error {margin-bottom: 10px;}
         .expandable { text-decoration:underline; font-weight:bold; color:navy; cursor:hand; }
         @media screen and (max-width: 639px) {
          pre { width: 440px; overflow: auto; white-space: pre-wrap; word-wrap: break-word; }
         }
         @media screen and (max-width: 479px) {
          pre { width: 280px; }
         }
        </style>
    </head>

    <body bgcolor="white">

            <span><H1>Server Error in '/' Application.<hr width=100% size=1 color=silver></H1>

            <h2> <i>Could not load file or assembly 'DevExpress.CodeRush.Common, Version=10.1.0.0, Culture=neutral, PublicKeyToken=35c9f04b7764aa3d' or one of its dependencies. The system cannot find the file specified.</i> </h2></span>

            <font face="Arial, Helvetica, Geneva, SunSans-Regular, sans-serif ">

            <b> Description: </b>An unhandled exception occurred during the execution of the current web request. Please review the stack trace for more information about the error and where it originated in the code.

            <br><br>

            <b> Exception Details: </b>System.IO.FileNotFoundException: Could not load file or assembly 'DevExpress.CodeRush.Common, Version=10.1.0.0, Culture=neutral, PublicKeyToken=35c9f04b7764aa3d' or one of its dependencies. The system cannot find the file specified.<br><br>

            <b>Source Error:</b> <br><br>

            <table width=100% bgcolor="#ffffcc">
               <tr>
                  <td>
                      <code>

An unhandled exception was generated during the execution of the current web request. Information regarding the origin and location of the exception can be identified using the exception stack trace below.</code>

                  </td>
               </tr>
            </table>

            <br>

            <b>Assembly Load Trace:</b> The following information can be helpful to determine why the assembly 'DevExpress.CodeRush.Common, Version=10.1.0.0, Culture=neutral, PublicKeyToken=35c9f04b7764aa3d' could not be loaded.<br><br>

            <table width=100% bgcolor="#ffffcc">
               <tr>
                  <td>
                      <code><pre>

WRN: Assembly binding logging is turned OFF.
To enable assembly bind failure logging, set the registry value [HKLM\Software\Microsoft\Fusion!EnableLog] (DWORD) to 1.
Note: There is some performance penalty associated with assembly bind failure logging.
To turn this feature off, remove the registry value [HKLM\Software\Microsoft\Fusion!EnableLog].
</pre></code>

                  </td>
               </tr>
            </table>

            <br>

            <b>Stack Trace:</b> <br><br>

            <table width=100% bgcolor="#ffffcc">
               <tr>
                  <td>
                      <code><pre>

[FileNotFoundException: Could not load file or assembly &#39;DevExpress.CodeRush.Common, Version=10.1.0.0, Culture=neutral, PublicKeyToken=35c9f04b7764aa3d&#39; or one of its dependencies. The system cannot find the file specified.]
   System.ModuleHandle.ResolveType(RuntimeModule module, Int32 typeToken, IntPtr* typeInstArgs, Int32 typeInstCount, IntPtr* methodInstArgs, Int32 methodInstCount, ObjectHandleOnStack type) +0
   System.ModuleHandle.ResolveTypeHandleInternal(RuntimeModule module, Int32 typeToken, RuntimeTypeHandle[] typeInstantiationContext, RuntimeTypeHandle[] methodInstantiationContext) +371
   System.ModuleHandle.ResolveTypeHandle(Int32 typeToken, RuntimeTypeHandle[] typeInstantiationContext, RuntimeTypeHandle[] methodInstantiationContext) +19
   System.Reflection.RuntimeModule.ResolveType(Int32 metadataToken, Type[] genericTypeArguments, Type[] genericMethodArguments) +319
   System.Reflection.CustomAttribute.FilterCustomAttributeRecord(CustomAttributeRecord caRecord, MetadataImport scope, Assembly&amp; lastAptcaOkAssembly, RuntimeModule decoratedModule, MetadataToken decoratedToken, RuntimeType attributeFilterType, Boolean mustBeInheritable, Object[] attributes, IList derivedAttributes, RuntimeType&amp; attributeType, IRuntimeMethodInfo&amp; ctor, Boolean&amp; ctorHasParameters, Boolean&amp; isVarArg) +203
   System.Reflection.CustomAttribute.GetCustomAttributes(RuntimeModule decoratedModule, Int32 decoratedMetadataToken, Int32 pcaCount, RuntimeType attributeFilterType, Boolean mustBeInheritable, IList derivedAttributes, Boolean isDecoratedTargetSecurityTransparent) +1179
   System.Reflection.CustomAttribute.GetCustomAttributes(RuntimeAssembly assembly, RuntimeType caType) +146
   Owin.Loader.DefaultLoader.SearchForStartupAttribute(String friendlyName, IList`1 errors, Boolean&amp; conflict) +180
   Owin.Loader.DefaultLoader.LoadImplementation(String startupName, IList`1 errorDetails) +184
   Microsoft.Owin.Host.SystemWeb.OwinBuilder.GetAppStartup() +138
   Microsoft.Owin.Host.SystemWeb.OwinHttpModule.InitializeBlueprint() +38
   System.Threading.LazyInitializer.EnsureInitializedCore(T&amp; target, Boolean&amp; initialized, Object&amp; syncLock, Func`1 valueFactory) +241
   Microsoft.Owin.Host.SystemWeb.OwinHttpModule.Init(HttpApplication context) +129
   System.Web.HttpApplication.InitModulesCommon() +192
   System.Web.HttpApplication.InitInternal(HttpContext context, HttpApplicationState state, MethodInfo[] handlers) +1582
   System.Web.HttpApplicationFactory.GetNormalApplicationInstance(HttpContext context) +365
   System.Web.HttpApplicationFactory.GetApplicationInstance(HttpContext context) +200
   System.Web.HttpRuntime.ProcessRequestInternal(HttpWorkerRequest wr) +591
</pre></code>

                  </td>
               </tr>
            </table>

            <br>

            <hr width=100% size=1 color=silver>

            <b>Version Information:</b>&nbsp;Microsoft .NET Framework Version:4.0.30319; ASP.NET Version:4.0.30319.34009

            </font>

    </body>
</html>
<!-- 
[FileNotFoundException]: Could not load file or assembly &#39;DevExpress.CodeRush.Common, Version=10.1.0.0, Culture=neutral, PublicKeyToken=35c9f04b7764aa3d&#39; or one of its dependencies. The system cannot find the file specified.
   at System.ModuleHandle.ResolveType(RuntimeModule module, Int32 typeToken, IntPtr* typeInstArgs, Int32 typeInstCount, IntPtr* methodInstArgs, Int32 methodInstCount, ObjectHandleOnStack type)
   at System.ModuleHandle.ResolveTypeHandleInternal(RuntimeModule module, Int32 typeToken, RuntimeTypeHandle[] typeInstantiationContext, RuntimeTypeHandle[] methodInstantiationContext)
   at System.ModuleHandle.ResolveTypeHandle(Int32 typeToken, RuntimeTypeHandle[] typeInstantiationContext, RuntimeTypeHandle[] methodInstantiationContext)
   at System.Reflection.RuntimeModule.ResolveType(Int32 metadataToken, Type[] genericTypeArguments, Type[] genericMethodArguments)
   at System.Reflection.CustomAttribute.FilterCustomAttributeRecord(CustomAttributeRecord caRecord, MetadataImport scope, Assembly& lastAptcaOkAssembly, RuntimeModule decoratedModule, MetadataToken decoratedToken, RuntimeType attributeFilterType, Boolean mustBeInheritable, Object[] attributes, IList derivedAttributes, RuntimeType& attributeType, IRuntimeMethodInfo& ctor, Boolean& ctorHasParameters, Boolean& isVarArg)
   at System.Reflection.CustomAttribute.GetCustomAttributes(RuntimeModule decoratedModule, Int32 decoratedMetadataToken, Int32 pcaCount, RuntimeType attributeFilterType, Boolean mustBeInheritable, IList derivedAttributes, Boolean isDecoratedTargetSecurityTransparent)
   at System.Reflection.CustomAttribute.GetCustomAttributes(RuntimeAssembly assembly, RuntimeType caType)
   at Owin.Loader.DefaultLoader.SearchForStartupAttribute(String friendlyName, IList`1 errors, Boolean& conflict)
   at Owin.Loader.DefaultLoader.LoadImplementation(String startupName, IList`1 errorDetails)
   at Microsoft.Owin.Host.SystemWeb.OwinBuilder.GetAppStartup()
   at Microsoft.Owin.Host.SystemWeb.OwinHttpModule.InitializeBlueprint()
   at System.Threading.LazyInitializer.EnsureInitializedCore[T](T& target, Boolean& initialized, Object& syncLock, Func`1 valueFactory)
   at Microsoft.Owin.Host.SystemWeb.OwinHttpModule.Init(HttpApplication context)
   at System.Web.HttpApplication.InitModulesCommon()
   at System.Web.HttpApplication.InitInternal(HttpContext context, HttpApplicationState state, MethodInfo[] handlers)
   at System.Web.HttpApplicationFactory.GetNormalApplicationInstance(HttpContext context)
   at System.Web.HttpApplicationFactory.GetApplicationInstance(HttpContext context)
   at System.Web.HttpRuntime.ProcessRequestInternal(HttpWorkerRequest wr)
-->
  Expected: not null
  But was:  null
]]></message>
                      <stack-trace><![CDATA[at Orchard.Specs.Bindings.WebAppHosting.WhenIFillIn(Table table) in e:\expedit\projects\nkd\src\main\NKD.Orchard\src\Orchard.Specs\Bindings\WebAppHosting.cs:line 254
at Orchard.Specs.Bindings.OrchardSiteFactory.GivenIHaveInstalledOrchard(String virtualDirectory) in e:\expedit\projects\nkd\src\main\NKD.Orchard\src\Orchard.Specs\Bindings\OrchardSiteFactory.cs:line 38
at TechTalk.SpecFlow.Bindings.BindingInvoker.InvokeBinding(IBinding binding, IContextManager contextManager, Object[] arguments, ITestTracer testTracer, TimeSpan& duration)
at TechTalk.SpecFlow.Infrastructure.TestExecutionEngine.ExecuteStepMatch(BindingMatch match, Object[] arguments)
at TechTalk.SpecFlow.Infrastructure.TestExecutionEngine.ExecuteStep(StepInstance stepInstance)
at TechTalk.SpecFlow.Infrastructure.TestExecutionEngine.OnAfterLastStep()
]]></stack-trace>
                    </failure>
                  </test-case>
                </results>
              </test-suite>
            </results>
          </test-suite>
        </results>
      </test-suite>
    </results>
  </test-suite>
</test-results>